[0.711s] Invoking command in '/home/songdavid/ff_ws/build/explorer_cartographer': CMAKE_PREFIX_PATH=${CMAKE_PREFIX_PATH}:/home/songdavid/ff_ws/install/autonomous_exploration:/home/songdavid/turtlebot3_ws/install/explorer_bringup:/home/songdavid/turtlebot3_ws/install/turtlebot3_teleop:/home/songdavid/turtlebot3_ws/install/turtlebot3_example:/home/songdavid/turtlebot3_ws/install/explorer_wanderer:/home/songdavid/turtlebot3_ws/install/explorer_map_utils:/home/songdavid/turtlebot3_ws/install/exploration_pkg:/opt/ros/humble /usr/bin/cmake /home/songdavid/ff_ws/src/ros2_explorer/explorer_cartographer -DCMAKE_INSTALL_PREFIX=/home/songdavid/ff_ws/install/explorer_cartographer
[1.221s] -- The C compiler identification is GNU 11.4.0
[1.221s] -- The CXX compiler identification is GNU 11.4.0
[1.222s] -- Detecting C compiler ABI info
[1.222s] -- Detecting C compiler ABI info - done
[1.222s] -- Check for working C compiler: /usr/bin/cc - skipped
[1.222s] -- Detecting C compile features
[1.222s] -- Detecting C compile features - done
[1.222s] -- Detecting CXX compiler ABI info
[1.272s] -- Detecting CXX compiler ABI info - done
[1.296s] -- Check for working CXX compiler: /usr/bin/c++ - skipped
[1.296s] -- Detecting CXX compile features
[1.297s] -- Detecting CXX compile features - done
[1.304s] -- Found ament_cmake: 1.3.11 (/opt/ros/humble/share/ament_cmake/cmake)
[1.591s] -- Found Python3: /usr/bin/python3 (found version "3.10.12") found components: Interpreter 
[1.980s] -- Configuring done
[1.991s] -- Generating done
[1.996s] -- Build files have been written to: /home/songdavid/ff_ws/build/explorer_cartographer
[2.009s] Invoked command in '/home/songdavid/ff_ws/build/explorer_cartographer' returned '0': CMAKE_PREFIX_PATH=${CMAKE_PREFIX_PATH}:/home/songdavid/ff_ws/install/autonomous_exploration:/home/songdavid/turtlebot3_ws/install/explorer_bringup:/home/songdavid/turtlebot3_ws/install/turtlebot3_teleop:/home/songdavid/turtlebot3_ws/install/turtlebot3_example:/home/songdavid/turtlebot3_ws/install/explorer_wanderer:/home/songdavid/turtlebot3_ws/install/explorer_map_utils:/home/songdavid/turtlebot3_ws/install/exploration_pkg:/opt/ros/humble /usr/bin/cmake /home/songdavid/ff_ws/src/ros2_explorer/explorer_cartographer -DCMAKE_INSTALL_PREFIX=/home/songdavid/ff_ws/install/explorer_cartographer
[2.015s] Invoking command in '/home/songdavid/ff_ws/build/explorer_cartographer': CMAKE_PREFIX_PATH=${CMAKE_PREFIX_PATH}:/home/songdavid/ff_ws/install/autonomous_exploration:/home/songdavid/turtlebot3_ws/install/explorer_bringup:/home/songdavid/turtlebot3_ws/install/turtlebot3_teleop:/home/songdavid/turtlebot3_ws/install/turtlebot3_example:/home/songdavid/turtlebot3_ws/install/explorer_wanderer:/home/songdavid/turtlebot3_ws/install/explorer_map_utils:/home/songdavid/turtlebot3_ws/install/exploration_pkg:/opt/ros/humble /usr/bin/cmake --build /home/songdavid/ff_ws/build/explorer_cartographer -- -j8 -l8
[2.078s] Invoked command in '/home/songdavid/ff_ws/build/explorer_cartographer' returned '0': CMAKE_PREFIX_PATH=${CMAKE_PREFIX_PATH}:/home/songdavid/ff_ws/install/autonomous_exploration:/home/songdavid/turtlebot3_ws/install/explorer_bringup:/home/songdavid/turtlebot3_ws/install/turtlebot3_teleop:/home/songdavid/turtlebot3_ws/install/turtlebot3_example:/home/songdavid/turtlebot3_ws/install/explorer_wanderer:/home/songdavid/turtlebot3_ws/install/explorer_map_utils:/home/songdavid/turtlebot3_ws/install/exploration_pkg:/opt/ros/humble /usr/bin/cmake --build /home/songdavid/ff_ws/build/explorer_cartographer -- -j8 -l8
[2.099s] Invoking command in '/home/songdavid/ff_ws/build/explorer_cartographer': CMAKE_PREFIX_PATH=${CMAKE_PREFIX_PATH}:/home/songdavid/ff_ws/install/autonomous_exploration:/home/songdavid/turtlebot3_ws/install/explorer_bringup:/home/songdavid/turtlebot3_ws/install/turtlebot3_teleop:/home/songdavid/turtlebot3_ws/install/turtlebot3_example:/home/songdavid/turtlebot3_ws/install/explorer_wanderer:/home/songdavid/turtlebot3_ws/install/explorer_map_utils:/home/songdavid/turtlebot3_ws/install/exploration_pkg:/opt/ros/humble /usr/bin/cmake --install /home/songdavid/ff_ws/build/explorer_cartographer
[2.109s] -- Install configuration: ""
[2.110s] -- Installing: /home/songdavid/ff_ws/install/explorer_cartographer/share/explorer_cartographer/config
[2.110s] -- Installing: /home/songdavid/ff_ws/install/explorer_cartographer/share/explorer_cartographer/config/turtlebot3_lds_2d.lua
[2.110s] -- Installing: /home/songdavid/ff_ws/install/explorer_cartographer/share/explorer_cartographer/launch
[2.110s] -- Installing: /home/songdavid/ff_ws/install/explorer_cartographer/share/explorer_cartographer/launch/occupancy_grid.launch.py
[2.110s] -- Installing: /home/songdavid/ff_ws/install/explorer_cartographer/share/explorer_cartographer/launch/cartographer.launch.py
[2.111s] -- Installing: /home/songdavid/ff_ws/install/explorer_cartographer/share/explorer_cartographer/rviz
[2.111s] -- Installing: /home/songdavid/ff_ws/install/explorer_cartographer/share/explorer_cartographer/rviz/tb3_cartographer.rviz
[2.111s] -- Installing: /home/songdavid/ff_ws/install/explorer_cartographer/share/ament_index/resource_index/package_run_dependencies/explorer_cartographer
[2.111s] -- Installing: /home/songdavid/ff_ws/install/explorer_cartographer/share/ament_index/resource_index/parent_prefix_path/explorer_cartographer
[2.114s] -- Installing: /home/songdavid/ff_ws/install/explorer_cartographer/share/explorer_cartographer/environment/ament_prefix_path.sh
[2.114s] -- Installing: /home/songdavid/ff_ws/install/explorer_cartographer/share/explorer_cartographer/environment/ament_prefix_path.dsv
[2.114s] -- Installing: /home/songdavid/ff_ws/install/explorer_cartographer/share/explorer_cartographer/environment/path.sh
[2.114s] -- Installing: /home/songdavid/ff_ws/install/explorer_cartographer/share/explorer_cartographer/environment/path.dsv
[2.114s] -- Installing: /home/songdavid/ff_ws/install/explorer_cartographer/share/explorer_cartographer/local_setup.bash
[2.115s] -- Installing: /home/songdavid/ff_ws/install/explorer_cartographer/share/explorer_cartographer/local_setup.sh
[2.115s] -- Installing: /home/songdavid/ff_ws/install/explorer_cartographer/share/explorer_cartographer/local_setup.zsh
[2.115s] -- Installing: /home/songdavid/ff_ws/install/explorer_cartographer/share/explorer_cartographer/local_setup.dsv
[2.115s] -- Installing: /home/songdavid/ff_ws/install/explorer_cartographer/share/explorer_cartographer/package.dsv
[2.115s] -- Installing: /home/songdavid/ff_ws/install/explorer_cartographer/share/ament_index/resource_index/packages/explorer_cartographer
[2.115s] -- Installing: /home/songdavid/ff_ws/install/explorer_cartographer/share/explorer_cartographer/cmake/explorer_cartographerConfig.cmake
[2.115s] -- Installing: /home/songdavid/ff_ws/install/explorer_cartographer/share/explorer_cartographer/cmake/explorer_cartographerConfig-version.cmake
[2.115s] -- Installing: /home/songdavid/ff_ws/install/explorer_cartographer/share/explorer_cartographer/package.xml
[2.119s] Invoked command in '/home/songdavid/ff_ws/build/explorer_cartographer' returned '0': CMAKE_PREFIX_PATH=${CMAKE_PREFIX_PATH}:/home/songdavid/ff_ws/install/autonomous_exploration:/home/songdavid/turtlebot3_ws/install/explorer_bringup:/home/songdavid/turtlebot3_ws/install/turtlebot3_teleop:/home/songdavid/turtlebot3_ws/install/turtlebot3_example:/home/songdavid/turtlebot3_ws/install/explorer_wanderer:/home/songdavid/turtlebot3_ws/install/explorer_map_utils:/home/songdavid/turtlebot3_ws/install/exploration_pkg:/opt/ros/humble /usr/bin/cmake --install /home/songdavid/ff_ws/build/explorer_cartographer
