[1.740s] Invoking command in '/home/songdavid/ff_ws/src/autonomous_exploration': PYTHONPATH=/home/songdavid/ff_ws/build/autonomous_exploration/prefix_override:/usr/lib/python3/dist-packages/colcon_core/task/python/colcon_distutils_commands:/home/songdavid/ff_ws/install/autonomous_exploration/lib/python3.10/site-packages:${PYTHONPATH} /usr/bin/python3 -W ignore:setup.py install is deprecated -W ignore:easy_install command is deprecated setup.py egg_info --egg-base ../../build/autonomous_exploration build --build-base /home/songdavid/ff_ws/build/autonomous_exploration/build install --record /home/songdavid/ff_ws/build/autonomous_exploration/install.log --single-version-externally-managed install_data
[2.060s] running egg_info
[2.060s] writing ../../build/autonomous_exploration/autonomous_exploration.egg-info/PKG-INFO
[2.061s] writing dependency_links to ../../build/autonomous_exploration/autonomous_exploration.egg-info/dependency_links.txt
[2.061s] writing entry points to ../../build/autonomous_exploration/autonomous_exploration.egg-info/entry_points.txt
[2.061s] writing requirements to ../../build/autonomous_exploration/autonomous_exploration.egg-info/requires.txt
[2.061s] writing top-level names to ../../build/autonomous_exploration/autonomous_exploration.egg-info/top_level.txt
[2.063s] reading manifest file '../../build/autonomous_exploration/autonomous_exploration.egg-info/SOURCES.txt'
[2.064s] writing manifest file '../../build/autonomous_exploration/autonomous_exploration.egg-info/SOURCES.txt'
[2.065s] running build
[2.065s] running build_py
[2.065s] running install
[2.065s] running install_lib
[2.067s] running install_data
[2.067s] running install_egg_info
[2.070s] removing '/home/songdavid/ff_ws/install/autonomous_exploration/lib/python3.10/site-packages/autonomous_exploration-0.0.0-py3.10.egg-info' (and everything under it)
[2.070s] Copying ../../build/autonomous_exploration/autonomous_exploration.egg-info to /home/songdavid/ff_ws/install/autonomous_exploration/lib/python3.10/site-packages/autonomous_exploration-0.0.0-py3.10.egg-info
[2.071s] running install_scripts
[2.097s] Installing control script to /home/songdavid/ff_ws/install/autonomous_exploration/lib/autonomous_exploration
[2.097s] writing list of installed files to '/home/songdavid/ff_ws/build/autonomous_exploration/install.log'
[2.147s] Invoked command in '/home/songdavid/ff_ws/src/autonomous_exploration' returned '0': PYTHONPATH=/home/songdavid/ff_ws/build/autonomous_exploration/prefix_override:/usr/lib/python3/dist-packages/colcon_core/task/python/colcon_distutils_commands:/home/songdavid/ff_ws/install/autonomous_exploration/lib/python3.10/site-packages:${PYTHONPATH} /usr/bin/python3 -W ignore:setup.py install is deprecated -W ignore:easy_install command is deprecated setup.py egg_info --egg-base ../../build/autonomous_exploration build --build-base /home/songdavid/ff_ws/build/autonomous_exploration/build install --record /home/songdavid/ff_ws/build/autonomous_exploration/install.log --single-version-externally-managed install_data
