[0.020s] Invoking command in '/home/songdavid/ff_ws/build/dynamixel_sdk_examples': AMENT_PREFIX_PATH=/home/songdavid/ff_ws/install/dynamixel_sdk_custom_interfaces:/home/songdavid/ff_ws/install/dynamixel_sdk:${AMENT_PREFIX_PATH} CMAKE_PREFIX_PATH=/home/songdavid/ff_ws/install/dynamixel_sdk_custom_interfaces:/home/songdavid/ff_ws/install/dynamixel_sdk:/home/songdavid/turtlebot3_ws/install/turtlebot3:/home/songdavid/turtlebot3_ws/install/turtlebot3_simulations:/home/songdavid/turtlebot3_ws/install/turtlebot3_bringup:/home/songdavid/turtlebot3_ws/install/turtlebot3_node:/home/songdavid/turtlebot3_ws/install/turtlebot3_navigation2:/home/songdavid/turtlebot3_ws/install/turtlebot3_fake_node:/home/songdavid/turtlebot3_ws/install/turtlebot3_msgs:/home/songdavid/turtlebot3_ws/install/turtlebot3_gazebo:/home/songdavid/turtlebot3_ws/install/turtlebot3_description:/home/songdavid/turtlebot3_ws/install/turtlebot3_cartographer:/home/songdavid/turtlebot3_ws/install/explorer_interfaces:/home/songdavid/turtlebot3_ws/install/explorer_gazebo:/home/songdavid/turtlebot3_ws/install/explorer_cartographer:/home/songdavid/turtlebot3_ws/install/dynamixel_sdk_examples:/home/songdavid/turtlebot3_ws/install/dynamixel_sdk_custom_interfaces:/home/songdavid/turtlebot3_ws/install/dynamixel_sdk:/home/songdavid/turtlebot3_ws/install/explorer_bringup:/home/songdavid/turtlebot3_ws/install/turtlebot3_teleop:/home/songdavid/turtlebot3_ws/install/turtlebot3_example:/home/songdavid/turtlebot3_ws/install/explorer_wanderer:/home/songdavid/turtlebot3_ws/install/explorer_map_utils:/home/songdavid/turtlebot3_ws/install/exploration_pkg:/opt/ros/humble LD_LIBRARY_PATH=/home/songdavid/ff_ws/install/dynamixel_sdk_custom_interfaces/lib:/home/songdavid/ff_ws/install/dynamixel_sdk/lib:/home/songdavid/turtlebot3_ws/install/turtlebot3_msgs/lib:/home/songdavid/turtlebot3_ws/install/explorer_interfaces/lib:/home/songdavid/turtlebot3_ws/install/dynamixel_sdk_custom_interfaces/lib:/home/songdavid/turtlebot3_ws/install/dynamixel_sdk/lib:/usr/lib/x86_64-linux-gnu/gazebo-11/plugins:/opt/ros/humble/opt/rviz_ogre_vendor/lib:/opt/ros/humble/lib/x86_64-linux-gnu:/opt/ros/humble/lib:/usr/lib/x86_64-linux-gnu/gazebo-11/plugins PYTHONPATH=/home/songdavid/ff_ws/install/dynamixel_sdk_custom_interfaces/local/lib/python3.10/dist-packages:/home/songdavid/ff_ws/install/dynamixel_sdk/local/lib/python3.10/dist-packages:${PYTHONPATH} /usr/bin/cmake /home/songdavid/ff_ws/src/DynamixelSDK/ros/dynamixel_sdk_examples -DCMAKE_INSTALL_PREFIX=/home/songdavid/ff_ws/install/dynamixel_sdk_examples
[0.098s] -- The C compiler identification is GNU 11.4.0
[0.176s] -- The CXX compiler identification is GNU 11.4.0
[0.186s] -- Detecting C compiler ABI info
[0.275s] -- Detecting C compiler ABI info - done
[0.286s] -- Check for working C compiler: /usr/bin/cc - skipped
[0.286s] -- Detecting C compile features
[0.287s] -- Detecting C compile features - done
[0.291s] -- Detecting CXX compiler ABI info
[0.392s] -- Detecting CXX compiler ABI info - done
[0.406s] -- Check for working CXX compiler: /usr/bin/c++ - skipped
[0.406s] -- Detecting CXX compile features
[0.406s] -- Detecting CXX compile features - done
[0.412s] -- Found ament_cmake: 1.3.11 (/opt/ros/humble/share/ament_cmake/cmake)
[0.662s] -- Found Python3: /usr/bin/python3 (found version "3.10.12") found components: Interpreter 
[0.824s] -- Found dynamixel_sdk: 3.8.3 (/home/songdavid/ff_ws/install/dynamixel_sdk/share/dynamixel_sdk/cmake)
[0.825s] -- Found dynamixel_sdk_custom_interfaces: 3.8.3 (/home/songdavid/ff_ws/install/dynamixel_sdk_custom_interfaces/share/dynamixel_sdk_custom_interfaces/cmake)
[0.890s] -- Found rosidl_generator_c: 3.1.6 (/opt/ros/humble/share/rosidl_generator_c/cmake)
[0.903s] -- Found rosidl_adapter: 3.1.6 (/opt/ros/humble/share/rosidl_adapter/cmake)
[0.919s] -- Found rosidl_generator_cpp: 3.1.6 (/opt/ros/humble/share/rosidl_generator_cpp/cmake)
[0.939s] -- Using all available rosidl_typesupport_c: rosidl_typesupport_fastrtps_c;rosidl_typesupport_introspection_c
[0.970s] -- Using all available rosidl_typesupport_cpp: rosidl_typesupport_fastrtps_cpp;rosidl_typesupport_introspection_cpp
[1.021s] -- Found rclcpp: 16.0.12 (/opt/ros/humble/share/rclcpp/cmake)
[1.109s] -- Found rmw_implementation_cmake: 6.1.2 (/opt/ros/humble/share/rmw_implementation_cmake/cmake)
[1.117s] -- Found rmw_fastrtps_cpp: 6.2.7 (/opt/ros/humble/share/rmw_fastrtps_cpp/cmake)
[1.269s] -- Found OpenSSL: /usr/lib/x86_64-linux-gnu/libcrypto.so (found version "3.0.2")  
[1.317s] -- Found FastRTPS: /opt/ros/humble/include  
[1.379s] -- Using RMW implementation 'rmw_fastrtps_cpp' as default
[1.399s] -- Looking for pthread.h
[1.493s] -- Looking for pthread.h - found
[1.493s] -- Performing Test CMAKE_HAVE_LIBC_PTHREAD
[1.593s] -- Performing Test CMAKE_HAVE_LIBC_PTHREAD - Success
[1.594s] -- Found Threads: TRUE  
[1.714s] -- Found rclpy: 3.3.16 (/opt/ros/humble/share/rclpy/cmake)
[1.721s] -- Found ament_lint_auto: 0.12.12 (/opt/ros/humble/share/ament_lint_auto/cmake)
[1.918s] -- Added test 'copyright' to check source files copyright and LICENSE
[1.921s] -- Added test 'cppcheck' to perform static code analysis on C / C++ code
[1.921s] -- Configured cppcheck include dirs: /home/songdavid/ff_ws/src/DynamixelSDK/ros/dynamixel_sdk_examples/include
[1.921s] -- Configured cppcheck exclude dirs and/or files: 
[1.923s] -- Added test 'cpplint' to check C / C++ code against the Google style
[1.923s] -- Configured cpplint exclude dirs and/or files: 
[1.924s] -- Added test 'flake8' to check Python code syntax and style conventions
[1.926s] -- Added test 'lint_cmake' to check CMake code style
[1.927s] -- Added test 'pep257' to check Python code against some of the docstring style conventions in PEP 257
[1.928s] -- Added test 'uncrustify' to check C / C++ code style
[1.928s] -- Configured uncrustify additional arguments: 
[1.930s] -- Added test 'xmllint' to check XML markup files
[1.932s] -- Configuring done
[1.944s] -- Generating done
[1.949s] -- Build files have been written to: /home/songdavid/ff_ws/build/dynamixel_sdk_examples
[1.964s] Invoked command in '/home/songdavid/ff_ws/build/dynamixel_sdk_examples' returned '0': AMENT_PREFIX_PATH=/home/songdavid/ff_ws/install/dynamixel_sdk_custom_interfaces:/home/songdavid/ff_ws/install/dynamixel_sdk:${AMENT_PREFIX_PATH} CMAKE_PREFIX_PATH=/home/songdavid/ff_ws/install/dynamixel_sdk_custom_interfaces:/home/songdavid/ff_ws/install/dynamixel_sdk:/home/songdavid/turtlebot3_ws/install/turtlebot3:/home/songdavid/turtlebot3_ws/install/turtlebot3_simulations:/home/songdavid/turtlebot3_ws/install/turtlebot3_bringup:/home/songdavid/turtlebot3_ws/install/turtlebot3_node:/home/songdavid/turtlebot3_ws/install/turtlebot3_navigation2:/home/songdavid/turtlebot3_ws/install/turtlebot3_fake_node:/home/songdavid/turtlebot3_ws/install/turtlebot3_msgs:/home/songdavid/turtlebot3_ws/install/turtlebot3_gazebo:/home/songdavid/turtlebot3_ws/install/turtlebot3_description:/home/songdavid/turtlebot3_ws/install/turtlebot3_cartographer:/home/songdavid/turtlebot3_ws/install/explorer_interfaces:/home/songdavid/turtlebot3_ws/install/explorer_gazebo:/home/songdavid/turtlebot3_ws/install/explorer_cartographer:/home/songdavid/turtlebot3_ws/install/dynamixel_sdk_examples:/home/songdavid/turtlebot3_ws/install/dynamixel_sdk_custom_interfaces:/home/songdavid/turtlebot3_ws/install/dynamixel_sdk:/home/songdavid/turtlebot3_ws/install/explorer_bringup:/home/songdavid/turtlebot3_ws/install/turtlebot3_teleop:/home/songdavid/turtlebot3_ws/install/turtlebot3_example:/home/songdavid/turtlebot3_ws/install/explorer_wanderer:/home/songdavid/turtlebot3_ws/install/explorer_map_utils:/home/songdavid/turtlebot3_ws/install/exploration_pkg:/opt/ros/humble LD_LIBRARY_PATH=/home/songdavid/ff_ws/install/dynamixel_sdk_custom_interfaces/lib:/home/songdavid/ff_ws/install/dynamixel_sdk/lib:/home/songdavid/turtlebot3_ws/install/turtlebot3_msgs/lib:/home/songdavid/turtlebot3_ws/install/explorer_interfaces/lib:/home/songdavid/turtlebot3_ws/install/dynamixel_sdk_custom_interfaces/lib:/home/songdavid/turtlebot3_ws/install/dynamixel_sdk/lib:/usr/lib/x86_64-linux-gnu/gazebo-11/plugins:/opt/ros/humble/opt/rviz_ogre_vendor/lib:/opt/ros/humble/lib/x86_64-linux-gnu:/opt/ros/humble/lib:/usr/lib/x86_64-linux-gnu/gazebo-11/plugins PYTHONPATH=/home/songdavid/ff_ws/install/dynamixel_sdk_custom_interfaces/local/lib/python3.10/dist-packages:/home/songdavid/ff_ws/install/dynamixel_sdk/local/lib/python3.10/dist-packages:${PYTHONPATH} /usr/bin/cmake /home/songdavid/ff_ws/src/DynamixelSDK/ros/dynamixel_sdk_examples -DCMAKE_INSTALL_PREFIX=/home/songdavid/ff_ws/install/dynamixel_sdk_examples
[1.967s] Invoking command in '/home/songdavid/ff_ws/build/dynamixel_sdk_examples': AMENT_PREFIX_PATH=/home/songdavid/ff_ws/install/dynamixel_sdk_custom_interfaces:/home/songdavid/ff_ws/install/dynamixel_sdk:${AMENT_PREFIX_PATH} CMAKE_PREFIX_PATH=/home/songdavid/ff_ws/install/dynamixel_sdk_custom_interfaces:/home/songdavid/ff_ws/install/dynamixel_sdk:/home/songdavid/turtlebot3_ws/install/turtlebot3:/home/songdavid/turtlebot3_ws/install/turtlebot3_simulations:/home/songdavid/turtlebot3_ws/install/turtlebot3_bringup:/home/songdavid/turtlebot3_ws/install/turtlebot3_node:/home/songdavid/turtlebot3_ws/install/turtlebot3_navigation2:/home/songdavid/turtlebot3_ws/install/turtlebot3_fake_node:/home/songdavid/turtlebot3_ws/install/turtlebot3_msgs:/home/songdavid/turtlebot3_ws/install/turtlebot3_gazebo:/home/songdavid/turtlebot3_ws/install/turtlebot3_description:/home/songdavid/turtlebot3_ws/install/turtlebot3_cartographer:/home/songdavid/turtlebot3_ws/install/explorer_interfaces:/home/songdavid/turtlebot3_ws/install/explorer_gazebo:/home/songdavid/turtlebot3_ws/install/explorer_cartographer:/home/songdavid/turtlebot3_ws/install/dynamixel_sdk_examples:/home/songdavid/turtlebot3_ws/install/dynamixel_sdk_custom_interfaces:/home/songdavid/turtlebot3_ws/install/dynamixel_sdk:/home/songdavid/turtlebot3_ws/install/explorer_bringup:/home/songdavid/turtlebot3_ws/install/turtlebot3_teleop:/home/songdavid/turtlebot3_ws/install/turtlebot3_example:/home/songdavid/turtlebot3_ws/install/explorer_wanderer:/home/songdavid/turtlebot3_ws/install/explorer_map_utils:/home/songdavid/turtlebot3_ws/install/exploration_pkg:/opt/ros/humble LD_LIBRARY_PATH=/home/songdavid/ff_ws/install/dynamixel_sdk_custom_interfaces/lib:/home/songdavid/ff_ws/install/dynamixel_sdk/lib:/home/songdavid/turtlebot3_ws/install/turtlebot3_msgs/lib:/home/songdavid/turtlebot3_ws/install/explorer_interfaces/lib:/home/songdavid/turtlebot3_ws/install/dynamixel_sdk_custom_interfaces/lib:/home/songdavid/turtlebot3_ws/install/dynamixel_sdk/lib:/usr/lib/x86_64-linux-gnu/gazebo-11/plugins:/opt/ros/humble/opt/rviz_ogre_vendor/lib:/opt/ros/humble/lib/x86_64-linux-gnu:/opt/ros/humble/lib:/usr/lib/x86_64-linux-gnu/gazebo-11/plugins PYTHONPATH=/home/songdavid/ff_ws/install/dynamixel_sdk_custom_interfaces/local/lib/python3.10/dist-packages:/home/songdavid/ff_ws/install/dynamixel_sdk/local/lib/python3.10/dist-packages:${PYTHONPATH} /usr/bin/cmake --build /home/songdavid/ff_ws/build/dynamixel_sdk_examples -- -j8 -l8
[2.043s] [ 50%] [32mBuilding CXX object CMakeFiles/read_write_node.dir/src/read_write_node.cpp.o[0m
[16.979s] [100%] [32m[1mLinking CXX executable read_write_node[0m
[17.704s] [100%] Built target read_write_node
[17.723s] Invoked command in '/home/songdavid/ff_ws/build/dynamixel_sdk_examples' returned '0': AMENT_PREFIX_PATH=/home/songdavid/ff_ws/install/dynamixel_sdk_custom_interfaces:/home/songdavid/ff_ws/install/dynamixel_sdk:${AMENT_PREFIX_PATH} CMAKE_PREFIX_PATH=/home/songdavid/ff_ws/install/dynamixel_sdk_custom_interfaces:/home/songdavid/ff_ws/install/dynamixel_sdk:/home/songdavid/turtlebot3_ws/install/turtlebot3:/home/songdavid/turtlebot3_ws/install/turtlebot3_simulations:/home/songdavid/turtlebot3_ws/install/turtlebot3_bringup:/home/songdavid/turtlebot3_ws/install/turtlebot3_node:/home/songdavid/turtlebot3_ws/install/turtlebot3_navigation2:/home/songdavid/turtlebot3_ws/install/turtlebot3_fake_node:/home/songdavid/turtlebot3_ws/install/turtlebot3_msgs:/home/songdavid/turtlebot3_ws/install/turtlebot3_gazebo:/home/songdavid/turtlebot3_ws/install/turtlebot3_description:/home/songdavid/turtlebot3_ws/install/turtlebot3_cartographer:/home/songdavid/turtlebot3_ws/install/explorer_interfaces:/home/songdavid/turtlebot3_ws/install/explorer_gazebo:/home/songdavid/turtlebot3_ws/install/explorer_cartographer:/home/songdavid/turtlebot3_ws/install/dynamixel_sdk_examples:/home/songdavid/turtlebot3_ws/install/dynamixel_sdk_custom_interfaces:/home/songdavid/turtlebot3_ws/install/dynamixel_sdk:/home/songdavid/turtlebot3_ws/install/explorer_bringup:/home/songdavid/turtlebot3_ws/install/turtlebot3_teleop:/home/songdavid/turtlebot3_ws/install/turtlebot3_example:/home/songdavid/turtlebot3_ws/install/explorer_wanderer:/home/songdavid/turtlebot3_ws/install/explorer_map_utils:/home/songdavid/turtlebot3_ws/install/exploration_pkg:/opt/ros/humble LD_LIBRARY_PATH=/home/songdavid/ff_ws/install/dynamixel_sdk_custom_interfaces/lib:/home/songdavid/ff_ws/install/dynamixel_sdk/lib:/home/songdavid/turtlebot3_ws/install/turtlebot3_msgs/lib:/home/songdavid/turtlebot3_ws/install/explorer_interfaces/lib:/home/songdavid/turtlebot3_ws/install/dynamixel_sdk_custom_interfaces/lib:/home/songdavid/turtlebot3_ws/install/dynamixel_sdk/lib:/usr/lib/x86_64-linux-gnu/gazebo-11/plugins:/opt/ros/humble/opt/rviz_ogre_vendor/lib:/opt/ros/humble/lib/x86_64-linux-gnu:/opt/ros/humble/lib:/usr/lib/x86_64-linux-gnu/gazebo-11/plugins PYTHONPATH=/home/songdavid/ff_ws/install/dynamixel_sdk_custom_interfaces/local/lib/python3.10/dist-packages:/home/songdavid/ff_ws/install/dynamixel_sdk/local/lib/python3.10/dist-packages:${PYTHONPATH} /usr/bin/cmake --build /home/songdavid/ff_ws/build/dynamixel_sdk_examples -- -j8 -l8
[17.727s] Invoking command in '/home/songdavid/ff_ws/build/dynamixel_sdk_examples': AMENT_PREFIX_PATH=/home/songdavid/ff_ws/install/dynamixel_sdk_custom_interfaces:/home/songdavid/ff_ws/install/dynamixel_sdk:${AMENT_PREFIX_PATH} CMAKE_PREFIX_PATH=/home/songdavid/ff_ws/install/dynamixel_sdk_custom_interfaces:/home/songdavid/ff_ws/install/dynamixel_sdk:/home/songdavid/turtlebot3_ws/install/turtlebot3:/home/songdavid/turtlebot3_ws/install/turtlebot3_simulations:/home/songdavid/turtlebot3_ws/install/turtlebot3_bringup:/home/songdavid/turtlebot3_ws/install/turtlebot3_node:/home/songdavid/turtlebot3_ws/install/turtlebot3_navigation2:/home/songdavid/turtlebot3_ws/install/turtlebot3_fake_node:/home/songdavid/turtlebot3_ws/install/turtlebot3_msgs:/home/songdavid/turtlebot3_ws/install/turtlebot3_gazebo:/home/songdavid/turtlebot3_ws/install/turtlebot3_description:/home/songdavid/turtlebot3_ws/install/turtlebot3_cartographer:/home/songdavid/turtlebot3_ws/install/explorer_interfaces:/home/songdavid/turtlebot3_ws/install/explorer_gazebo:/home/songdavid/turtlebot3_ws/install/explorer_cartographer:/home/songdavid/turtlebot3_ws/install/dynamixel_sdk_examples:/home/songdavid/turtlebot3_ws/install/dynamixel_sdk_custom_interfaces:/home/songdavid/turtlebot3_ws/install/dynamixel_sdk:/home/songdavid/turtlebot3_ws/install/explorer_bringup:/home/songdavid/turtlebot3_ws/install/turtlebot3_teleop:/home/songdavid/turtlebot3_ws/install/turtlebot3_example:/home/songdavid/turtlebot3_ws/install/explorer_wanderer:/home/songdavid/turtlebot3_ws/install/explorer_map_utils:/home/songdavid/turtlebot3_ws/install/exploration_pkg:/opt/ros/humble LD_LIBRARY_PATH=/home/songdavid/ff_ws/install/dynamixel_sdk_custom_interfaces/lib:/home/songdavid/ff_ws/install/dynamixel_sdk/lib:/home/songdavid/turtlebot3_ws/install/turtlebot3_msgs/lib:/home/songdavid/turtlebot3_ws/install/explorer_interfaces/lib:/home/songdavid/turtlebot3_ws/install/dynamixel_sdk_custom_interfaces/lib:/home/songdavid/turtlebot3_ws/install/dynamixel_sdk/lib:/usr/lib/x86_64-linux-gnu/gazebo-11/plugins:/opt/ros/humble/opt/rviz_ogre_vendor/lib:/opt/ros/humble/lib/x86_64-linux-gnu:/opt/ros/humble/lib:/usr/lib/x86_64-linux-gnu/gazebo-11/plugins PYTHONPATH=/home/songdavid/ff_ws/install/dynamixel_sdk_custom_interfaces/local/lib/python3.10/dist-packages:/home/songdavid/ff_ws/install/dynamixel_sdk/local/lib/python3.10/dist-packages:${PYTHONPATH} /usr/bin/cmake --install /home/songdavid/ff_ws/build/dynamixel_sdk_examples
[17.740s] -- Install configuration: ""
[17.740s] -- Installing: /home/songdavid/ff_ws/install/dynamixel_sdk_examples/lib/dynamixel_sdk_examples/read_write_node
[17.744s] -- Set runtime path of "/home/songdavid/ff_ws/install/dynamixel_sdk_examples/lib/dynamixel_sdk_examples/read_write_node" to ""
[17.745s] -- Installing: /home/songdavid/ff_ws/install/dynamixel_sdk_examples/lib/dynamixel_sdk_examples/read_write_node.py
[17.745s] -- Installing: /home/songdavid/ff_ws/install/dynamixel_sdk_examples/share/ament_index/resource_index/package_run_dependencies/dynamixel_sdk_examples
[17.745s] -- Installing: /home/songdavid/ff_ws/install/dynamixel_sdk_examples/share/ament_index/resource_index/parent_prefix_path/dynamixel_sdk_examples
[17.745s] -- Installing: /home/songdavid/ff_ws/install/dynamixel_sdk_examples/share/dynamixel_sdk_examples/environment/ament_prefix_path.sh
[17.746s] -- Installing: /home/songdavid/ff_ws/install/dynamixel_sdk_examples/share/dynamixel_sdk_examples/environment/ament_prefix_path.dsv
[17.746s] -- Installing: /home/songdavid/ff_ws/install/dynamixel_sdk_examples/share/dynamixel_sdk_examples/environment/path.sh
[17.746s] -- Installing: /home/songdavid/ff_ws/install/dynamixel_sdk_examples/share/dynamixel_sdk_examples/environment/path.dsv
[17.746s] -- Installing: /home/songdavid/ff_ws/install/dynamixel_sdk_examples/share/dynamixel_sdk_examples/local_setup.bash
[17.747s] -- Installing: /home/songdavid/ff_ws/install/dynamixel_sdk_examples/share/dynamixel_sdk_examples/local_setup.sh
[17.747s] -- Installing: /home/songdavid/ff_ws/install/dynamixel_sdk_examples/share/dynamixel_sdk_examples/local_setup.zsh
[17.747s] -- Installing: /home/songdavid/ff_ws/install/dynamixel_sdk_examples/share/dynamixel_sdk_examples/local_setup.dsv
[17.747s] -- Installing: /home/songdavid/ff_ws/install/dynamixel_sdk_examples/share/dynamixel_sdk_examples/package.dsv
[17.747s] -- Installing: /home/songdavid/ff_ws/install/dynamixel_sdk_examples/share/ament_index/resource_index/packages/dynamixel_sdk_examples
[17.747s] -- Installing: /home/songdavid/ff_ws/install/dynamixel_sdk_examples/share/dynamixel_sdk_examples/cmake/dynamixel_sdk_examplesConfig.cmake
[17.747s] -- Installing: /home/songdavid/ff_ws/install/dynamixel_sdk_examples/share/dynamixel_sdk_examples/cmake/dynamixel_sdk_examplesConfig-version.cmake
[17.748s] -- Installing: /home/songdavid/ff_ws/install/dynamixel_sdk_examples/share/dynamixel_sdk_examples/package.xml
[17.751s] Invoked command in '/home/songdavid/ff_ws/build/dynamixel_sdk_examples' returned '0': AMENT_PREFIX_PATH=/home/songdavid/ff_ws/install/dynamixel_sdk_custom_interfaces:/home/songdavid/ff_ws/install/dynamixel_sdk:${AMENT_PREFIX_PATH} CMAKE_PREFIX_PATH=/home/songdavid/ff_ws/install/dynamixel_sdk_custom_interfaces:/home/songdavid/ff_ws/install/dynamixel_sdk:/home/songdavid/turtlebot3_ws/install/turtlebot3:/home/songdavid/turtlebot3_ws/install/turtlebot3_simulations:/home/songdavid/turtlebot3_ws/install/turtlebot3_bringup:/home/songdavid/turtlebot3_ws/install/turtlebot3_node:/home/songdavid/turtlebot3_ws/install/turtlebot3_navigation2:/home/songdavid/turtlebot3_ws/install/turtlebot3_fake_node:/home/songdavid/turtlebot3_ws/install/turtlebot3_msgs:/home/songdavid/turtlebot3_ws/install/turtlebot3_gazebo:/home/songdavid/turtlebot3_ws/install/turtlebot3_description:/home/songdavid/turtlebot3_ws/install/turtlebot3_cartographer:/home/songdavid/turtlebot3_ws/install/explorer_interfaces:/home/songdavid/turtlebot3_ws/install/explorer_gazebo:/home/songdavid/turtlebot3_ws/install/explorer_cartographer:/home/songdavid/turtlebot3_ws/install/dynamixel_sdk_examples:/home/songdavid/turtlebot3_ws/install/dynamixel_sdk_custom_interfaces:/home/songdavid/turtlebot3_ws/install/dynamixel_sdk:/home/songdavid/turtlebot3_ws/install/explorer_bringup:/home/songdavid/turtlebot3_ws/install/turtlebot3_teleop:/home/songdavid/turtlebot3_ws/install/turtlebot3_example:/home/songdavid/turtlebot3_ws/install/explorer_wanderer:/home/songdavid/turtlebot3_ws/install/explorer_map_utils:/home/songdavid/turtlebot3_ws/install/exploration_pkg:/opt/ros/humble LD_LIBRARY_PATH=/home/songdavid/ff_ws/install/dynamixel_sdk_custom_interfaces/lib:/home/songdavid/ff_ws/install/dynamixel_sdk/lib:/home/songdavid/turtlebot3_ws/install/turtlebot3_msgs/lib:/home/songdavid/turtlebot3_ws/install/explorer_interfaces/lib:/home/songdavid/turtlebot3_ws/install/dynamixel_sdk_custom_interfaces/lib:/home/songdavid/turtlebot3_ws/install/dynamixel_sdk/lib:/usr/lib/x86_64-linux-gnu/gazebo-11/plugins:/opt/ros/humble/opt/rviz_ogre_vendor/lib:/opt/ros/humble/lib/x86_64-linux-gnu:/opt/ros/humble/lib:/usr/lib/x86_64-linux-gnu/gazebo-11/plugins PYTHONPATH=/home/songdavid/ff_ws/install/dynamixel_sdk_custom_interfaces/local/lib/python3.10/dist-packages:/home/songdavid/ff_ws/install/dynamixel_sdk/local/lib/python3.10/dist-packages:${PYTHONPATH} /usr/bin/cmake --install /home/songdavid/ff_ws/build/dynamixel_sdk_examples
