[1.965s] Invoking command in '/home/songdavid/ff_ws/src/turtlebot3/turtlebot3_example': AMENT_PREFIX_PATH=/home/songdavid/ff_ws/install/turtlebot3_msgs:${AMENT_PREFIX_PATH} CMAKE_PREFIX_PATH=/home/songdavid/ff_ws/install/turtlebot3_msgs:${CMAKE_PREFIX_PATH} LD_LIBRARY_PATH=/home/songdavid/ff_ws/install/turtlebot3_msgs/lib:/home/songdavid/ff_ws/install/explorer_interfaces/lib:/home/songdavid/turtlebot3_ws/install/turtlebot3_msgs/lib:/home/songdavid/turtlebot3_ws/install/explorer_interfaces/lib:/home/songdavid/turtlebot3_ws/install/dynamixel_sdk_custom_interfaces/lib:/home/songdavid/turtlebot3_ws/install/dynamixel_sdk/lib:/usr/lib/x86_64-linux-gnu/gazebo-11/plugins:/opt/ros/humble/opt/rviz_ogre_vendor/lib:/opt/ros/humble/lib/x86_64-linux-gnu:/opt/ros/humble/lib:/usr/lib/x86_64-linux-gnu/gazebo-11/plugins PYTHONPATH=/home/songdavid/ff_ws/build/turtlebot3_example/prefix_override:/usr/lib/python3/dist-packages/colcon_core/task/python/colcon_distutils_commands:/home/songdavid/ff_ws/install/turtlebot3_example/lib/python3.10/site-packages:/home/songdavid/ff_ws/install/turtlebot3_msgs/local/lib/python3.10/dist-packages:${PYTHONPATH} /usr/bin/python3 -W ignore:setup.py install is deprecated -W ignore:easy_install command is deprecated setup.py egg_info --egg-base ../../../build/turtlebot3_example build --build-base /home/songdavid/ff_ws/build/turtlebot3_example/build install --record /home/songdavid/ff_ws/build/turtlebot3_example/install.log --single-version-externally-managed install_data
[2.694s] running egg_info
[2.696s] creating ../../../build/turtlebot3_example/turtlebot3_example.egg-info
[2.697s] writing ../../../build/turtlebot3_example/turtlebot3_example.egg-info/PKG-INFO
[2.699s] writing dependency_links to ../../../build/turtlebot3_example/turtlebot3_example.egg-info/dependency_links.txt
[2.699s] writing entry points to ../../../build/turtlebot3_example/turtlebot3_example.egg-info/entry_points.txt
[2.699s] writing requirements to ../../../build/turtlebot3_example/turtlebot3_example.egg-info/requires.txt
[2.699s] writing top-level names to ../../../build/turtlebot3_example/turtlebot3_example.egg-info/top_level.txt
[2.699s] writing manifest file '../../../build/turtlebot3_example/turtlebot3_example.egg-info/SOURCES.txt'
[2.704s] reading manifest file '../../../build/turtlebot3_example/turtlebot3_example.egg-info/SOURCES.txt'
[2.706s] writing manifest file '../../../build/turtlebot3_example/turtlebot3_example.egg-info/SOURCES.txt'
[2.707s] running build
[2.707s] running build_py
[2.708s] creating /home/songdavid/ff_ws/build/turtlebot3_example/build
[2.709s] creating /home/songdavid/ff_ws/build/turtlebot3_example/build/lib
[2.709s] creating /home/songdavid/ff_ws/build/turtlebot3_example/build/lib/turtlebot3_example
[2.710s] copying turtlebot3_example/__init__.py -> /home/songdavid/ff_ws/build/turtlebot3_example/build/lib/turtlebot3_example
[2.711s] creating /home/songdavid/ff_ws/build/turtlebot3_example/build/lib/turtlebot3_example/turtlebot3_interactive_marker
[2.712s] copying turtlebot3_example/turtlebot3_interactive_marker/__init__.py -> /home/songdavid/ff_ws/build/turtlebot3_example/build/lib/turtlebot3_example/turtlebot3_interactive_marker
[2.712s] copying turtlebot3_example/turtlebot3_interactive_marker/turtlebot3_interactive_marker.py -> /home/songdavid/ff_ws/build/turtlebot3_example/build/lib/turtlebot3_example/turtlebot3_interactive_marker
[2.713s] creating /home/songdavid/ff_ws/build/turtlebot3_example/build/lib/turtlebot3_example/turtlebot3_obstacle_detection
[2.714s] copying turtlebot3_example/turtlebot3_obstacle_detection/turtlebot3_obstacle_detection.py -> /home/songdavid/ff_ws/build/turtlebot3_example/build/lib/turtlebot3_example/turtlebot3_obstacle_detection
[2.714s] copying turtlebot3_example/turtlebot3_obstacle_detection/__init__.py -> /home/songdavid/ff_ws/build/turtlebot3_example/build/lib/turtlebot3_example/turtlebot3_obstacle_detection
[2.715s] creating /home/songdavid/ff_ws/build/turtlebot3_example/build/lib/turtlebot3_example/turtlebot3_absolute_move
[2.716s] copying turtlebot3_example/turtlebot3_absolute_move/turtlebot3_absolute_move.py -> /home/songdavid/ff_ws/build/turtlebot3_example/build/lib/turtlebot3_example/turtlebot3_absolute_move
[2.717s] copying turtlebot3_example/turtlebot3_absolute_move/__init__.py -> /home/songdavid/ff_ws/build/turtlebot3_example/build/lib/turtlebot3_example/turtlebot3_absolute_move
[2.718s] creating /home/songdavid/ff_ws/build/turtlebot3_example/build/lib/turtlebot3_example/turtlebot3_patrol
[2.718s] copying turtlebot3_example/turtlebot3_patrol/__init__.py -> /home/songdavid/ff_ws/build/turtlebot3_example/build/lib/turtlebot3_example/turtlebot3_patrol
[2.718s] copying turtlebot3_example/turtlebot3_patrol/turtlebot3_patrol_client.py -> /home/songdavid/ff_ws/build/turtlebot3_example/build/lib/turtlebot3_example/turtlebot3_patrol
[2.718s] copying turtlebot3_example/turtlebot3_patrol/turtlebot3_patrol_server.py -> /home/songdavid/ff_ws/build/turtlebot3_example/build/lib/turtlebot3_example/turtlebot3_patrol
[2.723s] creating /home/songdavid/ff_ws/build/turtlebot3_example/build/lib/turtlebot3_example/turtlebot3_relative_move
[2.724s] copying turtlebot3_example/turtlebot3_relative_move/__init__.py -> /home/songdavid/ff_ws/build/turtlebot3_example/build/lib/turtlebot3_example/turtlebot3_relative_move
[2.724s] copying turtlebot3_example/turtlebot3_relative_move/turtlebot3_relative_move.py -> /home/songdavid/ff_ws/build/turtlebot3_example/build/lib/turtlebot3_example/turtlebot3_relative_move
[2.724s] running install
[2.724s] running install_lib
[2.724s] creating /home/songdavid/ff_ws/install/turtlebot3_example/lib/python3.10/site-packages/turtlebot3_example
[2.725s] creating /home/songdavid/ff_ws/install/turtlebot3_example/lib/python3.10/site-packages/turtlebot3_example/turtlebot3_interactive_marker
[2.725s] copying /home/songdavid/ff_ws/build/turtlebot3_example/build/lib/turtlebot3_example/turtlebot3_interactive_marker/__init__.py -> /home/songdavid/ff_ws/install/turtlebot3_example/lib/python3.10/site-packages/turtlebot3_example/turtlebot3_interactive_marker
[2.725s] copying /home/songdavid/ff_ws/build/turtlebot3_example/build/lib/turtlebot3_example/turtlebot3_interactive_marker/turtlebot3_interactive_marker.py -> /home/songdavid/ff_ws/install/turtlebot3_example/lib/python3.10/site-packages/turtlebot3_example/turtlebot3_interactive_marker
[2.725s] creating /home/songdavid/ff_ws/install/turtlebot3_example/lib/python3.10/site-packages/turtlebot3_example/turtlebot3_obstacle_detection
[2.726s] copying /home/songdavid/ff_ws/build/turtlebot3_example/build/lib/turtlebot3_example/turtlebot3_obstacle_detection/turtlebot3_obstacle_detection.py -> /home/songdavid/ff_ws/install/turtlebot3_example/lib/python3.10/site-packages/turtlebot3_example/turtlebot3_obstacle_detection
[2.726s] copying /home/songdavid/ff_ws/build/turtlebot3_example/build/lib/turtlebot3_example/turtlebot3_obstacle_detection/__init__.py -> /home/songdavid/ff_ws/install/turtlebot3_example/lib/python3.10/site-packages/turtlebot3_example/turtlebot3_obstacle_detection
[2.726s] copying /home/songdavid/ff_ws/build/turtlebot3_example/build/lib/turtlebot3_example/__init__.py -> /home/songdavid/ff_ws/install/turtlebot3_example/lib/python3.10/site-packages/turtlebot3_example
[2.730s] creating /home/songdavid/ff_ws/install/turtlebot3_example/lib/python3.10/site-packages/turtlebot3_example/turtlebot3_absolute_move
[2.730s] copying /home/songdavid/ff_ws/build/turtlebot3_example/build/lib/turtlebot3_example/turtlebot3_absolute_move/turtlebot3_absolute_move.py -> /home/songdavid/ff_ws/install/turtlebot3_example/lib/python3.10/site-packages/turtlebot3_example/turtlebot3_absolute_move
[2.730s] copying /home/songdavid/ff_ws/build/turtlebot3_example/build/lib/turtlebot3_example/turtlebot3_absolute_move/__init__.py -> /home/songdavid/ff_ws/install/turtlebot3_example/lib/python3.10/site-packages/turtlebot3_example/turtlebot3_absolute_move
[2.730s] creating /home/songdavid/ff_ws/install/turtlebot3_example/lib/python3.10/site-packages/turtlebot3_example/turtlebot3_patrol
[2.730s] copying /home/songdavid/ff_ws/build/turtlebot3_example/build/lib/turtlebot3_example/turtlebot3_patrol/__init__.py -> /home/songdavid/ff_ws/install/turtlebot3_example/lib/python3.10/site-packages/turtlebot3_example/turtlebot3_patrol
[2.731s] copying /home/songdavid/ff_ws/build/turtlebot3_example/build/lib/turtlebot3_example/turtlebot3_patrol/turtlebot3_patrol_client.py -> /home/songdavid/ff_ws/install/turtlebot3_example/lib/python3.10/site-packages/turtlebot3_example/turtlebot3_patrol
[2.731s] copying /home/songdavid/ff_ws/build/turtlebot3_example/build/lib/turtlebot3_example/turtlebot3_patrol/turtlebot3_patrol_server.py -> /home/songdavid/ff_ws/install/turtlebot3_example/lib/python3.10/site-packages/turtlebot3_example/turtlebot3_patrol
[2.731s] creating /home/songdavid/ff_ws/install/turtlebot3_example/lib/python3.10/site-packages/turtlebot3_example/turtlebot3_relative_move
[2.731s] copying /home/songdavid/ff_ws/build/turtlebot3_example/build/lib/turtlebot3_example/turtlebot3_relative_move/__init__.py -> /home/songdavid/ff_ws/install/turtlebot3_example/lib/python3.10/site-packages/turtlebot3_example/turtlebot3_relative_move
[2.731s] copying /home/songdavid/ff_ws/build/turtlebot3_example/build/lib/turtlebot3_example/turtlebot3_relative_move/turtlebot3_relative_move.py -> /home/songdavid/ff_ws/install/turtlebot3_example/lib/python3.10/site-packages/turtlebot3_example/turtlebot3_relative_move
[2.731s] byte-compiling /home/songdavid/ff_ws/install/turtlebot3_example/lib/python3.10/site-packages/turtlebot3_example/turtlebot3_interactive_marker/__init__.py to __init__.cpython-310.pyc
[2.731s] byte-compiling /home/songdavid/ff_ws/install/turtlebot3_example/lib/python3.10/site-packages/turtlebot3_example/turtlebot3_interactive_marker/turtlebot3_interactive_marker.py to turtlebot3_interactive_marker.cpython-310.pyc
[2.732s] byte-compiling /home/songdavid/ff_ws/install/turtlebot3_example/lib/python3.10/site-packages/turtlebot3_example/turtlebot3_obstacle_detection/turtlebot3_obstacle_detection.py to turtlebot3_obstacle_detection.cpython-310.pyc
[2.734s] byte-compiling /home/songdavid/ff_ws/install/turtlebot3_example/lib/python3.10/site-packages/turtlebot3_example/turtlebot3_obstacle_detection/__init__.py to __init__.cpython-310.pyc
[2.734s] byte-compiling /home/songdavid/ff_ws/install/turtlebot3_example/lib/python3.10/site-packages/turtlebot3_example/__init__.py to __init__.cpython-310.pyc
[2.734s] byte-compiling /home/songdavid/ff_ws/install/turtlebot3_example/lib/python3.10/site-packages/turtlebot3_example/turtlebot3_absolute_move/turtlebot3_absolute_move.py to turtlebot3_absolute_move.cpython-310.pyc
[2.738s] byte-compiling /home/songdavid/ff_ws/install/turtlebot3_example/lib/python3.10/site-packages/turtlebot3_example/turtlebot3_absolute_move/__init__.py to __init__.cpython-310.pyc
[2.738s] byte-compiling /home/songdavid/ff_ws/install/turtlebot3_example/lib/python3.10/site-packages/turtlebot3_example/turtlebot3_patrol/__init__.py to __init__.cpython-310.pyc
[2.738s] byte-compiling /home/songdavid/ff_ws/install/turtlebot3_example/lib/python3.10/site-packages/turtlebot3_example/turtlebot3_patrol/turtlebot3_patrol_client.py to turtlebot3_patrol_client.cpython-310.pyc
[2.739s] byte-compiling /home/songdavid/ff_ws/install/turtlebot3_example/lib/python3.10/site-packages/turtlebot3_example/turtlebot3_patrol/turtlebot3_patrol_server.py to turtlebot3_patrol_server.cpython-310.pyc
[2.744s] byte-compiling /home/songdavid/ff_ws/install/turtlebot3_example/lib/python3.10/site-packages/turtlebot3_example/turtlebot3_relative_move/__init__.py to __init__.cpython-310.pyc
[2.744s] byte-compiling /home/songdavid/ff_ws/install/turtlebot3_example/lib/python3.10/site-packages/turtlebot3_example/turtlebot3_relative_move/turtlebot3_relative_move.py to turtlebot3_relative_move.cpython-310.pyc
[2.744s] running install_data
[2.745s] creating /home/songdavid/ff_ws/install/turtlebot3_example/share/ament_index
[2.745s] creating /home/songdavid/ff_ws/install/turtlebot3_example/share/ament_index/resource_index
[2.745s] creating /home/songdavid/ff_ws/install/turtlebot3_example/share/ament_index/resource_index/packages
[2.745s] copying resource/turtlebot3_example -> /home/songdavid/ff_ws/install/turtlebot3_example/share/ament_index/resource_index/packages
[2.745s] copying package.xml -> /home/songdavid/ff_ws/install/turtlebot3_example/share/turtlebot3_example
[2.745s] running install_egg_info
[2.753s] Copying ../../../build/turtlebot3_example/turtlebot3_example.egg-info to /home/songdavid/ff_ws/install/turtlebot3_example/lib/python3.10/site-packages/turtlebot3_example-2.2.9-py3.10.egg-info
[2.753s] running install_scripts
[2.807s] Installing turtlebot3_absolute_move script to /home/songdavid/ff_ws/install/turtlebot3_example/lib/turtlebot3_example
[2.807s] Installing turtlebot3_interactive_marker script to /home/songdavid/ff_ws/install/turtlebot3_example/lib/turtlebot3_example
[2.807s] Installing turtlebot3_obstacle_detection script to /home/songdavid/ff_ws/install/turtlebot3_example/lib/turtlebot3_example
[2.808s] Installing turtlebot3_patrol_client script to /home/songdavid/ff_ws/install/turtlebot3_example/lib/turtlebot3_example
[2.808s] Installing turtlebot3_patrol_server script to /home/songdavid/ff_ws/install/turtlebot3_example/lib/turtlebot3_example
[2.808s] Installing turtlebot3_relative_move script to /home/songdavid/ff_ws/install/turtlebot3_example/lib/turtlebot3_example
[2.813s] writing list of installed files to '/home/songdavid/ff_ws/build/turtlebot3_example/install.log'
[2.904s] Invoked command in '/home/songdavid/ff_ws/src/turtlebot3/turtlebot3_example' returned '0': AMENT_PREFIX_PATH=/home/songdavid/ff_ws/install/turtlebot3_msgs:${AMENT_PREFIX_PATH} CMAKE_PREFIX_PATH=/home/songdavid/ff_ws/install/turtlebot3_msgs:${CMAKE_PREFIX_PATH} LD_LIBRARY_PATH=/home/songdavid/ff_ws/install/turtlebot3_msgs/lib:/home/songdavid/ff_ws/install/explorer_interfaces/lib:/home/songdavid/turtlebot3_ws/install/turtlebot3_msgs/lib:/home/songdavid/turtlebot3_ws/install/explorer_interfaces/lib:/home/songdavid/turtlebot3_ws/install/dynamixel_sdk_custom_interfaces/lib:/home/songdavid/turtlebot3_ws/install/dynamixel_sdk/lib:/usr/lib/x86_64-linux-gnu/gazebo-11/plugins:/opt/ros/humble/opt/rviz_ogre_vendor/lib:/opt/ros/humble/lib/x86_64-linux-gnu:/opt/ros/humble/lib:/usr/lib/x86_64-linux-gnu/gazebo-11/plugins PYTHONPATH=/home/songdavid/ff_ws/build/turtlebot3_example/prefix_override:/usr/lib/python3/dist-packages/colcon_core/task/python/colcon_distutils_commands:/home/songdavid/ff_ws/install/turtlebot3_example/lib/python3.10/site-packages:/home/songdavid/ff_ws/install/turtlebot3_msgs/local/lib/python3.10/dist-packages:${PYTHONPATH} /usr/bin/python3 -W ignore:setup.py install is deprecated -W ignore:easy_install command is deprecated setup.py egg_info --egg-base ../../../build/turtlebot3_example build --build-base /home/songdavid/ff_ws/build/turtlebot3_example/build install --record /home/songdavid/ff_ws/build/turtlebot3_example/install.log --single-version-externally-managed install_data
