[0.039s] Invoking command in '/home/songdavid/ff_ws/build/turtlebot3_gazebo': CMAKE_PREFIX_PATH=${CMAKE_PREFIX_PATH}:/home/songdavid/turtlebot3_ws/install/explorer_bringup:/home/songdavid/turtlebot3_ws/install/turtlebot3_teleop:/home/songdavid/turtlebot3_ws/install/turtlebot3_example:/home/songdavid/turtlebot3_ws/install/explorer_wanderer:/home/songdavid/turtlebot3_ws/install/explorer_map_utils:/home/songdavid/turtlebot3_ws/install/exploration_pkg:/opt/ros/humble /usr/bin/cmake --build /home/songdavid/ff_ws/build/turtlebot3_gazebo -- -j8 -l8
[0.479s] [ 16%] Built target turtlebot3_drive
[0.480s] [ 33%] Built target traffic_bar_plugin
[0.480s] [ 50%] Built target obstacle2
[0.480s] [ 83%] Built target obstacle1
[0.480s] [ 83%] Built target traffic_light_plugin
[0.480s] [100%] Built target obstacles
[0.504s] Invoked command in '/home/songdavid/ff_ws/build/turtlebot3_gazebo' returned '0': CMAKE_PREFIX_PATH=${CMAKE_PREFIX_PATH}:/home/songdavid/turtlebot3_ws/install/explorer_bringup:/home/songdavid/turtlebot3_ws/install/turtlebot3_teleop:/home/songdavid/turtlebot3_ws/install/turtlebot3_example:/home/songdavid/turtlebot3_ws/install/explorer_wanderer:/home/songdavid/turtlebot3_ws/install/explorer_map_utils:/home/songdavid/turtlebot3_ws/install/exploration_pkg:/opt/ros/humble /usr/bin/cmake --build /home/songdavid/ff_ws/build/turtlebot3_gazebo -- -j8 -l8
[0.507s] Invoking command in '/home/songdavid/ff_ws/build/turtlebot3_gazebo': CMAKE_PREFIX_PATH=${CMAKE_PREFIX_PATH}:/home/songdavid/turtlebot3_ws/install/explorer_bringup:/home/songdavid/turtlebot3_ws/install/turtlebot3_teleop:/home/songdavid/turtlebot3_ws/install/turtlebot3_example:/home/songdavid/turtlebot3_ws/install/explorer_wanderer:/home/songdavid/turtlebot3_ws/install/explorer_map_utils:/home/songdavid/turtlebot3_ws/install/exploration_pkg:/opt/ros/humble /usr/bin/cmake --install /home/songdavid/ff_ws/build/turtlebot3_gazebo
[0.535s] -- Install configuration: ""
[0.535s] -- Up-to-date: /home/songdavid/ff_ws/install/turtlebot3_gazebo/lib/turtlebot3_gazebo/turtlebot3_drive
[0.535s] -- Up-to-date: /home/songdavid/ff_ws/install/turtlebot3_gazebo/share/turtlebot3_gazebo//launch
[0.535s] -- Up-to-date: /home/songdavid/ff_ws/install/turtlebot3_gazebo/share/turtlebot3_gazebo//launch/turtlebot3_dqn_stage3.launch.py
[0.536s] -- Up-to-date: /home/songdavid/ff_ws/install/turtlebot3_gazebo/share/turtlebot3_gazebo//launch/spawn_turtlebot3.launch.py
[0.536s] -- Up-to-date: /home/songdavid/ff_ws/install/turtlebot3_gazebo/share/turtlebot3_gazebo//launch/multi_spawn_turtlebot3.launch.py
[0.536s] -- Up-to-date: /home/songdavid/ff_ws/install/turtlebot3_gazebo/share/turtlebot3_gazebo//launch/turtlebot3_world_world.launch.py
[0.536s] -- Up-to-date: /home/songdavid/ff_ws/install/turtlebot3_gazebo/share/turtlebot3_gazebo//launch/robot_state_publisher.launch.py
[0.536s] -- Up-to-date: /home/songdavid/ff_ws/install/turtlebot3_gazebo/share/turtlebot3_gazebo//launch/empty_world.launch.py
[0.536s] -- Up-to-date: /home/songdavid/ff_ws/install/turtlebot3_gazebo/share/turtlebot3_gazebo//launch/multi_robot.launch.py
[0.536s] -- Up-to-date: /home/songdavid/ff_ws/install/turtlebot3_gazebo/share/turtlebot3_gazebo//launch/turtlebot3_dqn_stage1.launch.py
[0.536s] -- Up-to-date: /home/songdavid/ff_ws/install/turtlebot3_gazebo/share/turtlebot3_gazebo//launch/turtlebot3_dqn_stage4.launch.py
[0.536s] -- Up-to-date: /home/songdavid/ff_ws/install/turtlebot3_gazebo/share/turtlebot3_gazebo//launch/turtlebot3_house.launch.py
[0.536s] -- Up-to-date: /home/songdavid/ff_ws/install/turtlebot3_gazebo/share/turtlebot3_gazebo//launch/turtlebot3_dqn_stage2.launch.py
[0.536s] -- Up-to-date: /home/songdavid/ff_ws/install/turtlebot3_gazebo/share/turtlebot3_gazebo//launch/turtlebot3_autorace_2020.launch.py
[0.536s] -- Up-to-date: /home/songdavid/ff_ws/install/turtlebot3_gazebo/share/turtlebot3_gazebo//launch/turtlebot3_world.launch.py
[0.537s] -- Up-to-date: /home/songdavid/ff_ws/install/turtlebot3_gazebo/share/turtlebot3_gazebo//models
[0.537s] -- Up-to-date: /home/songdavid/ff_ws/install/turtlebot3_gazebo/share/turtlebot3_gazebo//models/turtlebot3_common
[0.537s] -- Up-to-date: /home/songdavid/ff_ws/install/turtlebot3_gazebo/share/turtlebot3_gazebo//models/turtlebot3_common/model.config
[0.537s] -- Up-to-date: /home/songdavid/ff_ws/install/turtlebot3_gazebo/share/turtlebot3_gazebo//models/turtlebot3_common/meshes
[0.537s] -- Up-to-date: /home/songdavid/ff_ws/install/turtlebot3_gazebo/share/turtlebot3_gazebo//models/turtlebot3_common/meshes/wheels
[0.537s] -- Up-to-date: /home/songdavid/ff_ws/install/turtlebot3_gazebo/share/turtlebot3_gazebo//models/turtlebot3_common/meshes/wheels/left_tire.stl
[0.537s] -- Up-to-date: /home/songdavid/ff_ws/install/turtlebot3_gazebo/share/turtlebot3_gazebo//models/turtlebot3_common/meshes/wheels/right_tire.stl
[0.537s] -- Up-to-date: /home/songdavid/ff_ws/install/turtlebot3_gazebo/share/turtlebot3_gazebo//models/turtlebot3_common/meshes/burger_base.dae
[0.537s] -- Up-to-date: /home/songdavid/ff_ws/install/turtlebot3_gazebo/share/turtlebot3_gazebo//models/turtlebot3_common/meshes/r200.dae
[0.537s] -- Up-to-date: /home/songdavid/ff_ws/install/turtlebot3_gazebo/share/turtlebot3_gazebo//models/turtlebot3_common/meshes/tire.dae
[0.538s] -- Up-to-date: /home/songdavid/ff_ws/install/turtlebot3_gazebo/share/turtlebot3_gazebo//models/turtlebot3_common/meshes/sensors
[0.538s] -- Up-to-date: /home/songdavid/ff_ws/install/turtlebot3_gazebo/share/turtlebot3_gazebo//models/turtlebot3_common/meshes/sensors/r200.dae
[0.538s] -- Up-to-date: /home/songdavid/ff_ws/install/turtlebot3_gazebo/share/turtlebot3_gazebo//models/turtlebot3_common/meshes/sensors/lds.stl
[0.538s] -- Up-to-date: /home/songdavid/ff_ws/install/turtlebot3_gazebo/share/turtlebot3_gazebo//models/turtlebot3_common/meshes/sensors/astra.dae
[0.538s] -- Up-to-date: /home/songdavid/ff_ws/install/turtlebot3_gazebo/share/turtlebot3_gazebo//models/turtlebot3_common/meshes/sensors/astra.jpg
[0.539s] -- Up-to-date: /home/songdavid/ff_ws/install/turtlebot3_gazebo/share/turtlebot3_gazebo//models/turtlebot3_common/meshes/sensors/r200.jpg
[0.539s] -- Up-to-date: /home/songdavid/ff_ws/install/turtlebot3_gazebo/share/turtlebot3_gazebo//models/turtlebot3_common/meshes/waffle_base.dae
[0.539s] -- Up-to-date: /home/songdavid/ff_ws/install/turtlebot3_gazebo/share/turtlebot3_gazebo//models/turtlebot3_common/meshes/waffle_pi_base.dae
[0.539s] -- Up-to-date: /home/songdavid/ff_ws/install/turtlebot3_gazebo/share/turtlebot3_gazebo//models/turtlebot3_common/meshes/lds.dae
[0.539s] -- Up-to-date: /home/songdavid/ff_ws/install/turtlebot3_gazebo/share/turtlebot3_gazebo//models/turtlebot3_common/meshes/bases
[0.539s] -- Up-to-date: /home/songdavid/ff_ws/install/turtlebot3_gazebo/share/turtlebot3_gazebo//models/turtlebot3_common/meshes/bases/burger_base.stl
[0.539s] -- Up-to-date: /home/songdavid/ff_ws/install/turtlebot3_gazebo/share/turtlebot3_gazebo//models/turtlebot3_common/meshes/bases/waffle_base.stl
[0.540s] -- Up-to-date: /home/songdavid/ff_ws/install/turtlebot3_gazebo/share/turtlebot3_gazebo//models/turtlebot3_common/meshes/bases/waffle_pi_base.stl
[0.540s] -- Up-to-date: /home/songdavid/ff_ws/install/turtlebot3_gazebo/share/turtlebot3_gazebo//models/turtlebot3_waffle_pi
[0.544s] -- Up-to-date: /home/songdavid/ff_ws/install/turtlebot3_gazebo/share/turtlebot3_gazebo//models/turtlebot3_waffle_pi/model.config
[0.544s] -- Up-to-date: /home/songdavid/ff_ws/install/turtlebot3_gazebo/share/turtlebot3_gazebo//models/turtlebot3_waffle_pi/model.sdf
[0.544s] -- Up-to-date: /home/songdavid/ff_ws/install/turtlebot3_gazebo/share/turtlebot3_gazebo//models/turtlebot3_waffle_pi/model-1_4_.sdf
[0.544s] -- Up-to-date: /home/songdavid/ff_ws/install/turtlebot3_gazebo/share/turtlebot3_gazebo//models/turtlebot3_burger
[0.544s] -- Up-to-date: /home/songdavid/ff_ws/install/turtlebot3_gazebo/share/turtlebot3_gazebo//models/turtlebot3_burger/model.config
[0.544s] -- Up-to-date: /home/songdavid/ff_ws/install/turtlebot3_gazebo/share/turtlebot3_gazebo//models/turtlebot3_burger/model-1_4.sdf
[0.545s] -- Up-to-date: /home/songdavid/ff_ws/install/turtlebot3_gazebo/share/turtlebot3_gazebo//models/turtlebot3_burger/model.sdf
[0.545s] -- Up-to-date: /home/songdavid/ff_ws/install/turtlebot3_gazebo/share/turtlebot3_gazebo//models/turtlebot3_dqn_world
[0.545s] -- Up-to-date: /home/songdavid/ff_ws/install/turtlebot3_gazebo/share/turtlebot3_gazebo//models/turtlebot3_dqn_world/inner_walls
[0.545s] -- Up-to-date: /home/songdavid/ff_ws/install/turtlebot3_gazebo/share/turtlebot3_gazebo//models/turtlebot3_dqn_world/inner_walls/model.config
[0.545s] -- Up-to-date: /home/songdavid/ff_ws/install/turtlebot3_gazebo/share/turtlebot3_gazebo//models/turtlebot3_dqn_world/inner_walls/model.sdf
[0.545s] -- Up-to-date: /home/songdavid/ff_ws/install/turtlebot3_gazebo/share/turtlebot3_gazebo//models/turtlebot3_dqn_world/model.config
[0.546s] -- Up-to-date: /home/songdavid/ff_ws/install/turtlebot3_gazebo/share/turtlebot3_gazebo//models/turtlebot3_dqn_world/obstacle1
[0.546s] -- Up-to-date: /home/songdavid/ff_ws/install/turtlebot3_gazebo/share/turtlebot3_gazebo//models/turtlebot3_dqn_world/obstacle1/model.config
[0.546s] -- Up-to-date: /home/songdavid/ff_ws/install/turtlebot3_gazebo/share/turtlebot3_gazebo//models/turtlebot3_dqn_world/obstacle1/model.sdf
[0.546s] -- Up-to-date: /home/songdavid/ff_ws/install/turtlebot3_gazebo/share/turtlebot3_gazebo//models/turtlebot3_dqn_world/model.sdf
[0.546s] -- Up-to-date: /home/songdavid/ff_ws/install/turtlebot3_gazebo/share/turtlebot3_gazebo//models/turtlebot3_dqn_world/obstacle2
[0.546s] -- Up-to-date: /home/songdavid/ff_ws/install/turtlebot3_gazebo/share/turtlebot3_gazebo//models/turtlebot3_dqn_world/obstacle2/model.config
[0.546s] -- Up-to-date: /home/songdavid/ff_ws/install/turtlebot3_gazebo/share/turtlebot3_gazebo//models/turtlebot3_dqn_world/obstacle2/model.sdf
[0.546s] -- Up-to-date: /home/songdavid/ff_ws/install/turtlebot3_gazebo/share/turtlebot3_gazebo//models/turtlebot3_dqn_world/obstacles
[0.546s] -- Up-to-date: /home/songdavid/ff_ws/install/turtlebot3_gazebo/share/turtlebot3_gazebo//models/turtlebot3_dqn_world/obstacles/model.config
[0.546s] -- Up-to-date: /home/songdavid/ff_ws/install/turtlebot3_gazebo/share/turtlebot3_gazebo//models/turtlebot3_dqn_world/obstacles/model.sdf
[0.546s] -- Up-to-date: /home/songdavid/ff_ws/install/turtlebot3_gazebo/share/turtlebot3_gazebo//models/turtlebot3_dqn_world/goal_box
[0.547s] -- Up-to-date: /home/songdavid/ff_ws/install/turtlebot3_gazebo/share/turtlebot3_gazebo//models/turtlebot3_dqn_world/goal_box/model.config
[0.547s] -- Up-to-date: /home/songdavid/ff_ws/install/turtlebot3_gazebo/share/turtlebot3_gazebo//models/turtlebot3_dqn_world/goal_box/model.sdf
[0.547s] -- Up-to-date: /home/songdavid/ff_ws/install/turtlebot3_gazebo/share/turtlebot3_gazebo//models/turtlebot3_autorace_2020
[0.547s] -- Up-to-date: /home/songdavid/ff_ws/install/turtlebot3_gazebo/share/turtlebot3_gazebo//models/turtlebot3_autorace_2020/traffic_pl_left
[0.547s] -- Up-to-date: /home/songdavid/ff_ws/install/turtlebot3_gazebo/share/turtlebot3_gazebo//models/turtlebot3_autorace_2020/traffic_pl_left/model.config
[0.547s] -- Up-to-date: /home/songdavid/ff_ws/install/turtlebot3_gazebo/share/turtlebot3_gazebo//models/turtlebot3_autorace_2020/traffic_pl_left/model.sdf
[0.547s] -- Up-to-date: /home/songdavid/ff_ws/install/turtlebot3_gazebo/share/turtlebot3_gazebo//models/turtlebot3_autorace_2020/traffic_pl_left/materials
[0.547s] -- Up-to-date: /home/songdavid/ff_ws/install/turtlebot3_gazebo/share/turtlebot3_gazebo//models/turtlebot3_autorace_2020/traffic_pl_left/materials/textures
[0.547s] -- Up-to-date: /home/songdavid/ff_ws/install/turtlebot3_gazebo/share/turtlebot3_gazebo//models/turtlebot3_autorace_2020/traffic_pl_left/materials/textures/traffic_pl_left.png
[0.548s] -- Up-to-date: /home/songdavid/ff_ws/install/turtlebot3_gazebo/share/turtlebot3_gazebo//models/turtlebot3_autorace_2020/traffic_pl_left/materials/scripts
[0.548s] -- Up-to-date: /home/songdavid/ff_ws/install/turtlebot3_gazebo/share/turtlebot3_gazebo//models/turtlebot3_autorace_2020/traffic_pl_left/materials/scripts/traffic_pl_left.material
[0.548s] -- Up-to-date: /home/songdavid/ff_ws/install/turtlebot3_gazebo/share/turtlebot3_gazebo//models/turtlebot3_autorace_2020/checker
[0.548s] -- Up-to-date: /home/songdavid/ff_ws/install/turtlebot3_gazebo/share/turtlebot3_gazebo//models/turtlebot3_autorace_2020/checker/model.config
[0.548s] -- Up-to-date: /home/songdavid/ff_ws/install/turtlebot3_gazebo/share/turtlebot3_gazebo//models/turtlebot3_autorace_2020/checker/model.sdf
[0.548s] -- Up-to-date: /home/songdavid/ff_ws/install/turtlebot3_gazebo/share/turtlebot3_gazebo//models/turtlebot3_autorace_2020/checker/materials
[0.548s] -- Up-to-date: /home/songdavid/ff_ws/install/turtlebot3_gazebo/share/turtlebot3_gazebo//models/turtlebot3_autorace_2020/checker/materials/checker.png
[0.548s] -- Up-to-date: /home/songdavid/ff_ws/install/turtlebot3_gazebo/share/turtlebot3_gazebo//models/turtlebot3_autorace_2020/checker/materials/textures
[0.549s] -- Up-to-date: /home/songdavid/ff_ws/install/turtlebot3_gazebo/share/turtlebot3_gazebo//models/turtlebot3_autorace_2020/checker/materials/textures/checker.png
[0.549s] -- Up-to-date: /home/songdavid/ff_ws/install/turtlebot3_gazebo/share/turtlebot3_gazebo//models/turtlebot3_autorace_2020/checker/materials/scripts
[0.549s] -- Up-to-date: /home/songdavid/ff_ws/install/turtlebot3_gazebo/share/turtlebot3_gazebo//models/turtlebot3_autorace_2020/checker/materials/scripts/checker.material
[0.549s] -- Up-to-date: /home/songdavid/ff_ws/install/turtlebot3_gazebo/share/turtlebot3_gazebo//models/turtlebot3_autorace_2020/traffic_construction
[0.549s] -- Up-to-date: /home/songdavid/ff_ws/install/turtlebot3_gazebo/share/turtlebot3_gazebo//models/turtlebot3_autorace_2020/traffic_construction/model.config
[0.550s] -- Up-to-date: /home/songdavid/ff_ws/install/turtlebot3_gazebo/share/turtlebot3_gazebo//models/turtlebot3_autorace_2020/traffic_construction/model.sdf
[0.550s] -- Up-to-date: /home/songdavid/ff_ws/install/turtlebot3_gazebo/share/turtlebot3_gazebo//models/turtlebot3_autorace_2020/traffic_construction/materials
[0.550s] -- Up-to-date: /home/songdavid/ff_ws/install/turtlebot3_gazebo/share/turtlebot3_gazebo//models/turtlebot3_autorace_2020/traffic_construction/materials/textures
[0.550s] -- Up-to-date: /home/songdavid/ff_ws/install/turtlebot3_gazebo/share/turtlebot3_gazebo//models/turtlebot3_autorace_2020/traffic_construction/materials/textures/traffic_construction.png
[0.551s] -- Up-to-date: /home/songdavid/ff_ws/install/turtlebot3_gazebo/share/turtlebot3_gazebo//models/turtlebot3_autorace_2020/traffic_construction/materials/scripts
[0.551s] -- Up-to-date: /home/songdavid/ff_ws/install/turtlebot3_gazebo/share/turtlebot3_gazebo//models/turtlebot3_autorace_2020/traffic_construction/materials/scripts/traffic_construction.material
[0.551s] -- Up-to-date: /home/songdavid/ff_ws/install/turtlebot3_gazebo/share/turtlebot3_gazebo//models/turtlebot3_autorace_2020/traffic_intersection
[0.551s] -- Up-to-date: /home/songdavid/ff_ws/install/turtlebot3_gazebo/share/turtlebot3_gazebo//models/turtlebot3_autorace_2020/traffic_intersection/model.config
[0.552s] -- Up-to-date: /home/songdavid/ff_ws/install/turtlebot3_gazebo/share/turtlebot3_gazebo//models/turtlebot3_autorace_2020/traffic_intersection/model.sdf
[0.552s] -- Up-to-date: /home/songdavid/ff_ws/install/turtlebot3_gazebo/share/turtlebot3_gazebo//models/turtlebot3_autorace_2020/traffic_intersection/materials
[0.552s] -- Up-to-date: /home/songdavid/ff_ws/install/turtlebot3_gazebo/share/turtlebot3_gazebo//models/turtlebot3_autorace_2020/traffic_intersection/materials/textures
[0.552s] -- Up-to-date: /home/songdavid/ff_ws/install/turtlebot3_gazebo/share/turtlebot3_gazebo//models/turtlebot3_autorace_2020/traffic_intersection/materials/textures/traffic_intersection.png
[0.552s] -- Up-to-date: /home/songdavid/ff_ws/install/turtlebot3_gazebo/share/turtlebot3_gazebo//models/turtlebot3_autorace_2020/traffic_intersection/materials/scripts
[0.552s] -- Up-to-date: /home/songdavid/ff_ws/install/turtlebot3_gazebo/share/turtlebot3_gazebo//models/turtlebot3_autorace_2020/traffic_intersection/materials/scripts/traffic_intersection.material
[0.552s] -- Up-to-date: /home/songdavid/ff_ws/install/turtlebot3_gazebo/share/turtlebot3_gazebo//models/turtlebot3_autorace_2020/traffic_noentry
[0.552s] -- Up-to-date: /home/songdavid/ff_ws/install/turtlebot3_gazebo/share/turtlebot3_gazebo//models/turtlebot3_autorace_2020/traffic_noentry/model.config
[0.552s] -- Up-to-date: /home/songdavid/ff_ws/install/turtlebot3_gazebo/share/turtlebot3_gazebo//models/turtlebot3_autorace_2020/traffic_noentry/model.sdf
[0.552s] -- Up-to-date: /home/songdavid/ff_ws/install/turtlebot3_gazebo/share/turtlebot3_gazebo//models/turtlebot3_autorace_2020/traffic_noentry/materials
[0.553s] -- Up-to-date: /home/songdavid/ff_ws/install/turtlebot3_gazebo/share/turtlebot3_gazebo//models/turtlebot3_autorace_2020/traffic_noentry/materials/textures
[0.553s] -- Up-to-date: /home/songdavid/ff_ws/install/turtlebot3_gazebo/share/turtlebot3_gazebo//models/turtlebot3_autorace_2020/traffic_noentry/materials/textures/traffic_noentry.png
[0.553s] -- Up-to-date: /home/songdavid/ff_ws/install/turtlebot3_gazebo/share/turtlebot3_gazebo//models/turtlebot3_autorace_2020/traffic_noentry/materials/scripts
[0.553s] -- Up-to-date: /home/songdavid/ff_ws/install/turtlebot3_gazebo/share/turtlebot3_gazebo//models/turtlebot3_autorace_2020/traffic_noentry/materials/scripts/traffic_noentry.material
[0.553s] -- Up-to-date: /home/songdavid/ff_ws/install/turtlebot3_gazebo/share/turtlebot3_gazebo//models/turtlebot3_autorace_2020/traffic_parking
[0.553s] -- Up-to-date: /home/songdavid/ff_ws/install/turtlebot3_gazebo/share/turtlebot3_gazebo//models/turtlebot3_autorace_2020/traffic_parking/model.config
[0.553s] -- Up-to-date: /home/songdavid/ff_ws/install/turtlebot3_gazebo/share/turtlebot3_gazebo//models/turtlebot3_autorace_2020/traffic_parking/model.sdf
[0.553s] -- Up-to-date: /home/songdavid/ff_ws/install/turtlebot3_gazebo/share/turtlebot3_gazebo//models/turtlebot3_autorace_2020/traffic_parking/materials
[0.553s] -- Up-to-date: /home/songdavid/ff_ws/install/turtlebot3_gazebo/share/turtlebot3_gazebo//models/turtlebot3_autorace_2020/traffic_parking/materials/textures
[0.554s] -- Up-to-date: /home/songdavid/ff_ws/install/turtlebot3_gazebo/share/turtlebot3_gazebo//models/turtlebot3_autorace_2020/traffic_parking/materials/textures/traffic_parking.png
[0.554s] -- Up-to-date: /home/songdavid/ff_ws/install/turtlebot3_gazebo/share/turtlebot3_gazebo//models/turtlebot3_autorace_2020/traffic_parking/materials/scripts
[0.556s] -- Up-to-date: /home/songdavid/ff_ws/install/turtlebot3_gazebo/share/turtlebot3_gazebo//models/turtlebot3_autorace_2020/traffic_parking/materials/scripts/traffic_parking.material
[0.556s] -- Up-to-date: /home/songdavid/ff_ws/install/turtlebot3_gazebo/share/turtlebot3_gazebo//models/turtlebot3_autorace_2020/traffic_left
[0.556s] -- Up-to-date: /home/songdavid/ff_ws/install/turtlebot3_gazebo/share/turtlebot3_gazebo//models/turtlebot3_autorace_2020/traffic_left/model.config
[0.556s] -- Up-to-date: /home/songdavid/ff_ws/install/turtlebot3_gazebo/share/turtlebot3_gazebo//models/turtlebot3_autorace_2020/traffic_left/model.sdf
[0.556s] -- Up-to-date: /home/songdavid/ff_ws/install/turtlebot3_gazebo/share/turtlebot3_gazebo//models/turtlebot3_autorace_2020/traffic_left/materials
[0.556s] -- Up-to-date: /home/songdavid/ff_ws/install/turtlebot3_gazebo/share/turtlebot3_gazebo//models/turtlebot3_autorace_2020/traffic_left/materials/textures
[0.556s] -- Up-to-date: /home/songdavid/ff_ws/install/turtlebot3_gazebo/share/turtlebot3_gazebo//models/turtlebot3_autorace_2020/traffic_left/materials/textures/traffic_left.png
[0.556s] -- Up-to-date: /home/songdavid/ff_ws/install/turtlebot3_gazebo/share/turtlebot3_gazebo//models/turtlebot3_autorace_2020/traffic_left/materials/scripts
[0.557s] -- Up-to-date: /home/songdavid/ff_ws/install/turtlebot3_gazebo/share/turtlebot3_gazebo//models/turtlebot3_autorace_2020/traffic_left/materials/scripts/traffic_is_left.material
[0.557s] -- Up-to-date: /home/songdavid/ff_ws/install/turtlebot3_gazebo/share/turtlebot3_gazebo//models/turtlebot3_autorace_2020/traffic_tunnel
[0.557s] -- Up-to-date: /home/songdavid/ff_ws/install/turtlebot3_gazebo/share/turtlebot3_gazebo//models/turtlebot3_autorace_2020/traffic_tunnel/model.config
[0.557s] -- Up-to-date: /home/songdavid/ff_ws/install/turtlebot3_gazebo/share/turtlebot3_gazebo//models/turtlebot3_autorace_2020/traffic_tunnel/model.sdf
[0.557s] -- Up-to-date: /home/songdavid/ff_ws/install/turtlebot3_gazebo/share/turtlebot3_gazebo//models/turtlebot3_autorace_2020/traffic_tunnel/materials
[0.557s] -- Up-to-date: /home/songdavid/ff_ws/install/turtlebot3_gazebo/share/turtlebot3_gazebo//models/turtlebot3_autorace_2020/traffic_tunnel/materials/textures
[0.557s] -- Up-to-date: /home/songdavid/ff_ws/install/turtlebot3_gazebo/share/turtlebot3_gazebo//models/turtlebot3_autorace_2020/traffic_tunnel/materials/textures/tunnel.png
[0.557s] -- Up-to-date: /home/songdavid/ff_ws/install/turtlebot3_gazebo/share/turtlebot3_gazebo//models/turtlebot3_autorace_2020/traffic_tunnel/materials/scripts
[0.557s] -- Up-to-date: /home/songdavid/ff_ws/install/turtlebot3_gazebo/share/turtlebot3_gazebo//models/turtlebot3_autorace_2020/traffic_tunnel/materials/scripts/tunnel.material
[0.557s] -- Up-to-date: /home/songdavid/ff_ws/install/turtlebot3_gazebo/share/turtlebot3_gazebo//models/turtlebot3_autorace_2020/traffic_light
[0.558s] -- Up-to-date: /home/songdavid/ff_ws/install/turtlebot3_gazebo/share/turtlebot3_gazebo//models/turtlebot3_autorace_2020/traffic_light/model.config
[0.558s] -- Up-to-date: /home/songdavid/ff_ws/install/turtlebot3_gazebo/share/turtlebot3_gazebo//models/turtlebot3_autorace_2020/traffic_light/model.sdf
[0.558s] -- Up-to-date: /home/songdavid/ff_ws/install/turtlebot3_gazebo/share/turtlebot3_gazebo//models/turtlebot3_autorace_2020/traffic_light/materials
[0.558s] -- Up-to-date: /home/songdavid/ff_ws/install/turtlebot3_gazebo/share/turtlebot3_gazebo//models/turtlebot3_autorace_2020/traffic_light/materials/textures
[0.558s] -- Up-to-date: /home/songdavid/ff_ws/install/turtlebot3_gazebo/share/turtlebot3_gazebo//models/turtlebot3_autorace_2020/traffic_light/materials/textures/traffic_light_green.png
[0.558s] -- Up-to-date: /home/songdavid/ff_ws/install/turtlebot3_gazebo/share/turtlebot3_gazebo//models/turtlebot3_autorace_2020/traffic_light/materials/textures/traffic_light_yellow.png
[0.558s] -- Up-to-date: /home/songdavid/ff_ws/install/turtlebot3_gazebo/share/turtlebot3_gazebo//models/turtlebot3_autorace_2020/traffic_light/materials/textures/traffic_light.png
[0.558s] -- Up-to-date: /home/songdavid/ff_ws/install/turtlebot3_gazebo/share/turtlebot3_gazebo//models/turtlebot3_autorace_2020/traffic_light/materials/textures/traffic_light_red.png
[0.558s] -- Up-to-date: /home/songdavid/ff_ws/install/turtlebot3_gazebo/share/turtlebot3_gazebo//models/turtlebot3_autorace_2020/traffic_light/materials/scripts
[0.558s] -- Up-to-date: /home/songdavid/ff_ws/install/turtlebot3_gazebo/share/turtlebot3_gazebo//models/turtlebot3_autorace_2020/traffic_light/materials/scripts/traffic_light.material
[0.559s] -- Up-to-date: /home/songdavid/ff_ws/install/turtlebot3_gazebo/share/turtlebot3_gazebo//models/turtlebot3_autorace_2020/traffic_bar
[0.559s] -- Up-to-date: /home/songdavid/ff_ws/install/turtlebot3_gazebo/share/turtlebot3_gazebo//models/turtlebot3_autorace_2020/traffic_bar/model.config
[0.560s] -- Up-to-date: /home/songdavid/ff_ws/install/turtlebot3_gazebo/share/turtlebot3_gazebo//models/turtlebot3_autorace_2020/traffic_bar/model.sdf
[0.560s] -- Up-to-date: /home/songdavid/ff_ws/install/turtlebot3_gazebo/share/turtlebot3_gazebo//models/turtlebot3_autorace_2020/traffic_bar/materials
[0.560s] -- Up-to-date: /home/songdavid/ff_ws/install/turtlebot3_gazebo/share/turtlebot3_gazebo//models/turtlebot3_autorace_2020/traffic_bar/materials/textures
[0.560s] -- Up-to-date: /home/songdavid/ff_ws/install/turtlebot3_gazebo/share/turtlebot3_gazebo//models/turtlebot3_autorace_2020/traffic_bar/materials/textures/traffic_bar.png
[0.560s] -- Up-to-date: /home/songdavid/ff_ws/install/turtlebot3_gazebo/share/turtlebot3_gazebo//models/turtlebot3_autorace_2020/traffic_bar/materials/scripts
[0.560s] -- Up-to-date: /home/songdavid/ff_ws/install/turtlebot3_gazebo/share/turtlebot3_gazebo//models/turtlebot3_autorace_2020/traffic_bar/materials/scripts/traffic_bar.material
[0.560s] -- Up-to-date: /home/songdavid/ff_ws/install/turtlebot3_gazebo/share/turtlebot3_gazebo//models/turtlebot3_autorace_2020/course
[0.561s] -- Up-to-date: /home/songdavid/ff_ws/install/turtlebot3_gazebo/share/turtlebot3_gazebo//models/turtlebot3_autorace_2020/course/model.config
[0.561s] -- Up-to-date: /home/songdavid/ff_ws/install/turtlebot3_gazebo/share/turtlebot3_gazebo//models/turtlebot3_autorace_2020/course/model.sdf
[0.561s] -- Up-to-date: /home/songdavid/ff_ws/install/turtlebot3_gazebo/share/turtlebot3_gazebo//models/turtlebot3_autorace_2020/course/materials
[0.561s] -- Up-to-date: /home/songdavid/ff_ws/install/turtlebot3_gazebo/share/turtlebot3_gazebo//models/turtlebot3_autorace_2020/course/materials/textures
[0.561s] -- Up-to-date: /home/songdavid/ff_ws/install/turtlebot3_gazebo/share/turtlebot3_gazebo//models/turtlebot3_autorace_2020/course/materials/textures/course.png
[0.566s] -- Up-to-date: /home/songdavid/ff_ws/install/turtlebot3_gazebo/share/turtlebot3_gazebo//models/turtlebot3_autorace_2020/course/materials/scripts
[0.571s] -- Up-to-date: /home/songdavid/ff_ws/install/turtlebot3_gazebo/share/turtlebot3_gazebo//models/turtlebot3_autorace_2020/course/materials/scripts/course.material
[0.571s] -- Up-to-date: /home/songdavid/ff_ws/install/turtlebot3_gazebo/share/turtlebot3_gazebo//models/turtlebot3_autorace_2020/traffic_right
[0.571s] -- Up-to-date: /home/songdavid/ff_ws/install/turtlebot3_gazebo/share/turtlebot3_gazebo//models/turtlebot3_autorace_2020/traffic_right/model.config
[0.571s] -- Up-to-date: /home/songdavid/ff_ws/install/turtlebot3_gazebo/share/turtlebot3_gazebo//models/turtlebot3_autorace_2020/traffic_right/model.sdf
[0.571s] -- Up-to-date: /home/songdavid/ff_ws/install/turtlebot3_gazebo/share/turtlebot3_gazebo//models/turtlebot3_autorace_2020/traffic_right/materials
[0.571s] -- Up-to-date: /home/songdavid/ff_ws/install/turtlebot3_gazebo/share/turtlebot3_gazebo//models/turtlebot3_autorace_2020/traffic_right/materials/textures
[0.571s] -- Up-to-date: /home/songdavid/ff_ws/install/turtlebot3_gazebo/share/turtlebot3_gazebo//models/turtlebot3_autorace_2020/traffic_right/materials/textures/traffic_right.png
[0.571s] -- Up-to-date: /home/songdavid/ff_ws/install/turtlebot3_gazebo/share/turtlebot3_gazebo//models/turtlebot3_autorace_2020/traffic_right/materials/scripts
[0.571s] -- Up-to-date: /home/songdavid/ff_ws/install/turtlebot3_gazebo/share/turtlebot3_gazebo//models/turtlebot3_autorace_2020/traffic_right/materials/scripts/traffic_right.material
[0.572s] -- Up-to-date: /home/songdavid/ff_ws/install/turtlebot3_gazebo/share/turtlebot3_gazebo//models/turtlebot3_autorace_2020/traffic_stop
[0.572s] -- Up-to-date: /home/songdavid/ff_ws/install/turtlebot3_gazebo/share/turtlebot3_gazebo//models/turtlebot3_autorace_2020/traffic_stop/model.config
[0.572s] -- Up-to-date: /home/songdavid/ff_ws/install/turtlebot3_gazebo/share/turtlebot3_gazebo//models/turtlebot3_autorace_2020/traffic_stop/model.sdf
[0.572s] -- Up-to-date: /home/songdavid/ff_ws/install/turtlebot3_gazebo/share/turtlebot3_gazebo//models/turtlebot3_autorace_2020/traffic_stop/materials
[0.572s] -- Up-to-date: /home/songdavid/ff_ws/install/turtlebot3_gazebo/share/turtlebot3_gazebo//models/turtlebot3_autorace_2020/traffic_stop/materials/textures
[0.572s] -- Up-to-date: /home/songdavid/ff_ws/install/turtlebot3_gazebo/share/turtlebot3_gazebo//models/turtlebot3_autorace_2020/traffic_stop/materials/textures/traffic_stop.png
[0.572s] -- Up-to-date: /home/songdavid/ff_ws/install/turtlebot3_gazebo/share/turtlebot3_gazebo//models/turtlebot3_autorace_2020/traffic_stop/materials/scripts
[0.572s] -- Up-to-date: /home/songdavid/ff_ws/install/turtlebot3_gazebo/share/turtlebot3_gazebo//models/turtlebot3_autorace_2020/traffic_stop/materials/scripts/traffic_stop.material
[0.572s] -- Up-to-date: /home/songdavid/ff_ws/install/turtlebot3_gazebo/share/turtlebot3_gazebo//models/turtlebot3_waffle
[0.572s] -- Up-to-date: /home/songdavid/ff_ws/install/turtlebot3_gazebo/share/turtlebot3_gazebo//models/turtlebot3_waffle/model.config
[0.573s] -- Up-to-date: /home/songdavid/ff_ws/install/turtlebot3_gazebo/share/turtlebot3_gazebo//models/turtlebot3_waffle/model-1_4.sdf
[0.573s] -- Up-to-date: /home/songdavid/ff_ws/install/turtlebot3_gazebo/share/turtlebot3_gazebo//models/turtlebot3_waffle/model.sdf
[0.573s] -- Up-to-date: /home/songdavid/ff_ws/install/turtlebot3_gazebo/share/turtlebot3_gazebo//models/turtlebot3_burger_cam
[0.573s] -- Up-to-date: /home/songdavid/ff_ws/install/turtlebot3_gazebo/share/turtlebot3_gazebo//models/turtlebot3_burger_cam/model.config
[0.579s] -- Up-to-date: /home/songdavid/ff_ws/install/turtlebot3_gazebo/share/turtlebot3_gazebo//models/turtlebot3_burger_cam/model-1_4.sdf
[0.579s] -- Up-to-date: /home/songdavid/ff_ws/install/turtlebot3_gazebo/share/turtlebot3_gazebo//models/turtlebot3_burger_cam/model.sdf
[0.580s] -- Up-to-date: /home/songdavid/ff_ws/install/turtlebot3_gazebo/share/turtlebot3_gazebo//models/turtlebot3_world
[0.580s] -- Up-to-date: /home/songdavid/ff_ws/install/turtlebot3_gazebo/share/turtlebot3_gazebo//models/turtlebot3_world/model.config
[0.580s] -- Up-to-date: /home/songdavid/ff_ws/install/turtlebot3_gazebo/share/turtlebot3_gazebo//models/turtlebot3_world/model-1_4.sdf
[0.580s] -- Up-to-date: /home/songdavid/ff_ws/install/turtlebot3_gazebo/share/turtlebot3_gazebo//models/turtlebot3_world/model.sdf
[0.580s] -- Up-to-date: /home/songdavid/ff_ws/install/turtlebot3_gazebo/share/turtlebot3_gazebo//models/turtlebot3_world/meshes
[0.580s] -- Up-to-date: /home/songdavid/ff_ws/install/turtlebot3_gazebo/share/turtlebot3_gazebo//models/turtlebot3_world/meshes/hexagon.dae
[0.580s] -- Up-to-date: /home/songdavid/ff_ws/install/turtlebot3_gazebo/share/turtlebot3_gazebo//models/turtlebot3_world/meshes/wall.dae
[0.580s] -- Up-to-date: /home/songdavid/ff_ws/install/turtlebot3_gazebo/share/turtlebot3_gazebo//models/turtlebot3_house
[0.580s] -- Up-to-date: /home/songdavid/ff_ws/install/turtlebot3_gazebo/share/turtlebot3_gazebo//models/turtlebot3_house/model.config
[0.580s] -- Up-to-date: /home/songdavid/ff_ws/install/turtlebot3_gazebo/share/turtlebot3_gazebo//models/turtlebot3_house/model.sdf
[0.580s] -- Up-to-date: /home/songdavid/ff_ws/install/turtlebot3_gazebo/share/turtlebot3_gazebo//rviz
[0.581s] -- Up-to-date: /home/songdavid/ff_ws/install/turtlebot3_gazebo/share/turtlebot3_gazebo//rviz/tb3_gazebo.rviz
[0.581s] -- Up-to-date: /home/songdavid/ff_ws/install/turtlebot3_gazebo/share/turtlebot3_gazebo//urdf
[0.581s] -- Up-to-date: /home/songdavid/ff_ws/install/turtlebot3_gazebo/share/turtlebot3_gazebo//urdf/common_properties.urdf
[0.581s] -- Up-to-date: /home/songdavid/ff_ws/install/turtlebot3_gazebo/share/turtlebot3_gazebo//urdf/turtlebot3_burger_cam.urdf
[0.581s] -- Up-to-date: /home/songdavid/ff_ws/install/turtlebot3_gazebo/share/turtlebot3_gazebo//urdf/turtlebot3_waffle_pi.urdf
[0.581s] -- Up-to-date: /home/songdavid/ff_ws/install/turtlebot3_gazebo/share/turtlebot3_gazebo//urdf/turtlebot3_waffle.urdf
[0.581s] -- Up-to-date: /home/songdavid/ff_ws/install/turtlebot3_gazebo/share/turtlebot3_gazebo//urdf/turtlebot3_burger.urdf
[0.581s] -- Up-to-date: /home/songdavid/ff_ws/install/turtlebot3_gazebo/share/turtlebot3_gazebo//worlds
[0.581s] -- Up-to-date: /home/songdavid/ff_ws/install/turtlebot3_gazebo/share/turtlebot3_gazebo//worlds/turtlebot3_dqn_stage1.world
[0.581s] -- Up-to-date: /home/songdavid/ff_ws/install/turtlebot3_gazebo/share/turtlebot3_gazebo//worlds/turtlebot3_dqn_stage3.world
[0.582s] -- Up-to-date: /home/songdavid/ff_ws/install/turtlebot3_gazebo/share/turtlebot3_gazebo//worlds/turtlebot3_autorace_2020.world
[0.582s] -- Up-to-date: /home/songdavid/ff_ws/install/turtlebot3_gazebo/share/turtlebot3_gazebo//worlds/turtlebot3_dqn_stage4.world
[0.587s] -- Up-to-date: /home/songdavid/ff_ws/install/turtlebot3_gazebo/share/turtlebot3_gazebo//worlds/empty_world.world
[0.587s] -- Up-to-date: /home/songdavid/ff_ws/install/turtlebot3_gazebo/share/turtlebot3_gazebo//worlds/turtlebot3_dqn_stage2.world
[0.587s] -- Up-to-date: /home/songdavid/ff_ws/install/turtlebot3_gazebo/share/turtlebot3_gazebo//worlds/turtlebot3_world.world
[0.587s] -- Up-to-date: /home/songdavid/ff_ws/install/turtlebot3_gazebo/share/turtlebot3_gazebo//worlds/turtlebot3_house.world
[0.587s] -- Up-to-date: /home/songdavid/ff_ws/install/turtlebot3_gazebo/share/turtlebot3_gazebo//worlds/world.world
[0.588s] -- Up-to-date: /home/songdavid/ff_ws/install/turtlebot3_gazebo/include/
[0.588s] -- Up-to-date: /home/songdavid/ff_ws/install/turtlebot3_gazebo/include//turtlebot3_gazebo
[0.588s] -- Up-to-date: /home/songdavid/ff_ws/install/turtlebot3_gazebo/include//turtlebot3_gazebo/obstacles.hpp
[0.588s] -- Up-to-date: /home/songdavid/ff_ws/install/turtlebot3_gazebo/include//turtlebot3_gazebo/traffic_light_plugin.hpp
[0.588s] -- Up-to-date: /home/songdavid/ff_ws/install/turtlebot3_gazebo/include//turtlebot3_gazebo/obstacle1.hpp
[0.588s] -- Up-to-date: /home/songdavid/ff_ws/install/turtlebot3_gazebo/include//turtlebot3_gazebo/obstacle2.hpp
[0.588s] -- Up-to-date: /home/songdavid/ff_ws/install/turtlebot3_gazebo/include//turtlebot3_gazebo/traffic_bar_plugin.hpp
[0.588s] -- Up-to-date: /home/songdavid/ff_ws/install/turtlebot3_gazebo/include//turtlebot3_gazebo/turtlebot3_drive.hpp
[0.588s] -- Up-to-date: /home/songdavid/ff_ws/install/turtlebot3_gazebo/share/ament_index/resource_index/package_run_dependencies/turtlebot3_gazebo
[0.592s] -- Up-to-date: /home/songdavid/ff_ws/install/turtlebot3_gazebo/share/ament_index/resource_index/parent_prefix_path/turtlebot3_gazebo
[0.592s] -- Up-to-date: /home/songdavid/ff_ws/install/turtlebot3_gazebo/share/turtlebot3_gazebo/environment/ament_prefix_path.sh
[0.592s] -- Up-to-date: /home/songdavid/ff_ws/install/turtlebot3_gazebo/share/turtlebot3_gazebo/environment/ament_prefix_path.dsv
[0.592s] -- Up-to-date: /home/songdavid/ff_ws/install/turtlebot3_gazebo/share/turtlebot3_gazebo/environment/path.sh
[0.592s] -- Up-to-date: /home/songdavid/ff_ws/install/turtlebot3_gazebo/share/turtlebot3_gazebo/environment/path.dsv
[0.592s] -- Up-to-date: /home/songdavid/ff_ws/install/turtlebot3_gazebo/share/turtlebot3_gazebo/local_setup.bash
[0.592s] -- Up-to-date: /home/songdavid/ff_ws/install/turtlebot3_gazebo/share/turtlebot3_gazebo/local_setup.sh
[0.592s] -- Up-to-date: /home/songdavid/ff_ws/install/turtlebot3_gazebo/share/turtlebot3_gazebo/local_setup.zsh
[0.593s] -- Up-to-date: /home/songdavid/ff_ws/install/turtlebot3_gazebo/share/turtlebot3_gazebo/local_setup.dsv
[0.593s] -- Installing: /home/songdavid/ff_ws/install/turtlebot3_gazebo/share/turtlebot3_gazebo/package.dsv
[0.593s] -- Up-to-date: /home/songdavid/ff_ws/install/turtlebot3_gazebo/share/ament_index/resource_index/packages/turtlebot3_gazebo
[0.593s] -- Up-to-date: /home/songdavid/ff_ws/install/turtlebot3_gazebo/share/turtlebot3_gazebo/cmake/ament_cmake_export_include_directories-extras.cmake
[0.593s] -- Up-to-date: /home/songdavid/ff_ws/install/turtlebot3_gazebo/share/turtlebot3_gazebo/cmake/ament_cmake_export_dependencies-extras.cmake
[0.593s] -- Up-to-date: /home/songdavid/ff_ws/install/turtlebot3_gazebo/share/turtlebot3_gazebo/cmake/turtlebot3_gazeboConfig.cmake
[0.593s] -- Up-to-date: /home/songdavid/ff_ws/install/turtlebot3_gazebo/share/turtlebot3_gazebo/cmake/turtlebot3_gazeboConfig-version.cmake
[0.593s] -- Up-to-date: /home/songdavid/ff_ws/install/turtlebot3_gazebo/share/turtlebot3_gazebo/package.xml
[0.664s] Invoked command in '/home/songdavid/ff_ws/build/turtlebot3_gazebo' returned '0': CMAKE_PREFIX_PATH=${CMAKE_PREFIX_PATH}:/home/songdavid/turtlebot3_ws/install/explorer_bringup:/home/songdavid/turtlebot3_ws/install/turtlebot3_teleop:/home/songdavid/turtlebot3_ws/install/turtlebot3_example:/home/songdavid/turtlebot3_ws/install/explorer_wanderer:/home/songdavid/turtlebot3_ws/install/explorer_map_utils:/home/songdavid/turtlebot3_ws/install/exploration_pkg:/opt/ros/humble /usr/bin/cmake --install /home/songdavid/ff_ws/build/turtlebot3_gazebo
