[0.124s] DEBUG:colcon:Command line arguments: ['/usr/bin/colcon', 'build']
[0.124s] DEBUG:colcon:Parsed command line arguments: Namespace(log_base=None, log_level=None, verb_name='build', build_base='build', install_base='install', merge_install=False, symlink_install=False, test_result_base=None, continue_on_error=False, executor='parallel', parallel_workers=8, event_handlers=None, ignore_user_meta=False, metas=['./colcon.meta'], base_paths=['.'], packages_ignore=None, packages_ignore_regex=None, paths=None, packages_up_to=None, packages_up_to_regex=None, packages_above=None, packages_above_and_dependencies=None, packages_above_depth=None, packages_select_by_dep=None, packages_skip_by_dep=None, packages_skip_up_to=None, packages_select_build_failed=False, packages_skip_build_finished=False, packages_select_test_failures=False, packages_skip_test_passed=False, packages_select=None, packages_skip=None, packages_select_regex=None, packages_skip_regex=None, packages_start=None, packages_end=None, allow_overriding=[], cmake_args=None, cmake_target=None, cmake_target_skip_unavailable=False, cmake_clean_cache=False, cmake_clean_first=False, cmake_force_configure=False, ament_cmake_args=None, catkin_cmake_args=None, catkin_skip_building_tests=False, mixin_files=None, mixin=None, verb_parser=<colcon_mixin.mixin.mixin_argument.MixinArgumentDecorator object at 0x76f4c7975c00>, verb_extension=<colcon_core.verb.build.BuildVerb object at 0x76f4c7974e50>, main=<bound method BuildVerb.main of <colcon_core.verb.build.BuildVerb object at 0x76f4c7974e50>>, mixin_verb=('build',))
[0.294s] Level 1:colcon.colcon_core.package_discovery:discover_packages(colcon_meta) check parameters
[0.294s] Level 1:colcon.colcon_core.package_discovery:discover_packages(recursive) check parameters
[0.294s] Level 1:colcon.colcon_core.package_discovery:discover_packages(ignore) check parameters
[0.294s] Level 1:colcon.colcon_core.package_discovery:discover_packages(path) check parameters
[0.294s] Level 1:colcon.colcon_core.package_discovery:discover_packages(colcon_meta) discover
[0.294s] Level 1:colcon.colcon_core.package_discovery:discover_packages(recursive) discover
[0.294s] INFO:colcon.colcon_core.package_discovery:Crawling recursively for packages in '/home/songdavid/ff_ws'
[0.295s] Level 1:colcon.colcon_core.package_identification:_identify(.) by extensions ['ignore', 'ignore_ament_install']
[0.295s] Level 1:colcon.colcon_core.package_identification:_identify(.) by extension 'ignore'
[0.295s] Level 1:colcon.colcon_core.package_identification:_identify(.) by extension 'ignore_ament_install'
[0.295s] Level 1:colcon.colcon_core.package_identification:_identify(.) by extensions ['colcon_pkg']
[0.295s] Level 1:colcon.colcon_core.package_identification:_identify(.) by extension 'colcon_pkg'
[0.295s] Level 1:colcon.colcon_core.package_identification:_identify(.) by extensions ['colcon_meta']
[0.295s] Level 1:colcon.colcon_core.package_identification:_identify(.) by extension 'colcon_meta'
[0.295s] Level 1:colcon.colcon_core.package_identification:_identify(.) by extensions ['ros']
[0.295s] Level 1:colcon.colcon_core.package_identification:_identify(.) by extension 'ros'
[0.305s] Level 1:colcon.colcon_core.package_identification:_identify(.) by extensions ['cmake', 'python']
[0.305s] Level 1:colcon.colcon_core.package_identification:_identify(.) by extension 'cmake'
[0.305s] Level 1:colcon.colcon_core.package_identification:_identify(.) by extension 'python'
[0.305s] Level 1:colcon.colcon_core.package_identification:_identify(.) by extensions ['python_setup_py']
[0.305s] Level 1:colcon.colcon_core.package_identification:_identify(.) by extension 'python_setup_py'
[0.305s] Level 1:colcon.colcon_core.package_identification:_identify(build) by extensions ['ignore', 'ignore_ament_install']
[0.305s] Level 1:colcon.colcon_core.package_identification:_identify(build) by extension 'ignore'
[0.305s] Level 1:colcon.colcon_core.package_identification:_identify(build) ignored
[0.305s] Level 1:colcon.colcon_core.package_identification:_identify(install) by extensions ['ignore', 'ignore_ament_install']
[0.305s] Level 1:colcon.colcon_core.package_identification:_identify(install) by extension 'ignore'
[0.305s] Level 1:colcon.colcon_core.package_identification:_identify(install) ignored
[0.305s] Level 1:colcon.colcon_core.package_identification:_identify(log) by extensions ['ignore', 'ignore_ament_install']
[0.305s] Level 1:colcon.colcon_core.package_identification:_identify(log) by extension 'ignore'
[0.305s] Level 1:colcon.colcon_core.package_identification:_identify(log) ignored
[0.306s] Level 1:colcon.colcon_core.package_identification:_identify(src) by extensions ['ignore', 'ignore_ament_install']
[0.306s] Level 1:colcon.colcon_core.package_identification:_identify(src) by extension 'ignore'
[0.306s] Level 1:colcon.colcon_core.package_identification:_identify(src) by extension 'ignore_ament_install'
[0.306s] Level 1:colcon.colcon_core.package_identification:_identify(src) by extensions ['colcon_pkg']
[0.306s] Level 1:colcon.colcon_core.package_identification:_identify(src) by extension 'colcon_pkg'
[0.306s] Level 1:colcon.colcon_core.package_identification:_identify(src) by extensions ['colcon_meta']
[0.306s] Level 1:colcon.colcon_core.package_identification:_identify(src) by extension 'colcon_meta'
[0.306s] Level 1:colcon.colcon_core.package_identification:_identify(src) by extensions ['ros']
[0.306s] Level 1:colcon.colcon_core.package_identification:_identify(src) by extension 'ros'
[0.306s] Level 1:colcon.colcon_core.package_identification:_identify(src) by extensions ['cmake', 'python']
[0.306s] Level 1:colcon.colcon_core.package_identification:_identify(src) by extension 'cmake'
[0.306s] Level 1:colcon.colcon_core.package_identification:_identify(src) by extension 'python'
[0.306s] Level 1:colcon.colcon_core.package_identification:_identify(src) by extensions ['python_setup_py']
[0.306s] Level 1:colcon.colcon_core.package_identification:_identify(src) by extension 'python_setup_py'
[0.306s] Level 1:colcon.colcon_core.package_identification:_identify(src/autonomous_exploration) by extensions ['ignore', 'ignore_ament_install']
[0.306s] Level 1:colcon.colcon_core.package_identification:_identify(src/autonomous_exploration) by extension 'ignore'
[0.306s] Level 1:colcon.colcon_core.package_identification:_identify(src/autonomous_exploration) by extension 'ignore_ament_install'
[0.306s] Level 1:colcon.colcon_core.package_identification:_identify(src/autonomous_exploration) by extensions ['colcon_pkg']
[0.306s] Level 1:colcon.colcon_core.package_identification:_identify(src/autonomous_exploration) by extension 'colcon_pkg'
[0.306s] Level 1:colcon.colcon_core.package_identification:_identify(src/autonomous_exploration) by extensions ['colcon_meta']
[0.306s] Level 1:colcon.colcon_core.package_identification:_identify(src/autonomous_exploration) by extension 'colcon_meta'
[0.306s] Level 1:colcon.colcon_core.package_identification:_identify(src/autonomous_exploration) by extensions ['ros']
[0.306s] Level 1:colcon.colcon_core.package_identification:_identify(src/autonomous_exploration) by extension 'ros'
[0.310s] DEBUG:colcon.colcon_core.package_identification:Package 'src/autonomous_exploration' with type 'ros.ament_python' and name 'autonomous_exploration'
[0.310s] Level 1:colcon.colcon_core.package_identification:_identify(src/ros2_explorer) by extensions ['ignore', 'ignore_ament_install']
[0.310s] Level 1:colcon.colcon_core.package_identification:_identify(src/ros2_explorer) by extension 'ignore'
[0.310s] Level 1:colcon.colcon_core.package_identification:_identify(src/ros2_explorer) by extension 'ignore_ament_install'
[0.310s] Level 1:colcon.colcon_core.package_identification:_identify(src/ros2_explorer) by extensions ['colcon_pkg']
[0.310s] Level 1:colcon.colcon_core.package_identification:_identify(src/ros2_explorer) by extension 'colcon_pkg'
[0.310s] Level 1:colcon.colcon_core.package_identification:_identify(src/ros2_explorer) by extensions ['colcon_meta']
[0.310s] Level 1:colcon.colcon_core.package_identification:_identify(src/ros2_explorer) by extension 'colcon_meta'
[0.310s] Level 1:colcon.colcon_core.package_identification:_identify(src/ros2_explorer) by extensions ['ros']
[0.310s] Level 1:colcon.colcon_core.package_identification:_identify(src/ros2_explorer) by extension 'ros'
[0.310s] Level 1:colcon.colcon_core.package_identification:_identify(src/ros2_explorer) by extensions ['cmake', 'python']
[0.310s] Level 1:colcon.colcon_core.package_identification:_identify(src/ros2_explorer) by extension 'cmake'
[0.310s] Level 1:colcon.colcon_core.package_identification:_identify(src/ros2_explorer) by extension 'python'
[0.310s] Level 1:colcon.colcon_core.package_identification:_identify(src/ros2_explorer) by extensions ['python_setup_py']
[0.310s] Level 1:colcon.colcon_core.package_identification:_identify(src/ros2_explorer) by extension 'python_setup_py'
[0.310s] Level 1:colcon.colcon_core.package_identification:_identify(src/ros2_explorer/explorer_bringup) by extensions ['ignore', 'ignore_ament_install']
[0.310s] Level 1:colcon.colcon_core.package_identification:_identify(src/ros2_explorer/explorer_bringup) by extension 'ignore'
[0.311s] Level 1:colcon.colcon_core.package_identification:_identify(src/ros2_explorer/explorer_bringup) by extension 'ignore_ament_install'
[0.311s] Level 1:colcon.colcon_core.package_identification:_identify(src/ros2_explorer/explorer_bringup) by extensions ['colcon_pkg']
[0.311s] Level 1:colcon.colcon_core.package_identification:_identify(src/ros2_explorer/explorer_bringup) by extension 'colcon_pkg'
[0.311s] Level 1:colcon.colcon_core.package_identification:_identify(src/ros2_explorer/explorer_bringup) by extensions ['colcon_meta']
[0.311s] Level 1:colcon.colcon_core.package_identification:_identify(src/ros2_explorer/explorer_bringup) by extension 'colcon_meta'
[0.311s] Level 1:colcon.colcon_core.package_identification:_identify(src/ros2_explorer/explorer_bringup) by extensions ['ros']
[0.311s] Level 1:colcon.colcon_core.package_identification:_identify(src/ros2_explorer/explorer_bringup) by extension 'ros'
[0.311s] DEBUG:colcon.colcon_core.package_identification:Package 'src/ros2_explorer/explorer_bringup' with type 'ros.ament_python' and name 'explorer_bringup'
[0.311s] Level 1:colcon.colcon_core.package_identification:_identify(src/ros2_explorer/explorer_cartographer) by extensions ['ignore', 'ignore_ament_install']
[0.311s] Level 1:colcon.colcon_core.package_identification:_identify(src/ros2_explorer/explorer_cartographer) by extension 'ignore'
[0.311s] Level 1:colcon.colcon_core.package_identification:_identify(src/ros2_explorer/explorer_cartographer) by extension 'ignore_ament_install'
[0.312s] Level 1:colcon.colcon_core.package_identification:_identify(src/ros2_explorer/explorer_cartographer) by extensions ['colcon_pkg']
[0.312s] Level 1:colcon.colcon_core.package_identification:_identify(src/ros2_explorer/explorer_cartographer) by extension 'colcon_pkg'
[0.312s] Level 1:colcon.colcon_core.package_identification:_identify(src/ros2_explorer/explorer_cartographer) by extensions ['colcon_meta']
[0.312s] Level 1:colcon.colcon_core.package_identification:_identify(src/ros2_explorer/explorer_cartographer) by extension 'colcon_meta'
[0.312s] Level 1:colcon.colcon_core.package_identification:_identify(src/ros2_explorer/explorer_cartographer) by extensions ['ros']
[0.312s] Level 1:colcon.colcon_core.package_identification:_identify(src/ros2_explorer/explorer_cartographer) by extension 'ros'
[0.312s] DEBUG:colcon.colcon_core.package_identification:Package 'src/ros2_explorer/explorer_cartographer' with type 'ros.ament_cmake' and name 'explorer_cartographer'
[0.312s] Level 1:colcon.colcon_core.package_identification:_identify(src/ros2_explorer/explorer_gazebo) by extensions ['ignore', 'ignore_ament_install']
[0.312s] Level 1:colcon.colcon_core.package_identification:_identify(src/ros2_explorer/explorer_gazebo) by extension 'ignore'
[0.312s] Level 1:colcon.colcon_core.package_identification:_identify(src/ros2_explorer/explorer_gazebo) by extension 'ignore_ament_install'
[0.312s] Level 1:colcon.colcon_core.package_identification:_identify(src/ros2_explorer/explorer_gazebo) by extensions ['colcon_pkg']
[0.312s] Level 1:colcon.colcon_core.package_identification:_identify(src/ros2_explorer/explorer_gazebo) by extension 'colcon_pkg'
[0.313s] Level 1:colcon.colcon_core.package_identification:_identify(src/ros2_explorer/explorer_gazebo) by extensions ['colcon_meta']
[0.313s] Level 1:colcon.colcon_core.package_identification:_identify(src/ros2_explorer/explorer_gazebo) by extension 'colcon_meta'
[0.313s] Level 1:colcon.colcon_core.package_identification:_identify(src/ros2_explorer/explorer_gazebo) by extensions ['ros']
[0.313s] Level 1:colcon.colcon_core.package_identification:_identify(src/ros2_explorer/explorer_gazebo) by extension 'ros'
[0.323s] DEBUG:colcon.colcon_core.package_identification:Package 'src/ros2_explorer/explorer_gazebo' with type 'ros.ament_cmake' and name 'explorer_gazebo'
[0.323s] Level 1:colcon.colcon_core.package_identification:_identify(src/ros2_explorer/explorer_interfaces) by extensions ['ignore', 'ignore_ament_install']
[0.323s] Level 1:colcon.colcon_core.package_identification:_identify(src/ros2_explorer/explorer_interfaces) by extension 'ignore'
[0.323s] Level 1:colcon.colcon_core.package_identification:_identify(src/ros2_explorer/explorer_interfaces) by extension 'ignore_ament_install'
[0.323s] Level 1:colcon.colcon_core.package_identification:_identify(src/ros2_explorer/explorer_interfaces) by extensions ['colcon_pkg']
[0.323s] Level 1:colcon.colcon_core.package_identification:_identify(src/ros2_explorer/explorer_interfaces) by extension 'colcon_pkg'
[0.323s] Level 1:colcon.colcon_core.package_identification:_identify(src/ros2_explorer/explorer_interfaces) by extensions ['colcon_meta']
[0.323s] Level 1:colcon.colcon_core.package_identification:_identify(src/ros2_explorer/explorer_interfaces) by extension 'colcon_meta'
[0.323s] Level 1:colcon.colcon_core.package_identification:_identify(src/ros2_explorer/explorer_interfaces) by extensions ['ros']
[0.323s] Level 1:colcon.colcon_core.package_identification:_identify(src/ros2_explorer/explorer_interfaces) by extension 'ros'
[0.324s] DEBUG:colcon.colcon_core.package_identification:Package 'src/ros2_explorer/explorer_interfaces' with type 'ros.ament_cmake' and name 'explorer_interfaces'
[0.324s] Level 1:colcon.colcon_core.package_identification:_identify(src/ros2_explorer/explorer_map_utils) by extensions ['ignore', 'ignore_ament_install']
[0.324s] Level 1:colcon.colcon_core.package_identification:_identify(src/ros2_explorer/explorer_map_utils) by extension 'ignore'
[0.325s] Level 1:colcon.colcon_core.package_identification:_identify(src/ros2_explorer/explorer_map_utils) by extension 'ignore_ament_install'
[0.325s] Level 1:colcon.colcon_core.package_identification:_identify(src/ros2_explorer/explorer_map_utils) by extensions ['colcon_pkg']
[0.325s] Level 1:colcon.colcon_core.package_identification:_identify(src/ros2_explorer/explorer_map_utils) by extension 'colcon_pkg'
[0.325s] Level 1:colcon.colcon_core.package_identification:_identify(src/ros2_explorer/explorer_map_utils) by extensions ['colcon_meta']
[0.325s] Level 1:colcon.colcon_core.package_identification:_identify(src/ros2_explorer/explorer_map_utils) by extension 'colcon_meta'
[0.325s] Level 1:colcon.colcon_core.package_identification:_identify(src/ros2_explorer/explorer_map_utils) by extensions ['ros']
[0.325s] Level 1:colcon.colcon_core.package_identification:_identify(src/ros2_explorer/explorer_map_utils) by extension 'ros'
[0.325s] DEBUG:colcon.colcon_core.package_identification:Package 'src/ros2_explorer/explorer_map_utils' with type 'ros.ament_python' and name 'explorer_map_utils'
[0.325s] Level 1:colcon.colcon_core.package_identification:_identify(src/ros2_explorer/explorer_wanderer) by extensions ['ignore', 'ignore_ament_install']
[0.325s] Level 1:colcon.colcon_core.package_identification:_identify(src/ros2_explorer/explorer_wanderer) by extension 'ignore'
[0.326s] Level 1:colcon.colcon_core.package_identification:_identify(src/ros2_explorer/explorer_wanderer) by extension 'ignore_ament_install'
[0.326s] Level 1:colcon.colcon_core.package_identification:_identify(src/ros2_explorer/explorer_wanderer) by extensions ['colcon_pkg']
[0.326s] Level 1:colcon.colcon_core.package_identification:_identify(src/ros2_explorer/explorer_wanderer) by extension 'colcon_pkg'
[0.326s] Level 1:colcon.colcon_core.package_identification:_identify(src/ros2_explorer/explorer_wanderer) by extensions ['colcon_meta']
[0.326s] Level 1:colcon.colcon_core.package_identification:_identify(src/ros2_explorer/explorer_wanderer) by extension 'colcon_meta'
[0.326s] Level 1:colcon.colcon_core.package_identification:_identify(src/ros2_explorer/explorer_wanderer) by extensions ['ros']
[0.326s] Level 1:colcon.colcon_core.package_identification:_identify(src/ros2_explorer/explorer_wanderer) by extension 'ros'
[0.326s] DEBUG:colcon.colcon_core.package_identification:Package 'src/ros2_explorer/explorer_wanderer' with type 'ros.ament_python' and name 'explorer_wanderer'
[0.326s] Level 1:colcon.colcon_core.package_discovery:discover_packages(recursive) using defaults
[0.326s] Level 1:colcon.colcon_core.package_discovery:discover_packages(ignore) discover
[0.326s] Level 1:colcon.colcon_core.package_discovery:discover_packages(ignore) using defaults
[0.326s] Level 1:colcon.colcon_core.package_discovery:discover_packages(path) discover
[0.326s] Level 1:colcon.colcon_core.package_discovery:discover_packages(path) using defaults
[0.347s] Level 1:colcon.colcon_core.package_discovery:discover_packages(prefix_path) check parameters
[0.347s] Level 1:colcon.colcon_core.package_discovery:discover_packages(prefix_path) discover
[0.350s] DEBUG:colcon.colcon_installed_package_information.package_discovery:Found 19 installed packages in /home/songdavid/ff_ws/install
[0.351s] DEBUG:colcon.colcon_installed_package_information.package_discovery:Found 22 installed packages in /home/songdavid/turtlebot3_ws/install
[0.354s] DEBUG:colcon.colcon_installed_package_information.package_discovery:Found 410 installed packages in /opt/ros/humble
[0.357s] Level 1:colcon.colcon_core.package_discovery:discover_packages(prefix_path) using defaults
[0.404s] Level 5:colcon.colcon_core.verb:set package 'autonomous_exploration' build argument 'cmake_args' from command line to 'None'
[0.404s] Level 5:colcon.colcon_core.verb:set package 'autonomous_exploration' build argument 'cmake_target' from command line to 'None'
[0.404s] Level 5:colcon.colcon_core.verb:set package 'autonomous_exploration' build argument 'cmake_target_skip_unavailable' from command line to 'False'
[0.404s] Level 5:colcon.colcon_core.verb:set package 'autonomous_exploration' build argument 'cmake_clean_cache' from command line to 'False'
[0.405s] Level 5:colcon.colcon_core.verb:set package 'autonomous_exploration' build argument 'cmake_clean_first' from command line to 'False'
[0.405s] Level 5:colcon.colcon_core.verb:set package 'autonomous_exploration' build argument 'cmake_force_configure' from command line to 'False'
[0.405s] Level 5:colcon.colcon_core.verb:set package 'autonomous_exploration' build argument 'ament_cmake_args' from command line to 'None'
[0.405s] Level 5:colcon.colcon_core.verb:set package 'autonomous_exploration' build argument 'catkin_cmake_args' from command line to 'None'
[0.405s] Level 5:colcon.colcon_core.verb:set package 'autonomous_exploration' build argument 'catkin_skip_building_tests' from command line to 'False'
[0.405s] DEBUG:colcon.colcon_core.verb:Building package 'autonomous_exploration' with the following arguments: {'ament_cmake_args': None, 'build_base': '/home/songdavid/ff_ws/build/autonomous_exploration', 'catkin_cmake_args': None, 'catkin_skip_building_tests': False, 'cmake_args': None, 'cmake_clean_cache': False, 'cmake_clean_first': False, 'cmake_force_configure': False, 'cmake_target': None, 'cmake_target_skip_unavailable': False, 'install_base': '/home/songdavid/ff_ws/install/autonomous_exploration', 'merge_install': False, 'path': '/home/songdavid/ff_ws/src/autonomous_exploration', 'symlink_install': False, 'test_result_base': None}
[0.405s] Level 5:colcon.colcon_core.verb:set package 'explorer_bringup' build argument 'cmake_args' from command line to 'None'
[0.405s] Level 5:colcon.colcon_core.verb:set package 'explorer_bringup' build argument 'cmake_target' from command line to 'None'
[0.405s] Level 5:colcon.colcon_core.verb:set package 'explorer_bringup' build argument 'cmake_target_skip_unavailable' from command line to 'False'
[0.405s] Level 5:colcon.colcon_core.verb:set package 'explorer_bringup' build argument 'cmake_clean_cache' from command line to 'False'
[0.405s] Level 5:colcon.colcon_core.verb:set package 'explorer_bringup' build argument 'cmake_clean_first' from command line to 'False'
[0.405s] Level 5:colcon.colcon_core.verb:set package 'explorer_bringup' build argument 'cmake_force_configure' from command line to 'False'
[0.405s] Level 5:colcon.colcon_core.verb:set package 'explorer_bringup' build argument 'ament_cmake_args' from command line to 'None'
[0.405s] Level 5:colcon.colcon_core.verb:set package 'explorer_bringup' build argument 'catkin_cmake_args' from command line to 'None'
[0.405s] Level 5:colcon.colcon_core.verb:set package 'explorer_bringup' build argument 'catkin_skip_building_tests' from command line to 'False'
[0.405s] DEBUG:colcon.colcon_core.verb:Building package 'explorer_bringup' with the following arguments: {'ament_cmake_args': None, 'build_base': '/home/songdavid/ff_ws/build/explorer_bringup', 'catkin_cmake_args': None, 'catkin_skip_building_tests': False, 'cmake_args': None, 'cmake_clean_cache': False, 'cmake_clean_first': False, 'cmake_force_configure': False, 'cmake_target': None, 'cmake_target_skip_unavailable': False, 'install_base': '/home/songdavid/ff_ws/install/explorer_bringup', 'merge_install': False, 'path': '/home/songdavid/ff_ws/src/ros2_explorer/explorer_bringup', 'symlink_install': False, 'test_result_base': None}
[0.406s] Level 5:colcon.colcon_core.verb:set package 'explorer_cartographer' build argument 'cmake_args' from command line to 'None'
[0.406s] Level 5:colcon.colcon_core.verb:set package 'explorer_cartographer' build argument 'cmake_target' from command line to 'None'
[0.406s] Level 5:colcon.colcon_core.verb:set package 'explorer_cartographer' build argument 'cmake_target_skip_unavailable' from command line to 'False'
[0.406s] Level 5:colcon.colcon_core.verb:set package 'explorer_cartographer' build argument 'cmake_clean_cache' from command line to 'False'
[0.406s] Level 5:colcon.colcon_core.verb:set package 'explorer_cartographer' build argument 'cmake_clean_first' from command line to 'False'
[0.406s] Level 5:colcon.colcon_core.verb:set package 'explorer_cartographer' build argument 'cmake_force_configure' from command line to 'False'
[0.406s] Level 5:colcon.colcon_core.verb:set package 'explorer_cartographer' build argument 'ament_cmake_args' from command line to 'None'
[0.406s] Level 5:colcon.colcon_core.verb:set package 'explorer_cartographer' build argument 'catkin_cmake_args' from command line to 'None'
[0.406s] Level 5:colcon.colcon_core.verb:set package 'explorer_cartographer' build argument 'catkin_skip_building_tests' from command line to 'False'
[0.406s] DEBUG:colcon.colcon_core.verb:Building package 'explorer_cartographer' with the following arguments: {'ament_cmake_args': None, 'build_base': '/home/songdavid/ff_ws/build/explorer_cartographer', 'catkin_cmake_args': None, 'catkin_skip_building_tests': False, 'cmake_args': None, 'cmake_clean_cache': False, 'cmake_clean_first': False, 'cmake_force_configure': False, 'cmake_target': None, 'cmake_target_skip_unavailable': False, 'install_base': '/home/songdavid/ff_ws/install/explorer_cartographer', 'merge_install': False, 'path': '/home/songdavid/ff_ws/src/ros2_explorer/explorer_cartographer', 'symlink_install': False, 'test_result_base': None}
[0.406s] Level 5:colcon.colcon_core.verb:set package 'explorer_gazebo' build argument 'cmake_args' from command line to 'None'
[0.406s] Level 5:colcon.colcon_core.verb:set package 'explorer_gazebo' build argument 'cmake_target' from command line to 'None'
[0.406s] Level 5:colcon.colcon_core.verb:set package 'explorer_gazebo' build argument 'cmake_target_skip_unavailable' from command line to 'False'
[0.406s] Level 5:colcon.colcon_core.verb:set package 'explorer_gazebo' build argument 'cmake_clean_cache' from command line to 'False'
[0.406s] Level 5:colcon.colcon_core.verb:set package 'explorer_gazebo' build argument 'cmake_clean_first' from command line to 'False'
[0.406s] Level 5:colcon.colcon_core.verb:set package 'explorer_gazebo' build argument 'cmake_force_configure' from command line to 'False'
[0.406s] Level 5:colcon.colcon_core.verb:set package 'explorer_gazebo' build argument 'ament_cmake_args' from command line to 'None'
[0.406s] Level 5:colcon.colcon_core.verb:set package 'explorer_gazebo' build argument 'catkin_cmake_args' from command line to 'None'
[0.406s] Level 5:colcon.colcon_core.verb:set package 'explorer_gazebo' build argument 'catkin_skip_building_tests' from command line to 'False'
[0.406s] DEBUG:colcon.colcon_core.verb:Building package 'explorer_gazebo' with the following arguments: {'ament_cmake_args': None, 'build_base': '/home/songdavid/ff_ws/build/explorer_gazebo', 'catkin_cmake_args': None, 'catkin_skip_building_tests': False, 'cmake_args': None, 'cmake_clean_cache': False, 'cmake_clean_first': False, 'cmake_force_configure': False, 'cmake_target': None, 'cmake_target_skip_unavailable': False, 'install_base': '/home/songdavid/ff_ws/install/explorer_gazebo', 'merge_install': False, 'path': '/home/songdavid/ff_ws/src/ros2_explorer/explorer_gazebo', 'symlink_install': False, 'test_result_base': None}
[0.407s] Level 5:colcon.colcon_core.verb:set package 'explorer_interfaces' build argument 'cmake_args' from command line to 'None'
[0.407s] Level 5:colcon.colcon_core.verb:set package 'explorer_interfaces' build argument 'cmake_target' from command line to 'None'
[0.407s] Level 5:colcon.colcon_core.verb:set package 'explorer_interfaces' build argument 'cmake_target_skip_unavailable' from command line to 'False'
[0.407s] Level 5:colcon.colcon_core.verb:set package 'explorer_interfaces' build argument 'cmake_clean_cache' from command line to 'False'
[0.407s] Level 5:colcon.colcon_core.verb:set package 'explorer_interfaces' build argument 'cmake_clean_first' from command line to 'False'
[0.407s] Level 5:colcon.colcon_core.verb:set package 'explorer_interfaces' build argument 'cmake_force_configure' from command line to 'False'
[0.407s] Level 5:colcon.colcon_core.verb:set package 'explorer_interfaces' build argument 'ament_cmake_args' from command line to 'None'
[0.407s] Level 5:colcon.colcon_core.verb:set package 'explorer_interfaces' build argument 'catkin_cmake_args' from command line to 'None'
[0.407s] Level 5:colcon.colcon_core.verb:set package 'explorer_interfaces' build argument 'catkin_skip_building_tests' from command line to 'False'
[0.407s] DEBUG:colcon.colcon_core.verb:Building package 'explorer_interfaces' with the following arguments: {'ament_cmake_args': None, 'build_base': '/home/songdavid/ff_ws/build/explorer_interfaces', 'catkin_cmake_args': None, 'catkin_skip_building_tests': False, 'cmake_args': None, 'cmake_clean_cache': False, 'cmake_clean_first': False, 'cmake_force_configure': False, 'cmake_target': None, 'cmake_target_skip_unavailable': False, 'install_base': '/home/songdavid/ff_ws/install/explorer_interfaces', 'merge_install': False, 'path': '/home/songdavid/ff_ws/src/ros2_explorer/explorer_interfaces', 'symlink_install': False, 'test_result_base': None}
[0.407s] Level 5:colcon.colcon_core.verb:set package 'explorer_map_utils' build argument 'cmake_args' from command line to 'None'
[0.407s] Level 5:colcon.colcon_core.verb:set package 'explorer_map_utils' build argument 'cmake_target' from command line to 'None'
[0.407s] Level 5:colcon.colcon_core.verb:set package 'explorer_map_utils' build argument 'cmake_target_skip_unavailable' from command line to 'False'
[0.407s] Level 5:colcon.colcon_core.verb:set package 'explorer_map_utils' build argument 'cmake_clean_cache' from command line to 'False'
[0.407s] Level 5:colcon.colcon_core.verb:set package 'explorer_map_utils' build argument 'cmake_clean_first' from command line to 'False'
[0.407s] Level 5:colcon.colcon_core.verb:set package 'explorer_map_utils' build argument 'cmake_force_configure' from command line to 'False'
[0.407s] Level 5:colcon.colcon_core.verb:set package 'explorer_map_utils' build argument 'ament_cmake_args' from command line to 'None'
[0.407s] Level 5:colcon.colcon_core.verb:set package 'explorer_map_utils' build argument 'catkin_cmake_args' from command line to 'None'
[0.407s] Level 5:colcon.colcon_core.verb:set package 'explorer_map_utils' build argument 'catkin_skip_building_tests' from command line to 'False'
[0.408s] DEBUG:colcon.colcon_core.verb:Building package 'explorer_map_utils' with the following arguments: {'ament_cmake_args': None, 'build_base': '/home/songdavid/ff_ws/build/explorer_map_utils', 'catkin_cmake_args': None, 'catkin_skip_building_tests': False, 'cmake_args': None, 'cmake_clean_cache': False, 'cmake_clean_first': False, 'cmake_force_configure': False, 'cmake_target': None, 'cmake_target_skip_unavailable': False, 'install_base': '/home/songdavid/ff_ws/install/explorer_map_utils', 'merge_install': False, 'path': '/home/songdavid/ff_ws/src/ros2_explorer/explorer_map_utils', 'symlink_install': False, 'test_result_base': None}
[0.408s] Level 5:colcon.colcon_core.verb:set package 'explorer_wanderer' build argument 'cmake_args' from command line to 'None'
[0.408s] Level 5:colcon.colcon_core.verb:set package 'explorer_wanderer' build argument 'cmake_target' from command line to 'None'
[0.408s] Level 5:colcon.colcon_core.verb:set package 'explorer_wanderer' build argument 'cmake_target_skip_unavailable' from command line to 'False'
[0.408s] Level 5:colcon.colcon_core.verb:set package 'explorer_wanderer' build argument 'cmake_clean_cache' from command line to 'False'
[0.408s] Level 5:colcon.colcon_core.verb:set package 'explorer_wanderer' build argument 'cmake_clean_first' from command line to 'False'
[0.408s] Level 5:colcon.colcon_core.verb:set package 'explorer_wanderer' build argument 'cmake_force_configure' from command line to 'False'
[0.408s] Level 5:colcon.colcon_core.verb:set package 'explorer_wanderer' build argument 'ament_cmake_args' from command line to 'None'
[0.408s] Level 5:colcon.colcon_core.verb:set package 'explorer_wanderer' build argument 'catkin_cmake_args' from command line to 'None'
[0.408s] Level 5:colcon.colcon_core.verb:set package 'explorer_wanderer' build argument 'catkin_skip_building_tests' from command line to 'False'
[0.408s] DEBUG:colcon.colcon_core.verb:Building package 'explorer_wanderer' with the following arguments: {'ament_cmake_args': None, 'build_base': '/home/songdavid/ff_ws/build/explorer_wanderer', 'catkin_cmake_args': None, 'catkin_skip_building_tests': False, 'cmake_args': None, 'cmake_clean_cache': False, 'cmake_clean_first': False, 'cmake_force_configure': False, 'cmake_target': None, 'cmake_target_skip_unavailable': False, 'install_base': '/home/songdavid/ff_ws/install/explorer_wanderer', 'merge_install': False, 'path': '/home/songdavid/ff_ws/src/ros2_explorer/explorer_wanderer', 'symlink_install': False, 'test_result_base': None}
[0.408s] INFO:colcon.colcon_core.executor:Executing jobs using 'parallel' executor
[0.409s] DEBUG:colcon.colcon_parallel_executor.executor.parallel:run_until_complete
[0.410s] INFO:colcon.colcon_ros.task.ament_python.build:Building ROS package in '/home/songdavid/ff_ws/src/autonomous_exploration' with build type 'ament_python'
[0.410s] Level 1:colcon.colcon_core.shell:create_environment_hook('autonomous_exploration', 'ament_prefix_path')
[0.412s] INFO:colcon.colcon_core.plugin_system:Skipping extension 'colcon_core.shell.bat': Not used on non-Windows systems
[0.412s] INFO:colcon.colcon_core.shell:Creating environment hook '/home/songdavid/ff_ws/install/autonomous_exploration/share/autonomous_exploration/hook/ament_prefix_path.ps1'
[0.413s] INFO:colcon.colcon_core.shell:Creating environment descriptor '/home/songdavid/ff_ws/install/autonomous_exploration/share/autonomous_exploration/hook/ament_prefix_path.dsv'
[0.413s] INFO:colcon.colcon_core.shell:Creating environment hook '/home/songdavid/ff_ws/install/autonomous_exploration/share/autonomous_exploration/hook/ament_prefix_path.sh'
[0.414s] INFO:colcon.colcon_core.shell:Skip shell extension 'powershell' for command environment: Not usable outside of PowerShell
[0.414s] DEBUG:colcon.colcon_core.shell:Skip shell extension 'dsv' for command environment
[0.420s] INFO:colcon.colcon_ros.task.ament_python.build:Building ROS package in '/home/songdavid/ff_ws/src/ros2_explorer/explorer_bringup' with build type 'ament_python'
[0.420s] Level 1:colcon.colcon_core.shell:create_environment_hook('explorer_bringup', 'ament_prefix_path')
[0.420s] INFO:colcon.colcon_core.shell:Creating environment hook '/home/songdavid/ff_ws/install/explorer_bringup/share/explorer_bringup/hook/ament_prefix_path.ps1'
[0.421s] INFO:colcon.colcon_core.shell:Creating environment descriptor '/home/songdavid/ff_ws/install/explorer_bringup/share/explorer_bringup/hook/ament_prefix_path.dsv'
[0.421s] INFO:colcon.colcon_core.shell:Creating environment hook '/home/songdavid/ff_ws/install/explorer_bringup/share/explorer_bringup/hook/ament_prefix_path.sh'
[0.422s] INFO:colcon.colcon_core.shell:Skip shell extension 'powershell' for command environment: Not usable outside of PowerShell
[0.422s] DEBUG:colcon.colcon_core.shell:Skip shell extension 'dsv' for command environment
[0.427s] INFO:colcon.colcon_ros.task.ament_cmake.build:Building ROS package in '/home/songdavid/ff_ws/src/ros2_explorer/explorer_cartographer' with build type 'ament_cmake'
[0.428s] INFO:colcon.colcon_cmake.task.cmake.build:Building CMake package in '/home/songdavid/ff_ws/src/ros2_explorer/explorer_cartographer'
[0.428s] INFO:colcon.colcon_core.shell:Skip shell extension 'powershell' for command environment: Not usable outside of PowerShell
[0.428s] DEBUG:colcon.colcon_core.shell:Skip shell extension 'dsv' for command environment
[0.433s] INFO:colcon.colcon_ros.task.ament_cmake.build:Building ROS package in '/home/songdavid/ff_ws/src/ros2_explorer/explorer_gazebo' with build type 'ament_cmake'
[0.434s] INFO:colcon.colcon_cmake.task.cmake.build:Building CMake package in '/home/songdavid/ff_ws/src/ros2_explorer/explorer_gazebo'
[0.434s] INFO:colcon.colcon_core.shell:Skip shell extension 'powershell' for command environment: Not usable outside of PowerShell
[0.434s] DEBUG:colcon.colcon_core.shell:Skip shell extension 'dsv' for command environment
[0.440s] INFO:colcon.colcon_ros.task.ament_cmake.build:Building ROS package in '/home/songdavid/ff_ws/src/ros2_explorer/explorer_interfaces' with build type 'ament_cmake'
[0.440s] INFO:colcon.colcon_cmake.task.cmake.build:Building CMake package in '/home/songdavid/ff_ws/src/ros2_explorer/explorer_interfaces'
[0.441s] INFO:colcon.colcon_core.shell:Skip shell extension 'powershell' for command environment: Not usable outside of PowerShell
[0.441s] DEBUG:colcon.colcon_core.shell:Skip shell extension 'dsv' for command environment
[0.447s] INFO:colcon.colcon_ros.task.ament_python.build:Building ROS package in '/home/songdavid/ff_ws/src/ros2_explorer/explorer_map_utils' with build type 'ament_python'
[0.447s] Level 1:colcon.colcon_core.shell:create_environment_hook('explorer_map_utils', 'ament_prefix_path')
[0.447s] INFO:colcon.colcon_core.shell:Creating environment hook '/home/songdavid/ff_ws/install/explorer_map_utils/share/explorer_map_utils/hook/ament_prefix_path.ps1'
[0.448s] INFO:colcon.colcon_core.shell:Creating environment descriptor '/home/songdavid/ff_ws/install/explorer_map_utils/share/explorer_map_utils/hook/ament_prefix_path.dsv'
[0.448s] INFO:colcon.colcon_core.shell:Creating environment hook '/home/songdavid/ff_ws/install/explorer_map_utils/share/explorer_map_utils/hook/ament_prefix_path.sh'
[0.449s] INFO:colcon.colcon_core.shell:Skip shell extension 'powershell' for command environment: Not usable outside of PowerShell
[0.449s] DEBUG:colcon.colcon_core.shell:Skip shell extension 'dsv' for command environment
[0.454s] INFO:colcon.colcon_ros.task.ament_python.build:Building ROS package in '/home/songdavid/ff_ws/src/ros2_explorer/explorer_wanderer' with build type 'ament_python'
[0.454s] Level 1:colcon.colcon_core.shell:create_environment_hook('explorer_wanderer', 'ament_prefix_path')
[0.454s] INFO:colcon.colcon_core.shell:Creating environment hook '/home/songdavid/ff_ws/install/explorer_wanderer/share/explorer_wanderer/hook/ament_prefix_path.ps1'
[0.455s] INFO:colcon.colcon_core.shell:Creating environment descriptor '/home/songdavid/ff_ws/install/explorer_wanderer/share/explorer_wanderer/hook/ament_prefix_path.dsv'
[0.455s] INFO:colcon.colcon_core.shell:Creating environment hook '/home/songdavid/ff_ws/install/explorer_wanderer/share/explorer_wanderer/hook/ament_prefix_path.sh'
[0.456s] INFO:colcon.colcon_core.shell:Skip shell extension 'powershell' for command environment: Not usable outside of PowerShell
[0.456s] DEBUG:colcon.colcon_core.shell:Skip shell extension 'dsv' for command environment
[0.731s] INFO:colcon.colcon_core.task.python.build:Building Python package in '/home/songdavid/ff_ws/src/autonomous_exploration'
[0.732s] INFO:colcon.colcon_core.shell:Skip shell extension 'powershell' for command environment: Not usable outside of PowerShell
[0.732s] DEBUG:colcon.colcon_core.shell:Skip shell extension 'dsv' for command environment
[1.000s] INFO:colcon.colcon_core.task.python.build:Building Python package in '/home/songdavid/ff_ws/src/ros2_explorer/explorer_bringup'
[1.001s] INFO:colcon.colcon_core.shell:Skip shell extension 'powershell' for command environment: Not usable outside of PowerShell
[1.001s] DEBUG:colcon.colcon_core.shell:Skip shell extension 'dsv' for command environment
[1.010s] DEBUG:colcon.colcon_core.event_handler.log_command:Invoking command in '/home/songdavid/ff_ws/build/explorer_cartographer': CMAKE_PREFIX_PATH=${CMAKE_PREFIX_PATH}:/home/songdavid/ff_ws/install/explorer_bringup:/home/songdavid/ff_ws/install/turtlebot3_teleop:/home/songdavid/ff_ws/install/turtlebot3_example:/home/songdavid/ff_ws/install/explorer_wanderer:/home/songdavid/ff_ws/install/explorer_map_utils:/home/songdavid/ff_ws/install/autonomous_exploration:/home/songdavid/turtlebot3_ws/install/explorer_bringup:/home/songdavid/turtlebot3_ws/install/turtlebot3_teleop:/home/songdavid/turtlebot3_ws/install/turtlebot3_example:/home/songdavid/turtlebot3_ws/install/explorer_wanderer:/home/songdavid/turtlebot3_ws/install/explorer_map_utils:/home/songdavid/turtlebot3_ws/install/exploration_pkg:/opt/ros/humble /usr/bin/cmake --build /home/songdavid/ff_ws/build/explorer_cartographer -- -j8 -l8
[1.013s] DEBUG:colcon.colcon_core.event_handler.log_command:Invoking command in '/home/songdavid/ff_ws/build/explorer_gazebo': CMAKE_PREFIX_PATH=${CMAKE_PREFIX_PATH}:/home/songdavid/ff_ws/install/explorer_bringup:/home/songdavid/ff_ws/install/turtlebot3_teleop:/home/songdavid/ff_ws/install/turtlebot3_example:/home/songdavid/ff_ws/install/explorer_wanderer:/home/songdavid/ff_ws/install/explorer_map_utils:/home/songdavid/ff_ws/install/autonomous_exploration:/home/songdavid/turtlebot3_ws/install/explorer_bringup:/home/songdavid/turtlebot3_ws/install/turtlebot3_teleop:/home/songdavid/turtlebot3_ws/install/turtlebot3_example:/home/songdavid/turtlebot3_ws/install/explorer_wanderer:/home/songdavid/turtlebot3_ws/install/explorer_map_utils:/home/songdavid/turtlebot3_ws/install/exploration_pkg:/opt/ros/humble /usr/bin/cmake --build /home/songdavid/ff_ws/build/explorer_gazebo -- -j8 -l8
[1.016s] DEBUG:colcon.colcon_core.event_handler.log_command:Invoking command in '/home/songdavid/ff_ws/build/explorer_interfaces': CMAKE_PREFIX_PATH=${CMAKE_PREFIX_PATH}:/home/songdavid/ff_ws/install/explorer_bringup:/home/songdavid/ff_ws/install/turtlebot3_teleop:/home/songdavid/ff_ws/install/turtlebot3_example:/home/songdavid/ff_ws/install/explorer_wanderer:/home/songdavid/ff_ws/install/explorer_map_utils:/home/songdavid/ff_ws/install/autonomous_exploration:/home/songdavid/turtlebot3_ws/install/explorer_bringup:/home/songdavid/turtlebot3_ws/install/turtlebot3_teleop:/home/songdavid/turtlebot3_ws/install/turtlebot3_example:/home/songdavid/turtlebot3_ws/install/explorer_wanderer:/home/songdavid/turtlebot3_ws/install/explorer_map_utils:/home/songdavid/turtlebot3_ws/install/exploration_pkg:/opt/ros/humble /usr/bin/cmake --build /home/songdavid/ff_ws/build/explorer_interfaces -- -j8 -l8
[1.328s] INFO:colcon.colcon_core.task.python.build:Building Python package in '/home/songdavid/ff_ws/src/ros2_explorer/explorer_map_utils'
[1.329s] INFO:colcon.colcon_core.shell:Skip shell extension 'powershell' for command environment: Not usable outside of PowerShell
[1.329s] DEBUG:colcon.colcon_core.shell:Skip shell extension 'dsv' for command environment
[1.605s] INFO:colcon.colcon_core.task.python.build:Building Python package in '/home/songdavid/ff_ws/src/ros2_explorer/explorer_wanderer'
[1.606s] INFO:colcon.colcon_core.shell:Skip shell extension 'powershell' for command environment: Not usable outside of PowerShell
[1.606s] DEBUG:colcon.colcon_core.shell:Skip shell extension 'dsv' for command environment
[1.614s] DEBUG:colcon.colcon_core.event_handler.log_command:Invoked command in '/home/songdavid/ff_ws/build/explorer_gazebo' returned '0': CMAKE_PREFIX_PATH=${CMAKE_PREFIX_PATH}:/home/songdavid/ff_ws/install/explorer_bringup:/home/songdavid/ff_ws/install/turtlebot3_teleop:/home/songdavid/ff_ws/install/turtlebot3_example:/home/songdavid/ff_ws/install/explorer_wanderer:/home/songdavid/ff_ws/install/explorer_map_utils:/home/songdavid/ff_ws/install/autonomous_exploration:/home/songdavid/turtlebot3_ws/install/explorer_bringup:/home/songdavid/turtlebot3_ws/install/turtlebot3_teleop:/home/songdavid/turtlebot3_ws/install/turtlebot3_example:/home/songdavid/turtlebot3_ws/install/explorer_wanderer:/home/songdavid/turtlebot3_ws/install/explorer_map_utils:/home/songdavid/turtlebot3_ws/install/exploration_pkg:/opt/ros/humble /usr/bin/cmake --build /home/songdavid/ff_ws/build/explorer_gazebo -- -j8 -l8
[1.623s] DEBUG:colcon.colcon_core.event_handler.log_command:Invoking command in '/home/songdavid/ff_ws/build/explorer_gazebo': CMAKE_PREFIX_PATH=${CMAKE_PREFIX_PATH}:/home/songdavid/ff_ws/install/explorer_bringup:/home/songdavid/ff_ws/install/turtlebot3_teleop:/home/songdavid/ff_ws/install/turtlebot3_example:/home/songdavid/ff_ws/install/explorer_wanderer:/home/songdavid/ff_ws/install/explorer_map_utils:/home/songdavid/ff_ws/install/autonomous_exploration:/home/songdavid/turtlebot3_ws/install/explorer_bringup:/home/songdavid/turtlebot3_ws/install/turtlebot3_teleop:/home/songdavid/turtlebot3_ws/install/turtlebot3_example:/home/songdavid/turtlebot3_ws/install/explorer_wanderer:/home/songdavid/turtlebot3_ws/install/explorer_map_utils:/home/songdavid/turtlebot3_ws/install/exploration_pkg:/opt/ros/humble /usr/bin/cmake --install /home/songdavid/ff_ws/build/explorer_gazebo
[1.623s] DEBUG:colcon.colcon_core.event_handler.log_command:Invoked command in '/home/songdavid/ff_ws/build/explorer_cartographer' returned '0': CMAKE_PREFIX_PATH=${CMAKE_PREFIX_PATH}:/home/songdavid/ff_ws/install/explorer_bringup:/home/songdavid/ff_ws/install/turtlebot3_teleop:/home/songdavid/ff_ws/install/turtlebot3_example:/home/songdavid/ff_ws/install/explorer_wanderer:/home/songdavid/ff_ws/install/explorer_map_utils:/home/songdavid/ff_ws/install/autonomous_exploration:/home/songdavid/turtlebot3_ws/install/explorer_bringup:/home/songdavid/turtlebot3_ws/install/turtlebot3_teleop:/home/songdavid/turtlebot3_ws/install/turtlebot3_example:/home/songdavid/turtlebot3_ws/install/explorer_wanderer:/home/songdavid/turtlebot3_ws/install/explorer_map_utils:/home/songdavid/turtlebot3_ws/install/exploration_pkg:/opt/ros/humble /usr/bin/cmake --build /home/songdavid/ff_ws/build/explorer_cartographer -- -j8 -l8
[1.624s] DEBUG:colcon.colcon_core.event_handler.log_command:Invoking command in '/home/songdavid/ff_ws/build/explorer_cartographer': CMAKE_PREFIX_PATH=${CMAKE_PREFIX_PATH}:/home/songdavid/ff_ws/install/explorer_bringup:/home/songdavid/ff_ws/install/turtlebot3_teleop:/home/songdavid/ff_ws/install/turtlebot3_example:/home/songdavid/ff_ws/install/explorer_wanderer:/home/songdavid/ff_ws/install/explorer_map_utils:/home/songdavid/ff_ws/install/autonomous_exploration:/home/songdavid/turtlebot3_ws/install/explorer_bringup:/home/songdavid/turtlebot3_ws/install/turtlebot3_teleop:/home/songdavid/turtlebot3_ws/install/turtlebot3_example:/home/songdavid/turtlebot3_ws/install/explorer_wanderer:/home/songdavid/turtlebot3_ws/install/explorer_map_utils:/home/songdavid/turtlebot3_ws/install/exploration_pkg:/opt/ros/humble /usr/bin/cmake --install /home/songdavid/ff_ws/build/explorer_cartographer
[1.629s] DEBUG:colcon.colcon_core.event_handler.log_command:Invoked command in '/home/songdavid/ff_ws/build/explorer_interfaces' returned '0': CMAKE_PREFIX_PATH=${CMAKE_PREFIX_PATH}:/home/songdavid/ff_ws/install/explorer_bringup:/home/songdavid/ff_ws/install/turtlebot3_teleop:/home/songdavid/ff_ws/install/turtlebot3_example:/home/songdavid/ff_ws/install/explorer_wanderer:/home/songdavid/ff_ws/install/explorer_map_utils:/home/songdavid/ff_ws/install/autonomous_exploration:/home/songdavid/turtlebot3_ws/install/explorer_bringup:/home/songdavid/turtlebot3_ws/install/turtlebot3_teleop:/home/songdavid/turtlebot3_ws/install/turtlebot3_example:/home/songdavid/turtlebot3_ws/install/explorer_wanderer:/home/songdavid/turtlebot3_ws/install/explorer_map_utils:/home/songdavid/turtlebot3_ws/install/exploration_pkg:/opt/ros/humble /usr/bin/cmake --build /home/songdavid/ff_ws/build/explorer_interfaces -- -j8 -l8
[1.638s] DEBUG:colcon.colcon_core.event_handler.log_command:Invoking command in '/home/songdavid/ff_ws/build/explorer_interfaces': CMAKE_PREFIX_PATH=${CMAKE_PREFIX_PATH}:/home/songdavid/ff_ws/install/explorer_bringup:/home/songdavid/ff_ws/install/turtlebot3_teleop:/home/songdavid/ff_ws/install/turtlebot3_example:/home/songdavid/ff_ws/install/explorer_wanderer:/home/songdavid/ff_ws/install/explorer_map_utils:/home/songdavid/ff_ws/install/autonomous_exploration:/home/songdavid/turtlebot3_ws/install/explorer_bringup:/home/songdavid/turtlebot3_ws/install/turtlebot3_teleop:/home/songdavid/turtlebot3_ws/install/turtlebot3_example:/home/songdavid/turtlebot3_ws/install/explorer_wanderer:/home/songdavid/turtlebot3_ws/install/explorer_map_utils:/home/songdavid/turtlebot3_ws/install/exploration_pkg:/opt/ros/humble /usr/bin/cmake --install /home/songdavid/ff_ws/build/explorer_interfaces
[1.646s] Level 1:colcon.colcon_core.environment:create_environment_scripts_only(explorer_gazebo)
[1.655s] DEBUG:colcon.colcon_core.event_handler.log_command:Invoked command in '/home/songdavid/ff_ws/build/explorer_gazebo' returned '0': CMAKE_PREFIX_PATH=${CMAKE_PREFIX_PATH}:/home/songdavid/ff_ws/install/explorer_bringup:/home/songdavid/ff_ws/install/turtlebot3_teleop:/home/songdavid/ff_ws/install/turtlebot3_example:/home/songdavid/ff_ws/install/explorer_wanderer:/home/songdavid/ff_ws/install/explorer_map_utils:/home/songdavid/ff_ws/install/autonomous_exploration:/home/songdavid/turtlebot3_ws/install/explorer_bringup:/home/songdavid/turtlebot3_ws/install/turtlebot3_teleop:/home/songdavid/turtlebot3_ws/install/turtlebot3_example:/home/songdavid/turtlebot3_ws/install/explorer_wanderer:/home/songdavid/turtlebot3_ws/install/explorer_map_utils:/home/songdavid/turtlebot3_ws/install/exploration_pkg:/opt/ros/humble /usr/bin/cmake --install /home/songdavid/ff_ws/build/explorer_gazebo
[1.661s] Level 1:colcon.colcon_core.environment:checking '/home/songdavid/ff_ws/install/explorer_gazebo' for CMake module files
[1.662s] Level 1:colcon.colcon_core.environment:checking '/home/songdavid/ff_ws/install/explorer_gazebo' for CMake config files
[1.662s] Level 1:colcon.colcon_core.shell:create_environment_hook('explorer_gazebo', 'cmake_prefix_path')
[1.663s] INFO:colcon.colcon_core.shell:Creating environment hook '/home/songdavid/ff_ws/install/explorer_gazebo/share/explorer_gazebo/hook/cmake_prefix_path.ps1'
[1.663s] INFO:colcon.colcon_core.shell:Creating environment descriptor '/home/songdavid/ff_ws/install/explorer_gazebo/share/explorer_gazebo/hook/cmake_prefix_path.dsv'
[1.664s] INFO:colcon.colcon_core.shell:Creating environment hook '/home/songdavid/ff_ws/install/explorer_gazebo/share/explorer_gazebo/hook/cmake_prefix_path.sh'
[1.665s] Level 1:colcon.colcon_core.environment:checking '/home/songdavid/ff_ws/install/explorer_gazebo/bin'
[1.665s] Level 1:colcon.colcon_core.environment:checking '/home/songdavid/ff_ws/install/explorer_gazebo/lib/pkgconfig/explorer_gazebo.pc'
[1.665s] Level 1:colcon.colcon_core.environment:checking '/home/songdavid/ff_ws/install/explorer_gazebo/lib/python3.10/site-packages'
[1.666s] Level 1:colcon.colcon_core.environment:checking '/home/songdavid/ff_ws/install/explorer_gazebo/bin'
[1.666s] INFO:colcon.colcon_core.shell:Creating package script '/home/songdavid/ff_ws/install/explorer_gazebo/share/explorer_gazebo/package.ps1'
[1.668s] INFO:colcon.colcon_core.shell:Creating package descriptor '/home/songdavid/ff_ws/install/explorer_gazebo/share/explorer_gazebo/package.dsv'
[1.668s] INFO:colcon.colcon_core.shell:Creating package script '/home/songdavid/ff_ws/install/explorer_gazebo/share/explorer_gazebo/package.sh'
[1.670s] INFO:colcon.colcon_core.shell:Creating package script '/home/songdavid/ff_ws/install/explorer_gazebo/share/explorer_gazebo/package.bash'
[1.671s] INFO:colcon.colcon_core.shell:Creating package script '/home/songdavid/ff_ws/install/explorer_gazebo/share/explorer_gazebo/package.zsh'
[1.672s] Level 1:colcon.colcon_core.environment:create_file_with_runtime_dependencies(/home/songdavid/ff_ws/install/explorer_gazebo/share/colcon-core/packages/explorer_gazebo)
[1.673s] Level 1:colcon.colcon_core.environment:create_environment_scripts_only(explorer_gazebo)
[1.673s] Level 1:colcon.colcon_core.environment:checking '/home/songdavid/ff_ws/install/explorer_gazebo' for CMake module files
[1.674s] Level 1:colcon.colcon_core.environment:checking '/home/songdavid/ff_ws/install/explorer_gazebo' for CMake config files
[1.674s] Level 1:colcon.colcon_core.shell:create_environment_hook('explorer_gazebo', 'cmake_prefix_path')
[1.675s] INFO:colcon.colcon_core.shell:Creating environment hook '/home/songdavid/ff_ws/install/explorer_gazebo/share/explorer_gazebo/hook/cmake_prefix_path.ps1'
[1.675s] INFO:colcon.colcon_core.shell:Creating environment descriptor '/home/songdavid/ff_ws/install/explorer_gazebo/share/explorer_gazebo/hook/cmake_prefix_path.dsv'
[1.676s] INFO:colcon.colcon_core.shell:Creating environment hook '/home/songdavid/ff_ws/install/explorer_gazebo/share/explorer_gazebo/hook/cmake_prefix_path.sh'
[1.677s] Level 1:colcon.colcon_core.environment:checking '/home/songdavid/ff_ws/install/explorer_gazebo/bin'
[1.677s] Level 1:colcon.colcon_core.environment:checking '/home/songdavid/ff_ws/install/explorer_gazebo/lib/pkgconfig/explorer_gazebo.pc'
[1.677s] Level 1:colcon.colcon_core.environment:checking '/home/songdavid/ff_ws/install/explorer_gazebo/lib/python3.10/site-packages'
[1.677s] Level 1:colcon.colcon_core.environment:checking '/home/songdavid/ff_ws/install/explorer_gazebo/bin'
[1.678s] INFO:colcon.colcon_core.shell:Creating package script '/home/songdavid/ff_ws/install/explorer_gazebo/share/explorer_gazebo/package.ps1'
[1.679s] INFO:colcon.colcon_core.shell:Creating package descriptor '/home/songdavid/ff_ws/install/explorer_gazebo/share/explorer_gazebo/package.dsv'
[1.679s] INFO:colcon.colcon_core.shell:Creating package script '/home/songdavid/ff_ws/install/explorer_gazebo/share/explorer_gazebo/package.sh'
[1.680s] INFO:colcon.colcon_core.shell:Creating package script '/home/songdavid/ff_ws/install/explorer_gazebo/share/explorer_gazebo/package.bash'
[1.681s] INFO:colcon.colcon_core.shell:Creating package script '/home/songdavid/ff_ws/install/explorer_gazebo/share/explorer_gazebo/package.zsh'
[1.681s] Level 1:colcon.colcon_core.environment:create_file_with_runtime_dependencies(/home/songdavid/ff_ws/install/explorer_gazebo/share/colcon-core/packages/explorer_gazebo)
[1.682s] Level 1:colcon.colcon_core.environment:create_environment_scripts_only(explorer_cartographer)
[1.682s] Level 1:colcon.colcon_core.environment:checking '/home/songdavid/ff_ws/install/explorer_cartographer' for CMake module files
[1.683s] Level 1:colcon.colcon_core.environment:checking '/home/songdavid/ff_ws/install/explorer_cartographer' for CMake config files
[1.684s] DEBUG:colcon.colcon_core.event_handler.log_command:Invoked command in '/home/songdavid/ff_ws/build/explorer_cartographer' returned '0': CMAKE_PREFIX_PATH=${CMAKE_PREFIX_PATH}:/home/songdavid/ff_ws/install/explorer_bringup:/home/songdavid/ff_ws/install/turtlebot3_teleop:/home/songdavid/ff_ws/install/turtlebot3_example:/home/songdavid/ff_ws/install/explorer_wanderer:/home/songdavid/ff_ws/install/explorer_map_utils:/home/songdavid/ff_ws/install/autonomous_exploration:/home/songdavid/turtlebot3_ws/install/explorer_bringup:/home/songdavid/turtlebot3_ws/install/turtlebot3_teleop:/home/songdavid/turtlebot3_ws/install/turtlebot3_example:/home/songdavid/turtlebot3_ws/install/explorer_wanderer:/home/songdavid/turtlebot3_ws/install/explorer_map_utils:/home/songdavid/turtlebot3_ws/install/exploration_pkg:/opt/ros/humble /usr/bin/cmake --install /home/songdavid/ff_ws/build/explorer_cartographer
[1.684s] Level 1:colcon.colcon_core.shell:create_environment_hook('explorer_cartographer', 'cmake_prefix_path')
[1.685s] INFO:colcon.colcon_core.shell:Creating environment hook '/home/songdavid/ff_ws/install/explorer_cartographer/share/explorer_cartographer/hook/cmake_prefix_path.ps1'
[1.685s] INFO:colcon.colcon_core.shell:Creating environment descriptor '/home/songdavid/ff_ws/install/explorer_cartographer/share/explorer_cartographer/hook/cmake_prefix_path.dsv'
[1.686s] INFO:colcon.colcon_core.shell:Creating environment hook '/home/songdavid/ff_ws/install/explorer_cartographer/share/explorer_cartographer/hook/cmake_prefix_path.sh'
[1.687s] Level 1:colcon.colcon_core.environment:checking '/home/songdavid/ff_ws/install/explorer_cartographer/bin'
[1.687s] Level 1:colcon.colcon_core.environment:checking '/home/songdavid/ff_ws/install/explorer_cartographer/lib/pkgconfig/explorer_cartographer.pc'
[1.687s] Level 1:colcon.colcon_core.environment:checking '/home/songdavid/ff_ws/install/explorer_cartographer/lib/python3.10/site-packages'
[1.687s] Level 1:colcon.colcon_core.environment:checking '/home/songdavid/ff_ws/install/explorer_cartographer/bin'
[1.688s] INFO:colcon.colcon_core.shell:Creating package script '/home/songdavid/ff_ws/install/explorer_cartographer/share/explorer_cartographer/package.ps1'
[1.689s] INFO:colcon.colcon_core.shell:Creating package descriptor '/home/songdavid/ff_ws/install/explorer_cartographer/share/explorer_cartographer/package.dsv'
[1.689s] INFO:colcon.colcon_core.shell:Creating package script '/home/songdavid/ff_ws/install/explorer_cartographer/share/explorer_cartographer/package.sh'
[1.690s] INFO:colcon.colcon_core.shell:Creating package script '/home/songdavid/ff_ws/install/explorer_cartographer/share/explorer_cartographer/package.bash'
[1.690s] INFO:colcon.colcon_core.shell:Creating package script '/home/songdavid/ff_ws/install/explorer_cartographer/share/explorer_cartographer/package.zsh'
[1.691s] Level 1:colcon.colcon_core.environment:create_file_with_runtime_dependencies(/home/songdavid/ff_ws/install/explorer_cartographer/share/colcon-core/packages/explorer_cartographer)
[1.692s] Level 1:colcon.colcon_core.environment:create_environment_scripts_only(explorer_cartographer)
[1.692s] Level 1:colcon.colcon_core.environment:checking '/home/songdavid/ff_ws/install/explorer_cartographer' for CMake module files
[1.693s] Level 1:colcon.colcon_core.environment:checking '/home/songdavid/ff_ws/install/explorer_cartographer' for CMake config files
[1.693s] Level 1:colcon.colcon_core.shell:create_environment_hook('explorer_cartographer', 'cmake_prefix_path')
[1.694s] INFO:colcon.colcon_core.shell:Creating environment hook '/home/songdavid/ff_ws/install/explorer_cartographer/share/explorer_cartographer/hook/cmake_prefix_path.ps1'
[1.694s] INFO:colcon.colcon_core.shell:Creating environment descriptor '/home/songdavid/ff_ws/install/explorer_cartographer/share/explorer_cartographer/hook/cmake_prefix_path.dsv'
[1.695s] INFO:colcon.colcon_core.shell:Creating environment hook '/home/songdavid/ff_ws/install/explorer_cartographer/share/explorer_cartographer/hook/cmake_prefix_path.sh'
[1.695s] Level 1:colcon.colcon_core.environment:checking '/home/songdavid/ff_ws/install/explorer_cartographer/bin'
[1.696s] Level 1:colcon.colcon_core.environment:checking '/home/songdavid/ff_ws/install/explorer_cartographer/lib/pkgconfig/explorer_cartographer.pc'
[1.696s] Level 1:colcon.colcon_core.environment:checking '/home/songdavid/ff_ws/install/explorer_cartographer/lib/python3.10/site-packages'
[1.696s] Level 1:colcon.colcon_core.environment:checking '/home/songdavid/ff_ws/install/explorer_cartographer/bin'
[1.697s] INFO:colcon.colcon_core.shell:Creating package script '/home/songdavid/ff_ws/install/explorer_cartographer/share/explorer_cartographer/package.ps1'
[1.698s] INFO:colcon.colcon_core.shell:Creating package descriptor '/home/songdavid/ff_ws/install/explorer_cartographer/share/explorer_cartographer/package.dsv'
[1.698s] INFO:colcon.colcon_core.shell:Creating package script '/home/songdavid/ff_ws/install/explorer_cartographer/share/explorer_cartographer/package.sh'
[1.699s] INFO:colcon.colcon_core.shell:Creating package script '/home/songdavid/ff_ws/install/explorer_cartographer/share/explorer_cartographer/package.bash'
[1.700s] INFO:colcon.colcon_core.shell:Creating package script '/home/songdavid/ff_ws/install/explorer_cartographer/share/explorer_cartographer/package.zsh'
[1.700s] Level 1:colcon.colcon_core.environment:create_file_with_runtime_dependencies(/home/songdavid/ff_ws/install/explorer_cartographer/share/colcon-core/packages/explorer_cartographer)
[1.727s] Level 1:colcon.colcon_core.environment:create_environment_scripts_only(explorer_interfaces)
[1.727s] Level 1:colcon.colcon_core.environment:checking '/home/songdavid/ff_ws/install/explorer_interfaces' for CMake module files
[1.728s] DEBUG:colcon.colcon_core.event_handler.log_command:Invoked command in '/home/songdavid/ff_ws/build/explorer_interfaces' returned '0': CMAKE_PREFIX_PATH=${CMAKE_PREFIX_PATH}:/home/songdavid/ff_ws/install/explorer_bringup:/home/songdavid/ff_ws/install/turtlebot3_teleop:/home/songdavid/ff_ws/install/turtlebot3_example:/home/songdavid/ff_ws/install/explorer_wanderer:/home/songdavid/ff_ws/install/explorer_map_utils:/home/songdavid/ff_ws/install/autonomous_exploration:/home/songdavid/turtlebot3_ws/install/explorer_bringup:/home/songdavid/turtlebot3_ws/install/turtlebot3_teleop:/home/songdavid/turtlebot3_ws/install/turtlebot3_example:/home/songdavid/turtlebot3_ws/install/explorer_wanderer:/home/songdavid/turtlebot3_ws/install/explorer_map_utils:/home/songdavid/turtlebot3_ws/install/exploration_pkg:/opt/ros/humble /usr/bin/cmake --install /home/songdavid/ff_ws/build/explorer_interfaces
[1.729s] Level 1:colcon.colcon_core.environment:checking '/home/songdavid/ff_ws/install/explorer_interfaces' for CMake config files
[1.729s] Level 1:colcon.colcon_core.shell:create_environment_hook('explorer_interfaces', 'cmake_prefix_path')
[1.729s] INFO:colcon.colcon_core.shell:Creating environment hook '/home/songdavid/ff_ws/install/explorer_interfaces/share/explorer_interfaces/hook/cmake_prefix_path.ps1'
[1.730s] INFO:colcon.colcon_core.shell:Creating environment descriptor '/home/songdavid/ff_ws/install/explorer_interfaces/share/explorer_interfaces/hook/cmake_prefix_path.dsv'
[1.730s] INFO:colcon.colcon_core.shell:Creating environment hook '/home/songdavid/ff_ws/install/explorer_interfaces/share/explorer_interfaces/hook/cmake_prefix_path.sh'
[1.731s] Level 1:colcon.colcon_core.environment:checking '/home/songdavid/ff_ws/install/explorer_interfaces/lib'
[1.732s] Level 1:colcon.colcon_core.shell:create_environment_hook('explorer_interfaces', 'ld_library_path_lib')
[1.732s] INFO:colcon.colcon_core.shell:Creating environment hook '/home/songdavid/ff_ws/install/explorer_interfaces/share/explorer_interfaces/hook/ld_library_path_lib.ps1'
[1.733s] INFO:colcon.colcon_core.shell:Creating environment descriptor '/home/songdavid/ff_ws/install/explorer_interfaces/share/explorer_interfaces/hook/ld_library_path_lib.dsv'
[1.733s] INFO:colcon.colcon_core.shell:Creating environment hook '/home/songdavid/ff_ws/install/explorer_interfaces/share/explorer_interfaces/hook/ld_library_path_lib.sh'
[1.734s] Level 1:colcon.colcon_core.environment:checking '/home/songdavid/ff_ws/install/explorer_interfaces/bin'
[1.734s] Level 1:colcon.colcon_core.environment:checking '/home/songdavid/ff_ws/install/explorer_interfaces/lib/pkgconfig/explorer_interfaces.pc'
[1.734s] Level 1:colcon.colcon_core.environment:checking '/home/songdavid/ff_ws/install/explorer_interfaces/lib/python3.10/site-packages'
[1.735s] Level 1:colcon.colcon_core.environment:checking '/home/songdavid/ff_ws/install/explorer_interfaces/bin'
[1.735s] INFO:colcon.colcon_core.shell:Creating package script '/home/songdavid/ff_ws/install/explorer_interfaces/share/explorer_interfaces/package.ps1'
[1.736s] INFO:colcon.colcon_core.shell:Creating package descriptor '/home/songdavid/ff_ws/install/explorer_interfaces/share/explorer_interfaces/package.dsv'
[1.737s] INFO:colcon.colcon_core.shell:Creating package script '/home/songdavid/ff_ws/install/explorer_interfaces/share/explorer_interfaces/package.sh'
[1.737s] INFO:colcon.colcon_core.shell:Creating package script '/home/songdavid/ff_ws/install/explorer_interfaces/share/explorer_interfaces/package.bash'
[1.738s] INFO:colcon.colcon_core.shell:Creating package script '/home/songdavid/ff_ws/install/explorer_interfaces/share/explorer_interfaces/package.zsh'
[1.738s] Level 1:colcon.colcon_core.environment:create_file_with_runtime_dependencies(/home/songdavid/ff_ws/install/explorer_interfaces/share/colcon-core/packages/explorer_interfaces)
[1.739s] Level 1:colcon.colcon_core.environment:create_environment_scripts_only(explorer_interfaces)
[1.741s] Level 1:colcon.colcon_core.environment:checking '/home/songdavid/ff_ws/install/explorer_interfaces' for CMake module files
[1.742s] Level 1:colcon.colcon_core.environment:checking '/home/songdavid/ff_ws/install/explorer_interfaces' for CMake config files
[1.742s] Level 1:colcon.colcon_core.shell:create_environment_hook('explorer_interfaces', 'cmake_prefix_path')
[1.742s] INFO:colcon.colcon_core.shell:Creating environment hook '/home/songdavid/ff_ws/install/explorer_interfaces/share/explorer_interfaces/hook/cmake_prefix_path.ps1'
[1.743s] INFO:colcon.colcon_core.shell:Creating environment descriptor '/home/songdavid/ff_ws/install/explorer_interfaces/share/explorer_interfaces/hook/cmake_prefix_path.dsv'
[1.743s] INFO:colcon.colcon_core.shell:Creating environment hook '/home/songdavid/ff_ws/install/explorer_interfaces/share/explorer_interfaces/hook/cmake_prefix_path.sh'
[1.744s] Level 1:colcon.colcon_core.environment:checking '/home/songdavid/ff_ws/install/explorer_interfaces/lib'
[1.745s] Level 1:colcon.colcon_core.shell:create_environment_hook('explorer_interfaces', 'ld_library_path_lib')
[1.745s] INFO:colcon.colcon_core.shell:Creating environment hook '/home/songdavid/ff_ws/install/explorer_interfaces/share/explorer_interfaces/hook/ld_library_path_lib.ps1'
[1.746s] INFO:colcon.colcon_core.shell:Creating environment descriptor '/home/songdavid/ff_ws/install/explorer_interfaces/share/explorer_interfaces/hook/ld_library_path_lib.dsv'
[1.746s] INFO:colcon.colcon_core.shell:Creating environment hook '/home/songdavid/ff_ws/install/explorer_interfaces/share/explorer_interfaces/hook/ld_library_path_lib.sh'
[1.747s] Level 1:colcon.colcon_core.environment:checking '/home/songdavid/ff_ws/install/explorer_interfaces/bin'
[1.747s] Level 1:colcon.colcon_core.environment:checking '/home/songdavid/ff_ws/install/explorer_interfaces/lib/pkgconfig/explorer_interfaces.pc'
[1.747s] Level 1:colcon.colcon_core.environment:checking '/home/songdavid/ff_ws/install/explorer_interfaces/lib/python3.10/site-packages'
[1.747s] Level 1:colcon.colcon_core.environment:checking '/home/songdavid/ff_ws/install/explorer_interfaces/bin'
[1.748s] INFO:colcon.colcon_core.shell:Creating package script '/home/songdavid/ff_ws/install/explorer_interfaces/share/explorer_interfaces/package.ps1'
[1.749s] INFO:colcon.colcon_core.shell:Creating package descriptor '/home/songdavid/ff_ws/install/explorer_interfaces/share/explorer_interfaces/package.dsv'
[1.750s] INFO:colcon.colcon_core.shell:Creating package script '/home/songdavid/ff_ws/install/explorer_interfaces/share/explorer_interfaces/package.sh'
[1.750s] INFO:colcon.colcon_core.shell:Creating package script '/home/songdavid/ff_ws/install/explorer_interfaces/share/explorer_interfaces/package.bash'
[1.751s] INFO:colcon.colcon_core.shell:Creating package script '/home/songdavid/ff_ws/install/explorer_interfaces/share/explorer_interfaces/package.zsh'
[1.751s] Level 1:colcon.colcon_core.environment:create_file_with_runtime_dependencies(/home/songdavid/ff_ws/install/explorer_interfaces/share/colcon-core/packages/explorer_interfaces)
[2.056s] DEBUG:colcon.colcon_core.event_handler.log_command:Invoking command in '/home/songdavid/ff_ws/src/autonomous_exploration': PYTHONPATH=/home/songdavid/ff_ws/build/autonomous_exploration/prefix_override:/usr/lib/python3/dist-packages/colcon_core/task/python/colcon_distutils_commands:/home/songdavid/ff_ws/install/autonomous_exploration/lib/python3.10/site-packages:${PYTHONPATH} /usr/bin/python3 -W ignore:setup.py install is deprecated -W ignore:easy_install command is deprecated setup.py egg_info --egg-base ../../build/autonomous_exploration build --build-base /home/songdavid/ff_ws/build/autonomous_exploration/build install --record /home/songdavid/ff_ws/build/autonomous_exploration/install.log --single-version-externally-managed install_data
[2.058s] DEBUG:colcon.colcon_core.event_handler.log_command:Invoking command in '/home/songdavid/ff_ws/src/ros2_explorer/explorer_bringup': PYTHONPATH=/home/songdavid/ff_ws/build/explorer_bringup/prefix_override:/usr/lib/python3/dist-packages/colcon_core/task/python/colcon_distutils_commands:/home/songdavid/ff_ws/install/explorer_bringup/lib/python3.10/site-packages:${PYTHONPATH} /usr/bin/python3 -W ignore:setup.py install is deprecated -W ignore:easy_install command is deprecated setup.py egg_info --egg-base ../../../build/explorer_bringup build --build-base /home/songdavid/ff_ws/build/explorer_bringup/build install --record /home/songdavid/ff_ws/build/explorer_bringup/install.log --single-version-externally-managed install_data
[2.092s] DEBUG:colcon.colcon_core.event_handler.log_command:Invoking command in '/home/songdavid/ff_ws/src/ros2_explorer/explorer_map_utils': PYTHONPATH=/home/songdavid/ff_ws/build/explorer_map_utils/prefix_override:/usr/lib/python3/dist-packages/colcon_core/task/python/colcon_distutils_commands:/home/songdavid/ff_ws/install/explorer_map_utils/lib/python3.10/site-packages:${PYTHONPATH} /usr/bin/python3 -W ignore:setup.py install is deprecated -W ignore:easy_install command is deprecated setup.py egg_info --egg-base ../../../build/explorer_map_utils build --build-base /home/songdavid/ff_ws/build/explorer_map_utils/build install --record /home/songdavid/ff_ws/build/explorer_map_utils/install.log --single-version-externally-managed install_data
[2.093s] DEBUG:colcon.colcon_core.event_handler.log_command:Invoking command in '/home/songdavid/ff_ws/src/ros2_explorer/explorer_wanderer': PYTHONPATH=/home/songdavid/ff_ws/build/explorer_wanderer/prefix_override:/usr/lib/python3/dist-packages/colcon_core/task/python/colcon_distutils_commands:/home/songdavid/ff_ws/install/explorer_wanderer/lib/python3.10/site-packages:${PYTHONPATH} /usr/bin/python3 -W ignore:setup.py install is deprecated -W ignore:easy_install command is deprecated setup.py egg_info --egg-base ../../../build/explorer_wanderer build --build-base /home/songdavid/ff_ws/build/explorer_wanderer/build install --record /home/songdavid/ff_ws/build/explorer_wanderer/install.log --single-version-externally-managed install_data
[2.418s] Level 1:colcon.colcon_core.environment:checking '/home/songdavid/ff_ws/install/explorer_bringup' for CMake module files
[2.420s] DEBUG:colcon.colcon_core.event_handler.log_command:Invoked command in '/home/songdavid/ff_ws/src/ros2_explorer/explorer_bringup' returned '0': PYTHONPATH=/home/songdavid/ff_ws/build/explorer_bringup/prefix_override:/usr/lib/python3/dist-packages/colcon_core/task/python/colcon_distutils_commands:/home/songdavid/ff_ws/install/explorer_bringup/lib/python3.10/site-packages:${PYTHONPATH} /usr/bin/python3 -W ignore:setup.py install is deprecated -W ignore:easy_install command is deprecated setup.py egg_info --egg-base ../../../build/explorer_bringup build --build-base /home/songdavid/ff_ws/build/explorer_bringup/build install --record /home/songdavid/ff_ws/build/explorer_bringup/install.log --single-version-externally-managed install_data
[2.421s] Level 1:colcon.colcon_core.environment:checking '/home/songdavid/ff_ws/install/explorer_bringup' for CMake config files
[2.422s] Level 1:colcon.colcon_core.environment:checking '/home/songdavid/ff_ws/install/explorer_bringup/lib'
[2.423s] Level 1:colcon.colcon_core.environment:checking '/home/songdavid/ff_ws/install/explorer_bringup/bin'
[2.423s] Level 1:colcon.colcon_core.environment:checking '/home/songdavid/ff_ws/install/explorer_bringup/lib/pkgconfig/explorer_bringup.pc'
[2.424s] Level 1:colcon.colcon_core.environment:checking '/home/songdavid/ff_ws/install/explorer_bringup/lib/python3.10/site-packages'
[2.424s] Level 1:colcon.colcon_core.shell:create_environment_hook('explorer_bringup', 'pythonpath')
[2.424s] INFO:colcon.colcon_core.shell:Creating environment hook '/home/songdavid/ff_ws/install/explorer_bringup/share/explorer_bringup/hook/pythonpath.ps1'
[2.426s] INFO:colcon.colcon_core.shell:Creating environment descriptor '/home/songdavid/ff_ws/install/explorer_bringup/share/explorer_bringup/hook/pythonpath.dsv'
[2.426s] INFO:colcon.colcon_core.shell:Creating environment hook '/home/songdavid/ff_ws/install/explorer_bringup/share/explorer_bringup/hook/pythonpath.sh'
[2.428s] Level 1:colcon.colcon_core.environment:checking '/home/songdavid/ff_ws/install/explorer_bringup/bin'
[2.428s] Level 1:colcon.colcon_core.environment:create_environment_scripts_only(explorer_bringup)
[2.429s] INFO:colcon.colcon_core.shell:Creating package script '/home/songdavid/ff_ws/install/explorer_bringup/share/explorer_bringup/package.ps1'
[2.431s] INFO:colcon.colcon_core.shell:Creating package descriptor '/home/songdavid/ff_ws/install/explorer_bringup/share/explorer_bringup/package.dsv'
[2.432s] INFO:colcon.colcon_core.shell:Creating package script '/home/songdavid/ff_ws/install/explorer_bringup/share/explorer_bringup/package.sh'
[2.433s] INFO:colcon.colcon_core.shell:Creating package script '/home/songdavid/ff_ws/install/explorer_bringup/share/explorer_bringup/package.bash'
[2.434s] INFO:colcon.colcon_core.shell:Creating package script '/home/songdavid/ff_ws/install/explorer_bringup/share/explorer_bringup/package.zsh'
[2.435s] Level 1:colcon.colcon_core.environment:create_file_with_runtime_dependencies(/home/songdavid/ff_ws/install/explorer_bringup/share/colcon-core/packages/explorer_bringup)
[2.437s] Level 1:colcon.colcon_core.environment:checking '/home/songdavid/ff_ws/install/autonomous_exploration' for CMake module files
[2.439s] Level 1:colcon.colcon_core.environment:checking '/home/songdavid/ff_ws/install/autonomous_exploration' for CMake config files
[2.440s] DEBUG:colcon.colcon_core.event_handler.log_command:Invoked command in '/home/songdavid/ff_ws/src/autonomous_exploration' returned '0': PYTHONPATH=/home/songdavid/ff_ws/build/autonomous_exploration/prefix_override:/usr/lib/python3/dist-packages/colcon_core/task/python/colcon_distutils_commands:/home/songdavid/ff_ws/install/autonomous_exploration/lib/python3.10/site-packages:${PYTHONPATH} /usr/bin/python3 -W ignore:setup.py install is deprecated -W ignore:easy_install command is deprecated setup.py egg_info --egg-base ../../build/autonomous_exploration build --build-base /home/songdavid/ff_ws/build/autonomous_exploration/build install --record /home/songdavid/ff_ws/build/autonomous_exploration/install.log --single-version-externally-managed install_data
[2.441s] Level 1:colcon.colcon_core.environment:checking '/home/songdavid/ff_ws/install/autonomous_exploration/lib'
[2.441s] Level 1:colcon.colcon_core.environment:checking '/home/songdavid/ff_ws/install/autonomous_exploration/bin'
[2.441s] Level 1:colcon.colcon_core.environment:checking '/home/songdavid/ff_ws/install/autonomous_exploration/lib/pkgconfig/autonomous_exploration.pc'
[2.442s] Level 1:colcon.colcon_core.environment:checking '/home/songdavid/ff_ws/install/autonomous_exploration/lib/python3.10/site-packages'
[2.442s] Level 1:colcon.colcon_core.shell:create_environment_hook('autonomous_exploration', 'pythonpath')
[2.443s] INFO:colcon.colcon_core.shell:Creating environment hook '/home/songdavid/ff_ws/install/autonomous_exploration/share/autonomous_exploration/hook/pythonpath.ps1'
[2.444s] INFO:colcon.colcon_core.shell:Creating environment descriptor '/home/songdavid/ff_ws/install/autonomous_exploration/share/autonomous_exploration/hook/pythonpath.dsv'
[2.445s] INFO:colcon.colcon_core.shell:Creating environment hook '/home/songdavid/ff_ws/install/autonomous_exploration/share/autonomous_exploration/hook/pythonpath.sh'
[2.447s] Level 1:colcon.colcon_core.environment:checking '/home/songdavid/ff_ws/install/autonomous_exploration/bin'
[2.447s] Level 1:colcon.colcon_core.environment:create_environment_scripts_only(autonomous_exploration)
[2.447s] INFO:colcon.colcon_core.shell:Creating package script '/home/songdavid/ff_ws/install/autonomous_exploration/share/autonomous_exploration/package.ps1'
[2.448s] INFO:colcon.colcon_core.shell:Creating package descriptor '/home/songdavid/ff_ws/install/autonomous_exploration/share/autonomous_exploration/package.dsv'
[2.449s] INFO:colcon.colcon_core.shell:Creating package script '/home/songdavid/ff_ws/install/autonomous_exploration/share/autonomous_exploration/package.sh'
[2.450s] INFO:colcon.colcon_core.shell:Creating package script '/home/songdavid/ff_ws/install/autonomous_exploration/share/autonomous_exploration/package.bash'
[2.451s] INFO:colcon.colcon_core.shell:Creating package script '/home/songdavid/ff_ws/install/autonomous_exploration/share/autonomous_exploration/package.zsh'
[2.451s] Level 1:colcon.colcon_core.environment:create_file_with_runtime_dependencies(/home/songdavid/ff_ws/install/autonomous_exploration/share/colcon-core/packages/autonomous_exploration)
[2.453s] Level 1:colcon.colcon_core.environment:checking '/home/songdavid/ff_ws/install/explorer_wanderer' for CMake module files
[2.455s] DEBUG:colcon.colcon_core.event_handler.log_command:Invoked command in '/home/songdavid/ff_ws/src/ros2_explorer/explorer_wanderer' returned '0': PYTHONPATH=/home/songdavid/ff_ws/build/explorer_wanderer/prefix_override:/usr/lib/python3/dist-packages/colcon_core/task/python/colcon_distutils_commands:/home/songdavid/ff_ws/install/explorer_wanderer/lib/python3.10/site-packages:${PYTHONPATH} /usr/bin/python3 -W ignore:setup.py install is deprecated -W ignore:easy_install command is deprecated setup.py egg_info --egg-base ../../../build/explorer_wanderer build --build-base /home/songdavid/ff_ws/build/explorer_wanderer/build install --record /home/songdavid/ff_ws/build/explorer_wanderer/install.log --single-version-externally-managed install_data
[2.455s] Level 1:colcon.colcon_core.environment:checking '/home/songdavid/ff_ws/install/explorer_wanderer' for CMake config files
[2.456s] Level 1:colcon.colcon_core.environment:checking '/home/songdavid/ff_ws/install/explorer_wanderer/lib'
[2.456s] Level 1:colcon.colcon_core.environment:checking '/home/songdavid/ff_ws/install/explorer_wanderer/bin'
[2.456s] Level 1:colcon.colcon_core.environment:checking '/home/songdavid/ff_ws/install/explorer_wanderer/lib/pkgconfig/explorer_wanderer.pc'
[2.456s] Level 1:colcon.colcon_core.environment:checking '/home/songdavid/ff_ws/install/explorer_wanderer/lib/python3.10/site-packages'
[2.456s] Level 1:colcon.colcon_core.shell:create_environment_hook('explorer_wanderer', 'pythonpath')
[2.457s] INFO:colcon.colcon_core.shell:Creating environment hook '/home/songdavid/ff_ws/install/explorer_wanderer/share/explorer_wanderer/hook/pythonpath.ps1'
[2.458s] INFO:colcon.colcon_core.shell:Creating environment descriptor '/home/songdavid/ff_ws/install/explorer_wanderer/share/explorer_wanderer/hook/pythonpath.dsv'
[2.458s] INFO:colcon.colcon_core.shell:Creating environment hook '/home/songdavid/ff_ws/install/explorer_wanderer/share/explorer_wanderer/hook/pythonpath.sh'
[2.459s] Level 1:colcon.colcon_core.environment:checking '/home/songdavid/ff_ws/install/explorer_wanderer/bin'
[2.459s] Level 1:colcon.colcon_core.environment:create_environment_scripts_only(explorer_wanderer)
[2.460s] INFO:colcon.colcon_core.shell:Creating package script '/home/songdavid/ff_ws/install/explorer_wanderer/share/explorer_wanderer/package.ps1'
[2.461s] INFO:colcon.colcon_core.shell:Creating package descriptor '/home/songdavid/ff_ws/install/explorer_wanderer/share/explorer_wanderer/package.dsv'
[2.461s] INFO:colcon.colcon_core.shell:Creating package script '/home/songdavid/ff_ws/install/explorer_wanderer/share/explorer_wanderer/package.sh'
[2.462s] INFO:colcon.colcon_core.shell:Creating package script '/home/songdavid/ff_ws/install/explorer_wanderer/share/explorer_wanderer/package.bash'
[2.463s] INFO:colcon.colcon_core.shell:Creating package script '/home/songdavid/ff_ws/install/explorer_wanderer/share/explorer_wanderer/package.zsh'
[2.463s] Level 1:colcon.colcon_core.environment:create_file_with_runtime_dependencies(/home/songdavid/ff_ws/install/explorer_wanderer/share/colcon-core/packages/explorer_wanderer)
[2.464s] Level 1:colcon.colcon_core.environment:checking '/home/songdavid/ff_ws/install/explorer_map_utils' for CMake module files
[2.465s] Level 1:colcon.colcon_core.environment:checking '/home/songdavid/ff_ws/install/explorer_map_utils' for CMake config files
[2.466s] DEBUG:colcon.colcon_core.event_handler.log_command:Invoked command in '/home/songdavid/ff_ws/src/ros2_explorer/explorer_map_utils' returned '0': PYTHONPATH=/home/songdavid/ff_ws/build/explorer_map_utils/prefix_override:/usr/lib/python3/dist-packages/colcon_core/task/python/colcon_distutils_commands:/home/songdavid/ff_ws/install/explorer_map_utils/lib/python3.10/site-packages:${PYTHONPATH} /usr/bin/python3 -W ignore:setup.py install is deprecated -W ignore:easy_install command is deprecated setup.py egg_info --egg-base ../../../build/explorer_map_utils build --build-base /home/songdavid/ff_ws/build/explorer_map_utils/build install --record /home/songdavid/ff_ws/build/explorer_map_utils/install.log --single-version-externally-managed install_data
[2.466s] Level 1:colcon.colcon_core.environment:checking '/home/songdavid/ff_ws/install/explorer_map_utils/lib'
[2.467s] Level 1:colcon.colcon_core.environment:checking '/home/songdavid/ff_ws/install/explorer_map_utils/bin'
[2.467s] Level 1:colcon.colcon_core.environment:checking '/home/songdavid/ff_ws/install/explorer_map_utils/lib/pkgconfig/explorer_map_utils.pc'
[2.467s] Level 1:colcon.colcon_core.environment:checking '/home/songdavid/ff_ws/install/explorer_map_utils/lib/python3.10/site-packages'
[2.467s] Level 1:colcon.colcon_core.shell:create_environment_hook('explorer_map_utils', 'pythonpath')
[2.468s] INFO:colcon.colcon_core.shell:Creating environment hook '/home/songdavid/ff_ws/install/explorer_map_utils/share/explorer_map_utils/hook/pythonpath.ps1'
[2.468s] INFO:colcon.colcon_core.shell:Creating environment descriptor '/home/songdavid/ff_ws/install/explorer_map_utils/share/explorer_map_utils/hook/pythonpath.dsv'
[2.469s] INFO:colcon.colcon_core.shell:Creating environment hook '/home/songdavid/ff_ws/install/explorer_map_utils/share/explorer_map_utils/hook/pythonpath.sh'
[2.470s] Level 1:colcon.colcon_core.environment:checking '/home/songdavid/ff_ws/install/explorer_map_utils/bin'
[2.470s] Level 1:colcon.colcon_core.environment:create_environment_scripts_only(explorer_map_utils)
[2.470s] INFO:colcon.colcon_core.shell:Creating package script '/home/songdavid/ff_ws/install/explorer_map_utils/share/explorer_map_utils/package.ps1'
[2.471s] INFO:colcon.colcon_core.shell:Creating package descriptor '/home/songdavid/ff_ws/install/explorer_map_utils/share/explorer_map_utils/package.dsv'
[2.472s] INFO:colcon.colcon_core.shell:Creating package script '/home/songdavid/ff_ws/install/explorer_map_utils/share/explorer_map_utils/package.sh'
[2.472s] INFO:colcon.colcon_core.shell:Creating package script '/home/songdavid/ff_ws/install/explorer_map_utils/share/explorer_map_utils/package.bash'
[2.473s] INFO:colcon.colcon_core.shell:Creating package script '/home/songdavid/ff_ws/install/explorer_map_utils/share/explorer_map_utils/package.zsh'
[2.474s] Level 1:colcon.colcon_core.environment:create_file_with_runtime_dependencies(/home/songdavid/ff_ws/install/explorer_map_utils/share/colcon-core/packages/explorer_map_utils)
[2.474s] DEBUG:colcon.colcon_parallel_executor.executor.parallel:closing loop
[2.474s] DEBUG:colcon.colcon_parallel_executor.executor.parallel:loop closed
[2.475s] DEBUG:colcon.colcon_parallel_executor.executor.parallel:run_until_complete finished with '0'
[2.475s] DEBUG:colcon.colcon_core.event_reactor:joining thread
[2.484s] INFO:colcon.colcon_core.plugin_system:Skipping extension 'colcon_notification.desktop_notification.terminal_notifier': Not used on non-Darwin systems
[2.485s] INFO:colcon.colcon_core.plugin_system:Skipping extension 'colcon_notification.desktop_notification.win32': Not used on non-Windows systems
[2.485s] INFO:colcon.colcon_notification.desktop_notification:Sending desktop notification using 'notify2'
[2.502s] DEBUG:colcon.colcon_core.event_reactor:joined thread
[2.503s] INFO:colcon.colcon_core.shell:Creating prefix script '/home/songdavid/ff_ws/install/local_setup.ps1'
[2.504s] INFO:colcon.colcon_core.shell:Creating prefix util module '/home/songdavid/ff_ws/install/_local_setup_util_ps1.py'
[2.508s] INFO:colcon.colcon_core.shell:Creating prefix chain script '/home/songdavid/ff_ws/install/setup.ps1'
[2.514s] INFO:colcon.colcon_core.shell:Creating prefix script '/home/songdavid/ff_ws/install/local_setup.sh'
[2.515s] INFO:colcon.colcon_core.shell:Creating prefix util module '/home/songdavid/ff_ws/install/_local_setup_util_sh.py'
[2.516s] INFO:colcon.colcon_core.shell:Creating prefix chain script '/home/songdavid/ff_ws/install/setup.sh'
[2.520s] INFO:colcon.colcon_core.shell:Creating prefix script '/home/songdavid/ff_ws/install/local_setup.bash'
[2.521s] INFO:colcon.colcon_core.shell:Creating prefix chain script '/home/songdavid/ff_ws/install/setup.bash'
[2.527s] INFO:colcon.colcon_core.shell:Creating prefix script '/home/songdavid/ff_ws/install/local_setup.zsh'
[2.528s] INFO:colcon.colcon_core.shell:Creating prefix chain script '/home/songdavid/ff_ws/install/setup.zsh'
