[0.390s] Invoking command in '/home/songdavid/ff_ws/build/explorer_interfaces': CMAKE_PREFIX_PATH=${CMAKE_PREFIX_PATH}:/home/songdavid/turtlebot3_ws/install/explorer_bringup:/home/songdavid/turtlebot3_ws/install/turtlebot3_teleop:/home/songdavid/turtlebot3_ws/install/turtlebot3_example:/home/songdavid/turtlebot3_ws/install/explorer_wanderer:/home/songdavid/turtlebot3_ws/install/explorer_map_utils:/home/songdavid/turtlebot3_ws/install/exploration_pkg:/opt/ros/humble /usr/bin/cmake --build /home/songdavid/ff_ws/build/explorer_interfaces -- -j8 -l8
[0.463s] [  2%] Built target explorer_interfaces__cpp
[0.464s] [ 12%] Built target explorer_interfaces__rosidl_generator_c
[0.482s] [ 12%] Built target ament_cmake_python_copy_explorer_interfaces
[0.508s] [ 23%] Built target explorer_interfaces__rosidl_typesupport_cpp
[0.517s] [ 33%] Built target explorer_interfaces__rosidl_typesupport_fastrtps_cpp
[0.529s] [ 43%] Built target explorer_interfaces__rosidl_typesupport_introspection_cpp
[0.533s] [ 53%] Built target explorer_interfaces__rosidl_typesupport_introspection_c
[0.536s] [ 64%] Built target explorer_interfaces__rosidl_typesupport_fastrtps_c
[0.545s] [ 74%] Built target explorer_interfaces__rosidl_typesupport_c
[0.567s] [ 74%] Built target explorer_interfaces
[0.599s] [ 76%] Built target explorer_interfaces__py
[0.625s] [ 84%] Built target explorer_interfaces__rosidl_generator_py
[0.658s] [ 89%] Built target explorer_interfaces__rosidl_typesupport_introspection_c__pyext
[0.658s] [ 94%] Built target explorer_interfaces__rosidl_typesupport_fastrtps_c__pyext
[0.662s] [100%] Built target explorer_interfaces__rosidl_typesupport_c__pyext
[0.891s] running egg_info
[0.892s] writing explorer_interfaces.egg-info/PKG-INFO
[0.892s] writing dependency_links to explorer_interfaces.egg-info/dependency_links.txt
[0.893s] writing top-level names to explorer_interfaces.egg-info/top_level.txt
[0.896s] reading manifest file 'explorer_interfaces.egg-info/SOURCES.txt'
[0.897s] writing manifest file 'explorer_interfaces.egg-info/SOURCES.txt'
[0.944s] [100%] Built target ament_cmake_python_build_explorer_interfaces_egg
[1.278s] Invoked command in '/home/songdavid/ff_ws/build/explorer_interfaces' returned '0': CMAKE_PREFIX_PATH=${CMAKE_PREFIX_PATH}:/home/songdavid/turtlebot3_ws/install/explorer_bringup:/home/songdavid/turtlebot3_ws/install/turtlebot3_teleop:/home/songdavid/turtlebot3_ws/install/turtlebot3_example:/home/songdavid/turtlebot3_ws/install/explorer_wanderer:/home/songdavid/turtlebot3_ws/install/explorer_map_utils:/home/songdavid/turtlebot3_ws/install/exploration_pkg:/opt/ros/humble /usr/bin/cmake --build /home/songdavid/ff_ws/build/explorer_interfaces -- -j8 -l8
[1.280s] Invoking command in '/home/songdavid/ff_ws/build/explorer_interfaces': CMAKE_PREFIX_PATH=${CMAKE_PREFIX_PATH}:/home/songdavid/turtlebot3_ws/install/explorer_bringup:/home/songdavid/turtlebot3_ws/install/turtlebot3_teleop:/home/songdavid/turtlebot3_ws/install/turtlebot3_example:/home/songdavid/turtlebot3_ws/install/explorer_wanderer:/home/songdavid/turtlebot3_ws/install/explorer_map_utils:/home/songdavid/turtlebot3_ws/install/exploration_pkg:/opt/ros/humble /usr/bin/cmake --install /home/songdavid/ff_ws/build/explorer_interfaces
[1.288s] -- Install configuration: ""
[1.289s] -- Up-to-date: /home/songdavid/ff_ws/install/explorer_interfaces/share/ament_index/resource_index/rosidl_interfaces/explorer_interfaces
[1.289s] -- Up-to-date: /home/songdavid/ff_ws/install/explorer_interfaces/include/explorer_interfaces/explorer_interfaces
[1.289s] -- Up-to-date: /home/songdavid/ff_ws/install/explorer_interfaces/include/explorer_interfaces/explorer_interfaces/msg
[1.289s] -- Up-to-date: /home/songdavid/ff_ws/install/explorer_interfaces/include/explorer_interfaces/explorer_interfaces/msg/rosidl_generator_c__visibility_control.h
[1.289s] -- Up-to-date: /home/songdavid/ff_ws/install/explorer_interfaces/include/explorer_interfaces/explorer_interfaces/action
[1.289s] -- Up-to-date: /home/songdavid/ff_ws/install/explorer_interfaces/include/explorer_interfaces/explorer_interfaces/action/detail
[1.290s] -- Up-to-date: /home/songdavid/ff_ws/install/explorer_interfaces/include/explorer_interfaces/explorer_interfaces/action/detail/wander__functions.c
[1.290s] -- Up-to-date: /home/songdavid/ff_ws/install/explorer_interfaces/include/explorer_interfaces/explorer_interfaces/action/detail/wander__struct.h
[1.290s] -- Up-to-date: /home/songdavid/ff_ws/install/explorer_interfaces/include/explorer_interfaces/explorer_interfaces/action/detail/wander__type_support.h
[1.290s] -- Up-to-date: /home/songdavid/ff_ws/install/explorer_interfaces/include/explorer_interfaces/explorer_interfaces/action/detail/discover__functions.c
[1.290s] -- Up-to-date: /home/songdavid/ff_ws/install/explorer_interfaces/include/explorer_interfaces/explorer_interfaces/action/detail/wander__functions.h
[1.290s] -- Up-to-date: /home/songdavid/ff_ws/install/explorer_interfaces/include/explorer_interfaces/explorer_interfaces/action/detail/discover__struct.h
[1.290s] -- Up-to-date: /home/songdavid/ff_ws/install/explorer_interfaces/include/explorer_interfaces/explorer_interfaces/action/detail/discover__functions.h
[1.291s] -- Up-to-date: /home/songdavid/ff_ws/install/explorer_interfaces/include/explorer_interfaces/explorer_interfaces/action/detail/discover__type_support.h
[1.291s] -- Up-to-date: /home/songdavid/ff_ws/install/explorer_interfaces/include/explorer_interfaces/explorer_interfaces/action/discover.h
[1.291s] -- Up-to-date: /home/songdavid/ff_ws/install/explorer_interfaces/include/explorer_interfaces/explorer_interfaces/action/wander.h
[1.291s] -- Up-to-date: /home/songdavid/ff_ws/install/explorer_interfaces/share/explorer_interfaces/environment/library_path.sh
[1.291s] -- Up-to-date: /home/songdavid/ff_ws/install/explorer_interfaces/share/explorer_interfaces/environment/library_path.dsv
[1.291s] -- Up-to-date: /home/songdavid/ff_ws/install/explorer_interfaces/lib/libexplorer_interfaces__rosidl_generator_c.so
[1.291s] -- Up-to-date: /home/songdavid/ff_ws/install/explorer_interfaces/include/explorer_interfaces/explorer_interfaces
[1.292s] -- Up-to-date: /home/songdavid/ff_ws/install/explorer_interfaces/include/explorer_interfaces/explorer_interfaces/msg
[1.292s] -- Up-to-date: /home/songdavid/ff_ws/install/explorer_interfaces/include/explorer_interfaces/explorer_interfaces/msg/rosidl_typesupport_fastrtps_c__visibility_control.h
[1.292s] -- Up-to-date: /home/songdavid/ff_ws/install/explorer_interfaces/include/explorer_interfaces/explorer_interfaces/action
[1.292s] -- Up-to-date: /home/songdavid/ff_ws/install/explorer_interfaces/include/explorer_interfaces/explorer_interfaces/action/detail
[1.292s] -- Up-to-date: /home/songdavid/ff_ws/install/explorer_interfaces/include/explorer_interfaces/explorer_interfaces/action/detail/discover__rosidl_typesupport_fastrtps_c.h
[1.292s] -- Up-to-date: /home/songdavid/ff_ws/install/explorer_interfaces/include/explorer_interfaces/explorer_interfaces/action/detail/wander__rosidl_typesupport_fastrtps_c.h
[1.292s] -- Up-to-date: /home/songdavid/ff_ws/install/explorer_interfaces/lib/libexplorer_interfaces__rosidl_typesupport_fastrtps_c.so
[1.292s] -- Up-to-date: /home/songdavid/ff_ws/install/explorer_interfaces/include/explorer_interfaces/explorer_interfaces
[1.293s] -- Up-to-date: /home/songdavid/ff_ws/install/explorer_interfaces/include/explorer_interfaces/explorer_interfaces/msg
[1.293s] -- Up-to-date: /home/songdavid/ff_ws/install/explorer_interfaces/include/explorer_interfaces/explorer_interfaces/msg/rosidl_typesupport_introspection_c__visibility_control.h
[1.293s] -- Up-to-date: /home/songdavid/ff_ws/install/explorer_interfaces/include/explorer_interfaces/explorer_interfaces/action
[1.293s] -- Up-to-date: /home/songdavid/ff_ws/install/explorer_interfaces/include/explorer_interfaces/explorer_interfaces/action/detail
[1.293s] -- Up-to-date: /home/songdavid/ff_ws/install/explorer_interfaces/include/explorer_interfaces/explorer_interfaces/action/detail/wander__type_support.c
[1.293s] -- Up-to-date: /home/songdavid/ff_ws/install/explorer_interfaces/include/explorer_interfaces/explorer_interfaces/action/detail/discover__type_support.c
[1.293s] -- Up-to-date: /home/songdavid/ff_ws/install/explorer_interfaces/include/explorer_interfaces/explorer_interfaces/action/detail/wander__rosidl_typesupport_introspection_c.h
[1.294s] -- Up-to-date: /home/songdavid/ff_ws/install/explorer_interfaces/include/explorer_interfaces/explorer_interfaces/action/detail/discover__rosidl_typesupport_introspection_c.h
[1.294s] -- Up-to-date: /home/songdavid/ff_ws/install/explorer_interfaces/lib/libexplorer_interfaces__rosidl_typesupport_introspection_c.so
[1.294s] -- Up-to-date: /home/songdavid/ff_ws/install/explorer_interfaces/lib/libexplorer_interfaces__rosidl_typesupport_c.so
[1.294s] -- Up-to-date: /home/songdavid/ff_ws/install/explorer_interfaces/include/explorer_interfaces/explorer_interfaces
[1.294s] -- Up-to-date: /home/songdavid/ff_ws/install/explorer_interfaces/include/explorer_interfaces/explorer_interfaces/msg
[1.294s] -- Up-to-date: /home/songdavid/ff_ws/install/explorer_interfaces/include/explorer_interfaces/explorer_interfaces/msg/rosidl_generator_cpp__visibility_control.hpp
[1.294s] -- Up-to-date: /home/songdavid/ff_ws/install/explorer_interfaces/include/explorer_interfaces/explorer_interfaces/action
[1.295s] -- Up-to-date: /home/songdavid/ff_ws/install/explorer_interfaces/include/explorer_interfaces/explorer_interfaces/action/discover.hpp
[1.295s] -- Up-to-date: /home/songdavid/ff_ws/install/explorer_interfaces/include/explorer_interfaces/explorer_interfaces/action/detail
[1.295s] -- Up-to-date: /home/songdavid/ff_ws/install/explorer_interfaces/include/explorer_interfaces/explorer_interfaces/action/detail/discover__traits.hpp
[1.295s] -- Up-to-date: /home/songdavid/ff_ws/install/explorer_interfaces/include/explorer_interfaces/explorer_interfaces/action/detail/wander__type_support.hpp
[1.295s] -- Up-to-date: /home/songdavid/ff_ws/install/explorer_interfaces/include/explorer_interfaces/explorer_interfaces/action/detail/wander__traits.hpp
[1.295s] -- Up-to-date: /home/songdavid/ff_ws/install/explorer_interfaces/include/explorer_interfaces/explorer_interfaces/action/detail/discover__struct.hpp
[1.295s] -- Up-to-date: /home/songdavid/ff_ws/install/explorer_interfaces/include/explorer_interfaces/explorer_interfaces/action/detail/discover__builder.hpp
[1.295s] -- Up-to-date: /home/songdavid/ff_ws/install/explorer_interfaces/include/explorer_interfaces/explorer_interfaces/action/detail/wander__struct.hpp
[1.296s] -- Up-to-date: /home/songdavid/ff_ws/install/explorer_interfaces/include/explorer_interfaces/explorer_interfaces/action/detail/discover__type_support.hpp
[1.296s] -- Up-to-date: /home/songdavid/ff_ws/install/explorer_interfaces/include/explorer_interfaces/explorer_interfaces/action/detail/wander__builder.hpp
[1.296s] -- Up-to-date: /home/songdavid/ff_ws/install/explorer_interfaces/include/explorer_interfaces/explorer_interfaces/action/wander.hpp
[1.296s] -- Up-to-date: /home/songdavid/ff_ws/install/explorer_interfaces/include/explorer_interfaces/explorer_interfaces
[1.296s] -- Up-to-date: /home/songdavid/ff_ws/install/explorer_interfaces/include/explorer_interfaces/explorer_interfaces/msg
[1.296s] -- Up-to-date: /home/songdavid/ff_ws/install/explorer_interfaces/include/explorer_interfaces/explorer_interfaces/msg/rosidl_typesupport_fastrtps_cpp__visibility_control.h
[1.296s] -- Up-to-date: /home/songdavid/ff_ws/install/explorer_interfaces/include/explorer_interfaces/explorer_interfaces/action
[1.296s] -- Up-to-date: /home/songdavid/ff_ws/install/explorer_interfaces/include/explorer_interfaces/explorer_interfaces/action/detail
[1.296s] -- Up-to-date: /home/songdavid/ff_ws/install/explorer_interfaces/include/explorer_interfaces/explorer_interfaces/action/detail/wander__rosidl_typesupport_fastrtps_cpp.hpp
[1.297s] -- Up-to-date: /home/songdavid/ff_ws/install/explorer_interfaces/include/explorer_interfaces/explorer_interfaces/action/detail/dds_fastrtps
[1.297s] -- Up-to-date: /home/songdavid/ff_ws/install/explorer_interfaces/include/explorer_interfaces/explorer_interfaces/action/detail/discover__rosidl_typesupport_fastrtps_cpp.hpp
[1.297s] -- Up-to-date: /home/songdavid/ff_ws/install/explorer_interfaces/lib/libexplorer_interfaces__rosidl_typesupport_fastrtps_cpp.so
[1.297s] -- Up-to-date: /home/songdavid/ff_ws/install/explorer_interfaces/include/explorer_interfaces/explorer_interfaces
[1.297s] -- Up-to-date: /home/songdavid/ff_ws/install/explorer_interfaces/include/explorer_interfaces/explorer_interfaces/action
[1.297s] -- Up-to-date: /home/songdavid/ff_ws/install/explorer_interfaces/include/explorer_interfaces/explorer_interfaces/action/detail
[1.297s] -- Up-to-date: /home/songdavid/ff_ws/install/explorer_interfaces/include/explorer_interfaces/explorer_interfaces/action/detail/discover__rosidl_typesupport_introspection_cpp.hpp
[1.297s] -- Up-to-date: /home/songdavid/ff_ws/install/explorer_interfaces/include/explorer_interfaces/explorer_interfaces/action/detail/wander__rosidl_typesupport_introspection_cpp.hpp
[1.297s] -- Up-to-date: /home/songdavid/ff_ws/install/explorer_interfaces/include/explorer_interfaces/explorer_interfaces/action/detail/wander__type_support.cpp
[1.298s] -- Up-to-date: /home/songdavid/ff_ws/install/explorer_interfaces/include/explorer_interfaces/explorer_interfaces/action/detail/discover__type_support.cpp
[1.298s] -- Up-to-date: /home/songdavid/ff_ws/install/explorer_interfaces/lib/libexplorer_interfaces__rosidl_typesupport_introspection_cpp.so
[1.298s] -- Up-to-date: /home/songdavid/ff_ws/install/explorer_interfaces/lib/libexplorer_interfaces__rosidl_typesupport_cpp.so
[1.298s] -- Up-to-date: /home/songdavid/ff_ws/install/explorer_interfaces/share/explorer_interfaces/environment/pythonpath.sh
[1.298s] -- Up-to-date: /home/songdavid/ff_ws/install/explorer_interfaces/share/explorer_interfaces/environment/pythonpath.dsv
[1.298s] -- Up-to-date: /home/songdavid/ff_ws/install/explorer_interfaces/local/lib/python3.10/dist-packages/explorer_interfaces-0.0.0-py3.10.egg-info
[1.298s] -- Installing: /home/songdavid/ff_ws/install/explorer_interfaces/local/lib/python3.10/dist-packages/explorer_interfaces-0.0.0-py3.10.egg-info/SOURCES.txt
[1.298s] -- Installing: /home/songdavid/ff_ws/install/explorer_interfaces/local/lib/python3.10/dist-packages/explorer_interfaces-0.0.0-py3.10.egg-info/PKG-INFO
[1.298s] -- Installing: /home/songdavid/ff_ws/install/explorer_interfaces/local/lib/python3.10/dist-packages/explorer_interfaces-0.0.0-py3.10.egg-info/dependency_links.txt
[1.299s] -- Installing: /home/songdavid/ff_ws/install/explorer_interfaces/local/lib/python3.10/dist-packages/explorer_interfaces-0.0.0-py3.10.egg-info/top_level.txt
[1.299s] -- Up-to-date: /home/songdavid/ff_ws/install/explorer_interfaces/local/lib/python3.10/dist-packages/explorer_interfaces
[1.299s] -- Up-to-date: /home/songdavid/ff_ws/install/explorer_interfaces/local/lib/python3.10/dist-packages/explorer_interfaces/explorer_interfaces_s__rosidl_typesupport_fastrtps_c.cpython-310-x86_64-linux-gnu.so
[1.299s] -- Up-to-date: /home/songdavid/ff_ws/install/explorer_interfaces/local/lib/python3.10/dist-packages/explorer_interfaces/_explorer_interfaces_s.ep.rosidl_typesupport_fastrtps_c.c
[1.299s] -- Up-to-date: /home/songdavid/ff_ws/install/explorer_interfaces/local/lib/python3.10/dist-packages/explorer_interfaces/__init__.py
[1.299s] -- Up-to-date: /home/songdavid/ff_ws/install/explorer_interfaces/local/lib/python3.10/dist-packages/explorer_interfaces/_explorer_interfaces_s.ep.rosidl_typesupport_c.c
[1.299s] -- Up-to-date: /home/songdavid/ff_ws/install/explorer_interfaces/local/lib/python3.10/dist-packages/explorer_interfaces/explorer_interfaces_s__rosidl_typesupport_c.cpython-310-x86_64-linux-gnu.so
[1.299s] -- Up-to-date: /home/songdavid/ff_ws/install/explorer_interfaces/local/lib/python3.10/dist-packages/explorer_interfaces/_explorer_interfaces_s.ep.rosidl_typesupport_introspection_c.c
[1.300s] -- Up-to-date: /home/songdavid/ff_ws/install/explorer_interfaces/local/lib/python3.10/dist-packages/explorer_interfaces/action
[1.300s] -- Up-to-date: /home/songdavid/ff_ws/install/explorer_interfaces/local/lib/python3.10/dist-packages/explorer_interfaces/action/_discover.py
[1.300s] -- Up-to-date: /home/songdavid/ff_ws/install/explorer_interfaces/local/lib/python3.10/dist-packages/explorer_interfaces/action/_wander.py
[1.300s] -- Up-to-date: /home/songdavid/ff_ws/install/explorer_interfaces/local/lib/python3.10/dist-packages/explorer_interfaces/action/__init__.py
[1.300s] -- Up-to-date: /home/songdavid/ff_ws/install/explorer_interfaces/local/lib/python3.10/dist-packages/explorer_interfaces/action/_discover_s.c
[1.300s] -- Up-to-date: /home/songdavid/ff_ws/install/explorer_interfaces/local/lib/python3.10/dist-packages/explorer_interfaces/action/_wander_s.c
[1.300s] -- Up-to-date: /home/songdavid/ff_ws/install/explorer_interfaces/local/lib/python3.10/dist-packages/explorer_interfaces/libexplorer_interfaces__rosidl_generator_py.so
[1.301s] -- Up-to-date: /home/songdavid/ff_ws/install/explorer_interfaces/local/lib/python3.10/dist-packages/explorer_interfaces/explorer_interfaces_s__rosidl_typesupport_introspection_c.cpython-310-x86_64-linux-gnu.so
[1.336s] Listing '/home/songdavid/ff_ws/install/explorer_interfaces/local/lib/python3.10/dist-packages/explorer_interfaces'...
[1.337s] Listing '/home/songdavid/ff_ws/install/explorer_interfaces/local/lib/python3.10/dist-packages/explorer_interfaces/action'...
[1.343s] -- Up-to-date: /home/songdavid/ff_ws/install/explorer_interfaces/local/lib/python3.10/dist-packages/explorer_interfaces/explorer_interfaces_s__rosidl_typesupport_fastrtps_c.cpython-310-x86_64-linux-gnu.so
[1.343s] -- Up-to-date: /home/songdavid/ff_ws/install/explorer_interfaces/local/lib/python3.10/dist-packages/explorer_interfaces/explorer_interfaces_s__rosidl_typesupport_introspection_c.cpython-310-x86_64-linux-gnu.so
[1.344s] -- Up-to-date: /home/songdavid/ff_ws/install/explorer_interfaces/local/lib/python3.10/dist-packages/explorer_interfaces/explorer_interfaces_s__rosidl_typesupport_c.cpython-310-x86_64-linux-gnu.so
[1.344s] -- Up-to-date: /home/songdavid/ff_ws/install/explorer_interfaces/lib/libexplorer_interfaces__rosidl_generator_py.so
[1.344s] -- Up-to-date: /home/songdavid/ff_ws/install/explorer_interfaces/share/explorer_interfaces/action/Wander.idl
[1.344s] -- Up-to-date: /home/songdavid/ff_ws/install/explorer_interfaces/share/explorer_interfaces/action/Discover.idl
[1.345s] -- Up-to-date: /home/songdavid/ff_ws/install/explorer_interfaces/share/explorer_interfaces/action/Wander.action
[1.345s] -- Up-to-date: /home/songdavid/ff_ws/install/explorer_interfaces/share/explorer_interfaces/action/Discover.action
[1.345s] -- Up-to-date: /home/songdavid/ff_ws/install/explorer_interfaces/share/ament_index/resource_index/package_run_dependencies/explorer_interfaces
[1.345s] -- Up-to-date: /home/songdavid/ff_ws/install/explorer_interfaces/share/ament_index/resource_index/parent_prefix_path/explorer_interfaces
[1.345s] -- Up-to-date: /home/songdavid/ff_ws/install/explorer_interfaces/share/explorer_interfaces/environment/ament_prefix_path.sh
[1.345s] -- Up-to-date: /home/songdavid/ff_ws/install/explorer_interfaces/share/explorer_interfaces/environment/ament_prefix_path.dsv
[1.345s] -- Up-to-date: /home/songdavid/ff_ws/install/explorer_interfaces/share/explorer_interfaces/environment/path.sh
[1.346s] -- Up-to-date: /home/songdavid/ff_ws/install/explorer_interfaces/share/explorer_interfaces/environment/path.dsv
[1.346s] -- Up-to-date: /home/songdavid/ff_ws/install/explorer_interfaces/share/explorer_interfaces/local_setup.bash
[1.346s] -- Up-to-date: /home/songdavid/ff_ws/install/explorer_interfaces/share/explorer_interfaces/local_setup.sh
[1.346s] -- Up-to-date: /home/songdavid/ff_ws/install/explorer_interfaces/share/explorer_interfaces/local_setup.zsh
[1.346s] -- Up-to-date: /home/songdavid/ff_ws/install/explorer_interfaces/share/explorer_interfaces/local_setup.dsv
[1.346s] -- Installing: /home/songdavid/ff_ws/install/explorer_interfaces/share/explorer_interfaces/package.dsv
[1.346s] -- Up-to-date: /home/songdavid/ff_ws/install/explorer_interfaces/share/ament_index/resource_index/packages/explorer_interfaces
[1.346s] -- Up-to-date: /home/songdavid/ff_ws/install/explorer_interfaces/share/explorer_interfaces/cmake/export_explorer_interfaces__rosidl_generator_cExport.cmake
[1.347s] -- Up-to-date: /home/songdavid/ff_ws/install/explorer_interfaces/share/explorer_interfaces/cmake/export_explorer_interfaces__rosidl_generator_cExport-noconfig.cmake
[1.347s] -- Up-to-date: /home/songdavid/ff_ws/install/explorer_interfaces/share/explorer_interfaces/cmake/export_explorer_interfaces__rosidl_typesupport_fastrtps_cExport.cmake
[1.347s] -- Up-to-date: /home/songdavid/ff_ws/install/explorer_interfaces/share/explorer_interfaces/cmake/export_explorer_interfaces__rosidl_typesupport_fastrtps_cExport-noconfig.cmake
[1.347s] -- Up-to-date: /home/songdavid/ff_ws/install/explorer_interfaces/share/explorer_interfaces/cmake/explorer_interfaces__rosidl_typesupport_introspection_cExport.cmake
[1.347s] -- Up-to-date: /home/songdavid/ff_ws/install/explorer_interfaces/share/explorer_interfaces/cmake/explorer_interfaces__rosidl_typesupport_introspection_cExport-noconfig.cmake
[1.347s] -- Up-to-date: /home/songdavid/ff_ws/install/explorer_interfaces/share/explorer_interfaces/cmake/explorer_interfaces__rosidl_typesupport_cExport.cmake
[1.347s] -- Up-to-date: /home/songdavid/ff_ws/install/explorer_interfaces/share/explorer_interfaces/cmake/explorer_interfaces__rosidl_typesupport_cExport-noconfig.cmake
[1.347s] -- Up-to-date: /home/songdavid/ff_ws/install/explorer_interfaces/share/explorer_interfaces/cmake/export_explorer_interfaces__rosidl_generator_cppExport.cmake
[1.348s] -- Up-to-date: /home/songdavid/ff_ws/install/explorer_interfaces/share/explorer_interfaces/cmake/export_explorer_interfaces__rosidl_typesupport_fastrtps_cppExport.cmake
[1.348s] -- Up-to-date: /home/songdavid/ff_ws/install/explorer_interfaces/share/explorer_interfaces/cmake/export_explorer_interfaces__rosidl_typesupport_fastrtps_cppExport-noconfig.cmake
[1.348s] -- Up-to-date: /home/songdavid/ff_ws/install/explorer_interfaces/share/explorer_interfaces/cmake/explorer_interfaces__rosidl_typesupport_introspection_cppExport.cmake
[1.348s] -- Up-to-date: /home/songdavid/ff_ws/install/explorer_interfaces/share/explorer_interfaces/cmake/explorer_interfaces__rosidl_typesupport_introspection_cppExport-noconfig.cmake
[1.348s] -- Up-to-date: /home/songdavid/ff_ws/install/explorer_interfaces/share/explorer_interfaces/cmake/explorer_interfaces__rosidl_typesupport_cppExport.cmake
[1.348s] -- Up-to-date: /home/songdavid/ff_ws/install/explorer_interfaces/share/explorer_interfaces/cmake/explorer_interfaces__rosidl_typesupport_cppExport-noconfig.cmake
[1.348s] -- Up-to-date: /home/songdavid/ff_ws/install/explorer_interfaces/share/explorer_interfaces/cmake/export_explorer_interfaces__rosidl_generator_pyExport.cmake
[1.348s] -- Up-to-date: /home/songdavid/ff_ws/install/explorer_interfaces/share/explorer_interfaces/cmake/export_explorer_interfaces__rosidl_generator_pyExport-noconfig.cmake
[1.349s] -- Up-to-date: /home/songdavid/ff_ws/install/explorer_interfaces/share/explorer_interfaces/cmake/rosidl_cmake-extras.cmake
[1.349s] -- Up-to-date: /home/songdavid/ff_ws/install/explorer_interfaces/share/explorer_interfaces/cmake/ament_cmake_export_dependencies-extras.cmake
[1.349s] -- Up-to-date: /home/songdavid/ff_ws/install/explorer_interfaces/share/explorer_interfaces/cmake/ament_cmake_export_include_directories-extras.cmake
[1.349s] -- Up-to-date: /home/songdavid/ff_ws/install/explorer_interfaces/share/explorer_interfaces/cmake/ament_cmake_export_libraries-extras.cmake
[1.349s] -- Up-to-date: /home/songdavid/ff_ws/install/explorer_interfaces/share/explorer_interfaces/cmake/ament_cmake_export_targets-extras.cmake
[1.349s] -- Up-to-date: /home/songdavid/ff_ws/install/explorer_interfaces/share/explorer_interfaces/cmake/rosidl_cmake_export_typesupport_targets-extras.cmake
[1.349s] -- Up-to-date: /home/songdavid/ff_ws/install/explorer_interfaces/share/explorer_interfaces/cmake/rosidl_cmake_export_typesupport_libraries-extras.cmake
[1.349s] -- Up-to-date: /home/songdavid/ff_ws/install/explorer_interfaces/share/explorer_interfaces/cmake/explorer_interfacesConfig.cmake
[1.349s] -- Up-to-date: /home/songdavid/ff_ws/install/explorer_interfaces/share/explorer_interfaces/cmake/explorer_interfacesConfig-version.cmake
[1.350s] -- Up-to-date: /home/songdavid/ff_ws/install/explorer_interfaces/share/explorer_interfaces/package.xml
[1.597s] Invoked command in '/home/songdavid/ff_ws/build/explorer_interfaces' returned '0': CMAKE_PREFIX_PATH=${CMAKE_PREFIX_PATH}:/home/songdavid/turtlebot3_ws/install/explorer_bringup:/home/songdavid/turtlebot3_ws/install/turtlebot3_teleop:/home/songdavid/turtlebot3_ws/install/turtlebot3_example:/home/songdavid/turtlebot3_ws/install/explorer_wanderer:/home/songdavid/turtlebot3_ws/install/explorer_map_utils:/home/songdavid/turtlebot3_ws/install/exploration_pkg:/opt/ros/humble /usr/bin/cmake --install /home/songdavid/ff_ws/build/explorer_interfaces
