[0.041s] Invoking command in '/home/songdavid/ff_ws/build/turtlebot3_description': CMAKE_PREFIX_PATH=${CMAKE_PREFIX_PATH}:/home/songdavid/turtlebot3_ws/install/explorer_bringup:/home/songdavid/turtlebot3_ws/install/turtlebot3_teleop:/home/songdavid/turtlebot3_ws/install/turtlebot3_example:/home/songdavid/turtlebot3_ws/install/explorer_wanderer:/home/songdavid/turtlebot3_ws/install/explorer_map_utils:/home/songdavid/turtlebot3_ws/install/exploration_pkg:/opt/ros/humble /usr/bin/cmake --build /home/songdavid/ff_ws/build/turtlebot3_description -- -j8 -l8
[0.432s] Invoked command in '/home/songdavid/ff_ws/build/turtlebot3_description' returned '0': CMAKE_PREFIX_PATH=${CMAKE_PREFIX_PATH}:/home/songdavid/turtlebot3_ws/install/explorer_bringup:/home/songdavid/turtlebot3_ws/install/turtlebot3_teleop:/home/songdavid/turtlebot3_ws/install/turtlebot3_example:/home/songdavid/turtlebot3_ws/install/explorer_wanderer:/home/songdavid/turtlebot3_ws/install/explorer_map_utils:/home/songdavid/turtlebot3_ws/install/exploration_pkg:/opt/ros/humble /usr/bin/cmake --build /home/songdavid/ff_ws/build/turtlebot3_description -- -j8 -l8
[0.434s] Invoking command in '/home/songdavid/ff_ws/build/turtlebot3_description': CMAKE_PREFIX_PATH=${CMAKE_PREFIX_PATH}:/home/songdavid/turtlebot3_ws/install/explorer_bringup:/home/songdavid/turtlebot3_ws/install/turtlebot3_teleop:/home/songdavid/turtlebot3_ws/install/turtlebot3_example:/home/songdavid/turtlebot3_ws/install/explorer_wanderer:/home/songdavid/turtlebot3_ws/install/explorer_map_utils:/home/songdavid/turtlebot3_ws/install/exploration_pkg:/opt/ros/humble /usr/bin/cmake --install /home/songdavid/ff_ws/build/turtlebot3_description
[0.456s] -- Install configuration: ""
[0.456s] -- Up-to-date: /home/songdavid/ff_ws/install/turtlebot3_description/share/turtlebot3_description/meshes
[0.457s] -- Up-to-date: /home/songdavid/ff_ws/install/turtlebot3_description/share/turtlebot3_description/meshes/wheels
[0.457s] -- Up-to-date: /home/songdavid/ff_ws/install/turtlebot3_description/share/turtlebot3_description/meshes/wheels/left_tire.stl
[0.457s] -- Up-to-date: /home/songdavid/ff_ws/install/turtlebot3_description/share/turtlebot3_description/meshes/wheels/right_tire.stl
[0.457s] -- Up-to-date: /home/songdavid/ff_ws/install/turtlebot3_description/share/turtlebot3_description/meshes/sensors
[0.457s] -- Up-to-date: /home/songdavid/ff_ws/install/turtlebot3_description/share/turtlebot3_description/meshes/sensors/r200.dae
[0.458s] -- Up-to-date: /home/songdavid/ff_ws/install/turtlebot3_description/share/turtlebot3_description/meshes/sensors/lds.stl
[0.458s] -- Up-to-date: /home/songdavid/ff_ws/install/turtlebot3_description/share/turtlebot3_description/meshes/sensors/astra.dae
[0.458s] -- Up-to-date: /home/songdavid/ff_ws/install/turtlebot3_description/share/turtlebot3_description/meshes/sensors/astra.jpg
[0.458s] -- Up-to-date: /home/songdavid/ff_ws/install/turtlebot3_description/share/turtlebot3_description/meshes/sensors/r200.jpg
[0.460s] -- Up-to-date: /home/songdavid/ff_ws/install/turtlebot3_description/share/turtlebot3_description/meshes/bases
[0.460s] -- Up-to-date: /home/songdavid/ff_ws/install/turtlebot3_description/share/turtlebot3_description/meshes/bases/burger_base.stl
[0.460s] -- Up-to-date: /home/songdavid/ff_ws/install/turtlebot3_description/share/turtlebot3_description/meshes/bases/waffle_base.stl
[0.461s] -- Up-to-date: /home/songdavid/ff_ws/install/turtlebot3_description/share/turtlebot3_description/meshes/bases/waffle_pi_base.stl
[0.461s] -- Up-to-date: /home/songdavid/ff_ws/install/turtlebot3_description/share/turtlebot3_description/rviz
[0.461s] -- Up-to-date: /home/songdavid/ff_ws/install/turtlebot3_description/share/turtlebot3_description/rviz/model.rviz
[0.461s] -- Up-to-date: /home/songdavid/ff_ws/install/turtlebot3_description/share/turtlebot3_description/urdf
[0.462s] -- Up-to-date: /home/songdavid/ff_ws/install/turtlebot3_description/share/turtlebot3_description/urdf/common_properties.urdf
[0.462s] -- Up-to-date: /home/songdavid/ff_ws/install/turtlebot3_description/share/turtlebot3_description/urdf/turtlebot3_waffle_pi.urdf
[0.464s] -- Up-to-date: /home/songdavid/ff_ws/install/turtlebot3_description/share/turtlebot3_description/urdf/turtlebot3_waffle.urdf
[0.469s] -- Up-to-date: /home/songdavid/ff_ws/install/turtlebot3_description/share/turtlebot3_description/urdf/turtlebot3_burger.urdf
[0.469s] -- Up-to-date: /home/songdavid/ff_ws/install/turtlebot3_description/share/ament_index/resource_index/package_run_dependencies/turtlebot3_description
[0.470s] -- Up-to-date: /home/songdavid/ff_ws/install/turtlebot3_description/share/ament_index/resource_index/parent_prefix_path/turtlebot3_description
[0.470s] -- Up-to-date: /home/songdavid/ff_ws/install/turtlebot3_description/share/turtlebot3_description/environment/ament_prefix_path.sh
[0.470s] -- Up-to-date: /home/songdavid/ff_ws/install/turtlebot3_description/share/turtlebot3_description/environment/ament_prefix_path.dsv
[0.470s] -- Up-to-date: /home/songdavid/ff_ws/install/turtlebot3_description/share/turtlebot3_description/environment/path.sh
[0.470s] -- Up-to-date: /home/songdavid/ff_ws/install/turtlebot3_description/share/turtlebot3_description/environment/path.dsv
[0.471s] -- Up-to-date: /home/songdavid/ff_ws/install/turtlebot3_description/share/turtlebot3_description/local_setup.bash
[0.471s] -- Up-to-date: /home/songdavid/ff_ws/install/turtlebot3_description/share/turtlebot3_description/local_setup.sh
[0.471s] -- Up-to-date: /home/songdavid/ff_ws/install/turtlebot3_description/share/turtlebot3_description/local_setup.zsh
[0.471s] -- Up-to-date: /home/songdavid/ff_ws/install/turtlebot3_description/share/turtlebot3_description/local_setup.dsv
[0.471s] -- Installing: /home/songdavid/ff_ws/install/turtlebot3_description/share/turtlebot3_description/package.dsv
[0.471s] -- Up-to-date: /home/songdavid/ff_ws/install/turtlebot3_description/share/ament_index/resource_index/packages/turtlebot3_description
[0.472s] -- Up-to-date: /home/songdavid/ff_ws/install/turtlebot3_description/share/turtlebot3_description/cmake/turtlebot3_descriptionConfig.cmake
[0.472s] -- Up-to-date: /home/songdavid/ff_ws/install/turtlebot3_description/share/turtlebot3_description/cmake/turtlebot3_descriptionConfig-version.cmake
[0.472s] -- Up-to-date: /home/songdavid/ff_ws/install/turtlebot3_description/share/turtlebot3_description/package.xml
[0.523s] Invoked command in '/home/songdavid/ff_ws/build/turtlebot3_description' returned '0': CMAKE_PREFIX_PATH=${CMAKE_PREFIX_PATH}:/home/songdavid/turtlebot3_ws/install/explorer_bringup:/home/songdavid/turtlebot3_ws/install/turtlebot3_teleop:/home/songdavid/turtlebot3_ws/install/turtlebot3_example:/home/songdavid/turtlebot3_ws/install/explorer_wanderer:/home/songdavid/turtlebot3_ws/install/explorer_map_utils:/home/songdavid/turtlebot3_ws/install/exploration_pkg:/opt/ros/humble /usr/bin/cmake --install /home/songdavid/ff_ws/build/turtlebot3_description
