[0.571s] Invoking command in '/home/songdavid/ff_ws/build/explorer_gazebo': CMAKE_PREFIX_PATH=${CMAKE_PREFIX_PATH}:/home/songdavid/ff_ws/install/explorer_wanderer:/home/songdavid/ff_ws/install/explorer_map_utils:/home/songdavid/ff_ws/install/explorer_bringup:/home/songdavid/ff_ws/install/autonomous_exploration:/home/songdavid/turtlebot3_ws/install/explorer_bringup:/home/songdavid/turtlebot3_ws/install/turtlebot3_teleop:/home/songdavid/turtlebot3_ws/install/turtlebot3_example:/home/songdavid/turtlebot3_ws/install/explorer_wanderer:/home/songdavid/turtlebot3_ws/install/explorer_map_utils:/home/songdavid/turtlebot3_ws/install/exploration_pkg:/opt/ros/humble /usr/bin/cmake --build /home/songdavid/ff_ws/build/explorer_gazebo -- -j8 -l8
[1.199s] Invoked command in '/home/songdavid/ff_ws/build/explorer_gazebo' returned '0': CMAKE_PREFIX_PATH=${CMAKE_PREFIX_PATH}:/home/songdavid/ff_ws/install/explorer_wanderer:/home/songdavid/ff_ws/install/explorer_map_utils:/home/songdavid/ff_ws/install/explorer_bringup:/home/songdavid/ff_ws/install/autonomous_exploration:/home/songdavid/turtlebot3_ws/install/explorer_bringup:/home/songdavid/turtlebot3_ws/install/turtlebot3_teleop:/home/songdavid/turtlebot3_ws/install/turtlebot3_example:/home/songdavid/turtlebot3_ws/install/explorer_wanderer:/home/songdavid/turtlebot3_ws/install/explorer_map_utils:/home/songdavid/turtlebot3_ws/install/exploration_pkg:/opt/ros/humble /usr/bin/cmake --build /home/songdavid/ff_ws/build/explorer_gazebo -- -j8 -l8
[1.201s] Invoking command in '/home/songdavid/ff_ws/build/explorer_gazebo': CMAKE_PREFIX_PATH=${CMAKE_PREFIX_PATH}:/home/songdavid/ff_ws/install/explorer_wanderer:/home/songdavid/ff_ws/install/explorer_map_utils:/home/songdavid/ff_ws/install/explorer_bringup:/home/songdavid/ff_ws/install/autonomous_exploration:/home/songdavid/turtlebot3_ws/install/explorer_bringup:/home/songdavid/turtlebot3_ws/install/turtlebot3_teleop:/home/songdavid/turtlebot3_ws/install/turtlebot3_example:/home/songdavid/turtlebot3_ws/install/explorer_wanderer:/home/songdavid/turtlebot3_ws/install/explorer_map_utils:/home/songdavid/turtlebot3_ws/install/exploration_pkg:/opt/ros/humble /usr/bin/cmake --install /home/songdavid/ff_ws/build/explorer_gazebo
[1.214s] -- Install configuration: ""
[1.215s] -- Up-to-date: /home/songdavid/ff_ws/install/explorer_gazebo/share/explorer_gazebo//models
[1.215s] -- Up-to-date: /home/songdavid/ff_ws/install/explorer_gazebo/share/explorer_gazebo//models/turtlebot3_burger
[1.215s] -- Up-to-date: /home/songdavid/ff_ws/install/explorer_gazebo/share/explorer_gazebo//models/turtlebot3_burger/model.config
[1.215s] -- Up-to-date: /home/songdavid/ff_ws/install/explorer_gazebo/share/explorer_gazebo//models/turtlebot3_burger/model-1_4.sdf
[1.216s] -- Up-to-date: /home/songdavid/ff_ws/install/explorer_gazebo/share/explorer_gazebo//models/turtlebot3_burger/model.sdf
[1.216s] -- Up-to-date: /home/songdavid/ff_ws/install/explorer_gazebo/share/explorer_gazebo//models/turtlebot3_burger/meshes
[1.216s] -- Up-to-date: /home/songdavid/ff_ws/install/explorer_gazebo/share/explorer_gazebo//models/turtlebot3_burger/meshes/burger_base.dae
[1.216s] -- Up-to-date: /home/songdavid/ff_ws/install/explorer_gazebo/share/explorer_gazebo//models/turtlebot3_burger/meshes/tire.dae
[1.216s] -- Up-to-date: /home/songdavid/ff_ws/install/explorer_gazebo/share/explorer_gazebo//models/turtlebot3_burger/meshes/lds.dae
[1.216s] -- Up-to-date: /home/songdavid/ff_ws/install/explorer_gazebo/share/explorer_gazebo//models/map10
[1.216s] -- Up-to-date: /home/songdavid/ff_ws/install/explorer_gazebo/share/explorer_gazebo//models/map10/map10.sdf
[1.216s] -- Up-to-date: /home/songdavid/ff_ws/install/explorer_gazebo/share/explorer_gazebo//models/map10/model.config
[1.217s] -- Up-to-date: /home/songdavid/ff_ws/install/explorer_gazebo/share/explorer_gazebo//models/map6
[1.217s] -- Up-to-date: /home/songdavid/ff_ws/install/explorer_gazebo/share/explorer_gazebo//models/map6/model.config
[1.217s] -- Up-to-date: /home/songdavid/ff_ws/install/explorer_gazebo/share/explorer_gazebo//models/map6/map6.sdf
[1.217s] -- Up-to-date: /home/songdavid/ff_ws/install/explorer_gazebo/share/explorer_gazebo//models/map2
[1.217s] -- Up-to-date: /home/songdavid/ff_ws/install/explorer_gazebo/share/explorer_gazebo//models/map2/model.config
[1.217s] -- Up-to-date: /home/songdavid/ff_ws/install/explorer_gazebo/share/explorer_gazebo//models/map2/map2.sdf
[1.217s] -- Up-to-date: /home/songdavid/ff_ws/install/explorer_gazebo/share/explorer_gazebo//models/map9
[1.218s] -- Up-to-date: /home/songdavid/ff_ws/install/explorer_gazebo/share/explorer_gazebo//models/map9/model.config
[1.218s] -- Up-to-date: /home/songdavid/ff_ws/install/explorer_gazebo/share/explorer_gazebo//models/map9/map9.sdf
[1.218s] -- Up-to-date: /home/songdavid/ff_ws/install/explorer_gazebo/share/explorer_gazebo//models/map8
[1.219s] -- Up-to-date: /home/songdavid/ff_ws/install/explorer_gazebo/share/explorer_gazebo//models/map8/model.config
[1.219s] -- Up-to-date: /home/songdavid/ff_ws/install/explorer_gazebo/share/explorer_gazebo//models/map8/map8.sdf
[1.220s] -- Up-to-date: /home/songdavid/ff_ws/install/explorer_gazebo/share/explorer_gazebo//models/map5
[1.220s] -- Up-to-date: /home/songdavid/ff_ws/install/explorer_gazebo/share/explorer_gazebo//models/map5/map5.sdf
[1.220s] -- Up-to-date: /home/songdavid/ff_ws/install/explorer_gazebo/share/explorer_gazebo//models/map5/model.config
[1.220s] -- Up-to-date: /home/songdavid/ff_ws/install/explorer_gazebo/share/explorer_gazebo//models/map7
[1.220s] -- Up-to-date: /home/songdavid/ff_ws/install/explorer_gazebo/share/explorer_gazebo//models/map7/model.config
[1.220s] -- Up-to-date: /home/songdavid/ff_ws/install/explorer_gazebo/share/explorer_gazebo//models/map7/map7.sdf
[1.221s] -- Up-to-date: /home/songdavid/ff_ws/install/explorer_gazebo/share/explorer_gazebo//models/map3
[1.221s] -- Up-to-date: /home/songdavid/ff_ws/install/explorer_gazebo/share/explorer_gazebo//models/map3/model.config
[1.221s] -- Up-to-date: /home/songdavid/ff_ws/install/explorer_gazebo/share/explorer_gazebo//models/map3/map3.sdf
[1.221s] -- Up-to-date: /home/songdavid/ff_ws/install/explorer_gazebo/share/explorer_gazebo//models/map1
[1.221s] -- Up-to-date: /home/songdavid/ff_ws/install/explorer_gazebo/share/explorer_gazebo//models/map1/map1.sdf
[1.222s] -- Up-to-date: /home/songdavid/ff_ws/install/explorer_gazebo/share/explorer_gazebo//models/map1/model.config
[1.222s] -- Up-to-date: /home/songdavid/ff_ws/install/explorer_gazebo/share/explorer_gazebo//models/map4
[1.222s] -- Up-to-date: /home/songdavid/ff_ws/install/explorer_gazebo/share/explorer_gazebo//models/map4/map4.sdf
[1.223s] -- Up-to-date: /home/songdavid/ff_ws/install/explorer_gazebo/share/explorer_gazebo//models/map4/model.config
[1.224s] -- Up-to-date: /home/songdavid/ff_ws/install/explorer_gazebo/share/explorer_gazebo//models/map11
[1.225s] -- Up-to-date: /home/songdavid/ff_ws/install/explorer_gazebo/share/explorer_gazebo//models/map11/map11.sdf
[1.225s] -- Up-to-date: /home/songdavid/ff_ws/install/explorer_gazebo/share/explorer_gazebo//models/map11/model.config
[1.225s] -- Up-to-date: /home/songdavid/ff_ws/install/explorer_gazebo/share/explorer_gazebo//worlds
[1.225s] -- Up-to-date: /home/songdavid/ff_ws/install/explorer_gazebo/share/explorer_gazebo//worlds/map2.world
[1.226s] -- Up-to-date: /home/songdavid/ff_ws/install/explorer_gazebo/share/explorer_gazebo//worlds/map8.world.xml
[1.226s] -- Up-to-date: /home/songdavid/ff_ws/install/explorer_gazebo/share/explorer_gazebo//worlds/map9.world.xml
[1.226s] -- Up-to-date: /home/songdavid/ff_ws/install/explorer_gazebo/share/explorer_gazebo//worlds/turtlebot3_house.world.xml
[1.228s] -- Up-to-date: /home/songdavid/ff_ws/install/explorer_gazebo/share/explorer_gazebo//worlds/map2.world.xml
[1.229s] -- Up-to-date: /home/songdavid/ff_ws/install/explorer_gazebo/share/explorer_gazebo//worlds/map7.world.xml
[1.229s] -- Up-to-date: /home/songdavid/ff_ws/install/explorer_gazebo/share/explorer_gazebo//worlds/map11.world.xml
[1.229s] -- Up-to-date: /home/songdavid/ff_ws/install/explorer_gazebo/share/explorer_gazebo//worlds/map3.world.xml
[1.229s] -- Up-to-date: /home/songdavid/ff_ws/install/explorer_gazebo/share/explorer_gazebo//worlds/map5.world.xml
[1.229s] -- Up-to-date: /home/songdavid/ff_ws/install/explorer_gazebo/share/explorer_gazebo//worlds/house.world.xml
[1.230s] -- Up-to-date: /home/songdavid/ff_ws/install/explorer_gazebo/share/explorer_gazebo//worlds/map4.world.xml
[1.230s] -- Up-to-date: /home/songdavid/ff_ws/install/explorer_gazebo/share/explorer_gazebo//worlds/map1.world.xml
[1.230s] -- Up-to-date: /home/songdavid/ff_ws/install/explorer_gazebo/share/explorer_gazebo//worlds/map6.world.xml
[1.230s] -- Up-to-date: /home/songdavid/ff_ws/install/explorer_gazebo/share/explorer_gazebo//worlds/map10.world.xml
[1.230s] -- Up-to-date: /home/songdavid/ff_ws/install/explorer_gazebo/share/explorer_gazebo//maps
[1.230s] -- Up-to-date: /home/songdavid/ff_ws/install/explorer_gazebo/share/explorer_gazebo//maps/map6.csv
[1.230s] -- Up-to-date: /home/songdavid/ff_ws/install/explorer_gazebo/share/explorer_gazebo//maps/map4.csv
[1.230s] -- Up-to-date: /home/songdavid/ff_ws/install/explorer_gazebo/share/explorer_gazebo//maps/map9.csv
[1.231s] -- Up-to-date: /home/songdavid/ff_ws/install/explorer_gazebo/share/explorer_gazebo//maps/map11.csv
[1.231s] -- Up-to-date: /home/songdavid/ff_ws/install/explorer_gazebo/share/explorer_gazebo//maps/map10.csv
[1.231s] -- Up-to-date: /home/songdavid/ff_ws/install/explorer_gazebo/share/explorer_gazebo//maps/map1.csv
[1.231s] -- Up-to-date: /home/songdavid/ff_ws/install/explorer_gazebo/share/explorer_gazebo//maps/map8.csv
[1.231s] -- Up-to-date: /home/songdavid/ff_ws/install/explorer_gazebo/share/explorer_gazebo//maps/map3.csv
[1.231s] -- Up-to-date: /home/songdavid/ff_ws/install/explorer_gazebo/share/explorer_gazebo//maps/map5.csv
[1.231s] -- Up-to-date: /home/songdavid/ff_ws/install/explorer_gazebo/share/explorer_gazebo//maps/map7.csv
[1.231s] -- Up-to-date: /home/songdavid/ff_ws/install/explorer_gazebo/share/explorer_gazebo//maps/map2.csv
[1.232s] -- Up-to-date: /home/songdavid/ff_ws/install/explorer_gazebo/share/ament_index/resource_index/package_run_dependencies/explorer_gazebo
[1.232s] -- Up-to-date: /home/songdavid/ff_ws/install/explorer_gazebo/share/ament_index/resource_index/parent_prefix_path/explorer_gazebo
[1.232s] -- Up-to-date: /home/songdavid/ff_ws/install/explorer_gazebo/share/explorer_gazebo/environment/ament_prefix_path.sh
[1.232s] -- Up-to-date: /home/songdavid/ff_ws/install/explorer_gazebo/share/explorer_gazebo/environment/ament_prefix_path.dsv
[1.232s] -- Up-to-date: /home/songdavid/ff_ws/install/explorer_gazebo/share/explorer_gazebo/environment/path.sh
[1.233s] -- Up-to-date: /home/songdavid/ff_ws/install/explorer_gazebo/share/explorer_gazebo/environment/path.dsv
[1.233s] -- Up-to-date: /home/songdavid/ff_ws/install/explorer_gazebo/share/explorer_gazebo/local_setup.bash
[1.233s] -- Up-to-date: /home/songdavid/ff_ws/install/explorer_gazebo/share/explorer_gazebo/local_setup.sh
[1.234s] -- Up-to-date: /home/songdavid/ff_ws/install/explorer_gazebo/share/explorer_gazebo/local_setup.zsh
[1.234s] -- Up-to-date: /home/songdavid/ff_ws/install/explorer_gazebo/share/explorer_gazebo/local_setup.dsv
[1.234s] -- Installing: /home/songdavid/ff_ws/install/explorer_gazebo/share/explorer_gazebo/package.dsv
[1.234s] -- Up-to-date: /home/songdavid/ff_ws/install/explorer_gazebo/share/ament_index/resource_index/packages/explorer_gazebo
[1.234s] -- Up-to-date: /home/songdavid/ff_ws/install/explorer_gazebo/share/explorer_gazebo/cmake/explorer_gazeboConfig.cmake
[1.235s] -- Up-to-date: /home/songdavid/ff_ws/install/explorer_gazebo/share/explorer_gazebo/cmake/explorer_gazeboConfig-version.cmake
[1.235s] -- Up-to-date: /home/songdavid/ff_ws/install/explorer_gazebo/share/explorer_gazebo/package.xml
[1.250s] Invoked command in '/home/songdavid/ff_ws/build/explorer_gazebo' returned '0': CMAKE_PREFIX_PATH=${CMAKE_PREFIX_PATH}:/home/songdavid/ff_ws/install/explorer_wanderer:/home/songdavid/ff_ws/install/explorer_map_utils:/home/songdavid/ff_ws/install/explorer_bringup:/home/songdavid/ff_ws/install/autonomous_exploration:/home/songdavid/turtlebot3_ws/install/explorer_bringup:/home/songdavid/turtlebot3_ws/install/turtlebot3_teleop:/home/songdavid/turtlebot3_ws/install/turtlebot3_example:/home/songdavid/turtlebot3_ws/install/explorer_wanderer:/home/songdavid/turtlebot3_ws/install/explorer_map_utils:/home/songdavid/turtlebot3_ws/install/exploration_pkg:/opt/ros/humble /usr/bin/cmake --install /home/songdavid/ff_ws/build/explorer_gazebo
