-- Install configuration: ""
-- Up-to-date: /home/songdavid/ff_ws/install/explorer_gazebo/share/explorer_gazebo//models
-- Up-to-date: /home/songdavid/ff_ws/install/explorer_gazebo/share/explorer_gazebo//models/turtlebot3_burger
-- Up-to-date: /home/songdavid/ff_ws/install/explorer_gazebo/share/explorer_gazebo//models/turtlebot3_burger/model.config
-- Up-to-date: /home/songdavid/ff_ws/install/explorer_gazebo/share/explorer_gazebo//models/turtlebot3_burger/model-1_4.sdf
-- Up-to-date: /home/songdavid/ff_ws/install/explorer_gazebo/share/explorer_gazebo//models/turtlebot3_burger/model.sdf
-- Up-to-date: /home/songdavid/ff_ws/install/explorer_gazebo/share/explorer_gazebo//models/turtlebot3_burger/meshes
-- Up-to-date: /home/songdavid/ff_ws/install/explorer_gazebo/share/explorer_gazebo//models/turtlebot3_burger/meshes/burger_base.dae
-- Up-to-date: /home/songdavid/ff_ws/install/explorer_gazebo/share/explorer_gazebo//models/turtlebot3_burger/meshes/tire.dae
-- Up-to-date: /home/songdavid/ff_ws/install/explorer_gazebo/share/explorer_gazebo//models/turtlebot3_burger/meshes/lds.dae
-- Up-to-date: /home/songdavid/ff_ws/install/explorer_gazebo/share/explorer_gazebo//models/map10
-- Up-to-date: /home/songdavid/ff_ws/install/explorer_gazebo/share/explorer_gazebo//models/map10/map10.sdf
-- Up-to-date: /home/songdavid/ff_ws/install/explorer_gazebo/share/explorer_gazebo//models/map10/model.config
-- Up-to-date: /home/songdavid/ff_ws/install/explorer_gazebo/share/explorer_gazebo//models/map6
-- Up-to-date: /home/songdavid/ff_ws/install/explorer_gazebo/share/explorer_gazebo//models/map6/model.config
-- Up-to-date: /home/songdavid/ff_ws/install/explorer_gazebo/share/explorer_gazebo//models/map6/map6.sdf
-- Up-to-date: /home/songdavid/ff_ws/install/explorer_gazebo/share/explorer_gazebo//models/map2
-- Up-to-date: /home/songdavid/ff_ws/install/explorer_gazebo/share/explorer_gazebo//models/map2/model.config
-- Up-to-date: /home/songdavid/ff_ws/install/explorer_gazebo/share/explorer_gazebo//models/map2/map2.sdf
-- Up-to-date: /home/songdavid/ff_ws/install/explorer_gazebo/share/explorer_gazebo//models/map9
-- Up-to-date: /home/songdavid/ff_ws/install/explorer_gazebo/share/explorer_gazebo//models/map9/model.config
-- Up-to-date: /home/songdavid/ff_ws/install/explorer_gazebo/share/explorer_gazebo//models/map9/map9.sdf
-- Up-to-date: /home/songdavid/ff_ws/install/explorer_gazebo/share/explorer_gazebo//models/map8
-- Up-to-date: /home/songdavid/ff_ws/install/explorer_gazebo/share/explorer_gazebo//models/map8/model.config
-- Up-to-date: /home/songdavid/ff_ws/install/explorer_gazebo/share/explorer_gazebo//models/map8/map8.sdf
-- Up-to-date: /home/songdavid/ff_ws/install/explorer_gazebo/share/explorer_gazebo//models/map5
-- Up-to-date: /home/songdavid/ff_ws/install/explorer_gazebo/share/explorer_gazebo//models/map5/map5.sdf
-- Up-to-date: /home/songdavid/ff_ws/install/explorer_gazebo/share/explorer_gazebo//models/map5/model.config
-- Up-to-date: /home/songdavid/ff_ws/install/explorer_gazebo/share/explorer_gazebo//models/map7
-- Up-to-date: /home/songdavid/ff_ws/install/explorer_gazebo/share/explorer_gazebo//models/map7/model.config
-- Up-to-date: /home/songdavid/ff_ws/install/explorer_gazebo/share/explorer_gazebo//models/map7/map7.sdf
-- Up-to-date: /home/songdavid/ff_ws/install/explorer_gazebo/share/explorer_gazebo//models/map3
-- Up-to-date: /home/songdavid/ff_ws/install/explorer_gazebo/share/explorer_gazebo//models/map3/model.config
-- Up-to-date: /home/songdavid/ff_ws/install/explorer_gazebo/share/explorer_gazebo//models/map3/map3.sdf
-- Up-to-date: /home/songdavid/ff_ws/install/explorer_gazebo/share/explorer_gazebo//models/map1
-- Up-to-date: /home/songdavid/ff_ws/install/explorer_gazebo/share/explorer_gazebo//models/map1/map1.sdf
-- Up-to-date: /home/songdavid/ff_ws/install/explorer_gazebo/share/explorer_gazebo//models/map1/model.config
-- Up-to-date: /home/songdavid/ff_ws/install/explorer_gazebo/share/explorer_gazebo//models/map4
-- Up-to-date: /home/songdavid/ff_ws/install/explorer_gazebo/share/explorer_gazebo//models/map4/map4.sdf
-- Up-to-date: /home/songdavid/ff_ws/install/explorer_gazebo/share/explorer_gazebo//models/map4/model.config
-- Up-to-date: /home/songdavid/ff_ws/install/explorer_gazebo/share/explorer_gazebo//models/map11
-- Up-to-date: /home/songdavid/ff_ws/install/explorer_gazebo/share/explorer_gazebo//models/map11/map11.sdf
-- Up-to-date: /home/songdavid/ff_ws/install/explorer_gazebo/share/explorer_gazebo//models/map11/model.config
-- Up-to-date: /home/songdavid/ff_ws/install/explorer_gazebo/share/explorer_gazebo//worlds
-- Up-to-date: /home/songdavid/ff_ws/install/explorer_gazebo/share/explorer_gazebo//worlds/map2.world
-- Up-to-date: /home/songdavid/ff_ws/install/explorer_gazebo/share/explorer_gazebo//worlds/map8.world.xml
-- Up-to-date: /home/songdavid/ff_ws/install/explorer_gazebo/share/explorer_gazebo//worlds/map9.world.xml
-- Up-to-date: /home/songdavid/ff_ws/install/explorer_gazebo/share/explorer_gazebo//worlds/turtlebot3_house.world.xml
-- Up-to-date: /home/songdavid/ff_ws/install/explorer_gazebo/share/explorer_gazebo//worlds/map2.world.xml
-- Up-to-date: /home/songdavid/ff_ws/install/explorer_gazebo/share/explorer_gazebo//worlds/map7.world.xml
-- Up-to-date: /home/songdavid/ff_ws/install/explorer_gazebo/share/explorer_gazebo//worlds/map11.world.xml
-- Up-to-date: /home/songdavid/ff_ws/install/explorer_gazebo/share/explorer_gazebo//worlds/map3.world.xml
-- Up-to-date: /home/songdavid/ff_ws/install/explorer_gazebo/share/explorer_gazebo//worlds/map5.world.xml
-- Up-to-date: /home/songdavid/ff_ws/install/explorer_gazebo/share/explorer_gazebo//worlds/house.world.xml
-- Up-to-date: /home/songdavid/ff_ws/install/explorer_gazebo/share/explorer_gazebo//worlds/map4.world.xml
-- Up-to-date: /home/songdavid/ff_ws/install/explorer_gazebo/share/explorer_gazebo//worlds/map1.world.xml
-- Up-to-date: /home/songdavid/ff_ws/install/explorer_gazebo/share/explorer_gazebo//worlds/map6.world.xml
-- Up-to-date: /home/songdavid/ff_ws/install/explorer_gazebo/share/explorer_gazebo//worlds/map10.world.xml
-- Up-to-date: /home/songdavid/ff_ws/install/explorer_gazebo/share/explorer_gazebo//maps
-- Up-to-date: /home/songdavid/ff_ws/install/explorer_gazebo/share/explorer_gazebo//maps/map6.csv
-- Up-to-date: /home/songdavid/ff_ws/install/explorer_gazebo/share/explorer_gazebo//maps/map4.csv
-- Up-to-date: /home/songdavid/ff_ws/install/explorer_gazebo/share/explorer_gazebo//maps/map9.csv
-- Up-to-date: /home/songdavid/ff_ws/install/explorer_gazebo/share/explorer_gazebo//maps/map11.csv
-- Up-to-date: /home/songdavid/ff_ws/install/explorer_gazebo/share/explorer_gazebo//maps/map10.csv
-- Up-to-date: /home/songdavid/ff_ws/install/explorer_gazebo/share/explorer_gazebo//maps/map1.csv
-- Up-to-date: /home/songdavid/ff_ws/install/explorer_gazebo/share/explorer_gazebo//maps/map8.csv
-- Up-to-date: /home/songdavid/ff_ws/install/explorer_gazebo/share/explorer_gazebo//maps/map3.csv
-- Up-to-date: /home/songdavid/ff_ws/install/explorer_gazebo/share/explorer_gazebo//maps/map5.csv
-- Up-to-date: /home/songdavid/ff_ws/install/explorer_gazebo/share/explorer_gazebo//maps/map7.csv
-- Up-to-date: /home/songdavid/ff_ws/install/explorer_gazebo/share/explorer_gazebo//maps/map2.csv
-- Up-to-date: /home/songdavid/ff_ws/install/explorer_gazebo/share/ament_index/resource_index/package_run_dependencies/explorer_gazebo
-- Up-to-date: /home/songdavid/ff_ws/install/explorer_gazebo/share/ament_index/resource_index/parent_prefix_path/explorer_gazebo
-- Up-to-date: /home/songdavid/ff_ws/install/explorer_gazebo/share/explorer_gazebo/environment/ament_prefix_path.sh
-- Up-to-date: /home/songdavid/ff_ws/install/explorer_gazebo/share/explorer_gazebo/environment/ament_prefix_path.dsv
-- Up-to-date: /home/songdavid/ff_ws/install/explorer_gazebo/share/explorer_gazebo/environment/path.sh
-- Up-to-date: /home/songdavid/ff_ws/install/explorer_gazebo/share/explorer_gazebo/environment/path.dsv
-- Up-to-date: /home/songdavid/ff_ws/install/explorer_gazebo/share/explorer_gazebo/local_setup.bash
-- Up-to-date: /home/songdavid/ff_ws/install/explorer_gazebo/share/explorer_gazebo/local_setup.sh
-- Up-to-date: /home/songdavid/ff_ws/install/explorer_gazebo/share/explorer_gazebo/local_setup.zsh
-- Up-to-date: /home/songdavid/ff_ws/install/explorer_gazebo/share/explorer_gazebo/local_setup.dsv
-- Up-to-date: /home/songdavid/ff_ws/install/explorer_gazebo/share/explorer_gazebo/package.dsv
-- Up-to-date: /home/songdavid/ff_ws/install/explorer_gazebo/share/ament_index/resource_index/packages/explorer_gazebo
-- Up-to-date: /home/songdavid/ff_ws/install/explorer_gazebo/share/explorer_gazebo/cmake/explorer_gazeboConfig.cmake
-- Up-to-date: /home/songdavid/ff_ws/install/explorer_gazebo/share/explorer_gazebo/cmake/explorer_gazeboConfig-version.cmake
-- Up-to-date: /home/songdavid/ff_ws/install/explorer_gazebo/share/explorer_gazebo/package.xml
