[0.073s] Invoking command in '/home/songdavid/ff_ws/build/dynamixel_sdk': CMAKE_PREFIX_PATH=${CMAKE_PREFIX_PATH}:/home/songdavid/turtlebot3_ws/install/explorer_bringup:/home/songdavid/turtlebot3_ws/install/turtlebot3_teleop:/home/songdavid/turtlebot3_ws/install/turtlebot3_example:/home/songdavid/turtlebot3_ws/install/explorer_wanderer:/home/songdavid/turtlebot3_ws/install/explorer_map_utils:/home/songdavid/turtlebot3_ws/install/exploration_pkg:/opt/ros/humble /usr/bin/cmake /home/songdavid/ff_ws/src/DynamixelSDK/ros/dynamixel_sdk -DCMAKE_INSTALL_PREFIX=/home/songdavid/ff_ws/install/dynamixel_sdk
[0.848s] -- The C compiler identification is GNU 11.4.0
[0.848s] -- The CXX compiler identification is GNU 11.4.0
[0.848s] -- Detecting C compiler ABI info
[0.848s] -- Detecting C compiler ABI info - done
[0.848s] -- Check for working C compiler: /usr/bin/cc - skipped
[0.848s] -- Detecting C compile features
[0.848s] -- Detecting C compile features - done
[0.848s] -- Detecting CXX compiler ABI info
[0.946s] -- Detecting CXX compiler ABI info - done
[0.978s] -- Check for working CXX compiler: /usr/bin/c++ - skipped
[0.979s] -- Detecting CXX compile features
[0.979s] -- Detecting CXX compile features - done
[1.030s] -- Found ament_cmake: 1.3.11 (/opt/ros/humble/share/ament_cmake/cmake)
[1.469s] -- Found Python3: /usr/bin/python3 (found version "3.10.12") found components: Interpreter 
[2.236s] -- Configuring done
[2.272s] -- Generating done
[2.302s] -- Build files have been written to: /home/songdavid/ff_ws/build/dynamixel_sdk
[3.177s] Invoked command in '/home/songdavid/ff_ws/build/dynamixel_sdk' returned '0': CMAKE_PREFIX_PATH=${CMAKE_PREFIX_PATH}:/home/songdavid/turtlebot3_ws/install/explorer_bringup:/home/songdavid/turtlebot3_ws/install/turtlebot3_teleop:/home/songdavid/turtlebot3_ws/install/turtlebot3_example:/home/songdavid/turtlebot3_ws/install/explorer_wanderer:/home/songdavid/turtlebot3_ws/install/explorer_map_utils:/home/songdavid/turtlebot3_ws/install/exploration_pkg:/opt/ros/humble /usr/bin/cmake /home/songdavid/ff_ws/src/DynamixelSDK/ros/dynamixel_sdk -DCMAKE_INSTALL_PREFIX=/home/songdavid/ff_ws/install/dynamixel_sdk
[3.182s] Invoking command in '/home/songdavid/ff_ws/build/dynamixel_sdk': CMAKE_PREFIX_PATH=${CMAKE_PREFIX_PATH}:/home/songdavid/turtlebot3_ws/install/explorer_bringup:/home/songdavid/turtlebot3_ws/install/turtlebot3_teleop:/home/songdavid/turtlebot3_ws/install/turtlebot3_example:/home/songdavid/turtlebot3_ws/install/explorer_wanderer:/home/songdavid/turtlebot3_ws/install/explorer_map_utils:/home/songdavid/turtlebot3_ws/install/exploration_pkg:/opt/ros/humble /usr/bin/cmake --build /home/songdavid/ff_ws/build/dynamixel_sdk -- -j8 -l8
[3.314s] [  7%] [32mBuilding CXX object CMakeFiles/dynamixel_sdk.dir/src/dynamixel_sdk/protocol1_packet_handler.cpp.o[0m
[3.314s] [ 15%] [32mBuilding CXX object CMakeFiles/dynamixel_sdk.dir/src/dynamixel_sdk/packet_handler.cpp.o[0m
[3.321s] [ 23%] [32mBuilding CXX object CMakeFiles/dynamixel_sdk.dir/src/dynamixel_sdk/protocol2_packet_handler.cpp.o[0m
[3.330s] [ 30%] [32mBuilding CXX object CMakeFiles/dynamixel_sdk.dir/src/dynamixel_sdk/group_sync_write.cpp.o[0m
[3.330s] [ 38%] [32mBuilding CXX object CMakeFiles/dynamixel_sdk.dir/src/dynamixel_sdk/group_sync_read.cpp.o[0m
[3.345s] [ 46%] [32mBuilding CXX object CMakeFiles/dynamixel_sdk.dir/src/dynamixel_sdk/group_bulk_write.cpp.o[0m
[3.354s] [ 53%] [32mBuilding CXX object CMakeFiles/dynamixel_sdk.dir/src/dynamixel_sdk/group_bulk_read.cpp.o[0m
[3.366s] [ 53%] Built target ament_cmake_python_copy_dynamixel_sdk
[3.422s] [ 61%] [32mBuilding CXX object CMakeFiles/dynamixel_sdk.dir/src/dynamixel_sdk/group_fast_bulk_read.cpp.o[0m
[4.212s] [ 69%] [32mBuilding CXX object CMakeFiles/dynamixel_sdk.dir/src/dynamixel_sdk/group_fast_sync_read.cpp.o[0m
[4.721s] [ 76%] [32mBuilding CXX object CMakeFiles/dynamixel_sdk.dir/src/dynamixel_sdk/group_handler.cpp.o[0m
[5.666s] [ 84%] [32mBuilding CXX object CMakeFiles/dynamixel_sdk.dir/src/dynamixel_sdk/port_handler.cpp.o[0m
[5.761s] [ 92%] [32mBuilding CXX object CMakeFiles/dynamixel_sdk.dir/src/dynamixel_sdk/port_handler_linux.cpp.o[0m
[6.286s] running egg_info
[6.286s] creating dynamixel_sdk.egg-info
[6.287s] writing dynamixel_sdk.egg-info/PKG-INFO
[6.287s] writing dependency_links to dynamixel_sdk.egg-info/dependency_links.txt
[6.288s] writing top-level names to dynamixel_sdk.egg-info/top_level.txt
[6.288s] writing manifest file 'dynamixel_sdk.egg-info/SOURCES.txt'
[6.308s] reading manifest file 'dynamixel_sdk.egg-info/SOURCES.txt'
[6.312s] writing manifest file 'dynamixel_sdk.egg-info/SOURCES.txt'
[6.417s] [ 92%] Built target ament_cmake_python_build_dynamixel_sdk_egg
[6.585s] [100%] [32m[1mLinking CXX shared library libdynamixel_sdk.so[0m
[6.836s] [100%] Built target dynamixel_sdk
[6.863s] Invoked command in '/home/songdavid/ff_ws/build/dynamixel_sdk' returned '0': CMAKE_PREFIX_PATH=${CMAKE_PREFIX_PATH}:/home/songdavid/turtlebot3_ws/install/explorer_bringup:/home/songdavid/turtlebot3_ws/install/turtlebot3_teleop:/home/songdavid/turtlebot3_ws/install/turtlebot3_example:/home/songdavid/turtlebot3_ws/install/explorer_wanderer:/home/songdavid/turtlebot3_ws/install/explorer_map_utils:/home/songdavid/turtlebot3_ws/install/exploration_pkg:/opt/ros/humble /usr/bin/cmake --build /home/songdavid/ff_ws/build/dynamixel_sdk -- -j8 -l8
[6.867s] Invoking command in '/home/songdavid/ff_ws/build/dynamixel_sdk': CMAKE_PREFIX_PATH=${CMAKE_PREFIX_PATH}:/home/songdavid/turtlebot3_ws/install/explorer_bringup:/home/songdavid/turtlebot3_ws/install/turtlebot3_teleop:/home/songdavid/turtlebot3_ws/install/turtlebot3_example:/home/songdavid/turtlebot3_ws/install/explorer_wanderer:/home/songdavid/turtlebot3_ws/install/explorer_map_utils:/home/songdavid/turtlebot3_ws/install/exploration_pkg:/opt/ros/humble /usr/bin/cmake --install /home/songdavid/ff_ws/build/dynamixel_sdk
[6.883s] -- Install configuration: ""
[6.884s] -- Installing: /home/songdavid/ff_ws/install/dynamixel_sdk/include/
[6.885s] -- Installing: /home/songdavid/ff_ws/install/dynamixel_sdk/include//dynamixel_sdk
[6.887s] -- Installing: /home/songdavid/ff_ws/install/dynamixel_sdk/include//dynamixel_sdk/port_handler.h
[6.888s] -- Installing: /home/songdavid/ff_ws/install/dynamixel_sdk/include//dynamixel_sdk/dynamixel_sdk.h
[6.888s] -- Installing: /home/songdavid/ff_ws/install/dynamixel_sdk/include//dynamixel_sdk/packet_handler.h
[6.889s] -- Installing: /home/songdavid/ff_ws/install/dynamixel_sdk/include//dynamixel_sdk/port_handler_windows.h
[6.890s] -- Installing: /home/songdavid/ff_ws/install/dynamixel_sdk/include//dynamixel_sdk/protocol2_packet_handler.h
[6.891s] -- Installing: /home/songdavid/ff_ws/install/dynamixel_sdk/include//dynamixel_sdk/group_fast_sync_read.h
[6.891s] -- Installing: /home/songdavid/ff_ws/install/dynamixel_sdk/include//dynamixel_sdk/group_bulk_write.h
[6.891s] -- Installing: /home/songdavid/ff_ws/install/dynamixel_sdk/include//dynamixel_sdk/group_bulk_read.h
[6.891s] -- Installing: /home/songdavid/ff_ws/install/dynamixel_sdk/include//dynamixel_sdk/protocol1_packet_handler.h
[6.891s] -- Installing: /home/songdavid/ff_ws/install/dynamixel_sdk/include//dynamixel_sdk/port_handler_mac.h
[6.891s] -- Installing: /home/songdavid/ff_ws/install/dynamixel_sdk/include//dynamixel_sdk/group_fast_bulk_read.h
[6.892s] -- Installing: /home/songdavid/ff_ws/install/dynamixel_sdk/include//dynamixel_sdk/group_sync_write.h
[6.892s] -- Installing: /home/songdavid/ff_ws/install/dynamixel_sdk/include//dynamixel_sdk/port_handler_arduino.h
[6.892s] -- Installing: /home/songdavid/ff_ws/install/dynamixel_sdk/include//dynamixel_sdk/port_handler_linux.h
[6.892s] -- Installing: /home/songdavid/ff_ws/install/dynamixel_sdk/include//dynamixel_sdk/group_sync_read.h
[6.892s] -- Installing: /home/songdavid/ff_ws/install/dynamixel_sdk/include//dynamixel_sdk/group_handler.h
[6.892s] -- Installing: /home/songdavid/ff_ws/install/dynamixel_sdk/lib/libdynamixel_sdk.so
[6.893s] -- Installing: /home/songdavid/ff_ws/install/dynamixel_sdk/share/dynamixel_sdk/environment/pythonpath.sh
[6.893s] -- Installing: /home/songdavid/ff_ws/install/dynamixel_sdk/share/dynamixel_sdk/environment/pythonpath.dsv
[6.893s] -- Installing: /home/songdavid/ff_ws/install/dynamixel_sdk/local/lib/python3.10/dist-packages/dynamixel_sdk-3.8.3-py3.10.egg-info
[6.893s] -- Installing: /home/songdavid/ff_ws/install/dynamixel_sdk/local/lib/python3.10/dist-packages/dynamixel_sdk-3.8.3-py3.10.egg-info/SOURCES.txt
[6.894s] -- Installing: /home/songdavid/ff_ws/install/dynamixel_sdk/local/lib/python3.10/dist-packages/dynamixel_sdk-3.8.3-py3.10.egg-info/PKG-INFO
[6.894s] -- Installing: /home/songdavid/ff_ws/install/dynamixel_sdk/local/lib/python3.10/dist-packages/dynamixel_sdk-3.8.3-py3.10.egg-info/dependency_links.txt
[6.894s] -- Installing: /home/songdavid/ff_ws/install/dynamixel_sdk/local/lib/python3.10/dist-packages/dynamixel_sdk-3.8.3-py3.10.egg-info/top_level.txt
[6.894s] -- Installing: /home/songdavid/ff_ws/install/dynamixel_sdk/local/lib/python3.10/dist-packages/dynamixel_sdk
[6.895s] -- Installing: /home/songdavid/ff_ws/install/dynamixel_sdk/local/lib/python3.10/dist-packages/dynamixel_sdk/port_handler_arduino.cpp
[6.895s] -- Installing: /home/songdavid/ff_ws/install/dynamixel_sdk/local/lib/python3.10/dist-packages/dynamixel_sdk/group_sync_write.py
[6.895s] -- Installing: /home/songdavid/ff_ws/install/dynamixel_sdk/local/lib/python3.10/dist-packages/dynamixel_sdk/group_bulk_write.py
[6.895s] -- Installing: /home/songdavid/ff_ws/install/dynamixel_sdk/local/lib/python3.10/dist-packages/dynamixel_sdk/group_sync_write.cpp
[6.895s] -- Installing: /home/songdavid/ff_ws/install/dynamixel_sdk/local/lib/python3.10/dist-packages/dynamixel_sdk/group_bulk_read.py
[6.896s] -- Installing: /home/songdavid/ff_ws/install/dynamixel_sdk/local/lib/python3.10/dist-packages/dynamixel_sdk/group_handler.cpp
[6.896s] -- Installing: /home/songdavid/ff_ws/install/dynamixel_sdk/local/lib/python3.10/dist-packages/dynamixel_sdk/protocol1_packet_handler.cpp
[6.896s] -- Installing: /home/songdavid/ff_ws/install/dynamixel_sdk/local/lib/python3.10/dist-packages/dynamixel_sdk/protocol1_packet_handler.py
[6.896s] -- Installing: /home/songdavid/ff_ws/install/dynamixel_sdk/local/lib/python3.10/dist-packages/dynamixel_sdk/packet_handler.cpp
[6.896s] -- Installing: /home/songdavid/ff_ws/install/dynamixel_sdk/local/lib/python3.10/dist-packages/dynamixel_sdk/protocol2_packet_handler.py
[6.896s] -- Installing: /home/songdavid/ff_ws/install/dynamixel_sdk/local/lib/python3.10/dist-packages/dynamixel_sdk/group_fast_bulk_read.cpp
[6.897s] -- Installing: /home/songdavid/ff_ws/install/dynamixel_sdk/local/lib/python3.10/dist-packages/dynamixel_sdk/group_fast_sync_read.cpp
[6.897s] -- Installing: /home/songdavid/ff_ws/install/dynamixel_sdk/local/lib/python3.10/dist-packages/dynamixel_sdk/group_bulk_write.cpp
[6.897s] -- Installing: /home/songdavid/ff_ws/install/dynamixel_sdk/local/lib/python3.10/dist-packages/dynamixel_sdk/port_handler.cpp
[6.897s] -- Installing: /home/songdavid/ff_ws/install/dynamixel_sdk/local/lib/python3.10/dist-packages/dynamixel_sdk/port_handler_windows.cpp
[6.897s] -- Installing: /home/songdavid/ff_ws/install/dynamixel_sdk/local/lib/python3.10/dist-packages/dynamixel_sdk/protocol2_packet_handler.cpp
[6.898s] -- Installing: /home/songdavid/ff_ws/install/dynamixel_sdk/local/lib/python3.10/dist-packages/dynamixel_sdk/group_sync_read.cpp
[6.898s] -- Installing: /home/songdavid/ff_ws/install/dynamixel_sdk/local/lib/python3.10/dist-packages/dynamixel_sdk/group_bulk_read.cpp
[6.898s] -- Installing: /home/songdavid/ff_ws/install/dynamixel_sdk/local/lib/python3.10/dist-packages/dynamixel_sdk/__init__.py
[6.898s] -- Installing: /home/songdavid/ff_ws/install/dynamixel_sdk/local/lib/python3.10/dist-packages/dynamixel_sdk/robotis_def.py
[6.899s] -- Installing: /home/songdavid/ff_ws/install/dynamixel_sdk/local/lib/python3.10/dist-packages/dynamixel_sdk/packet_handler.py
[6.899s] -- Installing: /home/songdavid/ff_ws/install/dynamixel_sdk/local/lib/python3.10/dist-packages/dynamixel_sdk/port_handler_mac.cpp
[6.899s] -- Installing: /home/songdavid/ff_ws/install/dynamixel_sdk/local/lib/python3.10/dist-packages/dynamixel_sdk/port_handler_linux.cpp
[6.899s] -- Installing: /home/songdavid/ff_ws/install/dynamixel_sdk/local/lib/python3.10/dist-packages/dynamixel_sdk/port_handler.py
[6.900s] -- Installing: /home/songdavid/ff_ws/install/dynamixel_sdk/local/lib/python3.10/dist-packages/dynamixel_sdk/group_sync_read.py
[6.994s] Listing '/home/songdavid/ff_ws/install/dynamixel_sdk/local/lib/python3.10/dist-packages/dynamixel_sdk'...
[6.994s] Compiling '/home/songdavid/ff_ws/install/dynamixel_sdk/local/lib/python3.10/dist-packages/dynamixel_sdk/__init__.py'...
[6.995s] Compiling '/home/songdavid/ff_ws/install/dynamixel_sdk/local/lib/python3.10/dist-packages/dynamixel_sdk/group_bulk_read.py'...
[6.995s] Compiling '/home/songdavid/ff_ws/install/dynamixel_sdk/local/lib/python3.10/dist-packages/dynamixel_sdk/group_bulk_write.py'...
[6.995s] Compiling '/home/songdavid/ff_ws/install/dynamixel_sdk/local/lib/python3.10/dist-packages/dynamixel_sdk/group_sync_read.py'...
[6.995s] Compiling '/home/songdavid/ff_ws/install/dynamixel_sdk/local/lib/python3.10/dist-packages/dynamixel_sdk/group_sync_write.py'...
[6.995s] Compiling '/home/songdavid/ff_ws/install/dynamixel_sdk/local/lib/python3.10/dist-packages/dynamixel_sdk/packet_handler.py'...
[6.995s] Compiling '/home/songdavid/ff_ws/install/dynamixel_sdk/local/lib/python3.10/dist-packages/dynamixel_sdk/port_handler.py'...
[6.995s] Compiling '/home/songdavid/ff_ws/install/dynamixel_sdk/local/lib/python3.10/dist-packages/dynamixel_sdk/protocol1_packet_handler.py'...
[6.996s] Compiling '/home/songdavid/ff_ws/install/dynamixel_sdk/local/lib/python3.10/dist-packages/dynamixel_sdk/protocol2_packet_handler.py'...
[6.996s] Compiling '/home/songdavid/ff_ws/install/dynamixel_sdk/local/lib/python3.10/dist-packages/dynamixel_sdk/robotis_def.py'...
[7.007s] -- Installing: /home/songdavid/ff_ws/install/dynamixel_sdk/share/dynamixel_sdk/environment/library_path.sh
[7.008s] -- Installing: /home/songdavid/ff_ws/install/dynamixel_sdk/share/dynamixel_sdk/environment/library_path.dsv
[7.008s] -- Installing: /home/songdavid/ff_ws/install/dynamixel_sdk/share/ament_index/resource_index/package_run_dependencies/dynamixel_sdk
[7.008s] -- Installing: /home/songdavid/ff_ws/install/dynamixel_sdk/share/ament_index/resource_index/parent_prefix_path/dynamixel_sdk
[7.008s] -- Installing: /home/songdavid/ff_ws/install/dynamixel_sdk/share/dynamixel_sdk/environment/ament_prefix_path.sh
[7.008s] -- Installing: /home/songdavid/ff_ws/install/dynamixel_sdk/share/dynamixel_sdk/environment/ament_prefix_path.dsv
[7.009s] -- Installing: /home/songdavid/ff_ws/install/dynamixel_sdk/share/dynamixel_sdk/environment/path.sh
[7.009s] -- Installing: /home/songdavid/ff_ws/install/dynamixel_sdk/share/dynamixel_sdk/environment/path.dsv
[7.009s] -- Installing: /home/songdavid/ff_ws/install/dynamixel_sdk/share/dynamixel_sdk/local_setup.bash
[7.009s] -- Installing: /home/songdavid/ff_ws/install/dynamixel_sdk/share/dynamixel_sdk/local_setup.sh
[7.010s] -- Installing: /home/songdavid/ff_ws/install/dynamixel_sdk/share/dynamixel_sdk/local_setup.zsh
[7.010s] -- Installing: /home/songdavid/ff_ws/install/dynamixel_sdk/share/dynamixel_sdk/local_setup.dsv
[7.010s] -- Installing: /home/songdavid/ff_ws/install/dynamixel_sdk/share/dynamixel_sdk/package.dsv
[7.010s] -- Installing: /home/songdavid/ff_ws/install/dynamixel_sdk/share/ament_index/resource_index/packages/dynamixel_sdk
[7.011s] -- Installing: /home/songdavid/ff_ws/install/dynamixel_sdk/share/dynamixel_sdk/cmake/ament_cmake_export_include_directories-extras.cmake
[7.011s] -- Installing: /home/songdavid/ff_ws/install/dynamixel_sdk/share/dynamixel_sdk/cmake/ament_cmake_export_libraries-extras.cmake
[7.011s] -- Installing: /home/songdavid/ff_ws/install/dynamixel_sdk/share/dynamixel_sdk/cmake/dynamixel_sdkConfig.cmake
[7.011s] -- Installing: /home/songdavid/ff_ws/install/dynamixel_sdk/share/dynamixel_sdk/cmake/dynamixel_sdkConfig-version.cmake
[7.011s] -- Installing: /home/songdavid/ff_ws/install/dynamixel_sdk/share/dynamixel_sdk/package.xml
[7.017s] Invoked command in '/home/songdavid/ff_ws/build/dynamixel_sdk' returned '0': CMAKE_PREFIX_PATH=${CMAKE_PREFIX_PATH}:/home/songdavid/turtlebot3_ws/install/explorer_bringup:/home/songdavid/turtlebot3_ws/install/turtlebot3_teleop:/home/songdavid/turtlebot3_ws/install/turtlebot3_example:/home/songdavid/turtlebot3_ws/install/explorer_wanderer:/home/songdavid/turtlebot3_ws/install/explorer_map_utils:/home/songdavid/turtlebot3_ws/install/exploration_pkg:/opt/ros/humble /usr/bin/cmake --install /home/songdavid/ff_ws/build/dynamixel_sdk
