[2.628s] Invoking command in '/home/songdavid/ff_ws/src/ros2_explorer/explorer_map_utils': PYTHONPATH=/home/songdavid/ff_ws/build/explorer_map_utils/prefix_override:/usr/lib/python3/dist-packages/colcon_core/task/python/colcon_distutils_commands:/home/songdavid/ff_ws/install/explorer_map_utils/lib/python3.10/site-packages:${PYTHONPATH} /usr/bin/python3 -W ignore:setup.py install is deprecated -W ignore:easy_install command is deprecated setup.py egg_info --egg-base ../../../build/explorer_map_utils build --build-base /home/songdavid/ff_ws/build/explorer_map_utils/build install --record /home/songdavid/ff_ws/build/explorer_map_utils/install.log --single-version-externally-managed install_data
[3.099s] running egg_info
[3.100s] writing ../../../build/explorer_map_utils/explorer_map_utils.egg-info/PKG-INFO
[3.100s] writing dependency_links to ../../../build/explorer_map_utils/explorer_map_utils.egg-info/dependency_links.txt
[3.101s] writing entry points to ../../../build/explorer_map_utils/explorer_map_utils.egg-info/entry_points.txt
[3.101s] writing requirements to ../../../build/explorer_map_utils/explorer_map_utils.egg-info/requires.txt
[3.101s] writing top-level names to ../../../build/explorer_map_utils/explorer_map_utils.egg-info/top_level.txt
[3.104s] reading manifest file '../../../build/explorer_map_utils/explorer_map_utils.egg-info/SOURCES.txt'
[3.105s] writing manifest file '../../../build/explorer_map_utils/explorer_map_utils.egg-info/SOURCES.txt'
[3.105s] running build
[3.106s] running build_py
[3.107s] running install
[3.108s] running install_lib
[3.110s] running install_data
[3.110s] running install_egg_info
[3.113s] removing '/home/songdavid/ff_ws/install/explorer_map_utils/lib/python3.10/site-packages/explorer_map_utils-0.0.0-py3.10.egg-info' (and everything under it)
[3.113s] Copying ../../../build/explorer_map_utils/explorer_map_utils.egg-info to /home/songdavid/ff_ws/install/explorer_map_utils/lib/python3.10/site-packages/explorer_map_utils-0.0.0-py3.10.egg-info
[3.114s] running install_scripts
[3.148s] Installing watchtower script to /home/songdavid/ff_ws/install/explorer_map_utils/lib/explorer_map_utils
[3.148s] writing list of installed files to '/home/songdavid/ff_ws/build/explorer_map_utils/install.log'
[3.210s] Invoked command in '/home/songdavid/ff_ws/src/ros2_explorer/explorer_map_utils' returned '0': PYTHONPATH=/home/songdavid/ff_ws/build/explorer_map_utils/prefix_override:/usr/lib/python3/dist-packages/colcon_core/task/python/colcon_distutils_commands:/home/songdavid/ff_ws/install/explorer_map_utils/lib/python3.10/site-packages:${PYTHONPATH} /usr/bin/python3 -W ignore:setup.py install is deprecated -W ignore:easy_install command is deprecated setup.py egg_info --egg-base ../../../build/explorer_map_utils build --build-base /home/songdavid/ff_ws/build/explorer_map_utils/build install --record /home/songdavid/ff_ws/build/explorer_map_utils/install.log --single-version-externally-managed install_data
