[2.541s] Invoking command in '/home/songdavid/ff_ws/src/ros2_explorer/explorer_bringup': PYTHONPATH=/home/songdavid/ff_ws/build/explorer_bringup/prefix_override:/usr/lib/python3/dist-packages/colcon_core/task/python/colcon_distutils_commands:/home/songdavid/ff_ws/install/explorer_bringup/lib/python3.10/site-packages:${PYTHONPATH} /usr/bin/python3 -W ignore:setup.py install is deprecated -W ignore:easy_install command is deprecated setup.py egg_info --egg-base ../../../build/explorer_bringup build --build-base /home/songdavid/ff_ws/build/explorer_bringup/build install --record /home/songdavid/ff_ws/build/explorer_bringup/install.log --single-version-externally-managed install_data
[3.142s] running egg_info
[3.143s] creating ../../../build/explorer_bringup/explorer_bringup.egg-info
[3.144s] writing ../../../build/explorer_bringup/explorer_bringup.egg-info/PKG-INFO
[3.144s] writing dependency_links to ../../../build/explorer_bringup/explorer_bringup.egg-info/dependency_links.txt
[3.145s] writing entry points to ../../../build/explorer_bringup/explorer_bringup.egg-info/entry_points.txt
[3.146s] writing requirements to ../../../build/explorer_bringup/explorer_bringup.egg-info/requires.txt
[3.146s] writing top-level names to ../../../build/explorer_bringup/explorer_bringup.egg-info/top_level.txt
[3.146s] writing manifest file '../../../build/explorer_bringup/explorer_bringup.egg-info/SOURCES.txt'
[3.151s] reading manifest file '../../../build/explorer_bringup/explorer_bringup.egg-info/SOURCES.txt'
[3.153s] writing manifest file '../../../build/explorer_bringup/explorer_bringup.egg-info/SOURCES.txt'
[3.153s] running build
[3.154s] running build_py
[3.154s] creating /home/songdavid/ff_ws/build/explorer_bringup/build
[3.154s] creating /home/songdavid/ff_ws/build/explorer_bringup/build/lib
[3.154s] creating /home/songdavid/ff_ws/build/explorer_bringup/build/lib/explorer_bringup
[3.154s] copying explorer_bringup/manager.py -> /home/songdavid/ff_ws/build/explorer_bringup/build/lib/explorer_bringup
[3.154s] copying explorer_bringup/__init__.py -> /home/songdavid/ff_ws/build/explorer_bringup/build/lib/explorer_bringup
[3.155s] copying explorer_bringup/explorer.py -> /home/songdavid/ff_ws/build/explorer_bringup/build/lib/explorer_bringup
[3.155s] running install
[3.155s] running install_lib
[3.157s] creating /home/songdavid/ff_ws/install/explorer_bringup/lib/python3.10/site-packages/explorer_bringup
[3.158s] copying /home/songdavid/ff_ws/build/explorer_bringup/build/lib/explorer_bringup/manager.py -> /home/songdavid/ff_ws/install/explorer_bringup/lib/python3.10/site-packages/explorer_bringup
[3.159s] copying /home/songdavid/ff_ws/build/explorer_bringup/build/lib/explorer_bringup/__init__.py -> /home/songdavid/ff_ws/install/explorer_bringup/lib/python3.10/site-packages/explorer_bringup
[3.159s] copying /home/songdavid/ff_ws/build/explorer_bringup/build/lib/explorer_bringup/explorer.py -> /home/songdavid/ff_ws/install/explorer_bringup/lib/python3.10/site-packages/explorer_bringup
[3.161s] byte-compiling /home/songdavid/ff_ws/install/explorer_bringup/lib/python3.10/site-packages/explorer_bringup/manager.py to manager.cpython-310.pyc
[3.164s] byte-compiling /home/songdavid/ff_ws/install/explorer_bringup/lib/python3.10/site-packages/explorer_bringup/__init__.py to __init__.cpython-310.pyc
[3.164s] byte-compiling /home/songdavid/ff_ws/install/explorer_bringup/lib/python3.10/site-packages/explorer_bringup/explorer.py to explorer.cpython-310.pyc
[3.166s] running install_data
[3.167s] creating /home/songdavid/ff_ws/install/explorer_bringup/share/ament_index
[3.167s] creating /home/songdavid/ff_ws/install/explorer_bringup/share/ament_index/resource_index
[3.167s] creating /home/songdavid/ff_ws/install/explorer_bringup/share/ament_index/resource_index/packages
[3.167s] copying resource/explorer_bringup -> /home/songdavid/ff_ws/install/explorer_bringup/share/ament_index/resource_index/packages
[3.167s] copying package.xml -> /home/songdavid/ff_ws/install/explorer_bringup/share/explorer_bringup
[3.167s] copying launch/explorer.launch.py -> /home/songdavid/ff_ws/install/explorer_bringup/share/explorer_bringup
[3.167s] running install_egg_info
[3.172s] Copying ../../../build/explorer_bringup/explorer_bringup.egg-info to /home/songdavid/ff_ws/install/explorer_bringup/lib/python3.10/site-packages/explorer_bringup-0.0.0-py3.10.egg-info
[3.175s] running install_scripts
[3.246s] Installing explorer script to /home/songdavid/ff_ws/install/explorer_bringup/lib/explorer_bringup
[3.246s] Installing manager script to /home/songdavid/ff_ws/install/explorer_bringup/lib/explorer_bringup
[3.247s] writing list of installed files to '/home/songdavid/ff_ws/build/explorer_bringup/install.log'
[3.322s] Invoked command in '/home/songdavid/ff_ws/src/ros2_explorer/explorer_bringup' returned '0': PYTHONPATH=/home/songdavid/ff_ws/build/explorer_bringup/prefix_override:/usr/lib/python3/dist-packages/colcon_core/task/python/colcon_distutils_commands:/home/songdavid/ff_ws/install/explorer_bringup/lib/python3.10/site-packages:${PYTHONPATH} /usr/bin/python3 -W ignore:setup.py install is deprecated -W ignore:easy_install command is deprecated setup.py egg_info --egg-base ../../../build/explorer_bringup build --build-base /home/songdavid/ff_ws/build/explorer_bringup/build install --record /home/songdavid/ff_ws/build/explorer_bringup/install.log --single-version-externally-managed install_data
