[0.042s] Invoking command in '/home/songdavid/ff_ws/build/turtlebot3_navigation2': CMAKE_PREFIX_PATH=${CMAKE_PREFIX_PATH}:/home/songdavid/turtlebot3_ws/install/explorer_bringup:/home/songdavid/turtlebot3_ws/install/turtlebot3_teleop:/home/songdavid/turtlebot3_ws/install/turtlebot3_example:/home/songdavid/turtlebot3_ws/install/explorer_wanderer:/home/songdavid/turtlebot3_ws/install/explorer_map_utils:/home/songdavid/turtlebot3_ws/install/exploration_pkg:/opt/ros/humble /usr/bin/cmake --build /home/songdavid/ff_ws/build/turtlebot3_navigation2 -- -j8 -l8
[0.421s] Invoked command in '/home/songdavid/ff_ws/build/turtlebot3_navigation2' returned '0': CMAKE_PREFIX_PATH=${CMAKE_PREFIX_PATH}:/home/songdavid/turtlebot3_ws/install/explorer_bringup:/home/songdavid/turtlebot3_ws/install/turtlebot3_teleop:/home/songdavid/turtlebot3_ws/install/turtlebot3_example:/home/songdavid/turtlebot3_ws/install/explorer_wanderer:/home/songdavid/turtlebot3_ws/install/explorer_map_utils:/home/songdavid/turtlebot3_ws/install/exploration_pkg:/opt/ros/humble /usr/bin/cmake --build /home/songdavid/ff_ws/build/turtlebot3_navigation2 -- -j8 -l8
[0.431s] Invoking command in '/home/songdavid/ff_ws/build/turtlebot3_navigation2': CMAKE_PREFIX_PATH=${CMAKE_PREFIX_PATH}:/home/songdavid/turtlebot3_ws/install/explorer_bringup:/home/songdavid/turtlebot3_ws/install/turtlebot3_teleop:/home/songdavid/turtlebot3_ws/install/turtlebot3_example:/home/songdavid/turtlebot3_ws/install/explorer_wanderer:/home/songdavid/turtlebot3_ws/install/explorer_map_utils:/home/songdavid/turtlebot3_ws/install/exploration_pkg:/opt/ros/humble /usr/bin/cmake --install /home/songdavid/ff_ws/build/turtlebot3_navigation2
[0.444s] -- Install configuration: ""
[0.445s] -- Up-to-date: /home/songdavid/ff_ws/install/turtlebot3_navigation2/share/turtlebot3_navigation2/launch
[0.445s] -- Up-to-date: /home/songdavid/ff_ws/install/turtlebot3_navigation2/share/turtlebot3_navigation2/launch/navigation2.launch.py
[0.445s] -- Up-to-date: /home/songdavid/ff_ws/install/turtlebot3_navigation2/share/turtlebot3_navigation2/map
[0.446s] -- Up-to-date: /home/songdavid/ff_ws/install/turtlebot3_navigation2/share/turtlebot3_navigation2/map/map.yaml
[0.446s] -- Up-to-date: /home/songdavid/ff_ws/install/turtlebot3_navigation2/share/turtlebot3_navigation2/map/map.pgm
[0.446s] -- Up-to-date: /home/songdavid/ff_ws/install/turtlebot3_navigation2/share/turtlebot3_navigation2/param
[0.446s] -- Up-to-date: /home/songdavid/ff_ws/install/turtlebot3_navigation2/share/turtlebot3_navigation2/param/waffle_pi.yaml
[0.447s] -- Up-to-date: /home/songdavid/ff_ws/install/turtlebot3_navigation2/share/turtlebot3_navigation2/param/burger_cam.yaml
[0.447s] -- Up-to-date: /home/songdavid/ff_ws/install/turtlebot3_navigation2/share/turtlebot3_navigation2/param/waffle.yaml
[0.447s] -- Up-to-date: /home/songdavid/ff_ws/install/turtlebot3_navigation2/share/turtlebot3_navigation2/param/humble
[0.447s] -- Up-to-date: /home/songdavid/ff_ws/install/turtlebot3_navigation2/share/turtlebot3_navigation2/param/humble/waffle_pi.yaml
[0.447s] -- Up-to-date: /home/songdavid/ff_ws/install/turtlebot3_navigation2/share/turtlebot3_navigation2/param/humble/burger_cam.yaml
[0.447s] -- Up-to-date: /home/songdavid/ff_ws/install/turtlebot3_navigation2/share/turtlebot3_navigation2/param/humble/waffle.yaml
[0.447s] -- Up-to-date: /home/songdavid/ff_ws/install/turtlebot3_navigation2/share/turtlebot3_navigation2/param/humble/burger.yaml
[0.448s] -- Up-to-date: /home/songdavid/ff_ws/install/turtlebot3_navigation2/share/turtlebot3_navigation2/param/burger.yaml
[0.448s] -- Up-to-date: /home/songdavid/ff_ws/install/turtlebot3_navigation2/share/turtlebot3_navigation2/rviz
[0.448s] -- Up-to-date: /home/songdavid/ff_ws/install/turtlebot3_navigation2/share/turtlebot3_navigation2/rviz/tb3_navigation2.rviz
[0.449s] -- Up-to-date: /home/songdavid/ff_ws/install/turtlebot3_navigation2/share/ament_index/resource_index/package_run_dependencies/turtlebot3_navigation2
[0.451s] -- Up-to-date: /home/songdavid/ff_ws/install/turtlebot3_navigation2/share/ament_index/resource_index/parent_prefix_path/turtlebot3_navigation2
[0.452s] -- Up-to-date: /home/songdavid/ff_ws/install/turtlebot3_navigation2/share/turtlebot3_navigation2/environment/ament_prefix_path.sh
[0.452s] -- Up-to-date: /home/songdavid/ff_ws/install/turtlebot3_navigation2/share/turtlebot3_navigation2/environment/ament_prefix_path.dsv
[0.452s] -- Up-to-date: /home/songdavid/ff_ws/install/turtlebot3_navigation2/share/turtlebot3_navigation2/environment/path.sh
[0.452s] -- Up-to-date: /home/songdavid/ff_ws/install/turtlebot3_navigation2/share/turtlebot3_navigation2/environment/path.dsv
[0.453s] -- Up-to-date: /home/songdavid/ff_ws/install/turtlebot3_navigation2/share/turtlebot3_navigation2/local_setup.bash
[0.454s] -- Up-to-date: /home/songdavid/ff_ws/install/turtlebot3_navigation2/share/turtlebot3_navigation2/local_setup.sh
[0.454s] -- Up-to-date: /home/songdavid/ff_ws/install/turtlebot3_navigation2/share/turtlebot3_navigation2/local_setup.zsh
[0.455s] -- Up-to-date: /home/songdavid/ff_ws/install/turtlebot3_navigation2/share/turtlebot3_navigation2/local_setup.dsv
[0.455s] -- Installing: /home/songdavid/ff_ws/install/turtlebot3_navigation2/share/turtlebot3_navigation2/package.dsv
[0.455s] -- Up-to-date: /home/songdavid/ff_ws/install/turtlebot3_navigation2/share/ament_index/resource_index/packages/turtlebot3_navigation2
[0.456s] -- Up-to-date: /home/songdavid/ff_ws/install/turtlebot3_navigation2/share/turtlebot3_navigation2/cmake/turtlebot3_navigation2Config.cmake
[0.458s] -- Up-to-date: /home/songdavid/ff_ws/install/turtlebot3_navigation2/share/turtlebot3_navigation2/cmake/turtlebot3_navigation2Config-version.cmake
[0.459s] -- Up-to-date: /home/songdavid/ff_ws/install/turtlebot3_navigation2/share/turtlebot3_navigation2/package.xml
[0.476s] Invoked command in '/home/songdavid/ff_ws/build/turtlebot3_navigation2' returned '0': CMAKE_PREFIX_PATH=${CMAKE_PREFIX_PATH}:/home/songdavid/turtlebot3_ws/install/explorer_bringup:/home/songdavid/turtlebot3_ws/install/turtlebot3_teleop:/home/songdavid/turtlebot3_ws/install/turtlebot3_example:/home/songdavid/turtlebot3_ws/install/explorer_wanderer:/home/songdavid/turtlebot3_ws/install/explorer_map_utils:/home/songdavid/turtlebot3_ws/install/exploration_pkg:/opt/ros/humble /usr/bin/cmake --install /home/songdavid/ff_ws/build/turtlebot3_navigation2
