[0.775s] Invoking command in '/home/songdavid/ff_ws/build/explorer_gazebo': CMAKE_PREFIX_PATH=${CMAKE_PREFIX_PATH}:/home/songdavid/turtlebot3_ws/install/explorer_bringup:/home/songdavid/turtlebot3_ws/install/turtlebot3_teleop:/home/songdavid/turtlebot3_ws/install/turtlebot3_example:/home/songdavid/turtlebot3_ws/install/explorer_wanderer:/home/songdavid/turtlebot3_ws/install/explorer_map_utils:/home/songdavid/turtlebot3_ws/install/exploration_pkg:/opt/ros/humble /usr/bin/cmake --build /home/songdavid/ff_ws/build/explorer_gazebo -- -j8 -l8
[0.923s] Invoked command in '/home/songdavid/ff_ws/build/explorer_gazebo' returned '0': CMAKE_PREFIX_PATH=${CMAKE_PREFIX_PATH}:/home/songdavid/turtlebot3_ws/install/explorer_bringup:/home/songdavid/turtlebot3_ws/install/turtlebot3_teleop:/home/songdavid/turtlebot3_ws/install/turtlebot3_example:/home/songdavid/turtlebot3_ws/install/explorer_wanderer:/home/songdavid/turtlebot3_ws/install/explorer_map_utils:/home/songdavid/turtlebot3_ws/install/exploration_pkg:/opt/ros/humble /usr/bin/cmake --build /home/songdavid/ff_ws/build/explorer_gazebo -- -j8 -l8
[0.933s] Invoking command in '/home/songdavid/ff_ws/build/explorer_gazebo': CMAKE_PREFIX_PATH=${CMAKE_PREFIX_PATH}:/home/songdavid/turtlebot3_ws/install/explorer_bringup:/home/songdavid/turtlebot3_ws/install/turtlebot3_teleop:/home/songdavid/turtlebot3_ws/install/turtlebot3_example:/home/songdavid/turtlebot3_ws/install/explorer_wanderer:/home/songdavid/turtlebot3_ws/install/explorer_map_utils:/home/songdavid/turtlebot3_ws/install/exploration_pkg:/opt/ros/humble /usr/bin/cmake --install /home/songdavid/ff_ws/build/explorer_gazebo
[0.974s] -- Install configuration: ""
[0.975s] -- Up-to-date: /home/songdavid/ff_ws/install/explorer_gazebo/share/explorer_gazebo//models
[0.980s] -- Up-to-date: /home/songdavid/ff_ws/install/explorer_gazebo/share/explorer_gazebo//models/turtlebot3_burger
[0.981s] -- Up-to-date: /home/songdavid/ff_ws/install/explorer_gazebo/share/explorer_gazebo//models/turtlebot3_burger/model.config
[0.983s] -- Up-to-date: /home/songdavid/ff_ws/install/explorer_gazebo/share/explorer_gazebo//models/turtlebot3_burger/model-1_4.sdf
[0.986s] -- Up-to-date: /home/songdavid/ff_ws/install/explorer_gazebo/share/explorer_gazebo//models/turtlebot3_burger/model.sdf
[0.987s] -- Up-to-date: /home/songdavid/ff_ws/install/explorer_gazebo/share/explorer_gazebo//models/turtlebot3_burger/meshes
[0.987s] -- Up-to-date: /home/songdavid/ff_ws/install/explorer_gazebo/share/explorer_gazebo//models/turtlebot3_burger/meshes/burger_base.dae
[0.987s] -- Up-to-date: /home/songdavid/ff_ws/install/explorer_gazebo/share/explorer_gazebo//models/turtlebot3_burger/meshes/tire.dae
[0.988s] -- Up-to-date: /home/songdavid/ff_ws/install/explorer_gazebo/share/explorer_gazebo//models/turtlebot3_burger/meshes/lds.dae
[0.991s] -- Up-to-date: /home/songdavid/ff_ws/install/explorer_gazebo/share/explorer_gazebo//models/map10
[0.992s] -- Up-to-date: /home/songdavid/ff_ws/install/explorer_gazebo/share/explorer_gazebo//models/map10/map10.sdf
[0.992s] -- Up-to-date: /home/songdavid/ff_ws/install/explorer_gazebo/share/explorer_gazebo//models/map10/model.config
[0.992s] -- Up-to-date: /home/songdavid/ff_ws/install/explorer_gazebo/share/explorer_gazebo//models/map6
[0.993s] -- Up-to-date: /home/songdavid/ff_ws/install/explorer_gazebo/share/explorer_gazebo//models/map6/model.config
[0.993s] -- Up-to-date: /home/songdavid/ff_ws/install/explorer_gazebo/share/explorer_gazebo//models/map6/map6.sdf
[0.993s] -- Up-to-date: /home/songdavid/ff_ws/install/explorer_gazebo/share/explorer_gazebo//models/map2
[0.996s] -- Up-to-date: /home/songdavid/ff_ws/install/explorer_gazebo/share/explorer_gazebo//models/map2/model.config
[0.996s] -- Up-to-date: /home/songdavid/ff_ws/install/explorer_gazebo/share/explorer_gazebo//models/map2/map2.sdf
[0.997s] -- Up-to-date: /home/songdavid/ff_ws/install/explorer_gazebo/share/explorer_gazebo//models/map9
[0.997s] -- Up-to-date: /home/songdavid/ff_ws/install/explorer_gazebo/share/explorer_gazebo//models/map9/model.config
[0.997s] -- Up-to-date: /home/songdavid/ff_ws/install/explorer_gazebo/share/explorer_gazebo//models/map9/map9.sdf
[0.998s] -- Up-to-date: /home/songdavid/ff_ws/install/explorer_gazebo/share/explorer_gazebo//models/map8
[0.998s] -- Up-to-date: /home/songdavid/ff_ws/install/explorer_gazebo/share/explorer_gazebo//models/map8/model.config
[0.998s] -- Up-to-date: /home/songdavid/ff_ws/install/explorer_gazebo/share/explorer_gazebo//models/map8/map8.sdf
[0.999s] -- Up-to-date: /home/songdavid/ff_ws/install/explorer_gazebo/share/explorer_gazebo//models/map5
[1.000s] -- Up-to-date: /home/songdavid/ff_ws/install/explorer_gazebo/share/explorer_gazebo//models/map5/map5.sdf
[1.000s] -- Up-to-date: /home/songdavid/ff_ws/install/explorer_gazebo/share/explorer_gazebo//models/map5/model.config
[1.000s] -- Up-to-date: /home/songdavid/ff_ws/install/explorer_gazebo/share/explorer_gazebo//models/map7
[1.000s] -- Up-to-date: /home/songdavid/ff_ws/install/explorer_gazebo/share/explorer_gazebo//models/map7/model.config
[1.001s] -- Up-to-date: /home/songdavid/ff_ws/install/explorer_gazebo/share/explorer_gazebo//models/map7/map7.sdf
[1.001s] -- Up-to-date: /home/songdavid/ff_ws/install/explorer_gazebo/share/explorer_gazebo//models/map3
[1.002s] -- Up-to-date: /home/songdavid/ff_ws/install/explorer_gazebo/share/explorer_gazebo//models/map3/model.config
[1.002s] -- Up-to-date: /home/songdavid/ff_ws/install/explorer_gazebo/share/explorer_gazebo//models/map3/map3.sdf
[1.002s] -- Up-to-date: /home/songdavid/ff_ws/install/explorer_gazebo/share/explorer_gazebo//models/map1
[1.003s] -- Up-to-date: /home/songdavid/ff_ws/install/explorer_gazebo/share/explorer_gazebo//models/map1/map1.sdf
[1.003s] -- Up-to-date: /home/songdavid/ff_ws/install/explorer_gazebo/share/explorer_gazebo//models/map1/model.config
[1.009s] -- Up-to-date: /home/songdavid/ff_ws/install/explorer_gazebo/share/explorer_gazebo//models/map4
[1.009s] -- Up-to-date: /home/songdavid/ff_ws/install/explorer_gazebo/share/explorer_gazebo//models/map4/map4.sdf
[1.010s] -- Up-to-date: /home/songdavid/ff_ws/install/explorer_gazebo/share/explorer_gazebo//models/map4/model.config
[1.010s] -- Up-to-date: /home/songdavid/ff_ws/install/explorer_gazebo/share/explorer_gazebo//models/map11
[1.011s] -- Up-to-date: /home/songdavid/ff_ws/install/explorer_gazebo/share/explorer_gazebo//models/map11/map11.sdf
[1.011s] -- Up-to-date: /home/songdavid/ff_ws/install/explorer_gazebo/share/explorer_gazebo//models/map11/model.config
[1.011s] -- Up-to-date: /home/songdavid/ff_ws/install/explorer_gazebo/share/explorer_gazebo//worlds
[1.012s] -- Up-to-date: /home/songdavid/ff_ws/install/explorer_gazebo/share/explorer_gazebo//worlds/map2.world
[1.012s] -- Up-to-date: /home/songdavid/ff_ws/install/explorer_gazebo/share/explorer_gazebo//worlds/map8.world.xml
[1.016s] -- Up-to-date: /home/songdavid/ff_ws/install/explorer_gazebo/share/explorer_gazebo//worlds/map9.world.xml
[1.017s] -- Up-to-date: /home/songdavid/ff_ws/install/explorer_gazebo/share/explorer_gazebo//worlds/turtlebot3_house.world.xml
[1.017s] -- Up-to-date: /home/songdavid/ff_ws/install/explorer_gazebo/share/explorer_gazebo//worlds/map2.world.xml
[1.017s] -- Up-to-date: /home/songdavid/ff_ws/install/explorer_gazebo/share/explorer_gazebo//worlds/map7.world.xml
[1.017s] -- Up-to-date: /home/songdavid/ff_ws/install/explorer_gazebo/share/explorer_gazebo//worlds/map11.world.xml
[1.018s] -- Up-to-date: /home/songdavid/ff_ws/install/explorer_gazebo/share/explorer_gazebo//worlds/map3.world.xml
[1.018s] -- Up-to-date: /home/songdavid/ff_ws/install/explorer_gazebo/share/explorer_gazebo//worlds/map5.world.xml
[1.018s] -- Up-to-date: /home/songdavid/ff_ws/install/explorer_gazebo/share/explorer_gazebo//worlds/house.world.xml
[1.018s] -- Up-to-date: /home/songdavid/ff_ws/install/explorer_gazebo/share/explorer_gazebo//worlds/map4.world.xml
[1.018s] -- Up-to-date: /home/songdavid/ff_ws/install/explorer_gazebo/share/explorer_gazebo//worlds/map1.world.xml
[1.018s] -- Up-to-date: /home/songdavid/ff_ws/install/explorer_gazebo/share/explorer_gazebo//worlds/map6.world.xml
[1.019s] -- Up-to-date: /home/songdavid/ff_ws/install/explorer_gazebo/share/explorer_gazebo//worlds/map10.world.xml
[1.019s] -- Up-to-date: /home/songdavid/ff_ws/install/explorer_gazebo/share/explorer_gazebo//maps
[1.024s] -- Up-to-date: /home/songdavid/ff_ws/install/explorer_gazebo/share/explorer_gazebo//maps/map6.csv
[1.024s] -- Up-to-date: /home/songdavid/ff_ws/install/explorer_gazebo/share/explorer_gazebo//maps/map4.csv
[1.025s] -- Up-to-date: /home/songdavid/ff_ws/install/explorer_gazebo/share/explorer_gazebo//maps/map9.csv
[1.025s] -- Up-to-date: /home/songdavid/ff_ws/install/explorer_gazebo/share/explorer_gazebo//maps/map11.csv
[1.025s] -- Up-to-date: /home/songdavid/ff_ws/install/explorer_gazebo/share/explorer_gazebo//maps/map10.csv
[1.025s] -- Up-to-date: /home/songdavid/ff_ws/install/explorer_gazebo/share/explorer_gazebo//maps/map1.csv
[1.026s] -- Up-to-date: /home/songdavid/ff_ws/install/explorer_gazebo/share/explorer_gazebo//maps/map8.csv
[1.026s] -- Up-to-date: /home/songdavid/ff_ws/install/explorer_gazebo/share/explorer_gazebo//maps/map3.csv
[1.026s] -- Up-to-date: /home/songdavid/ff_ws/install/explorer_gazebo/share/explorer_gazebo//maps/map5.csv
[1.026s] -- Up-to-date: /home/songdavid/ff_ws/install/explorer_gazebo/share/explorer_gazebo//maps/map7.csv
[1.027s] -- Up-to-date: /home/songdavid/ff_ws/install/explorer_gazebo/share/explorer_gazebo//maps/map2.csv
[1.027s] -- Up-to-date: /home/songdavid/ff_ws/install/explorer_gazebo/share/ament_index/resource_index/package_run_dependencies/explorer_gazebo
[1.031s] -- Up-to-date: /home/songdavid/ff_ws/install/explorer_gazebo/share/ament_index/resource_index/parent_prefix_path/explorer_gazebo
[1.031s] -- Up-to-date: /home/songdavid/ff_ws/install/explorer_gazebo/share/explorer_gazebo/environment/ament_prefix_path.sh
[1.031s] -- Up-to-date: /home/songdavid/ff_ws/install/explorer_gazebo/share/explorer_gazebo/environment/ament_prefix_path.dsv
[1.032s] -- Up-to-date: /home/songdavid/ff_ws/install/explorer_gazebo/share/explorer_gazebo/environment/path.sh
[1.032s] -- Up-to-date: /home/songdavid/ff_ws/install/explorer_gazebo/share/explorer_gazebo/environment/path.dsv
[1.032s] -- Up-to-date: /home/songdavid/ff_ws/install/explorer_gazebo/share/explorer_gazebo/local_setup.bash
[1.033s] -- Up-to-date: /home/songdavid/ff_ws/install/explorer_gazebo/share/explorer_gazebo/local_setup.sh
[1.033s] -- Up-to-date: /home/songdavid/ff_ws/install/explorer_gazebo/share/explorer_gazebo/local_setup.zsh
[1.033s] -- Up-to-date: /home/songdavid/ff_ws/install/explorer_gazebo/share/explorer_gazebo/local_setup.dsv
[1.034s] -- Installing: /home/songdavid/ff_ws/install/explorer_gazebo/share/explorer_gazebo/package.dsv
[1.034s] -- Up-to-date: /home/songdavid/ff_ws/install/explorer_gazebo/share/ament_index/resource_index/packages/explorer_gazebo
[1.039s] -- Up-to-date: /home/songdavid/ff_ws/install/explorer_gazebo/share/explorer_gazebo/cmake/explorer_gazeboConfig.cmake
[1.040s] -- Up-to-date: /home/songdavid/ff_ws/install/explorer_gazebo/share/explorer_gazebo/cmake/explorer_gazeboConfig-version.cmake
[1.040s] -- Up-to-date: /home/songdavid/ff_ws/install/explorer_gazebo/share/explorer_gazebo/package.xml
[1.995s] Invoked command in '/home/songdavid/ff_ws/build/explorer_gazebo' returned '0': CMAKE_PREFIX_PATH=${CMAKE_PREFIX_PATH}:/home/songdavid/turtlebot3_ws/install/explorer_bringup:/home/songdavid/turtlebot3_ws/install/turtlebot3_teleop:/home/songdavid/turtlebot3_ws/install/turtlebot3_example:/home/songdavid/turtlebot3_ws/install/explorer_wanderer:/home/songdavid/turtlebot3_ws/install/explorer_map_utils:/home/songdavid/turtlebot3_ws/install/exploration_pkg:/opt/ros/humble /usr/bin/cmake --install /home/songdavid/ff_ws/build/explorer_gazebo
