[0.067s] Invoking command in '/home/songdavid/ff_ws/build/turtlebot3_msgs': CMAKE_PREFIX_PATH=${CMAKE_PREFIX_PATH}:/home/songdavid/ff_ws/install/explorer_bringup:/home/songdavid/ff_ws/install/turtlebot3_teleop:/home/songdavid/ff_ws/install/turtlebot3_example:/home/songdavid/ff_ws/install/explorer_wanderer:/home/songdavid/ff_ws/install/explorer_map_utils:/home/songdavid/ff_ws/install/autonomous_exploration:/home/songdavid/turtlebot3_ws/install/explorer_bringup:/home/songdavid/turtlebot3_ws/install/turtlebot3_teleop:/home/songdavid/turtlebot3_ws/install/turtlebot3_example:/home/songdavid/turtlebot3_ws/install/explorer_wanderer:/home/songdavid/turtlebot3_ws/install/explorer_map_utils:/home/songdavid/turtlebot3_ws/install/exploration_pkg:/opt/ros/humble /usr/bin/cmake --build /home/songdavid/ff_ws/build/turtlebot3_msgs -- -j8 -l8
[0.542s] [  1%] Built target turtlebot3_msgs__cpp
[0.543s] [  1%] Built target ament_cmake_python_copy_turtlebot3_msgs
[0.543s] [ 12%] Built target turtlebot3_msgs__rosidl_generator_c
[0.544s] [ 24%] Built target turtlebot3_msgs__rosidl_typesupport_cpp
[0.545s] [ 35%] Built target turtlebot3_msgs__rosidl_typesupport_fastrtps_cpp
[0.545s] [ 46%] Built target turtlebot3_msgs__rosidl_typesupport_introspection_cpp
[0.545s] [ 58%] Built target turtlebot3_msgs__rosidl_typesupport_c
[0.545s] [ 69%] Built target turtlebot3_msgs__rosidl_typesupport_introspection_c
[0.545s] [ 81%] Built target turtlebot3_msgs__rosidl_typesupport_fastrtps_c
[0.546s] [ 81%] Built target turtlebot3_msgs
[0.546s] [ 82%] Built target turtlebot3_msgs__py
[0.547s] [ 92%] Built target turtlebot3_msgs__rosidl_generator_py
[0.547s] [ 94%] Built target turtlebot3_msgs__rosidl_typesupport_fastrtps_c__pyext
[0.547s] [ 97%] Built target turtlebot3_msgs__rosidl_typesupport_c__pyext
[0.547s] [100%] Built target turtlebot3_msgs__rosidl_typesupport_introspection_c__pyext
[0.664s] running egg_info
[0.664s] writing turtlebot3_msgs.egg-info/PKG-INFO
[0.665s] writing dependency_links to turtlebot3_msgs.egg-info/dependency_links.txt
[0.667s] writing top-level names to turtlebot3_msgs.egg-info/top_level.txt
[0.672s] reading manifest file 'turtlebot3_msgs.egg-info/SOURCES.txt'
[0.676s] writing manifest file 'turtlebot3_msgs.egg-info/SOURCES.txt'
[0.732s] [100%] Built target ament_cmake_python_build_turtlebot3_msgs_egg
[0.793s] Invoked command in '/home/songdavid/ff_ws/build/turtlebot3_msgs' returned '0': CMAKE_PREFIX_PATH=${CMAKE_PREFIX_PATH}:/home/songdavid/ff_ws/install/explorer_bringup:/home/songdavid/ff_ws/install/turtlebot3_teleop:/home/songdavid/ff_ws/install/turtlebot3_example:/home/songdavid/ff_ws/install/explorer_wanderer:/home/songdavid/ff_ws/install/explorer_map_utils:/home/songdavid/ff_ws/install/autonomous_exploration:/home/songdavid/turtlebot3_ws/install/explorer_bringup:/home/songdavid/turtlebot3_ws/install/turtlebot3_teleop:/home/songdavid/turtlebot3_ws/install/turtlebot3_example:/home/songdavid/turtlebot3_ws/install/explorer_wanderer:/home/songdavid/turtlebot3_ws/install/explorer_map_utils:/home/songdavid/turtlebot3_ws/install/exploration_pkg:/opt/ros/humble /usr/bin/cmake --build /home/songdavid/ff_ws/build/turtlebot3_msgs -- -j8 -l8
[0.796s] Invoking command in '/home/songdavid/ff_ws/build/turtlebot3_msgs': CMAKE_PREFIX_PATH=${CMAKE_PREFIX_PATH}:/home/songdavid/ff_ws/install/explorer_bringup:/home/songdavid/ff_ws/install/turtlebot3_teleop:/home/songdavid/ff_ws/install/turtlebot3_example:/home/songdavid/ff_ws/install/explorer_wanderer:/home/songdavid/ff_ws/install/explorer_map_utils:/home/songdavid/ff_ws/install/autonomous_exploration:/home/songdavid/turtlebot3_ws/install/explorer_bringup:/home/songdavid/turtlebot3_ws/install/turtlebot3_teleop:/home/songdavid/turtlebot3_ws/install/turtlebot3_example:/home/songdavid/turtlebot3_ws/install/explorer_wanderer:/home/songdavid/turtlebot3_ws/install/explorer_map_utils:/home/songdavid/turtlebot3_ws/install/exploration_pkg:/opt/ros/humble /usr/bin/cmake --install /home/songdavid/ff_ws/build/turtlebot3_msgs
[1.182s] -- Install configuration: ""
[1.182s] -- Up-to-date: /home/songdavid/ff_ws/install/turtlebot3_msgs/share/ament_index/resource_index/rosidl_interfaces/turtlebot3_msgs
[1.182s] -- Up-to-date: /home/songdavid/ff_ws/install/turtlebot3_msgs/include/turtlebot3_msgs/turtlebot3_msgs
[1.182s] -- Up-to-date: /home/songdavid/ff_ws/install/turtlebot3_msgs/include/turtlebot3_msgs/turtlebot3_msgs/srv
[1.182s] -- Up-to-date: /home/songdavid/ff_ws/install/turtlebot3_msgs/include/turtlebot3_msgs/turtlebot3_msgs/srv/sound.h
[1.182s] -- Up-to-date: /home/songdavid/ff_ws/install/turtlebot3_msgs/include/turtlebot3_msgs/turtlebot3_msgs/srv/detail
[1.183s] -- Up-to-date: /home/songdavid/ff_ws/install/turtlebot3_msgs/include/turtlebot3_msgs/turtlebot3_msgs/srv/detail/goal__struct.h
[1.183s] -- Up-to-date: /home/songdavid/ff_ws/install/turtlebot3_msgs/include/turtlebot3_msgs/turtlebot3_msgs/srv/detail/sound__type_support.h
[1.183s] -- Up-to-date: /home/songdavid/ff_ws/install/turtlebot3_msgs/include/turtlebot3_msgs/turtlebot3_msgs/srv/detail/dqn__type_support.h
[1.183s] -- Up-to-date: /home/songdavid/ff_ws/install/turtlebot3_msgs/include/turtlebot3_msgs/turtlebot3_msgs/srv/detail/goal__functions.h
[1.183s] -- Up-to-date: /home/songdavid/ff_ws/install/turtlebot3_msgs/include/turtlebot3_msgs/turtlebot3_msgs/srv/detail/sound__functions.c
[1.183s] -- Up-to-date: /home/songdavid/ff_ws/install/turtlebot3_msgs/include/turtlebot3_msgs/turtlebot3_msgs/srv/detail/goal__functions.c
[1.183s] -- Up-to-date: /home/songdavid/ff_ws/install/turtlebot3_msgs/include/turtlebot3_msgs/turtlebot3_msgs/srv/detail/goal__type_support.h
[1.183s] -- Up-to-date: /home/songdavid/ff_ws/install/turtlebot3_msgs/include/turtlebot3_msgs/turtlebot3_msgs/srv/detail/sound__functions.h
[1.183s] -- Up-to-date: /home/songdavid/ff_ws/install/turtlebot3_msgs/include/turtlebot3_msgs/turtlebot3_msgs/srv/detail/dqn__struct.h
[1.183s] -- Up-to-date: /home/songdavid/ff_ws/install/turtlebot3_msgs/include/turtlebot3_msgs/turtlebot3_msgs/srv/detail/dqn__functions.c
[1.184s] -- Up-to-date: /home/songdavid/ff_ws/install/turtlebot3_msgs/include/turtlebot3_msgs/turtlebot3_msgs/srv/detail/dqn__functions.h
[1.184s] -- Up-to-date: /home/songdavid/ff_ws/install/turtlebot3_msgs/include/turtlebot3_msgs/turtlebot3_msgs/srv/detail/sound__struct.h
[1.184s] -- Up-to-date: /home/songdavid/ff_ws/install/turtlebot3_msgs/include/turtlebot3_msgs/turtlebot3_msgs/srv/goal.h
[1.184s] -- Up-to-date: /home/songdavid/ff_ws/install/turtlebot3_msgs/include/turtlebot3_msgs/turtlebot3_msgs/srv/dqn.h
[1.184s] -- Up-to-date: /home/songdavid/ff_ws/install/turtlebot3_msgs/include/turtlebot3_msgs/turtlebot3_msgs/msg
[1.184s] -- Up-to-date: /home/songdavid/ff_ws/install/turtlebot3_msgs/include/turtlebot3_msgs/turtlebot3_msgs/msg/sound.h
[1.184s] -- Up-to-date: /home/songdavid/ff_ws/install/turtlebot3_msgs/include/turtlebot3_msgs/turtlebot3_msgs/msg/sensor_state.h
[1.184s] -- Up-to-date: /home/songdavid/ff_ws/install/turtlebot3_msgs/include/turtlebot3_msgs/turtlebot3_msgs/msg/detail
[1.184s] -- Up-to-date: /home/songdavid/ff_ws/install/turtlebot3_msgs/include/turtlebot3_msgs/turtlebot3_msgs/msg/detail/sensor_state__type_support.h
[1.184s] -- Up-to-date: /home/songdavid/ff_ws/install/turtlebot3_msgs/include/turtlebot3_msgs/turtlebot3_msgs/msg/detail/sound__type_support.h
[1.185s] -- Up-to-date: /home/songdavid/ff_ws/install/turtlebot3_msgs/include/turtlebot3_msgs/turtlebot3_msgs/msg/detail/version_info__functions.c
[1.185s] -- Up-to-date: /home/songdavid/ff_ws/install/turtlebot3_msgs/include/turtlebot3_msgs/turtlebot3_msgs/msg/detail/version_info__type_support.h
[1.185s] -- Up-to-date: /home/songdavid/ff_ws/install/turtlebot3_msgs/include/turtlebot3_msgs/turtlebot3_msgs/msg/detail/sound__functions.c
[1.185s] -- Up-to-date: /home/songdavid/ff_ws/install/turtlebot3_msgs/include/turtlebot3_msgs/turtlebot3_msgs/msg/detail/sound__functions.h
[1.185s] -- Up-to-date: /home/songdavid/ff_ws/install/turtlebot3_msgs/include/turtlebot3_msgs/turtlebot3_msgs/msg/detail/version_info__functions.h
[1.185s] -- Up-to-date: /home/songdavid/ff_ws/install/turtlebot3_msgs/include/turtlebot3_msgs/turtlebot3_msgs/msg/detail/version_info__struct.h
[1.185s] -- Up-to-date: /home/songdavid/ff_ws/install/turtlebot3_msgs/include/turtlebot3_msgs/turtlebot3_msgs/msg/detail/sensor_state__functions.h
[1.186s] -- Up-to-date: /home/songdavid/ff_ws/install/turtlebot3_msgs/include/turtlebot3_msgs/turtlebot3_msgs/msg/detail/sensor_state__struct.h
[1.186s] -- Up-to-date: /home/songdavid/ff_ws/install/turtlebot3_msgs/include/turtlebot3_msgs/turtlebot3_msgs/msg/detail/sound__struct.h
[1.186s] -- Up-to-date: /home/songdavid/ff_ws/install/turtlebot3_msgs/include/turtlebot3_msgs/turtlebot3_msgs/msg/detail/sensor_state__functions.c
[1.186s] -- Up-to-date: /home/songdavid/ff_ws/install/turtlebot3_msgs/include/turtlebot3_msgs/turtlebot3_msgs/msg/rosidl_generator_c__visibility_control.h
[1.186s] -- Up-to-date: /home/songdavid/ff_ws/install/turtlebot3_msgs/include/turtlebot3_msgs/turtlebot3_msgs/msg/version_info.h
[1.186s] -- Up-to-date: /home/songdavid/ff_ws/install/turtlebot3_msgs/include/turtlebot3_msgs/turtlebot3_msgs/action
[1.186s] -- Up-to-date: /home/songdavid/ff_ws/install/turtlebot3_msgs/include/turtlebot3_msgs/turtlebot3_msgs/action/detail
[1.186s] -- Up-to-date: /home/songdavid/ff_ws/install/turtlebot3_msgs/include/turtlebot3_msgs/turtlebot3_msgs/action/detail/patrol__functions.c
[1.186s] -- Up-to-date: /home/songdavid/ff_ws/install/turtlebot3_msgs/include/turtlebot3_msgs/turtlebot3_msgs/action/detail/patrol__struct.h
[1.186s] -- Up-to-date: /home/songdavid/ff_ws/install/turtlebot3_msgs/include/turtlebot3_msgs/turtlebot3_msgs/action/detail/patrol__type_support.h
[1.187s] -- Up-to-date: /home/songdavid/ff_ws/install/turtlebot3_msgs/include/turtlebot3_msgs/turtlebot3_msgs/action/detail/patrol__functions.h
[1.187s] -- Up-to-date: /home/songdavid/ff_ws/install/turtlebot3_msgs/include/turtlebot3_msgs/turtlebot3_msgs/action/patrol.h
[1.187s] -- Up-to-date: /home/songdavid/ff_ws/install/turtlebot3_msgs/share/turtlebot3_msgs/environment/library_path.sh
[1.187s] -- Up-to-date: /home/songdavid/ff_ws/install/turtlebot3_msgs/share/turtlebot3_msgs/environment/library_path.dsv
[1.187s] -- Up-to-date: /home/songdavid/ff_ws/install/turtlebot3_msgs/lib/libturtlebot3_msgs__rosidl_generator_c.so
[1.187s] -- Up-to-date: /home/songdavid/ff_ws/install/turtlebot3_msgs/include/turtlebot3_msgs/turtlebot3_msgs
[1.187s] -- Up-to-date: /home/songdavid/ff_ws/install/turtlebot3_msgs/include/turtlebot3_msgs/turtlebot3_msgs/srv
[1.187s] -- Up-to-date: /home/songdavid/ff_ws/install/turtlebot3_msgs/include/turtlebot3_msgs/turtlebot3_msgs/srv/detail
[1.187s] -- Up-to-date: /home/songdavid/ff_ws/install/turtlebot3_msgs/include/turtlebot3_msgs/turtlebot3_msgs/srv/detail/goal__rosidl_typesupport_fastrtps_c.h
[1.187s] -- Up-to-date: /home/songdavid/ff_ws/install/turtlebot3_msgs/include/turtlebot3_msgs/turtlebot3_msgs/srv/detail/sound__rosidl_typesupport_fastrtps_c.h
[1.187s] -- Up-to-date: /home/songdavid/ff_ws/install/turtlebot3_msgs/include/turtlebot3_msgs/turtlebot3_msgs/srv/detail/dqn__rosidl_typesupport_fastrtps_c.h
[1.188s] -- Up-to-date: /home/songdavid/ff_ws/install/turtlebot3_msgs/include/turtlebot3_msgs/turtlebot3_msgs/msg
[1.188s] -- Up-to-date: /home/songdavid/ff_ws/install/turtlebot3_msgs/include/turtlebot3_msgs/turtlebot3_msgs/msg/detail
[1.188s] -- Up-to-date: /home/songdavid/ff_ws/install/turtlebot3_msgs/include/turtlebot3_msgs/turtlebot3_msgs/msg/detail/version_info__rosidl_typesupport_fastrtps_c.h
[1.188s] -- Up-to-date: /home/songdavid/ff_ws/install/turtlebot3_msgs/include/turtlebot3_msgs/turtlebot3_msgs/msg/detail/sensor_state__rosidl_typesupport_fastrtps_c.h
[1.188s] -- Up-to-date: /home/songdavid/ff_ws/install/turtlebot3_msgs/include/turtlebot3_msgs/turtlebot3_msgs/msg/detail/sound__rosidl_typesupport_fastrtps_c.h
[1.188s] -- Up-to-date: /home/songdavid/ff_ws/install/turtlebot3_msgs/include/turtlebot3_msgs/turtlebot3_msgs/msg/rosidl_typesupport_fastrtps_c__visibility_control.h
[1.188s] -- Up-to-date: /home/songdavid/ff_ws/install/turtlebot3_msgs/include/turtlebot3_msgs/turtlebot3_msgs/action
[1.188s] -- Up-to-date: /home/songdavid/ff_ws/install/turtlebot3_msgs/include/turtlebot3_msgs/turtlebot3_msgs/action/detail
[1.188s] -- Up-to-date: /home/songdavid/ff_ws/install/turtlebot3_msgs/include/turtlebot3_msgs/turtlebot3_msgs/action/detail/patrol__rosidl_typesupport_fastrtps_c.h
[1.188s] -- Up-to-date: /home/songdavid/ff_ws/install/turtlebot3_msgs/lib/libturtlebot3_msgs__rosidl_typesupport_fastrtps_c.so
[1.189s] -- Up-to-date: /home/songdavid/ff_ws/install/turtlebot3_msgs/include/turtlebot3_msgs/turtlebot3_msgs
[1.189s] -- Up-to-date: /home/songdavid/ff_ws/install/turtlebot3_msgs/include/turtlebot3_msgs/turtlebot3_msgs/srv
[1.189s] -- Up-to-date: /home/songdavid/ff_ws/install/turtlebot3_msgs/include/turtlebot3_msgs/turtlebot3_msgs/srv/dqn.hpp
[1.189s] -- Up-to-date: /home/songdavid/ff_ws/install/turtlebot3_msgs/include/turtlebot3_msgs/turtlebot3_msgs/srv/detail
[1.189s] -- Up-to-date: /home/songdavid/ff_ws/install/turtlebot3_msgs/include/turtlebot3_msgs/turtlebot3_msgs/srv/detail/goal__traits.hpp
[1.189s] -- Up-to-date: /home/songdavid/ff_ws/install/turtlebot3_msgs/include/turtlebot3_msgs/turtlebot3_msgs/srv/detail/sound__traits.hpp
[1.189s] -- Up-to-date: /home/songdavid/ff_ws/install/turtlebot3_msgs/include/turtlebot3_msgs/turtlebot3_msgs/srv/detail/dqn__type_support.hpp
[1.189s] -- Up-to-date: /home/songdavid/ff_ws/install/turtlebot3_msgs/include/turtlebot3_msgs/turtlebot3_msgs/srv/detail/sound__struct.hpp
[1.189s] -- Up-to-date: /home/songdavid/ff_ws/install/turtlebot3_msgs/include/turtlebot3_msgs/turtlebot3_msgs/srv/detail/sound__builder.hpp
[1.189s] -- Up-to-date: /home/songdavid/ff_ws/install/turtlebot3_msgs/include/turtlebot3_msgs/turtlebot3_msgs/srv/detail/dqn__struct.hpp
[1.189s] -- Up-to-date: /home/songdavid/ff_ws/install/turtlebot3_msgs/include/turtlebot3_msgs/turtlebot3_msgs/srv/detail/goal__struct.hpp
[1.190s] -- Up-to-date: /home/songdavid/ff_ws/install/turtlebot3_msgs/include/turtlebot3_msgs/turtlebot3_msgs/srv/detail/goal__type_support.hpp
[1.190s] -- Up-to-date: /home/songdavid/ff_ws/install/turtlebot3_msgs/include/turtlebot3_msgs/turtlebot3_msgs/srv/detail/sound__type_support.hpp
[1.190s] -- Up-to-date: /home/songdavid/ff_ws/install/turtlebot3_msgs/include/turtlebot3_msgs/turtlebot3_msgs/srv/detail/dqn__traits.hpp
[1.190s] -- Up-to-date: /home/songdavid/ff_ws/install/turtlebot3_msgs/include/turtlebot3_msgs/turtlebot3_msgs/srv/detail/dqn__builder.hpp
[1.190s] -- Up-to-date: /home/songdavid/ff_ws/install/turtlebot3_msgs/include/turtlebot3_msgs/turtlebot3_msgs/srv/detail/goal__builder.hpp
[1.190s] -- Up-to-date: /home/songdavid/ff_ws/install/turtlebot3_msgs/include/turtlebot3_msgs/turtlebot3_msgs/srv/goal.hpp
[1.190s] -- Up-to-date: /home/songdavid/ff_ws/install/turtlebot3_msgs/include/turtlebot3_msgs/turtlebot3_msgs/srv/sound.hpp
[1.190s] -- Up-to-date: /home/songdavid/ff_ws/install/turtlebot3_msgs/include/turtlebot3_msgs/turtlebot3_msgs/msg
[1.190s] -- Up-to-date: /home/songdavid/ff_ws/install/turtlebot3_msgs/include/turtlebot3_msgs/turtlebot3_msgs/msg/sensor_state.hpp
[1.191s] -- Up-to-date: /home/songdavid/ff_ws/install/turtlebot3_msgs/include/turtlebot3_msgs/turtlebot3_msgs/msg/version_info.hpp
[1.191s] -- Up-to-date: /home/songdavid/ff_ws/install/turtlebot3_msgs/include/turtlebot3_msgs/turtlebot3_msgs/msg/detail
[1.191s] -- Up-to-date: /home/songdavid/ff_ws/install/turtlebot3_msgs/include/turtlebot3_msgs/turtlebot3_msgs/msg/detail/version_info__type_support.hpp
[1.192s] -- Up-to-date: /home/songdavid/ff_ws/install/turtlebot3_msgs/include/turtlebot3_msgs/turtlebot3_msgs/msg/detail/version_info__struct.hpp
[1.192s] -- Up-to-date: /home/songdavid/ff_ws/install/turtlebot3_msgs/include/turtlebot3_msgs/turtlebot3_msgs/msg/detail/sound__traits.hpp
[1.192s] -- Up-to-date: /home/songdavid/ff_ws/install/turtlebot3_msgs/include/turtlebot3_msgs/turtlebot3_msgs/msg/detail/sensor_state__struct.hpp
[1.192s] -- Up-to-date: /home/songdavid/ff_ws/install/turtlebot3_msgs/include/turtlebot3_msgs/turtlebot3_msgs/msg/detail/sound__struct.hpp
[1.192s] -- Up-to-date: /home/songdavid/ff_ws/install/turtlebot3_msgs/include/turtlebot3_msgs/turtlebot3_msgs/msg/detail/version_info__builder.hpp
[1.192s] -- Up-to-date: /home/songdavid/ff_ws/install/turtlebot3_msgs/include/turtlebot3_msgs/turtlebot3_msgs/msg/detail/sound__builder.hpp
[1.193s] -- Up-to-date: /home/songdavid/ff_ws/install/turtlebot3_msgs/include/turtlebot3_msgs/turtlebot3_msgs/msg/detail/sensor_state__type_support.hpp
[1.193s] -- Up-to-date: /home/songdavid/ff_ws/install/turtlebot3_msgs/include/turtlebot3_msgs/turtlebot3_msgs/msg/detail/version_info__traits.hpp
[1.193s] -- Up-to-date: /home/songdavid/ff_ws/install/turtlebot3_msgs/include/turtlebot3_msgs/turtlebot3_msgs/msg/detail/sensor_state__traits.hpp
[1.193s] -- Up-to-date: /home/songdavid/ff_ws/install/turtlebot3_msgs/include/turtlebot3_msgs/turtlebot3_msgs/msg/detail/sound__type_support.hpp
[1.193s] -- Up-to-date: /home/songdavid/ff_ws/install/turtlebot3_msgs/include/turtlebot3_msgs/turtlebot3_msgs/msg/detail/sensor_state__builder.hpp
[1.193s] -- Up-to-date: /home/songdavid/ff_ws/install/turtlebot3_msgs/include/turtlebot3_msgs/turtlebot3_msgs/msg/rosidl_generator_cpp__visibility_control.hpp
[1.193s] -- Up-to-date: /home/songdavid/ff_ws/install/turtlebot3_msgs/include/turtlebot3_msgs/turtlebot3_msgs/msg/sound.hpp
[1.193s] -- Up-to-date: /home/songdavid/ff_ws/install/turtlebot3_msgs/include/turtlebot3_msgs/turtlebot3_msgs/action
[1.193s] -- Up-to-date: /home/songdavid/ff_ws/install/turtlebot3_msgs/include/turtlebot3_msgs/turtlebot3_msgs/action/detail
[1.193s] -- Up-to-date: /home/songdavid/ff_ws/install/turtlebot3_msgs/include/turtlebot3_msgs/turtlebot3_msgs/action/detail/patrol__builder.hpp
[1.193s] -- Up-to-date: /home/songdavid/ff_ws/install/turtlebot3_msgs/include/turtlebot3_msgs/turtlebot3_msgs/action/detail/patrol__traits.hpp
[1.193s] -- Up-to-date: /home/songdavid/ff_ws/install/turtlebot3_msgs/include/turtlebot3_msgs/turtlebot3_msgs/action/detail/patrol__struct.hpp
[1.194s] -- Up-to-date: /home/songdavid/ff_ws/install/turtlebot3_msgs/include/turtlebot3_msgs/turtlebot3_msgs/action/detail/patrol__type_support.hpp
[1.194s] -- Up-to-date: /home/songdavid/ff_ws/install/turtlebot3_msgs/include/turtlebot3_msgs/turtlebot3_msgs/action/patrol.hpp
[1.194s] -- Up-to-date: /home/songdavid/ff_ws/install/turtlebot3_msgs/include/turtlebot3_msgs/turtlebot3_msgs
[1.194s] -- Up-to-date: /home/songdavid/ff_ws/install/turtlebot3_msgs/include/turtlebot3_msgs/turtlebot3_msgs/srv
[1.194s] -- Up-to-date: /home/songdavid/ff_ws/install/turtlebot3_msgs/include/turtlebot3_msgs/turtlebot3_msgs/srv/detail
[1.194s] -- Up-to-date: /home/songdavid/ff_ws/install/turtlebot3_msgs/include/turtlebot3_msgs/turtlebot3_msgs/srv/detail/dds_fastrtps
[1.194s] -- Up-to-date: /home/songdavid/ff_ws/install/turtlebot3_msgs/include/turtlebot3_msgs/turtlebot3_msgs/srv/detail/sound__rosidl_typesupport_fastrtps_cpp.hpp
[1.194s] -- Up-to-date: /home/songdavid/ff_ws/install/turtlebot3_msgs/include/turtlebot3_msgs/turtlebot3_msgs/srv/detail/dqn__rosidl_typesupport_fastrtps_cpp.hpp
[1.194s] -- Up-to-date: /home/songdavid/ff_ws/install/turtlebot3_msgs/include/turtlebot3_msgs/turtlebot3_msgs/srv/detail/goal__rosidl_typesupport_fastrtps_cpp.hpp
[1.194s] -- Up-to-date: /home/songdavid/ff_ws/install/turtlebot3_msgs/include/turtlebot3_msgs/turtlebot3_msgs/msg
[1.194s] -- Up-to-date: /home/songdavid/ff_ws/install/turtlebot3_msgs/include/turtlebot3_msgs/turtlebot3_msgs/msg/rosidl_typesupport_fastrtps_cpp__visibility_control.h
[1.194s] -- Up-to-date: /home/songdavid/ff_ws/install/turtlebot3_msgs/include/turtlebot3_msgs/turtlebot3_msgs/msg/detail
[1.194s] -- Up-to-date: /home/songdavid/ff_ws/install/turtlebot3_msgs/include/turtlebot3_msgs/turtlebot3_msgs/msg/detail/dds_fastrtps
[1.194s] -- Up-to-date: /home/songdavid/ff_ws/install/turtlebot3_msgs/include/turtlebot3_msgs/turtlebot3_msgs/msg/detail/sound__rosidl_typesupport_fastrtps_cpp.hpp
[1.195s] -- Up-to-date: /home/songdavid/ff_ws/install/turtlebot3_msgs/include/turtlebot3_msgs/turtlebot3_msgs/msg/detail/sensor_state__rosidl_typesupport_fastrtps_cpp.hpp
[1.195s] -- Up-to-date: /home/songdavid/ff_ws/install/turtlebot3_msgs/include/turtlebot3_msgs/turtlebot3_msgs/msg/detail/version_info__rosidl_typesupport_fastrtps_cpp.hpp
[1.195s] -- Up-to-date: /home/songdavid/ff_ws/install/turtlebot3_msgs/include/turtlebot3_msgs/turtlebot3_msgs/action
[1.196s] -- Up-to-date: /home/songdavid/ff_ws/install/turtlebot3_msgs/include/turtlebot3_msgs/turtlebot3_msgs/action/detail
[1.196s] -- Up-to-date: /home/songdavid/ff_ws/install/turtlebot3_msgs/include/turtlebot3_msgs/turtlebot3_msgs/action/detail/dds_fastrtps
[1.196s] -- Up-to-date: /home/songdavid/ff_ws/install/turtlebot3_msgs/include/turtlebot3_msgs/turtlebot3_msgs/action/detail/patrol__rosidl_typesupport_fastrtps_cpp.hpp
[1.196s] -- Up-to-date: /home/songdavid/ff_ws/install/turtlebot3_msgs/lib/libturtlebot3_msgs__rosidl_typesupport_fastrtps_cpp.so
[1.196s] -- Up-to-date: /home/songdavid/ff_ws/install/turtlebot3_msgs/include/turtlebot3_msgs/turtlebot3_msgs
[1.196s] -- Up-to-date: /home/songdavid/ff_ws/install/turtlebot3_msgs/include/turtlebot3_msgs/turtlebot3_msgs/srv
[1.196s] -- Up-to-date: /home/songdavid/ff_ws/install/turtlebot3_msgs/include/turtlebot3_msgs/turtlebot3_msgs/srv/detail
[1.197s] -- Up-to-date: /home/songdavid/ff_ws/install/turtlebot3_msgs/include/turtlebot3_msgs/turtlebot3_msgs/srv/detail/dqn__type_support.c
[1.197s] -- Up-to-date: /home/songdavid/ff_ws/install/turtlebot3_msgs/include/turtlebot3_msgs/turtlebot3_msgs/srv/detail/goal__type_support.c
[1.197s] -- Up-to-date: /home/songdavid/ff_ws/install/turtlebot3_msgs/include/turtlebot3_msgs/turtlebot3_msgs/srv/detail/goal__rosidl_typesupport_introspection_c.h
[1.197s] -- Up-to-date: /home/songdavid/ff_ws/install/turtlebot3_msgs/include/turtlebot3_msgs/turtlebot3_msgs/srv/detail/sound__type_support.c
[1.197s] -- Up-to-date: /home/songdavid/ff_ws/install/turtlebot3_msgs/include/turtlebot3_msgs/turtlebot3_msgs/srv/detail/sound__rosidl_typesupport_introspection_c.h
[1.198s] -- Up-to-date: /home/songdavid/ff_ws/install/turtlebot3_msgs/include/turtlebot3_msgs/turtlebot3_msgs/srv/detail/dqn__rosidl_typesupport_introspection_c.h
[1.198s] -- Up-to-date: /home/songdavid/ff_ws/install/turtlebot3_msgs/include/turtlebot3_msgs/turtlebot3_msgs/msg
[1.198s] -- Up-to-date: /home/songdavid/ff_ws/install/turtlebot3_msgs/include/turtlebot3_msgs/turtlebot3_msgs/msg/rosidl_typesupport_introspection_c__visibility_control.h
[1.198s] -- Up-to-date: /home/songdavid/ff_ws/install/turtlebot3_msgs/include/turtlebot3_msgs/turtlebot3_msgs/msg/detail
[1.198s] -- Up-to-date: /home/songdavid/ff_ws/install/turtlebot3_msgs/include/turtlebot3_msgs/turtlebot3_msgs/msg/detail/sensor_state__rosidl_typesupport_introspection_c.h
[1.198s] -- Up-to-date: /home/songdavid/ff_ws/install/turtlebot3_msgs/include/turtlebot3_msgs/turtlebot3_msgs/msg/detail/sensor_state__type_support.c
[1.198s] -- Up-to-date: /home/songdavid/ff_ws/install/turtlebot3_msgs/include/turtlebot3_msgs/turtlebot3_msgs/msg/detail/version_info__rosidl_typesupport_introspection_c.h
[1.199s] -- Up-to-date: /home/songdavid/ff_ws/install/turtlebot3_msgs/include/turtlebot3_msgs/turtlebot3_msgs/msg/detail/sound__type_support.c
[1.199s] -- Up-to-date: /home/songdavid/ff_ws/install/turtlebot3_msgs/include/turtlebot3_msgs/turtlebot3_msgs/msg/detail/sound__rosidl_typesupport_introspection_c.h
[1.201s] -- Up-to-date: /home/songdavid/ff_ws/install/turtlebot3_msgs/include/turtlebot3_msgs/turtlebot3_msgs/msg/detail/version_info__type_support.c
[1.201s] -- Up-to-date: /home/songdavid/ff_ws/install/turtlebot3_msgs/include/turtlebot3_msgs/turtlebot3_msgs/action
[1.202s] -- Up-to-date: /home/songdavid/ff_ws/install/turtlebot3_msgs/include/turtlebot3_msgs/turtlebot3_msgs/action/detail
[1.202s] -- Up-to-date: /home/songdavid/ff_ws/install/turtlebot3_msgs/include/turtlebot3_msgs/turtlebot3_msgs/action/detail/patrol__rosidl_typesupport_introspection_c.h
[1.202s] -- Up-to-date: /home/songdavid/ff_ws/install/turtlebot3_msgs/include/turtlebot3_msgs/turtlebot3_msgs/action/detail/patrol__type_support.c
[1.202s] -- Up-to-date: /home/songdavid/ff_ws/install/turtlebot3_msgs/lib/libturtlebot3_msgs__rosidl_typesupport_introspection_c.so
[1.215s] -- Up-to-date: /home/songdavid/ff_ws/install/turtlebot3_msgs/lib/libturtlebot3_msgs__rosidl_typesupport_c.so
[1.216s] -- Up-to-date: /home/songdavid/ff_ws/install/turtlebot3_msgs/include/turtlebot3_msgs/turtlebot3_msgs
[1.216s] -- Up-to-date: /home/songdavid/ff_ws/install/turtlebot3_msgs/include/turtlebot3_msgs/turtlebot3_msgs/srv
[1.216s] -- Up-to-date: /home/songdavid/ff_ws/install/turtlebot3_msgs/include/turtlebot3_msgs/turtlebot3_msgs/srv/detail
[1.217s] -- Up-to-date: /home/songdavid/ff_ws/install/turtlebot3_msgs/include/turtlebot3_msgs/turtlebot3_msgs/srv/detail/goal__rosidl_typesupport_introspection_cpp.hpp
[1.217s] -- Up-to-date: /home/songdavid/ff_ws/install/turtlebot3_msgs/include/turtlebot3_msgs/turtlebot3_msgs/srv/detail/dqn__type_support.cpp
[1.217s] -- Up-to-date: /home/songdavid/ff_ws/install/turtlebot3_msgs/include/turtlebot3_msgs/turtlebot3_msgs/srv/detail/sound__rosidl_typesupport_introspection_cpp.hpp
[1.217s] -- Up-to-date: /home/songdavid/ff_ws/install/turtlebot3_msgs/include/turtlebot3_msgs/turtlebot3_msgs/srv/detail/goal__type_support.cpp
[1.217s] -- Up-to-date: /home/songdavid/ff_ws/install/turtlebot3_msgs/include/turtlebot3_msgs/turtlebot3_msgs/srv/detail/dqn__rosidl_typesupport_introspection_cpp.hpp
[1.217s] -- Up-to-date: /home/songdavid/ff_ws/install/turtlebot3_msgs/include/turtlebot3_msgs/turtlebot3_msgs/srv/detail/sound__type_support.cpp
[1.218s] -- Up-to-date: /home/songdavid/ff_ws/install/turtlebot3_msgs/include/turtlebot3_msgs/turtlebot3_msgs/msg
[1.218s] -- Up-to-date: /home/songdavid/ff_ws/install/turtlebot3_msgs/include/turtlebot3_msgs/turtlebot3_msgs/msg/detail
[1.218s] -- Up-to-date: /home/songdavid/ff_ws/install/turtlebot3_msgs/include/turtlebot3_msgs/turtlebot3_msgs/msg/detail/sensor_state__rosidl_typesupport_introspection_cpp.hpp
[1.218s] -- Up-to-date: /home/songdavid/ff_ws/install/turtlebot3_msgs/include/turtlebot3_msgs/turtlebot3_msgs/msg/detail/version_info__rosidl_typesupport_introspection_cpp.hpp
[1.218s] -- Up-to-date: /home/songdavid/ff_ws/install/turtlebot3_msgs/include/turtlebot3_msgs/turtlebot3_msgs/msg/detail/sound__rosidl_typesupport_introspection_cpp.hpp
[1.219s] -- Up-to-date: /home/songdavid/ff_ws/install/turtlebot3_msgs/include/turtlebot3_msgs/turtlebot3_msgs/msg/detail/sensor_state__type_support.cpp
[1.219s] -- Up-to-date: /home/songdavid/ff_ws/install/turtlebot3_msgs/include/turtlebot3_msgs/turtlebot3_msgs/msg/detail/version_info__type_support.cpp
[1.219s] -- Up-to-date: /home/songdavid/ff_ws/install/turtlebot3_msgs/include/turtlebot3_msgs/turtlebot3_msgs/msg/detail/sound__type_support.cpp
[1.219s] -- Up-to-date: /home/songdavid/ff_ws/install/turtlebot3_msgs/include/turtlebot3_msgs/turtlebot3_msgs/action
[1.219s] -- Up-to-date: /home/songdavid/ff_ws/install/turtlebot3_msgs/include/turtlebot3_msgs/turtlebot3_msgs/action/detail
[1.219s] -- Up-to-date: /home/songdavid/ff_ws/install/turtlebot3_msgs/include/turtlebot3_msgs/turtlebot3_msgs/action/detail/patrol__rosidl_typesupport_introspection_cpp.hpp
[1.219s] -- Up-to-date: /home/songdavid/ff_ws/install/turtlebot3_msgs/include/turtlebot3_msgs/turtlebot3_msgs/action/detail/patrol__type_support.cpp
[1.219s] -- Up-to-date: /home/songdavid/ff_ws/install/turtlebot3_msgs/lib/libturtlebot3_msgs__rosidl_typesupport_introspection_cpp.so
[1.220s] -- Up-to-date: /home/songdavid/ff_ws/install/turtlebot3_msgs/lib/libturtlebot3_msgs__rosidl_typesupport_cpp.so
[1.220s] -- Up-to-date: /home/songdavid/ff_ws/install/turtlebot3_msgs/share/turtlebot3_msgs/environment/pythonpath.sh
[1.220s] -- Up-to-date: /home/songdavid/ff_ws/install/turtlebot3_msgs/share/turtlebot3_msgs/environment/pythonpath.dsv
[1.220s] -- Up-to-date: /home/songdavid/ff_ws/install/turtlebot3_msgs/local/lib/python3.10/dist-packages/turtlebot3_msgs-2.4.0-py3.10.egg-info
[1.220s] -- Installing: /home/songdavid/ff_ws/install/turtlebot3_msgs/local/lib/python3.10/dist-packages/turtlebot3_msgs-2.4.0-py3.10.egg-info/SOURCES.txt
[1.220s] -- Installing: /home/songdavid/ff_ws/install/turtlebot3_msgs/local/lib/python3.10/dist-packages/turtlebot3_msgs-2.4.0-py3.10.egg-info/PKG-INFO
[1.220s] -- Installing: /home/songdavid/ff_ws/install/turtlebot3_msgs/local/lib/python3.10/dist-packages/turtlebot3_msgs-2.4.0-py3.10.egg-info/dependency_links.txt
[1.221s] -- Installing: /home/songdavid/ff_ws/install/turtlebot3_msgs/local/lib/python3.10/dist-packages/turtlebot3_msgs-2.4.0-py3.10.egg-info/top_level.txt
[1.221s] -- Up-to-date: /home/songdavid/ff_ws/install/turtlebot3_msgs/local/lib/python3.10/dist-packages/turtlebot3_msgs
[1.221s] -- Up-to-date: /home/songdavid/ff_ws/install/turtlebot3_msgs/local/lib/python3.10/dist-packages/turtlebot3_msgs/turtlebot3_msgs_s__rosidl_typesupport_fastrtps_c.cpython-310-x86_64-linux-gnu.so
[1.221s] -- Up-to-date: /home/songdavid/ff_ws/install/turtlebot3_msgs/local/lib/python3.10/dist-packages/turtlebot3_msgs/_turtlebot3_msgs_s.ep.rosidl_typesupport_fastrtps_c.c
[1.221s] -- Up-to-date: /home/songdavid/ff_ws/install/turtlebot3_msgs/local/lib/python3.10/dist-packages/turtlebot3_msgs/srv
[1.221s] -- Up-to-date: /home/songdavid/ff_ws/install/turtlebot3_msgs/local/lib/python3.10/dist-packages/turtlebot3_msgs/srv/_dqn.py
[1.221s] -- Up-to-date: /home/songdavid/ff_ws/install/turtlebot3_msgs/local/lib/python3.10/dist-packages/turtlebot3_msgs/srv/_goal.py
[1.221s] -- Up-to-date: /home/songdavid/ff_ws/install/turtlebot3_msgs/local/lib/python3.10/dist-packages/turtlebot3_msgs/srv/_sound_s.c
[1.222s] -- Up-to-date: /home/songdavid/ff_ws/install/turtlebot3_msgs/local/lib/python3.10/dist-packages/turtlebot3_msgs/srv/_goal_s.c
[1.222s] -- Up-to-date: /home/songdavid/ff_ws/install/turtlebot3_msgs/local/lib/python3.10/dist-packages/turtlebot3_msgs/srv/__init__.py
[1.222s] -- Up-to-date: /home/songdavid/ff_ws/install/turtlebot3_msgs/local/lib/python3.10/dist-packages/turtlebot3_msgs/srv/_sound.py
[1.222s] -- Up-to-date: /home/songdavid/ff_ws/install/turtlebot3_msgs/local/lib/python3.10/dist-packages/turtlebot3_msgs/srv/_dqn_s.c
[1.222s] -- Up-to-date: /home/songdavid/ff_ws/install/turtlebot3_msgs/local/lib/python3.10/dist-packages/turtlebot3_msgs/_turtlebot3_msgs_s.ep.rosidl_typesupport_c.c
[1.222s] -- Up-to-date: /home/songdavid/ff_ws/install/turtlebot3_msgs/local/lib/python3.10/dist-packages/turtlebot3_msgs/turtlebot3_msgs_s__rosidl_typesupport_c.cpython-310-x86_64-linux-gnu.so
[1.222s] -- Up-to-date: /home/songdavid/ff_ws/install/turtlebot3_msgs/local/lib/python3.10/dist-packages/turtlebot3_msgs/_turtlebot3_msgs_s.ep.rosidl_typesupport_introspection_c.c
[1.222s] -- Up-to-date: /home/songdavid/ff_ws/install/turtlebot3_msgs/local/lib/python3.10/dist-packages/turtlebot3_msgs/__init__.py
[1.222s] -- Up-to-date: /home/songdavid/ff_ws/install/turtlebot3_msgs/local/lib/python3.10/dist-packages/turtlebot3_msgs/libturtlebot3_msgs__rosidl_generator_py.so
[1.223s] -- Up-to-date: /home/songdavid/ff_ws/install/turtlebot3_msgs/local/lib/python3.10/dist-packages/turtlebot3_msgs/turtlebot3_msgs_s__rosidl_typesupport_introspection_c.cpython-310-x86_64-linux-gnu.so
[1.223s] -- Up-to-date: /home/songdavid/ff_ws/install/turtlebot3_msgs/local/lib/python3.10/dist-packages/turtlebot3_msgs/msg
[1.223s] -- Up-to-date: /home/songdavid/ff_ws/install/turtlebot3_msgs/local/lib/python3.10/dist-packages/turtlebot3_msgs/msg/_sensor_state_s.c
[1.223s] -- Up-to-date: /home/songdavid/ff_ws/install/turtlebot3_msgs/local/lib/python3.10/dist-packages/turtlebot3_msgs/msg/_sound_s.c
[1.224s] -- Up-to-date: /home/songdavid/ff_ws/install/turtlebot3_msgs/local/lib/python3.10/dist-packages/turtlebot3_msgs/msg/_sensor_state.py
[1.224s] -- Up-to-date: /home/songdavid/ff_ws/install/turtlebot3_msgs/local/lib/python3.10/dist-packages/turtlebot3_msgs/msg/__init__.py
[1.224s] -- Up-to-date: /home/songdavid/ff_ws/install/turtlebot3_msgs/local/lib/python3.10/dist-packages/turtlebot3_msgs/msg/_version_info_s.c
[1.224s] -- Up-to-date: /home/songdavid/ff_ws/install/turtlebot3_msgs/local/lib/python3.10/dist-packages/turtlebot3_msgs/msg/_sound.py
[1.224s] -- Up-to-date: /home/songdavid/ff_ws/install/turtlebot3_msgs/local/lib/python3.10/dist-packages/turtlebot3_msgs/msg/_version_info.py
[1.224s] -- Up-to-date: /home/songdavid/ff_ws/install/turtlebot3_msgs/local/lib/python3.10/dist-packages/turtlebot3_msgs/action
[1.224s] -- Up-to-date: /home/songdavid/ff_ws/install/turtlebot3_msgs/local/lib/python3.10/dist-packages/turtlebot3_msgs/action/_patrol.py
[1.226s] -- Up-to-date: /home/songdavid/ff_ws/install/turtlebot3_msgs/local/lib/python3.10/dist-packages/turtlebot3_msgs/action/__init__.py
[1.226s] -- Up-to-date: /home/songdavid/ff_ws/install/turtlebot3_msgs/local/lib/python3.10/dist-packages/turtlebot3_msgs/action/_patrol_s.c
[1.250s] Listing '/home/songdavid/ff_ws/install/turtlebot3_msgs/local/lib/python3.10/dist-packages/turtlebot3_msgs'...
[1.250s] Listing '/home/songdavid/ff_ws/install/turtlebot3_msgs/local/lib/python3.10/dist-packages/turtlebot3_msgs/action'...
[1.250s] Listing '/home/songdavid/ff_ws/install/turtlebot3_msgs/local/lib/python3.10/dist-packages/turtlebot3_msgs/msg'...
[1.251s] Listing '/home/songdavid/ff_ws/install/turtlebot3_msgs/local/lib/python3.10/dist-packages/turtlebot3_msgs/srv'...
[1.255s] -- Up-to-date: /home/songdavid/ff_ws/install/turtlebot3_msgs/local/lib/python3.10/dist-packages/turtlebot3_msgs/turtlebot3_msgs_s__rosidl_typesupport_fastrtps_c.cpython-310-x86_64-linux-gnu.so
[1.256s] -- Up-to-date: /home/songdavid/ff_ws/install/turtlebot3_msgs/local/lib/python3.10/dist-packages/turtlebot3_msgs/turtlebot3_msgs_s__rosidl_typesupport_introspection_c.cpython-310-x86_64-linux-gnu.so
[1.257s] -- Up-to-date: /home/songdavid/ff_ws/install/turtlebot3_msgs/local/lib/python3.10/dist-packages/turtlebot3_msgs/turtlebot3_msgs_s__rosidl_typesupport_c.cpython-310-x86_64-linux-gnu.so
[1.259s] -- Up-to-date: /home/songdavid/ff_ws/install/turtlebot3_msgs/lib/libturtlebot3_msgs__rosidl_generator_py.so
[1.259s] -- Up-to-date: /home/songdavid/ff_ws/install/turtlebot3_msgs/share/turtlebot3_msgs/msg/SensorState.idl
[1.259s] -- Up-to-date: /home/songdavid/ff_ws/install/turtlebot3_msgs/share/turtlebot3_msgs/msg/Sound.idl
[1.259s] -- Up-to-date: /home/songdavid/ff_ws/install/turtlebot3_msgs/share/turtlebot3_msgs/msg/VersionInfo.idl
[1.259s] -- Up-to-date: /home/songdavid/ff_ws/install/turtlebot3_msgs/share/turtlebot3_msgs/srv/Sound.idl
[1.259s] -- Up-to-date: /home/songdavid/ff_ws/install/turtlebot3_msgs/share/turtlebot3_msgs/srv/Dqn.idl
[1.259s] -- Up-to-date: /home/songdavid/ff_ws/install/turtlebot3_msgs/share/turtlebot3_msgs/srv/Goal.idl
[1.260s] -- Up-to-date: /home/songdavid/ff_ws/install/turtlebot3_msgs/share/turtlebot3_msgs/action/Patrol.idl
[1.260s] -- Up-to-date: /home/songdavid/ff_ws/install/turtlebot3_msgs/share/turtlebot3_msgs/msg/SensorState.msg
[1.260s] -- Up-to-date: /home/songdavid/ff_ws/install/turtlebot3_msgs/share/turtlebot3_msgs/msg/Sound.msg
[1.260s] -- Up-to-date: /home/songdavid/ff_ws/install/turtlebot3_msgs/share/turtlebot3_msgs/msg/VersionInfo.msg
[1.260s] -- Up-to-date: /home/songdavid/ff_ws/install/turtlebot3_msgs/share/turtlebot3_msgs/srv/Sound.srv
[1.260s] -- Up-to-date: /home/songdavid/ff_ws/install/turtlebot3_msgs/share/turtlebot3_msgs/srv/Sound_Request.msg
[1.260s] -- Up-to-date: /home/songdavid/ff_ws/install/turtlebot3_msgs/share/turtlebot3_msgs/srv/Sound_Response.msg
[1.261s] -- Up-to-date: /home/songdavid/ff_ws/install/turtlebot3_msgs/share/turtlebot3_msgs/srv/Dqn.srv
[1.261s] -- Up-to-date: /home/songdavid/ff_ws/install/turtlebot3_msgs/share/turtlebot3_msgs/srv/Dqn_Request.msg
[1.261s] -- Up-to-date: /home/songdavid/ff_ws/install/turtlebot3_msgs/share/turtlebot3_msgs/srv/Dqn_Response.msg
[1.261s] -- Up-to-date: /home/songdavid/ff_ws/install/turtlebot3_msgs/share/turtlebot3_msgs/srv/Goal.srv
[1.261s] -- Up-to-date: /home/songdavid/ff_ws/install/turtlebot3_msgs/share/turtlebot3_msgs/srv/Goal_Request.msg
[1.261s] -- Up-to-date: /home/songdavid/ff_ws/install/turtlebot3_msgs/share/turtlebot3_msgs/srv/Goal_Response.msg
[1.261s] -- Up-to-date: /home/songdavid/ff_ws/install/turtlebot3_msgs/share/turtlebot3_msgs/action/Patrol.action
[1.261s] -- Up-to-date: /home/songdavid/ff_ws/install/turtlebot3_msgs/share/ament_index/resource_index/package_run_dependencies/turtlebot3_msgs
[1.262s] -- Up-to-date: /home/songdavid/ff_ws/install/turtlebot3_msgs/share/ament_index/resource_index/parent_prefix_path/turtlebot3_msgs
[1.262s] -- Up-to-date: /home/songdavid/ff_ws/install/turtlebot3_msgs/share/turtlebot3_msgs/environment/ament_prefix_path.sh
[1.263s] -- Up-to-date: /home/songdavid/ff_ws/install/turtlebot3_msgs/share/turtlebot3_msgs/environment/ament_prefix_path.dsv
[1.264s] -- Up-to-date: /home/songdavid/ff_ws/install/turtlebot3_msgs/share/turtlebot3_msgs/environment/path.sh
[1.264s] -- Up-to-date: /home/songdavid/ff_ws/install/turtlebot3_msgs/share/turtlebot3_msgs/environment/path.dsv
[1.264s] -- Up-to-date: /home/songdavid/ff_ws/install/turtlebot3_msgs/share/turtlebot3_msgs/local_setup.bash
[1.264s] -- Up-to-date: /home/songdavid/ff_ws/install/turtlebot3_msgs/share/turtlebot3_msgs/local_setup.sh
[1.264s] -- Up-to-date: /home/songdavid/ff_ws/install/turtlebot3_msgs/share/turtlebot3_msgs/local_setup.zsh
[1.264s] -- Up-to-date: /home/songdavid/ff_ws/install/turtlebot3_msgs/share/turtlebot3_msgs/local_setup.dsv
[1.265s] -- Installing: /home/songdavid/ff_ws/install/turtlebot3_msgs/share/turtlebot3_msgs/package.dsv
[1.265s] -- Up-to-date: /home/songdavid/ff_ws/install/turtlebot3_msgs/share/ament_index/resource_index/packages/turtlebot3_msgs
[1.265s] -- Up-to-date: /home/songdavid/ff_ws/install/turtlebot3_msgs/share/turtlebot3_msgs/cmake/export_turtlebot3_msgs__rosidl_generator_cExport.cmake
[1.265s] -- Up-to-date: /home/songdavid/ff_ws/install/turtlebot3_msgs/share/turtlebot3_msgs/cmake/export_turtlebot3_msgs__rosidl_generator_cExport-noconfig.cmake
[1.265s] -- Up-to-date: /home/songdavid/ff_ws/install/turtlebot3_msgs/share/turtlebot3_msgs/cmake/export_turtlebot3_msgs__rosidl_typesupport_fastrtps_cExport.cmake
[1.265s] -- Up-to-date: /home/songdavid/ff_ws/install/turtlebot3_msgs/share/turtlebot3_msgs/cmake/export_turtlebot3_msgs__rosidl_typesupport_fastrtps_cExport-noconfig.cmake
[1.265s] -- Up-to-date: /home/songdavid/ff_ws/install/turtlebot3_msgs/share/turtlebot3_msgs/cmake/export_turtlebot3_msgs__rosidl_generator_cppExport.cmake
[1.265s] -- Up-to-date: /home/songdavid/ff_ws/install/turtlebot3_msgs/share/turtlebot3_msgs/cmake/export_turtlebot3_msgs__rosidl_typesupport_fastrtps_cppExport.cmake
[1.266s] -- Up-to-date: /home/songdavid/ff_ws/install/turtlebot3_msgs/share/turtlebot3_msgs/cmake/export_turtlebot3_msgs__rosidl_typesupport_fastrtps_cppExport-noconfig.cmake
[1.266s] -- Up-to-date: /home/songdavid/ff_ws/install/turtlebot3_msgs/share/turtlebot3_msgs/cmake/turtlebot3_msgs__rosidl_typesupport_introspection_cExport.cmake
[1.266s] -- Up-to-date: /home/songdavid/ff_ws/install/turtlebot3_msgs/share/turtlebot3_msgs/cmake/turtlebot3_msgs__rosidl_typesupport_introspection_cExport-noconfig.cmake
[1.266s] -- Up-to-date: /home/songdavid/ff_ws/install/turtlebot3_msgs/share/turtlebot3_msgs/cmake/turtlebot3_msgs__rosidl_typesupport_cExport.cmake
[1.266s] -- Up-to-date: /home/songdavid/ff_ws/install/turtlebot3_msgs/share/turtlebot3_msgs/cmake/turtlebot3_msgs__rosidl_typesupport_cExport-noconfig.cmake
[1.266s] -- Up-to-date: /home/songdavid/ff_ws/install/turtlebot3_msgs/share/turtlebot3_msgs/cmake/turtlebot3_msgs__rosidl_typesupport_introspection_cppExport.cmake
[1.266s] -- Up-to-date: /home/songdavid/ff_ws/install/turtlebot3_msgs/share/turtlebot3_msgs/cmake/turtlebot3_msgs__rosidl_typesupport_introspection_cppExport-noconfig.cmake
[1.266s] -- Up-to-date: /home/songdavid/ff_ws/install/turtlebot3_msgs/share/turtlebot3_msgs/cmake/turtlebot3_msgs__rosidl_typesupport_cppExport.cmake
[1.266s] -- Up-to-date: /home/songdavid/ff_ws/install/turtlebot3_msgs/share/turtlebot3_msgs/cmake/turtlebot3_msgs__rosidl_typesupport_cppExport-noconfig.cmake
[1.267s] -- Up-to-date: /home/songdavid/ff_ws/install/turtlebot3_msgs/share/turtlebot3_msgs/cmake/export_turtlebot3_msgs__rosidl_generator_pyExport.cmake
[1.267s] -- Up-to-date: /home/songdavid/ff_ws/install/turtlebot3_msgs/share/turtlebot3_msgs/cmake/export_turtlebot3_msgs__rosidl_generator_pyExport-noconfig.cmake
[1.267s] -- Up-to-date: /home/songdavid/ff_ws/install/turtlebot3_msgs/share/turtlebot3_msgs/cmake/rosidl_cmake-extras.cmake
[1.267s] -- Up-to-date: /home/songdavid/ff_ws/install/turtlebot3_msgs/share/turtlebot3_msgs/cmake/ament_cmake_export_dependencies-extras.cmake
[1.267s] -- Up-to-date: /home/songdavid/ff_ws/install/turtlebot3_msgs/share/turtlebot3_msgs/cmake/ament_cmake_export_include_directories-extras.cmake
[1.267s] -- Up-to-date: /home/songdavid/ff_ws/install/turtlebot3_msgs/share/turtlebot3_msgs/cmake/ament_cmake_export_libraries-extras.cmake
[1.267s] -- Up-to-date: /home/songdavid/ff_ws/install/turtlebot3_msgs/share/turtlebot3_msgs/cmake/ament_cmake_export_targets-extras.cmake
[1.268s] -- Up-to-date: /home/songdavid/ff_ws/install/turtlebot3_msgs/share/turtlebot3_msgs/cmake/rosidl_cmake_export_typesupport_targets-extras.cmake
[1.268s] -- Up-to-date: /home/songdavid/ff_ws/install/turtlebot3_msgs/share/turtlebot3_msgs/cmake/rosidl_cmake_export_typesupport_libraries-extras.cmake
[1.268s] -- Up-to-date: /home/songdavid/ff_ws/install/turtlebot3_msgs/share/turtlebot3_msgs/cmake/turtlebot3_msgsConfig.cmake
[1.268s] -- Up-to-date: /home/songdavid/ff_ws/install/turtlebot3_msgs/share/turtlebot3_msgs/cmake/turtlebot3_msgsConfig-version.cmake
[1.269s] -- Up-to-date: /home/songdavid/ff_ws/install/turtlebot3_msgs/share/turtlebot3_msgs/package.xml
[1.302s] Invoked command in '/home/songdavid/ff_ws/build/turtlebot3_msgs' returned '0': CMAKE_PREFIX_PATH=${CMAKE_PREFIX_PATH}:/home/songdavid/ff_ws/install/explorer_bringup:/home/songdavid/ff_ws/install/turtlebot3_teleop:/home/songdavid/ff_ws/install/turtlebot3_example:/home/songdavid/ff_ws/install/explorer_wanderer:/home/songdavid/ff_ws/install/explorer_map_utils:/home/songdavid/ff_ws/install/autonomous_exploration:/home/songdavid/turtlebot3_ws/install/explorer_bringup:/home/songdavid/turtlebot3_ws/install/turtlebot3_teleop:/home/songdavid/turtlebot3_ws/install/turtlebot3_example:/home/songdavid/turtlebot3_ws/install/explorer_wanderer:/home/songdavid/turtlebot3_ws/install/explorer_map_utils:/home/songdavid/turtlebot3_ws/install/exploration_pkg:/opt/ros/humble /usr/bin/cmake --install /home/songdavid/ff_ws/build/turtlebot3_msgs
