[0.053s] Invoking command in '/home/songdavid/ff_ws/build/turtlebot3_msgs': CMAKE_PREFIX_PATH=${CMAKE_PREFIX_PATH}:/home/songdavid/turtlebot3_ws/install/explorer_bringup:/home/songdavid/turtlebot3_ws/install/turtlebot3_teleop:/home/songdavid/turtlebot3_ws/install/turtlebot3_example:/home/songdavid/turtlebot3_ws/install/explorer_wanderer:/home/songdavid/turtlebot3_ws/install/explorer_map_utils:/home/songdavid/turtlebot3_ws/install/exploration_pkg:/opt/ros/humble /usr/bin/cmake --build /home/songdavid/ff_ws/build/turtlebot3_msgs -- -j8 -l8
[0.492s] [  1%] Built target turtlebot3_msgs__cpp
[0.492s] [ 12%] Built target turtlebot3_msgs__rosidl_generator_c
[0.493s] [ 12%] Built target ament_cmake_python_copy_turtlebot3_msgs
[0.493s] [ 24%] Built target turtlebot3_msgs__rosidl_typesupport_introspection_c
[0.493s] [ 35%] Built target turtlebot3_msgs__rosidl_typesupport_introspection_cpp
[0.493s] [ 46%] Built target turtlebot3_msgs__rosidl_typesupport_fastrtps_c
[0.493s] [ 58%] Built target turtlebot3_msgs__rosidl_typesupport_c
[0.493s] [ 69%] Built target turtlebot3_msgs__rosidl_typesupport_cpp
[0.493s] [ 81%] Built target turtlebot3_msgs__rosidl_typesupport_fastrtps_cpp
[0.494s] [ 81%] Built target turtlebot3_msgs
[0.494s] [ 82%] Built target turtlebot3_msgs__py
[0.494s] [ 92%] Built target turtlebot3_msgs__rosidl_generator_py
[0.494s] [ 94%] Built target turtlebot3_msgs__rosidl_typesupport_introspection_c__pyext
[0.494s] [ 97%] Built target turtlebot3_msgs__rosidl_typesupport_c__pyext
[0.494s] [100%] Built target turtlebot3_msgs__rosidl_typesupport_fastrtps_c__pyext
[0.646s] running egg_info
[0.646s] writing turtlebot3_msgs.egg-info/PKG-INFO
[0.646s] writing dependency_links to turtlebot3_msgs.egg-info/dependency_links.txt
[0.647s] writing top-level names to turtlebot3_msgs.egg-info/top_level.txt
[0.647s] reading manifest file 'turtlebot3_msgs.egg-info/SOURCES.txt'
[0.647s] writing manifest file 'turtlebot3_msgs.egg-info/SOURCES.txt'
[0.699s] [100%] Built target ament_cmake_python_build_turtlebot3_msgs_egg
[1.092s] Invoked command in '/home/songdavid/ff_ws/build/turtlebot3_msgs' returned '0': CMAKE_PREFIX_PATH=${CMAKE_PREFIX_PATH}:/home/songdavid/turtlebot3_ws/install/explorer_bringup:/home/songdavid/turtlebot3_ws/install/turtlebot3_teleop:/home/songdavid/turtlebot3_ws/install/turtlebot3_example:/home/songdavid/turtlebot3_ws/install/explorer_wanderer:/home/songdavid/turtlebot3_ws/install/explorer_map_utils:/home/songdavid/turtlebot3_ws/install/exploration_pkg:/opt/ros/humble /usr/bin/cmake --build /home/songdavid/ff_ws/build/turtlebot3_msgs -- -j8 -l8
[1.094s] Invoking command in '/home/songdavid/ff_ws/build/turtlebot3_msgs': CMAKE_PREFIX_PATH=${CMAKE_PREFIX_PATH}:/home/songdavid/turtlebot3_ws/install/explorer_bringup:/home/songdavid/turtlebot3_ws/install/turtlebot3_teleop:/home/songdavid/turtlebot3_ws/install/turtlebot3_example:/home/songdavid/turtlebot3_ws/install/explorer_wanderer:/home/songdavid/turtlebot3_ws/install/explorer_map_utils:/home/songdavid/turtlebot3_ws/install/exploration_pkg:/opt/ros/humble /usr/bin/cmake --install /home/songdavid/ff_ws/build/turtlebot3_msgs
[1.122s] -- Install configuration: ""
[1.122s] -- Up-to-date: /home/songdavid/ff_ws/install/turtlebot3_msgs/share/ament_index/resource_index/rosidl_interfaces/turtlebot3_msgs
[1.122s] -- Up-to-date: /home/songdavid/ff_ws/install/turtlebot3_msgs/include/turtlebot3_msgs/turtlebot3_msgs
[1.123s] -- Up-to-date: /home/songdavid/ff_ws/install/turtlebot3_msgs/include/turtlebot3_msgs/turtlebot3_msgs/srv
[1.123s] -- Up-to-date: /home/songdavid/ff_ws/install/turtlebot3_msgs/include/turtlebot3_msgs/turtlebot3_msgs/srv/sound.h
[1.128s] -- Up-to-date: /home/songdavid/ff_ws/install/turtlebot3_msgs/include/turtlebot3_msgs/turtlebot3_msgs/srv/detail
[1.128s] -- Up-to-date: /home/songdavid/ff_ws/install/turtlebot3_msgs/include/turtlebot3_msgs/turtlebot3_msgs/srv/detail/goal__struct.h
[1.128s] -- Up-to-date: /home/songdavid/ff_ws/install/turtlebot3_msgs/include/turtlebot3_msgs/turtlebot3_msgs/srv/detail/sound__type_support.h
[1.129s] -- Up-to-date: /home/songdavid/ff_ws/install/turtlebot3_msgs/include/turtlebot3_msgs/turtlebot3_msgs/srv/detail/dqn__type_support.h
[1.129s] -- Up-to-date: /home/songdavid/ff_ws/install/turtlebot3_msgs/include/turtlebot3_msgs/turtlebot3_msgs/srv/detail/goal__functions.h
[1.129s] -- Up-to-date: /home/songdavid/ff_ws/install/turtlebot3_msgs/include/turtlebot3_msgs/turtlebot3_msgs/srv/detail/sound__functions.c
[1.129s] -- Up-to-date: /home/songdavid/ff_ws/install/turtlebot3_msgs/include/turtlebot3_msgs/turtlebot3_msgs/srv/detail/goal__functions.c
[1.129s] -- Up-to-date: /home/songdavid/ff_ws/install/turtlebot3_msgs/include/turtlebot3_msgs/turtlebot3_msgs/srv/detail/goal__type_support.h
[1.129s] -- Up-to-date: /home/songdavid/ff_ws/install/turtlebot3_msgs/include/turtlebot3_msgs/turtlebot3_msgs/srv/detail/sound__functions.h
[1.129s] -- Up-to-date: /home/songdavid/ff_ws/install/turtlebot3_msgs/include/turtlebot3_msgs/turtlebot3_msgs/srv/detail/dqn__struct.h
[1.129s] -- Up-to-date: /home/songdavid/ff_ws/install/turtlebot3_msgs/include/turtlebot3_msgs/turtlebot3_msgs/srv/detail/dqn__functions.c
[1.130s] -- Up-to-date: /home/songdavid/ff_ws/install/turtlebot3_msgs/include/turtlebot3_msgs/turtlebot3_msgs/srv/detail/dqn__functions.h
[1.130s] -- Up-to-date: /home/songdavid/ff_ws/install/turtlebot3_msgs/include/turtlebot3_msgs/turtlebot3_msgs/srv/detail/sound__struct.h
[1.130s] -- Up-to-date: /home/songdavid/ff_ws/install/turtlebot3_msgs/include/turtlebot3_msgs/turtlebot3_msgs/srv/goal.h
[1.130s] -- Up-to-date: /home/songdavid/ff_ws/install/turtlebot3_msgs/include/turtlebot3_msgs/turtlebot3_msgs/srv/dqn.h
[1.130s] -- Up-to-date: /home/songdavid/ff_ws/install/turtlebot3_msgs/include/turtlebot3_msgs/turtlebot3_msgs/msg
[1.130s] -- Up-to-date: /home/songdavid/ff_ws/install/turtlebot3_msgs/include/turtlebot3_msgs/turtlebot3_msgs/msg/sound.h
[1.130s] -- Up-to-date: /home/songdavid/ff_ws/install/turtlebot3_msgs/include/turtlebot3_msgs/turtlebot3_msgs/msg/sensor_state.h
[1.130s] -- Up-to-date: /home/songdavid/ff_ws/install/turtlebot3_msgs/include/turtlebot3_msgs/turtlebot3_msgs/msg/detail
[1.131s] -- Up-to-date: /home/songdavid/ff_ws/install/turtlebot3_msgs/include/turtlebot3_msgs/turtlebot3_msgs/msg/detail/sensor_state__type_support.h
[1.131s] -- Up-to-date: /home/songdavid/ff_ws/install/turtlebot3_msgs/include/turtlebot3_msgs/turtlebot3_msgs/msg/detail/sound__type_support.h
[1.131s] -- Up-to-date: /home/songdavid/ff_ws/install/turtlebot3_msgs/include/turtlebot3_msgs/turtlebot3_msgs/msg/detail/version_info__functions.c
[1.131s] -- Up-to-date: /home/songdavid/ff_ws/install/turtlebot3_msgs/include/turtlebot3_msgs/turtlebot3_msgs/msg/detail/version_info__type_support.h
[1.131s] -- Up-to-date: /home/songdavid/ff_ws/install/turtlebot3_msgs/include/turtlebot3_msgs/turtlebot3_msgs/msg/detail/sound__functions.c
[1.131s] -- Up-to-date: /home/songdavid/ff_ws/install/turtlebot3_msgs/include/turtlebot3_msgs/turtlebot3_msgs/msg/detail/sound__functions.h
[1.131s] -- Up-to-date: /home/songdavid/ff_ws/install/turtlebot3_msgs/include/turtlebot3_msgs/turtlebot3_msgs/msg/detail/version_info__functions.h
[1.131s] -- Up-to-date: /home/songdavid/ff_ws/install/turtlebot3_msgs/include/turtlebot3_msgs/turtlebot3_msgs/msg/detail/version_info__struct.h
[1.132s] -- Up-to-date: /home/songdavid/ff_ws/install/turtlebot3_msgs/include/turtlebot3_msgs/turtlebot3_msgs/msg/detail/sensor_state__functions.h
[1.132s] -- Up-to-date: /home/songdavid/ff_ws/install/turtlebot3_msgs/include/turtlebot3_msgs/turtlebot3_msgs/msg/detail/sensor_state__struct.h
[1.132s] -- Up-to-date: /home/songdavid/ff_ws/install/turtlebot3_msgs/include/turtlebot3_msgs/turtlebot3_msgs/msg/detail/sound__struct.h
[1.132s] -- Up-to-date: /home/songdavid/ff_ws/install/turtlebot3_msgs/include/turtlebot3_msgs/turtlebot3_msgs/msg/detail/sensor_state__functions.c
[1.132s] -- Up-to-date: /home/songdavid/ff_ws/install/turtlebot3_msgs/include/turtlebot3_msgs/turtlebot3_msgs/msg/rosidl_generator_c__visibility_control.h
[1.132s] -- Up-to-date: /home/songdavid/ff_ws/install/turtlebot3_msgs/include/turtlebot3_msgs/turtlebot3_msgs/msg/version_info.h
[1.132s] -- Up-to-date: /home/songdavid/ff_ws/install/turtlebot3_msgs/include/turtlebot3_msgs/turtlebot3_msgs/action
[1.132s] -- Up-to-date: /home/songdavid/ff_ws/install/turtlebot3_msgs/include/turtlebot3_msgs/turtlebot3_msgs/action/detail
[1.132s] -- Up-to-date: /home/songdavid/ff_ws/install/turtlebot3_msgs/include/turtlebot3_msgs/turtlebot3_msgs/action/detail/patrol__functions.c
[1.133s] -- Up-to-date: /home/songdavid/ff_ws/install/turtlebot3_msgs/include/turtlebot3_msgs/turtlebot3_msgs/action/detail/patrol__struct.h
[1.133s] -- Up-to-date: /home/songdavid/ff_ws/install/turtlebot3_msgs/include/turtlebot3_msgs/turtlebot3_msgs/action/detail/patrol__type_support.h
[1.133s] -- Up-to-date: /home/songdavid/ff_ws/install/turtlebot3_msgs/include/turtlebot3_msgs/turtlebot3_msgs/action/detail/patrol__functions.h
[1.133s] -- Up-to-date: /home/songdavid/ff_ws/install/turtlebot3_msgs/include/turtlebot3_msgs/turtlebot3_msgs/action/patrol.h
[1.134s] -- Up-to-date: /home/songdavid/ff_ws/install/turtlebot3_msgs/share/turtlebot3_msgs/environment/library_path.sh
[1.134s] -- Up-to-date: /home/songdavid/ff_ws/install/turtlebot3_msgs/share/turtlebot3_msgs/environment/library_path.dsv
[1.135s] -- Up-to-date: /home/songdavid/ff_ws/install/turtlebot3_msgs/lib/libturtlebot3_msgs__rosidl_generator_c.so
[1.135s] -- Up-to-date: /home/songdavid/ff_ws/install/turtlebot3_msgs/include/turtlebot3_msgs/turtlebot3_msgs
[1.135s] -- Up-to-date: /home/songdavid/ff_ws/install/turtlebot3_msgs/include/turtlebot3_msgs/turtlebot3_msgs/srv
[1.135s] -- Up-to-date: /home/songdavid/ff_ws/install/turtlebot3_msgs/include/turtlebot3_msgs/turtlebot3_msgs/srv/detail
[1.135s] -- Up-to-date: /home/songdavid/ff_ws/install/turtlebot3_msgs/include/turtlebot3_msgs/turtlebot3_msgs/srv/detail/goal__rosidl_typesupport_fastrtps_c.h
[1.135s] -- Up-to-date: /home/songdavid/ff_ws/install/turtlebot3_msgs/include/turtlebot3_msgs/turtlebot3_msgs/srv/detail/sound__rosidl_typesupport_fastrtps_c.h
[1.135s] -- Up-to-date: /home/songdavid/ff_ws/install/turtlebot3_msgs/include/turtlebot3_msgs/turtlebot3_msgs/srv/detail/dqn__rosidl_typesupport_fastrtps_c.h
[1.135s] -- Up-to-date: /home/songdavid/ff_ws/install/turtlebot3_msgs/include/turtlebot3_msgs/turtlebot3_msgs/msg
[1.135s] -- Up-to-date: /home/songdavid/ff_ws/install/turtlebot3_msgs/include/turtlebot3_msgs/turtlebot3_msgs/msg/detail
[1.136s] -- Up-to-date: /home/songdavid/ff_ws/install/turtlebot3_msgs/include/turtlebot3_msgs/turtlebot3_msgs/msg/detail/version_info__rosidl_typesupport_fastrtps_c.h
[1.136s] -- Up-to-date: /home/songdavid/ff_ws/install/turtlebot3_msgs/include/turtlebot3_msgs/turtlebot3_msgs/msg/detail/sensor_state__rosidl_typesupport_fastrtps_c.h
[1.136s] -- Up-to-date: /home/songdavid/ff_ws/install/turtlebot3_msgs/include/turtlebot3_msgs/turtlebot3_msgs/msg/detail/sound__rosidl_typesupport_fastrtps_c.h
[1.136s] -- Up-to-date: /home/songdavid/ff_ws/install/turtlebot3_msgs/include/turtlebot3_msgs/turtlebot3_msgs/msg/rosidl_typesupport_fastrtps_c__visibility_control.h
[1.136s] -- Up-to-date: /home/songdavid/ff_ws/install/turtlebot3_msgs/include/turtlebot3_msgs/turtlebot3_msgs/action
[1.136s] -- Up-to-date: /home/songdavid/ff_ws/install/turtlebot3_msgs/include/turtlebot3_msgs/turtlebot3_msgs/action/detail
[1.136s] -- Up-to-date: /home/songdavid/ff_ws/install/turtlebot3_msgs/include/turtlebot3_msgs/turtlebot3_msgs/action/detail/patrol__rosidl_typesupport_fastrtps_c.h
[1.136s] -- Up-to-date: /home/songdavid/ff_ws/install/turtlebot3_msgs/lib/libturtlebot3_msgs__rosidl_typesupport_fastrtps_c.so
[1.136s] -- Up-to-date: /home/songdavid/ff_ws/install/turtlebot3_msgs/include/turtlebot3_msgs/turtlebot3_msgs
[1.137s] -- Up-to-date: /home/songdavid/ff_ws/install/turtlebot3_msgs/include/turtlebot3_msgs/turtlebot3_msgs/srv
[1.137s] -- Up-to-date: /home/songdavid/ff_ws/install/turtlebot3_msgs/include/turtlebot3_msgs/turtlebot3_msgs/srv/dqn.hpp
[1.137s] -- Up-to-date: /home/songdavid/ff_ws/install/turtlebot3_msgs/include/turtlebot3_msgs/turtlebot3_msgs/srv/detail
[1.137s] -- Up-to-date: /home/songdavid/ff_ws/install/turtlebot3_msgs/include/turtlebot3_msgs/turtlebot3_msgs/srv/detail/goal__traits.hpp
[1.137s] -- Up-to-date: /home/songdavid/ff_ws/install/turtlebot3_msgs/include/turtlebot3_msgs/turtlebot3_msgs/srv/detail/sound__traits.hpp
[1.137s] -- Up-to-date: /home/songdavid/ff_ws/install/turtlebot3_msgs/include/turtlebot3_msgs/turtlebot3_msgs/srv/detail/dqn__type_support.hpp
[1.137s] -- Up-to-date: /home/songdavid/ff_ws/install/turtlebot3_msgs/include/turtlebot3_msgs/turtlebot3_msgs/srv/detail/sound__struct.hpp
[1.137s] -- Up-to-date: /home/songdavid/ff_ws/install/turtlebot3_msgs/include/turtlebot3_msgs/turtlebot3_msgs/srv/detail/sound__builder.hpp
[1.138s] -- Up-to-date: /home/songdavid/ff_ws/install/turtlebot3_msgs/include/turtlebot3_msgs/turtlebot3_msgs/srv/detail/dqn__struct.hpp
[1.138s] -- Up-to-date: /home/songdavid/ff_ws/install/turtlebot3_msgs/include/turtlebot3_msgs/turtlebot3_msgs/srv/detail/goal__struct.hpp
[1.138s] -- Up-to-date: /home/songdavid/ff_ws/install/turtlebot3_msgs/include/turtlebot3_msgs/turtlebot3_msgs/srv/detail/goal__type_support.hpp
[1.138s] -- Up-to-date: /home/songdavid/ff_ws/install/turtlebot3_msgs/include/turtlebot3_msgs/turtlebot3_msgs/srv/detail/sound__type_support.hpp
[1.138s] -- Up-to-date: /home/songdavid/ff_ws/install/turtlebot3_msgs/include/turtlebot3_msgs/turtlebot3_msgs/srv/detail/dqn__traits.hpp
[1.138s] -- Up-to-date: /home/songdavid/ff_ws/install/turtlebot3_msgs/include/turtlebot3_msgs/turtlebot3_msgs/srv/detail/dqn__builder.hpp
[1.138s] -- Up-to-date: /home/songdavid/ff_ws/install/turtlebot3_msgs/include/turtlebot3_msgs/turtlebot3_msgs/srv/detail/goal__builder.hpp
[1.138s] -- Up-to-date: /home/songdavid/ff_ws/install/turtlebot3_msgs/include/turtlebot3_msgs/turtlebot3_msgs/srv/goal.hpp
[1.138s] -- Up-to-date: /home/songdavid/ff_ws/install/turtlebot3_msgs/include/turtlebot3_msgs/turtlebot3_msgs/srv/sound.hpp
[1.139s] -- Up-to-date: /home/songdavid/ff_ws/install/turtlebot3_msgs/include/turtlebot3_msgs/turtlebot3_msgs/msg
[1.139s] -- Up-to-date: /home/songdavid/ff_ws/install/turtlebot3_msgs/include/turtlebot3_msgs/turtlebot3_msgs/msg/sensor_state.hpp
[1.139s] -- Up-to-date: /home/songdavid/ff_ws/install/turtlebot3_msgs/include/turtlebot3_msgs/turtlebot3_msgs/msg/version_info.hpp
[1.139s] -- Up-to-date: /home/songdavid/ff_ws/install/turtlebot3_msgs/include/turtlebot3_msgs/turtlebot3_msgs/msg/detail
[1.139s] -- Up-to-date: /home/songdavid/ff_ws/install/turtlebot3_msgs/include/turtlebot3_msgs/turtlebot3_msgs/msg/detail/version_info__type_support.hpp
[1.139s] -- Up-to-date: /home/songdavid/ff_ws/install/turtlebot3_msgs/include/turtlebot3_msgs/turtlebot3_msgs/msg/detail/version_info__struct.hpp
[1.139s] -- Up-to-date: /home/songdavid/ff_ws/install/turtlebot3_msgs/include/turtlebot3_msgs/turtlebot3_msgs/msg/detail/sound__traits.hpp
[1.139s] -- Up-to-date: /home/songdavid/ff_ws/install/turtlebot3_msgs/include/turtlebot3_msgs/turtlebot3_msgs/msg/detail/sensor_state__struct.hpp
[1.139s] -- Up-to-date: /home/songdavid/ff_ws/install/turtlebot3_msgs/include/turtlebot3_msgs/turtlebot3_msgs/msg/detail/sound__struct.hpp
[1.140s] -- Up-to-date: /home/songdavid/ff_ws/install/turtlebot3_msgs/include/turtlebot3_msgs/turtlebot3_msgs/msg/detail/version_info__builder.hpp
[1.140s] -- Up-to-date: /home/songdavid/ff_ws/install/turtlebot3_msgs/include/turtlebot3_msgs/turtlebot3_msgs/msg/detail/sound__builder.hpp
[1.140s] -- Up-to-date: /home/songdavid/ff_ws/install/turtlebot3_msgs/include/turtlebot3_msgs/turtlebot3_msgs/msg/detail/sensor_state__type_support.hpp
[1.140s] -- Up-to-date: /home/songdavid/ff_ws/install/turtlebot3_msgs/include/turtlebot3_msgs/turtlebot3_msgs/msg/detail/version_info__traits.hpp
[1.140s] -- Up-to-date: /home/songdavid/ff_ws/install/turtlebot3_msgs/include/turtlebot3_msgs/turtlebot3_msgs/msg/detail/sensor_state__traits.hpp
[1.140s] -- Up-to-date: /home/songdavid/ff_ws/install/turtlebot3_msgs/include/turtlebot3_msgs/turtlebot3_msgs/msg/detail/sound__type_support.hpp
[1.140s] -- Up-to-date: /home/songdavid/ff_ws/install/turtlebot3_msgs/include/turtlebot3_msgs/turtlebot3_msgs/msg/detail/sensor_state__builder.hpp
[1.140s] -- Up-to-date: /home/songdavid/ff_ws/install/turtlebot3_msgs/include/turtlebot3_msgs/turtlebot3_msgs/msg/rosidl_generator_cpp__visibility_control.hpp
[1.141s] -- Up-to-date: /home/songdavid/ff_ws/install/turtlebot3_msgs/include/turtlebot3_msgs/turtlebot3_msgs/msg/sound.hpp
[1.141s] -- Up-to-date: /home/songdavid/ff_ws/install/turtlebot3_msgs/include/turtlebot3_msgs/turtlebot3_msgs/action
[1.141s] -- Up-to-date: /home/songdavid/ff_ws/install/turtlebot3_msgs/include/turtlebot3_msgs/turtlebot3_msgs/action/detail
[1.153s] -- Up-to-date: /home/songdavid/ff_ws/install/turtlebot3_msgs/include/turtlebot3_msgs/turtlebot3_msgs/action/detail/patrol__builder.hpp
[1.154s] -- Up-to-date: /home/songdavid/ff_ws/install/turtlebot3_msgs/include/turtlebot3_msgs/turtlebot3_msgs/action/detail/patrol__traits.hpp
[1.154s] -- Up-to-date: /home/songdavid/ff_ws/install/turtlebot3_msgs/include/turtlebot3_msgs/turtlebot3_msgs/action/detail/patrol__struct.hpp
[1.154s] -- Up-to-date: /home/songdavid/ff_ws/install/turtlebot3_msgs/include/turtlebot3_msgs/turtlebot3_msgs/action/detail/patrol__type_support.hpp
[1.154s] -- Up-to-date: /home/songdavid/ff_ws/install/turtlebot3_msgs/include/turtlebot3_msgs/turtlebot3_msgs/action/patrol.hpp
[1.154s] -- Up-to-date: /home/songdavid/ff_ws/install/turtlebot3_msgs/include/turtlebot3_msgs/turtlebot3_msgs
[1.154s] -- Up-to-date: /home/songdavid/ff_ws/install/turtlebot3_msgs/include/turtlebot3_msgs/turtlebot3_msgs/srv
[1.154s] -- Up-to-date: /home/songdavid/ff_ws/install/turtlebot3_msgs/include/turtlebot3_msgs/turtlebot3_msgs/srv/detail
[1.154s] -- Up-to-date: /home/songdavid/ff_ws/install/turtlebot3_msgs/include/turtlebot3_msgs/turtlebot3_msgs/srv/detail/dds_fastrtps
[1.155s] -- Up-to-date: /home/songdavid/ff_ws/install/turtlebot3_msgs/include/turtlebot3_msgs/turtlebot3_msgs/srv/detail/sound__rosidl_typesupport_fastrtps_cpp.hpp
[1.155s] -- Up-to-date: /home/songdavid/ff_ws/install/turtlebot3_msgs/include/turtlebot3_msgs/turtlebot3_msgs/srv/detail/dqn__rosidl_typesupport_fastrtps_cpp.hpp
[1.155s] -- Up-to-date: /home/songdavid/ff_ws/install/turtlebot3_msgs/include/turtlebot3_msgs/turtlebot3_msgs/srv/detail/goal__rosidl_typesupport_fastrtps_cpp.hpp
[1.155s] -- Up-to-date: /home/songdavid/ff_ws/install/turtlebot3_msgs/include/turtlebot3_msgs/turtlebot3_msgs/msg
[1.155s] -- Up-to-date: /home/songdavid/ff_ws/install/turtlebot3_msgs/include/turtlebot3_msgs/turtlebot3_msgs/msg/rosidl_typesupport_fastrtps_cpp__visibility_control.h
[1.155s] -- Up-to-date: /home/songdavid/ff_ws/install/turtlebot3_msgs/include/turtlebot3_msgs/turtlebot3_msgs/msg/detail
[1.155s] -- Up-to-date: /home/songdavid/ff_ws/install/turtlebot3_msgs/include/turtlebot3_msgs/turtlebot3_msgs/msg/detail/dds_fastrtps
[1.155s] -- Up-to-date: /home/songdavid/ff_ws/install/turtlebot3_msgs/include/turtlebot3_msgs/turtlebot3_msgs/msg/detail/sound__rosidl_typesupport_fastrtps_cpp.hpp
[1.156s] -- Up-to-date: /home/songdavid/ff_ws/install/turtlebot3_msgs/include/turtlebot3_msgs/turtlebot3_msgs/msg/detail/sensor_state__rosidl_typesupport_fastrtps_cpp.hpp
[1.156s] -- Up-to-date: /home/songdavid/ff_ws/install/turtlebot3_msgs/include/turtlebot3_msgs/turtlebot3_msgs/msg/detail/version_info__rosidl_typesupport_fastrtps_cpp.hpp
[1.156s] -- Up-to-date: /home/songdavid/ff_ws/install/turtlebot3_msgs/include/turtlebot3_msgs/turtlebot3_msgs/action
[1.156s] -- Up-to-date: /home/songdavid/ff_ws/install/turtlebot3_msgs/include/turtlebot3_msgs/turtlebot3_msgs/action/detail
[1.156s] -- Up-to-date: /home/songdavid/ff_ws/install/turtlebot3_msgs/include/turtlebot3_msgs/turtlebot3_msgs/action/detail/dds_fastrtps
[1.165s] -- Up-to-date: /home/songdavid/ff_ws/install/turtlebot3_msgs/include/turtlebot3_msgs/turtlebot3_msgs/action/detail/patrol__rosidl_typesupport_fastrtps_cpp.hpp
[1.165s] -- Up-to-date: /home/songdavid/ff_ws/install/turtlebot3_msgs/lib/libturtlebot3_msgs__rosidl_typesupport_fastrtps_cpp.so
[1.166s] -- Up-to-date: /home/songdavid/ff_ws/install/turtlebot3_msgs/include/turtlebot3_msgs/turtlebot3_msgs
[1.166s] -- Up-to-date: /home/songdavid/ff_ws/install/turtlebot3_msgs/include/turtlebot3_msgs/turtlebot3_msgs/srv
[1.166s] -- Up-to-date: /home/songdavid/ff_ws/install/turtlebot3_msgs/include/turtlebot3_msgs/turtlebot3_msgs/srv/detail
[1.166s] -- Up-to-date: /home/songdavid/ff_ws/install/turtlebot3_msgs/include/turtlebot3_msgs/turtlebot3_msgs/srv/detail/dqn__type_support.c
[1.166s] -- Up-to-date: /home/songdavid/ff_ws/install/turtlebot3_msgs/include/turtlebot3_msgs/turtlebot3_msgs/srv/detail/goal__type_support.c
[1.166s] -- Up-to-date: /home/songdavid/ff_ws/install/turtlebot3_msgs/include/turtlebot3_msgs/turtlebot3_msgs/srv/detail/goal__rosidl_typesupport_introspection_c.h
[1.166s] -- Up-to-date: /home/songdavid/ff_ws/install/turtlebot3_msgs/include/turtlebot3_msgs/turtlebot3_msgs/srv/detail/sound__type_support.c
[1.166s] -- Up-to-date: /home/songdavid/ff_ws/install/turtlebot3_msgs/include/turtlebot3_msgs/turtlebot3_msgs/srv/detail/sound__rosidl_typesupport_introspection_c.h
[1.167s] -- Up-to-date: /home/songdavid/ff_ws/install/turtlebot3_msgs/include/turtlebot3_msgs/turtlebot3_msgs/srv/detail/dqn__rosidl_typesupport_introspection_c.h
[1.167s] -- Up-to-date: /home/songdavid/ff_ws/install/turtlebot3_msgs/include/turtlebot3_msgs/turtlebot3_msgs/msg
[1.167s] -- Up-to-date: /home/songdavid/ff_ws/install/turtlebot3_msgs/include/turtlebot3_msgs/turtlebot3_msgs/msg/rosidl_typesupport_introspection_c__visibility_control.h
[1.167s] -- Up-to-date: /home/songdavid/ff_ws/install/turtlebot3_msgs/include/turtlebot3_msgs/turtlebot3_msgs/msg/detail
[1.167s] -- Up-to-date: /home/songdavid/ff_ws/install/turtlebot3_msgs/include/turtlebot3_msgs/turtlebot3_msgs/msg/detail/sensor_state__rosidl_typesupport_introspection_c.h
[1.167s] -- Up-to-date: /home/songdavid/ff_ws/install/turtlebot3_msgs/include/turtlebot3_msgs/turtlebot3_msgs/msg/detail/sensor_state__type_support.c
[1.167s] -- Up-to-date: /home/songdavid/ff_ws/install/turtlebot3_msgs/include/turtlebot3_msgs/turtlebot3_msgs/msg/detail/version_info__rosidl_typesupport_introspection_c.h
[1.167s] -- Up-to-date: /home/songdavid/ff_ws/install/turtlebot3_msgs/include/turtlebot3_msgs/turtlebot3_msgs/msg/detail/sound__type_support.c
[1.168s] -- Up-to-date: /home/songdavid/ff_ws/install/turtlebot3_msgs/include/turtlebot3_msgs/turtlebot3_msgs/msg/detail/sound__rosidl_typesupport_introspection_c.h
[1.168s] -- Up-to-date: /home/songdavid/ff_ws/install/turtlebot3_msgs/include/turtlebot3_msgs/turtlebot3_msgs/msg/detail/version_info__type_support.c
[1.168s] -- Up-to-date: /home/songdavid/ff_ws/install/turtlebot3_msgs/include/turtlebot3_msgs/turtlebot3_msgs/action
[1.168s] -- Up-to-date: /home/songdavid/ff_ws/install/turtlebot3_msgs/include/turtlebot3_msgs/turtlebot3_msgs/action/detail
[1.168s] -- Up-to-date: /home/songdavid/ff_ws/install/turtlebot3_msgs/include/turtlebot3_msgs/turtlebot3_msgs/action/detail/patrol__rosidl_typesupport_introspection_c.h
[1.168s] -- Up-to-date: /home/songdavid/ff_ws/install/turtlebot3_msgs/include/turtlebot3_msgs/turtlebot3_msgs/action/detail/patrol__type_support.c
[1.169s] -- Up-to-date: /home/songdavid/ff_ws/install/turtlebot3_msgs/lib/libturtlebot3_msgs__rosidl_typesupport_introspection_c.so
[1.169s] -- Up-to-date: /home/songdavid/ff_ws/install/turtlebot3_msgs/lib/libturtlebot3_msgs__rosidl_typesupport_c.so
[1.169s] -- Up-to-date: /home/songdavid/ff_ws/install/turtlebot3_msgs/include/turtlebot3_msgs/turtlebot3_msgs
[1.169s] -- Up-to-date: /home/songdavid/ff_ws/install/turtlebot3_msgs/include/turtlebot3_msgs/turtlebot3_msgs/srv
[1.169s] -- Up-to-date: /home/songdavid/ff_ws/install/turtlebot3_msgs/include/turtlebot3_msgs/turtlebot3_msgs/srv/detail
[1.169s] -- Up-to-date: /home/songdavid/ff_ws/install/turtlebot3_msgs/include/turtlebot3_msgs/turtlebot3_msgs/srv/detail/goal__rosidl_typesupport_introspection_cpp.hpp
[1.169s] -- Up-to-date: /home/songdavid/ff_ws/install/turtlebot3_msgs/include/turtlebot3_msgs/turtlebot3_msgs/srv/detail/dqn__type_support.cpp
[1.173s] -- Up-to-date: /home/songdavid/ff_ws/install/turtlebot3_msgs/include/turtlebot3_msgs/turtlebot3_msgs/srv/detail/sound__rosidl_typesupport_introspection_cpp.hpp
[1.173s] -- Up-to-date: /home/songdavid/ff_ws/install/turtlebot3_msgs/include/turtlebot3_msgs/turtlebot3_msgs/srv/detail/goal__type_support.cpp
[1.173s] -- Up-to-date: /home/songdavid/ff_ws/install/turtlebot3_msgs/include/turtlebot3_msgs/turtlebot3_msgs/srv/detail/dqn__rosidl_typesupport_introspection_cpp.hpp
[1.173s] -- Up-to-date: /home/songdavid/ff_ws/install/turtlebot3_msgs/include/turtlebot3_msgs/turtlebot3_msgs/srv/detail/sound__type_support.cpp
[1.173s] -- Up-to-date: /home/songdavid/ff_ws/install/turtlebot3_msgs/include/turtlebot3_msgs/turtlebot3_msgs/msg
[1.173s] -- Up-to-date: /home/songdavid/ff_ws/install/turtlebot3_msgs/include/turtlebot3_msgs/turtlebot3_msgs/msg/detail
[1.173s] -- Up-to-date: /home/songdavid/ff_ws/install/turtlebot3_msgs/include/turtlebot3_msgs/turtlebot3_msgs/msg/detail/sensor_state__rosidl_typesupport_introspection_cpp.hpp
[1.174s] -- Up-to-date: /home/songdavid/ff_ws/install/turtlebot3_msgs/include/turtlebot3_msgs/turtlebot3_msgs/msg/detail/version_info__rosidl_typesupport_introspection_cpp.hpp
[1.174s] -- Up-to-date: /home/songdavid/ff_ws/install/turtlebot3_msgs/include/turtlebot3_msgs/turtlebot3_msgs/msg/detail/sound__rosidl_typesupport_introspection_cpp.hpp
[1.174s] -- Up-to-date: /home/songdavid/ff_ws/install/turtlebot3_msgs/include/turtlebot3_msgs/turtlebot3_msgs/msg/detail/sensor_state__type_support.cpp
[1.174s] -- Up-to-date: /home/songdavid/ff_ws/install/turtlebot3_msgs/include/turtlebot3_msgs/turtlebot3_msgs/msg/detail/version_info__type_support.cpp
[1.174s] -- Up-to-date: /home/songdavid/ff_ws/install/turtlebot3_msgs/include/turtlebot3_msgs/turtlebot3_msgs/msg/detail/sound__type_support.cpp
[1.174s] -- Up-to-date: /home/songdavid/ff_ws/install/turtlebot3_msgs/include/turtlebot3_msgs/turtlebot3_msgs/action
[1.174s] -- Up-to-date: /home/songdavid/ff_ws/install/turtlebot3_msgs/include/turtlebot3_msgs/turtlebot3_msgs/action/detail
[1.174s] -- Up-to-date: /home/songdavid/ff_ws/install/turtlebot3_msgs/include/turtlebot3_msgs/turtlebot3_msgs/action/detail/patrol__rosidl_typesupport_introspection_cpp.hpp
[1.175s] -- Up-to-date: /home/songdavid/ff_ws/install/turtlebot3_msgs/include/turtlebot3_msgs/turtlebot3_msgs/action/detail/patrol__type_support.cpp
[1.175s] -- Up-to-date: /home/songdavid/ff_ws/install/turtlebot3_msgs/lib/libturtlebot3_msgs__rosidl_typesupport_introspection_cpp.so
[1.175s] -- Up-to-date: /home/songdavid/ff_ws/install/turtlebot3_msgs/lib/libturtlebot3_msgs__rosidl_typesupport_cpp.so
[1.175s] -- Up-to-date: /home/songdavid/ff_ws/install/turtlebot3_msgs/share/turtlebot3_msgs/environment/pythonpath.sh
[1.175s] -- Up-to-date: /home/songdavid/ff_ws/install/turtlebot3_msgs/share/turtlebot3_msgs/environment/pythonpath.dsv
[1.175s] -- Up-to-date: /home/songdavid/ff_ws/install/turtlebot3_msgs/local/lib/python3.10/dist-packages/turtlebot3_msgs-2.4.0-py3.10.egg-info
[1.175s] -- Installing: /home/songdavid/ff_ws/install/turtlebot3_msgs/local/lib/python3.10/dist-packages/turtlebot3_msgs-2.4.0-py3.10.egg-info/SOURCES.txt
[1.175s] -- Installing: /home/songdavid/ff_ws/install/turtlebot3_msgs/local/lib/python3.10/dist-packages/turtlebot3_msgs-2.4.0-py3.10.egg-info/PKG-INFO
[1.175s] -- Installing: /home/songdavid/ff_ws/install/turtlebot3_msgs/local/lib/python3.10/dist-packages/turtlebot3_msgs-2.4.0-py3.10.egg-info/dependency_links.txt
[1.176s] -- Installing: /home/songdavid/ff_ws/install/turtlebot3_msgs/local/lib/python3.10/dist-packages/turtlebot3_msgs-2.4.0-py3.10.egg-info/top_level.txt
[1.176s] -- Up-to-date: /home/songdavid/ff_ws/install/turtlebot3_msgs/local/lib/python3.10/dist-packages/turtlebot3_msgs
[1.176s] -- Up-to-date: /home/songdavid/ff_ws/install/turtlebot3_msgs/local/lib/python3.10/dist-packages/turtlebot3_msgs/turtlebot3_msgs_s__rosidl_typesupport_fastrtps_c.cpython-310-x86_64-linux-gnu.so
[1.176s] -- Up-to-date: /home/songdavid/ff_ws/install/turtlebot3_msgs/local/lib/python3.10/dist-packages/turtlebot3_msgs/_turtlebot3_msgs_s.ep.rosidl_typesupport_fastrtps_c.c
[1.176s] -- Up-to-date: /home/songdavid/ff_ws/install/turtlebot3_msgs/local/lib/python3.10/dist-packages/turtlebot3_msgs/srv
[1.176s] -- Up-to-date: /home/songdavid/ff_ws/install/turtlebot3_msgs/local/lib/python3.10/dist-packages/turtlebot3_msgs/srv/_dqn.py
[1.176s] -- Up-to-date: /home/songdavid/ff_ws/install/turtlebot3_msgs/local/lib/python3.10/dist-packages/turtlebot3_msgs/srv/_goal.py
[1.177s] -- Up-to-date: /home/songdavid/ff_ws/install/turtlebot3_msgs/local/lib/python3.10/dist-packages/turtlebot3_msgs/srv/_sound_s.c
[1.177s] -- Up-to-date: /home/songdavid/ff_ws/install/turtlebot3_msgs/local/lib/python3.10/dist-packages/turtlebot3_msgs/srv/_goal_s.c
[1.177s] -- Up-to-date: /home/songdavid/ff_ws/install/turtlebot3_msgs/local/lib/python3.10/dist-packages/turtlebot3_msgs/srv/__init__.py
[1.177s] -- Up-to-date: /home/songdavid/ff_ws/install/turtlebot3_msgs/local/lib/python3.10/dist-packages/turtlebot3_msgs/srv/_sound.py
[1.177s] -- Up-to-date: /home/songdavid/ff_ws/install/turtlebot3_msgs/local/lib/python3.10/dist-packages/turtlebot3_msgs/srv/_dqn_s.c
[1.177s] -- Up-to-date: /home/songdavid/ff_ws/install/turtlebot3_msgs/local/lib/python3.10/dist-packages/turtlebot3_msgs/_turtlebot3_msgs_s.ep.rosidl_typesupport_c.c
[1.177s] -- Up-to-date: /home/songdavid/ff_ws/install/turtlebot3_msgs/local/lib/python3.10/dist-packages/turtlebot3_msgs/turtlebot3_msgs_s__rosidl_typesupport_c.cpython-310-x86_64-linux-gnu.so
[1.178s] -- Up-to-date: /home/songdavid/ff_ws/install/turtlebot3_msgs/local/lib/python3.10/dist-packages/turtlebot3_msgs/_turtlebot3_msgs_s.ep.rosidl_typesupport_introspection_c.c
[1.178s] -- Up-to-date: /home/songdavid/ff_ws/install/turtlebot3_msgs/local/lib/python3.10/dist-packages/turtlebot3_msgs/__init__.py
[1.178s] -- Up-to-date: /home/songdavid/ff_ws/install/turtlebot3_msgs/local/lib/python3.10/dist-packages/turtlebot3_msgs/libturtlebot3_msgs__rosidl_generator_py.so
[1.178s] -- Up-to-date: /home/songdavid/ff_ws/install/turtlebot3_msgs/local/lib/python3.10/dist-packages/turtlebot3_msgs/turtlebot3_msgs_s__rosidl_typesupport_introspection_c.cpython-310-x86_64-linux-gnu.so
[1.178s] -- Up-to-date: /home/songdavid/ff_ws/install/turtlebot3_msgs/local/lib/python3.10/dist-packages/turtlebot3_msgs/msg
[1.178s] -- Up-to-date: /home/songdavid/ff_ws/install/turtlebot3_msgs/local/lib/python3.10/dist-packages/turtlebot3_msgs/msg/_sensor_state_s.c
[1.178s] -- Up-to-date: /home/songdavid/ff_ws/install/turtlebot3_msgs/local/lib/python3.10/dist-packages/turtlebot3_msgs/msg/_sound_s.c
[1.179s] -- Up-to-date: /home/songdavid/ff_ws/install/turtlebot3_msgs/local/lib/python3.10/dist-packages/turtlebot3_msgs/msg/_sensor_state.py
[1.179s] -- Up-to-date: /home/songdavid/ff_ws/install/turtlebot3_msgs/local/lib/python3.10/dist-packages/turtlebot3_msgs/msg/__init__.py
[1.179s] -- Up-to-date: /home/songdavid/ff_ws/install/turtlebot3_msgs/local/lib/python3.10/dist-packages/turtlebot3_msgs/msg/_version_info_s.c
[1.179s] -- Up-to-date: /home/songdavid/ff_ws/install/turtlebot3_msgs/local/lib/python3.10/dist-packages/turtlebot3_msgs/msg/_sound.py
[1.179s] -- Up-to-date: /home/songdavid/ff_ws/install/turtlebot3_msgs/local/lib/python3.10/dist-packages/turtlebot3_msgs/msg/_version_info.py
[1.179s] -- Up-to-date: /home/songdavid/ff_ws/install/turtlebot3_msgs/local/lib/python3.10/dist-packages/turtlebot3_msgs/action
[1.179s] -- Up-to-date: /home/songdavid/ff_ws/install/turtlebot3_msgs/local/lib/python3.10/dist-packages/turtlebot3_msgs/action/_patrol.py
[1.179s] -- Up-to-date: /home/songdavid/ff_ws/install/turtlebot3_msgs/local/lib/python3.10/dist-packages/turtlebot3_msgs/action/__init__.py
[1.179s] -- Up-to-date: /home/songdavid/ff_ws/install/turtlebot3_msgs/local/lib/python3.10/dist-packages/turtlebot3_msgs/action/_patrol_s.c
[1.213s] Listing '/home/songdavid/ff_ws/install/turtlebot3_msgs/local/lib/python3.10/dist-packages/turtlebot3_msgs'...
[1.213s] Listing '/home/songdavid/ff_ws/install/turtlebot3_msgs/local/lib/python3.10/dist-packages/turtlebot3_msgs/action'...
[1.213s] Listing '/home/songdavid/ff_ws/install/turtlebot3_msgs/local/lib/python3.10/dist-packages/turtlebot3_msgs/msg'...
[1.213s] Listing '/home/songdavid/ff_ws/install/turtlebot3_msgs/local/lib/python3.10/dist-packages/turtlebot3_msgs/srv'...
[1.231s] -- Up-to-date: /home/songdavid/ff_ws/install/turtlebot3_msgs/local/lib/python3.10/dist-packages/turtlebot3_msgs/turtlebot3_msgs_s__rosidl_typesupport_fastrtps_c.cpython-310-x86_64-linux-gnu.so
[1.231s] -- Up-to-date: /home/songdavid/ff_ws/install/turtlebot3_msgs/local/lib/python3.10/dist-packages/turtlebot3_msgs/turtlebot3_msgs_s__rosidl_typesupport_introspection_c.cpython-310-x86_64-linux-gnu.so
[1.231s] -- Up-to-date: /home/songdavid/ff_ws/install/turtlebot3_msgs/local/lib/python3.10/dist-packages/turtlebot3_msgs/turtlebot3_msgs_s__rosidl_typesupport_c.cpython-310-x86_64-linux-gnu.so
[1.232s] -- Up-to-date: /home/songdavid/ff_ws/install/turtlebot3_msgs/lib/libturtlebot3_msgs__rosidl_generator_py.so
[1.232s] -- Up-to-date: /home/songdavid/ff_ws/install/turtlebot3_msgs/share/turtlebot3_msgs/msg/SensorState.idl
[1.232s] -- Up-to-date: /home/songdavid/ff_ws/install/turtlebot3_msgs/share/turtlebot3_msgs/msg/Sound.idl
[1.232s] -- Up-to-date: /home/songdavid/ff_ws/install/turtlebot3_msgs/share/turtlebot3_msgs/msg/VersionInfo.idl
[1.232s] -- Up-to-date: /home/songdavid/ff_ws/install/turtlebot3_msgs/share/turtlebot3_msgs/srv/Sound.idl
[1.232s] -- Up-to-date: /home/songdavid/ff_ws/install/turtlebot3_msgs/share/turtlebot3_msgs/srv/Dqn.idl
[1.232s] -- Up-to-date: /home/songdavid/ff_ws/install/turtlebot3_msgs/share/turtlebot3_msgs/srv/Goal.idl
[1.232s] -- Up-to-date: /home/songdavid/ff_ws/install/turtlebot3_msgs/share/turtlebot3_msgs/action/Patrol.idl
[1.239s] -- Up-to-date: /home/songdavid/ff_ws/install/turtlebot3_msgs/share/turtlebot3_msgs/msg/SensorState.msg
[1.239s] -- Up-to-date: /home/songdavid/ff_ws/install/turtlebot3_msgs/share/turtlebot3_msgs/msg/Sound.msg
[1.241s] -- Up-to-date: /home/songdavid/ff_ws/install/turtlebot3_msgs/share/turtlebot3_msgs/msg/VersionInfo.msg
[1.241s] -- Up-to-date: /home/songdavid/ff_ws/install/turtlebot3_msgs/share/turtlebot3_msgs/srv/Sound.srv
[1.241s] -- Up-to-date: /home/songdavid/ff_ws/install/turtlebot3_msgs/share/turtlebot3_msgs/srv/Sound_Request.msg
[1.241s] -- Up-to-date: /home/songdavid/ff_ws/install/turtlebot3_msgs/share/turtlebot3_msgs/srv/Sound_Response.msg
[1.241s] -- Up-to-date: /home/songdavid/ff_ws/install/turtlebot3_msgs/share/turtlebot3_msgs/srv/Dqn.srv
[1.242s] -- Up-to-date: /home/songdavid/ff_ws/install/turtlebot3_msgs/share/turtlebot3_msgs/srv/Dqn_Request.msg
[1.242s] -- Up-to-date: /home/songdavid/ff_ws/install/turtlebot3_msgs/share/turtlebot3_msgs/srv/Dqn_Response.msg
[1.243s] -- Up-to-date: /home/songdavid/ff_ws/install/turtlebot3_msgs/share/turtlebot3_msgs/srv/Goal.srv
[1.243s] -- Up-to-date: /home/songdavid/ff_ws/install/turtlebot3_msgs/share/turtlebot3_msgs/srv/Goal_Request.msg
[1.243s] -- Up-to-date: /home/songdavid/ff_ws/install/turtlebot3_msgs/share/turtlebot3_msgs/srv/Goal_Response.msg
[1.243s] -- Up-to-date: /home/songdavid/ff_ws/install/turtlebot3_msgs/share/turtlebot3_msgs/action/Patrol.action
[1.244s] -- Up-to-date: /home/songdavid/ff_ws/install/turtlebot3_msgs/share/ament_index/resource_index/package_run_dependencies/turtlebot3_msgs
[1.244s] -- Up-to-date: /home/songdavid/ff_ws/install/turtlebot3_msgs/share/ament_index/resource_index/parent_prefix_path/turtlebot3_msgs
[1.244s] -- Up-to-date: /home/songdavid/ff_ws/install/turtlebot3_msgs/share/turtlebot3_msgs/environment/ament_prefix_path.sh
[1.244s] -- Up-to-date: /home/songdavid/ff_ws/install/turtlebot3_msgs/share/turtlebot3_msgs/environment/ament_prefix_path.dsv
[1.244s] -- Up-to-date: /home/songdavid/ff_ws/install/turtlebot3_msgs/share/turtlebot3_msgs/environment/path.sh
[1.244s] -- Up-to-date: /home/songdavid/ff_ws/install/turtlebot3_msgs/share/turtlebot3_msgs/environment/path.dsv
[1.244s] -- Up-to-date: /home/songdavid/ff_ws/install/turtlebot3_msgs/share/turtlebot3_msgs/local_setup.bash
[1.244s] -- Up-to-date: /home/songdavid/ff_ws/install/turtlebot3_msgs/share/turtlebot3_msgs/local_setup.sh
[1.244s] -- Up-to-date: /home/songdavid/ff_ws/install/turtlebot3_msgs/share/turtlebot3_msgs/local_setup.zsh
[1.245s] -- Up-to-date: /home/songdavid/ff_ws/install/turtlebot3_msgs/share/turtlebot3_msgs/local_setup.dsv
[1.245s] -- Installing: /home/songdavid/ff_ws/install/turtlebot3_msgs/share/turtlebot3_msgs/package.dsv
[1.245s] -- Up-to-date: /home/songdavid/ff_ws/install/turtlebot3_msgs/share/ament_index/resource_index/packages/turtlebot3_msgs
[1.245s] -- Up-to-date: /home/songdavid/ff_ws/install/turtlebot3_msgs/share/turtlebot3_msgs/cmake/export_turtlebot3_msgs__rosidl_generator_cExport.cmake
[1.245s] -- Up-to-date: /home/songdavid/ff_ws/install/turtlebot3_msgs/share/turtlebot3_msgs/cmake/export_turtlebot3_msgs__rosidl_generator_cExport-noconfig.cmake
[1.245s] -- Up-to-date: /home/songdavid/ff_ws/install/turtlebot3_msgs/share/turtlebot3_msgs/cmake/export_turtlebot3_msgs__rosidl_typesupport_fastrtps_cExport.cmake
[1.245s] -- Up-to-date: /home/songdavid/ff_ws/install/turtlebot3_msgs/share/turtlebot3_msgs/cmake/export_turtlebot3_msgs__rosidl_typesupport_fastrtps_cExport-noconfig.cmake
[1.245s] -- Up-to-date: /home/songdavid/ff_ws/install/turtlebot3_msgs/share/turtlebot3_msgs/cmake/export_turtlebot3_msgs__rosidl_generator_cppExport.cmake
[1.246s] -- Up-to-date: /home/songdavid/ff_ws/install/turtlebot3_msgs/share/turtlebot3_msgs/cmake/export_turtlebot3_msgs__rosidl_typesupport_fastrtps_cppExport.cmake
[1.246s] -- Up-to-date: /home/songdavid/ff_ws/install/turtlebot3_msgs/share/turtlebot3_msgs/cmake/export_turtlebot3_msgs__rosidl_typesupport_fastrtps_cppExport-noconfig.cmake
[1.246s] -- Up-to-date: /home/songdavid/ff_ws/install/turtlebot3_msgs/share/turtlebot3_msgs/cmake/turtlebot3_msgs__rosidl_typesupport_introspection_cExport.cmake
[1.246s] -- Up-to-date: /home/songdavid/ff_ws/install/turtlebot3_msgs/share/turtlebot3_msgs/cmake/turtlebot3_msgs__rosidl_typesupport_introspection_cExport-noconfig.cmake
[1.246s] -- Up-to-date: /home/songdavid/ff_ws/install/turtlebot3_msgs/share/turtlebot3_msgs/cmake/turtlebot3_msgs__rosidl_typesupport_cExport.cmake
[1.246s] -- Up-to-date: /home/songdavid/ff_ws/install/turtlebot3_msgs/share/turtlebot3_msgs/cmake/turtlebot3_msgs__rosidl_typesupport_cExport-noconfig.cmake
[1.246s] -- Up-to-date: /home/songdavid/ff_ws/install/turtlebot3_msgs/share/turtlebot3_msgs/cmake/turtlebot3_msgs__rosidl_typesupport_introspection_cppExport.cmake
[1.246s] -- Up-to-date: /home/songdavid/ff_ws/install/turtlebot3_msgs/share/turtlebot3_msgs/cmake/turtlebot3_msgs__rosidl_typesupport_introspection_cppExport-noconfig.cmake
[1.250s] -- Up-to-date: /home/songdavid/ff_ws/install/turtlebot3_msgs/share/turtlebot3_msgs/cmake/turtlebot3_msgs__rosidl_typesupport_cppExport.cmake
[1.250s] -- Up-to-date: /home/songdavid/ff_ws/install/turtlebot3_msgs/share/turtlebot3_msgs/cmake/turtlebot3_msgs__rosidl_typesupport_cppExport-noconfig.cmake
[1.251s] -- Up-to-date: /home/songdavid/ff_ws/install/turtlebot3_msgs/share/turtlebot3_msgs/cmake/export_turtlebot3_msgs__rosidl_generator_pyExport.cmake
[1.251s] -- Up-to-date: /home/songdavid/ff_ws/install/turtlebot3_msgs/share/turtlebot3_msgs/cmake/export_turtlebot3_msgs__rosidl_generator_pyExport-noconfig.cmake
[1.251s] -- Up-to-date: /home/songdavid/ff_ws/install/turtlebot3_msgs/share/turtlebot3_msgs/cmake/rosidl_cmake-extras.cmake
[1.251s] -- Up-to-date: /home/songdavid/ff_ws/install/turtlebot3_msgs/share/turtlebot3_msgs/cmake/ament_cmake_export_dependencies-extras.cmake
[1.251s] -- Up-to-date: /home/songdavid/ff_ws/install/turtlebot3_msgs/share/turtlebot3_msgs/cmake/ament_cmake_export_include_directories-extras.cmake
[1.251s] -- Up-to-date: /home/songdavid/ff_ws/install/turtlebot3_msgs/share/turtlebot3_msgs/cmake/ament_cmake_export_libraries-extras.cmake
[1.251s] -- Up-to-date: /home/songdavid/ff_ws/install/turtlebot3_msgs/share/turtlebot3_msgs/cmake/ament_cmake_export_targets-extras.cmake
[1.251s] -- Up-to-date: /home/songdavid/ff_ws/install/turtlebot3_msgs/share/turtlebot3_msgs/cmake/rosidl_cmake_export_typesupport_targets-extras.cmake
[1.252s] -- Up-to-date: /home/songdavid/ff_ws/install/turtlebot3_msgs/share/turtlebot3_msgs/cmake/rosidl_cmake_export_typesupport_libraries-extras.cmake
[1.252s] -- Up-to-date: /home/songdavid/ff_ws/install/turtlebot3_msgs/share/turtlebot3_msgs/cmake/turtlebot3_msgsConfig.cmake
[1.252s] -- Up-to-date: /home/songdavid/ff_ws/install/turtlebot3_msgs/share/turtlebot3_msgs/cmake/turtlebot3_msgsConfig-version.cmake
[1.252s] -- Up-to-date: /home/songdavid/ff_ws/install/turtlebot3_msgs/share/turtlebot3_msgs/package.xml
[1.713s] Invoked command in '/home/songdavid/ff_ws/build/turtlebot3_msgs' returned '0': CMAKE_PREFIX_PATH=${CMAKE_PREFIX_PATH}:/home/songdavid/turtlebot3_ws/install/explorer_bringup:/home/songdavid/turtlebot3_ws/install/turtlebot3_teleop:/home/songdavid/turtlebot3_ws/install/turtlebot3_example:/home/songdavid/turtlebot3_ws/install/explorer_wanderer:/home/songdavid/turtlebot3_ws/install/explorer_map_utils:/home/songdavid/turtlebot3_ws/install/exploration_pkg:/opt/ros/humble /usr/bin/cmake --install /home/songdavid/ff_ws/build/turtlebot3_msgs
