[0.929s] Invoking command in '/home/songdavid/ff_ws/build/turtlebot3_fake_node': AMENT_PREFIX_PATH=/home/songdavid/ff_ws/install/turtlebot3_msgs:${AMENT_PREFIX_PATH} CMAKE_PREFIX_PATH=/home/songdavid/ff_ws/install/turtlebot3_msgs:/home/songdavid/ff_ws/install/explorer_interfaces:/home/songdavid/ff_ws/install/explorer_gazebo:/home/songdavid/ff_ws/install/explorer_cartographer:/home/songdavid/turtlebot3_ws/install/turtlebot3:/home/songdavid/turtlebot3_ws/install/turtlebot3_simulations:/home/songdavid/turtlebot3_ws/install/turtlebot3_bringup:/home/songdavid/turtlebot3_ws/install/turtlebot3_node:/home/songdavid/turtlebot3_ws/install/turtlebot3_navigation2:/home/songdavid/turtlebot3_ws/install/turtlebot3_fake_node:/home/songdavid/turtlebot3_ws/install/turtlebot3_msgs:/home/songdavid/turtlebot3_ws/install/turtlebot3_gazebo:/home/songdavid/turtlebot3_ws/install/turtlebot3_description:/home/songdavid/turtlebot3_ws/install/turtlebot3_cartographer:/home/songdavid/turtlebot3_ws/install/explorer_interfaces:/home/songdavid/turtlebot3_ws/install/explorer_gazebo:/home/songdavid/turtlebot3_ws/install/explorer_cartographer:/home/songdavid/turtlebot3_ws/install/dynamixel_sdk_examples:/home/songdavid/turtlebot3_ws/install/dynamixel_sdk_custom_interfaces:/home/songdavid/turtlebot3_ws/install/dynamixel_sdk:/home/songdavid/ff_ws/install/explorer_wanderer:/home/songdavid/ff_ws/install/explorer_map_utils:/home/songdavid/ff_ws/install/explorer_bringup:/home/songdavid/ff_ws/install/autonomous_exploration:/home/songdavid/turtlebot3_ws/install/explorer_bringup:/home/songdavid/turtlebot3_ws/install/turtlebot3_teleop:/home/songdavid/turtlebot3_ws/install/turtlebot3_example:/home/songdavid/turtlebot3_ws/install/explorer_wanderer:/home/songdavid/turtlebot3_ws/install/explorer_map_utils:/home/songdavid/turtlebot3_ws/install/exploration_pkg:/opt/ros/humble LD_LIBRARY_PATH=/home/songdavid/ff_ws/install/turtlebot3_msgs/lib:/home/songdavid/ff_ws/install/explorer_interfaces/lib:/home/songdavid/turtlebot3_ws/install/turtlebot3_msgs/lib:/home/songdavid/turtlebot3_ws/install/explorer_interfaces/lib:/home/songdavid/turtlebot3_ws/install/dynamixel_sdk_custom_interfaces/lib:/home/songdavid/turtlebot3_ws/install/dynamixel_sdk/lib:/usr/lib/x86_64-linux-gnu/gazebo-11/plugins:/opt/ros/humble/opt/rviz_ogre_vendor/lib:/opt/ros/humble/lib/x86_64-linux-gnu:/opt/ros/humble/lib:/usr/lib/x86_64-linux-gnu/gazebo-11/plugins PYTHONPATH=/home/songdavid/ff_ws/install/turtlebot3_msgs/local/lib/python3.10/dist-packages:${PYTHONPATH} /usr/bin/cmake /home/songdavid/ff_ws/src/turtlebot3_simulations/turtlebot3_fake_node -DCMAKE_INSTALL_PREFIX=/home/songdavid/ff_ws/install/turtlebot3_fake_node
[1.135s] -- The C compiler identification is GNU 11.4.0
[1.322s] -- The CXX compiler identification is GNU 11.4.0
[1.348s] -- Detecting C compiler ABI info
[1.532s] -- Detecting C compiler ABI info - done
[1.553s] -- Check for working C compiler: /usr/bin/cc - skipped
[1.554s] -- Detecting C compile features
[1.558s] -- Detecting C compile features - done
[1.568s] -- Detecting CXX compiler ABI info
[1.819s] -- Detecting CXX compiler ABI info - done
[1.848s] -- Check for working CXX compiler: /usr/bin/c++ - skipped
[1.848s] -- Detecting CXX compile features
[1.849s] -- Detecting CXX compile features - done
[1.865s] -- Found ament_cmake: 1.3.11 (/opt/ros/humble/share/ament_cmake/cmake)
[2.467s] -- Found Python3: /usr/bin/python3 (found version "3.10.12") found components: Interpreter 
[2.799s] -- Found geometry_msgs: 4.8.0 (/opt/ros/humble/share/geometry_msgs/cmake)
[2.935s] -- Found rosidl_generator_c: 3.1.6 (/opt/ros/humble/share/rosidl_generator_c/cmake)
[2.953s] -- Found rosidl_adapter: 3.1.6 (/opt/ros/humble/share/rosidl_adapter/cmake)
[2.982s] -- Found rosidl_generator_cpp: 3.1.6 (/opt/ros/humble/share/rosidl_generator_cpp/cmake)
[3.012s] -- Using all available rosidl_typesupport_c: rosidl_typesupport_fastrtps_c;rosidl_typesupport_introspection_c
[3.057s] -- Using all available rosidl_typesupport_cpp: rosidl_typesupport_fastrtps_cpp;rosidl_typesupport_introspection_cpp
[3.159s] -- Found nav_msgs: 4.8.0 (/opt/ros/humble/share/nav_msgs/cmake)
[3.204s] -- Found rclcpp: 16.0.12 (/opt/ros/humble/share/rclcpp/cmake)
[3.311s] -- Found rmw_implementation_cmake: 6.1.2 (/opt/ros/humble/share/rmw_implementation_cmake/cmake)
[3.321s] -- Found rmw_fastrtps_cpp: 6.2.7 (/opt/ros/humble/share/rmw_fastrtps_cpp/cmake)
[3.516s] -- Found OpenSSL: /usr/lib/x86_64-linux-gnu/libcrypto.so (found version "3.0.2")  
[3.578s] -- Found FastRTPS: /opt/ros/humble/include  
[3.671s] -- Using RMW implementation 'rmw_fastrtps_cpp' as default
[3.703s] -- Looking for pthread.h
[3.851s] -- Looking for pthread.h - found
[3.852s] -- Performing Test CMAKE_HAVE_LIBC_PTHREAD
[4.076s] -- Performing Test CMAKE_HAVE_LIBC_PTHREAD - Success
[4.076s] -- Found Threads: TRUE  
[4.295s] -- Found sensor_msgs: 4.8.0 (/opt/ros/humble/share/sensor_msgs/cmake)
[4.375s] -- Found tf2: 0.25.12 (/opt/ros/humble/share/tf2/cmake)
[4.428s] -- Found tf2_msgs: 0.25.12 (/opt/ros/humble/share/tf2_msgs/cmake)
[4.628s] -- Found turtlebot3_msgs: 2.4.0 (/home/songdavid/ff_ws/install/turtlebot3_msgs/share/turtlebot3_msgs/cmake)
[5.072s] -- Configuring done
[5.138s] -- Generating done
[5.157s] -- Build files have been written to: /home/songdavid/ff_ws/build/turtlebot3_fake_node
[5.196s] Invoked command in '/home/songdavid/ff_ws/build/turtlebot3_fake_node' returned '0': AMENT_PREFIX_PATH=/home/songdavid/ff_ws/install/turtlebot3_msgs:${AMENT_PREFIX_PATH} CMAKE_PREFIX_PATH=/home/songdavid/ff_ws/install/turtlebot3_msgs:/home/songdavid/ff_ws/install/explorer_interfaces:/home/songdavid/ff_ws/install/explorer_gazebo:/home/songdavid/ff_ws/install/explorer_cartographer:/home/songdavid/turtlebot3_ws/install/turtlebot3:/home/songdavid/turtlebot3_ws/install/turtlebot3_simulations:/home/songdavid/turtlebot3_ws/install/turtlebot3_bringup:/home/songdavid/turtlebot3_ws/install/turtlebot3_node:/home/songdavid/turtlebot3_ws/install/turtlebot3_navigation2:/home/songdavid/turtlebot3_ws/install/turtlebot3_fake_node:/home/songdavid/turtlebot3_ws/install/turtlebot3_msgs:/home/songdavid/turtlebot3_ws/install/turtlebot3_gazebo:/home/songdavid/turtlebot3_ws/install/turtlebot3_description:/home/songdavid/turtlebot3_ws/install/turtlebot3_cartographer:/home/songdavid/turtlebot3_ws/install/explorer_interfaces:/home/songdavid/turtlebot3_ws/install/explorer_gazebo:/home/songdavid/turtlebot3_ws/install/explorer_cartographer:/home/songdavid/turtlebot3_ws/install/dynamixel_sdk_examples:/home/songdavid/turtlebot3_ws/install/dynamixel_sdk_custom_interfaces:/home/songdavid/turtlebot3_ws/install/dynamixel_sdk:/home/songdavid/ff_ws/install/explorer_wanderer:/home/songdavid/ff_ws/install/explorer_map_utils:/home/songdavid/ff_ws/install/explorer_bringup:/home/songdavid/ff_ws/install/autonomous_exploration:/home/songdavid/turtlebot3_ws/install/explorer_bringup:/home/songdavid/turtlebot3_ws/install/turtlebot3_teleop:/home/songdavid/turtlebot3_ws/install/turtlebot3_example:/home/songdavid/turtlebot3_ws/install/explorer_wanderer:/home/songdavid/turtlebot3_ws/install/explorer_map_utils:/home/songdavid/turtlebot3_ws/install/exploration_pkg:/opt/ros/humble LD_LIBRARY_PATH=/home/songdavid/ff_ws/install/turtlebot3_msgs/lib:/home/songdavid/ff_ws/install/explorer_interfaces/lib:/home/songdavid/turtlebot3_ws/install/turtlebot3_msgs/lib:/home/songdavid/turtlebot3_ws/install/explorer_interfaces/lib:/home/songdavid/turtlebot3_ws/install/dynamixel_sdk_custom_interfaces/lib:/home/songdavid/turtlebot3_ws/install/dynamixel_sdk/lib:/usr/lib/x86_64-linux-gnu/gazebo-11/plugins:/opt/ros/humble/opt/rviz_ogre_vendor/lib:/opt/ros/humble/lib/x86_64-linux-gnu:/opt/ros/humble/lib:/usr/lib/x86_64-linux-gnu/gazebo-11/plugins PYTHONPATH=/home/songdavid/ff_ws/install/turtlebot3_msgs/local/lib/python3.10/dist-packages:${PYTHONPATH} /usr/bin/cmake /home/songdavid/ff_ws/src/turtlebot3_simulations/turtlebot3_fake_node -DCMAKE_INSTALL_PREFIX=/home/songdavid/ff_ws/install/turtlebot3_fake_node
[5.197s] Invoking command in '/home/songdavid/ff_ws/build/turtlebot3_fake_node': AMENT_PREFIX_PATH=/home/songdavid/ff_ws/install/turtlebot3_msgs:${AMENT_PREFIX_PATH} CMAKE_PREFIX_PATH=/home/songdavid/ff_ws/install/turtlebot3_msgs:/home/songdavid/ff_ws/install/explorer_interfaces:/home/songdavid/ff_ws/install/explorer_gazebo:/home/songdavid/ff_ws/install/explorer_cartographer:/home/songdavid/turtlebot3_ws/install/turtlebot3:/home/songdavid/turtlebot3_ws/install/turtlebot3_simulations:/home/songdavid/turtlebot3_ws/install/turtlebot3_bringup:/home/songdavid/turtlebot3_ws/install/turtlebot3_node:/home/songdavid/turtlebot3_ws/install/turtlebot3_navigation2:/home/songdavid/turtlebot3_ws/install/turtlebot3_fake_node:/home/songdavid/turtlebot3_ws/install/turtlebot3_msgs:/home/songdavid/turtlebot3_ws/install/turtlebot3_gazebo:/home/songdavid/turtlebot3_ws/install/turtlebot3_description:/home/songdavid/turtlebot3_ws/install/turtlebot3_cartographer:/home/songdavid/turtlebot3_ws/install/explorer_interfaces:/home/songdavid/turtlebot3_ws/install/explorer_gazebo:/home/songdavid/turtlebot3_ws/install/explorer_cartographer:/home/songdavid/turtlebot3_ws/install/dynamixel_sdk_examples:/home/songdavid/turtlebot3_ws/install/dynamixel_sdk_custom_interfaces:/home/songdavid/turtlebot3_ws/install/dynamixel_sdk:/home/songdavid/ff_ws/install/explorer_wanderer:/home/songdavid/ff_ws/install/explorer_map_utils:/home/songdavid/ff_ws/install/explorer_bringup:/home/songdavid/ff_ws/install/autonomous_exploration:/home/songdavid/turtlebot3_ws/install/explorer_bringup:/home/songdavid/turtlebot3_ws/install/turtlebot3_teleop:/home/songdavid/turtlebot3_ws/install/turtlebot3_example:/home/songdavid/turtlebot3_ws/install/explorer_wanderer:/home/songdavid/turtlebot3_ws/install/explorer_map_utils:/home/songdavid/turtlebot3_ws/install/exploration_pkg:/opt/ros/humble LD_LIBRARY_PATH=/home/songdavid/ff_ws/install/turtlebot3_msgs/lib:/home/songdavid/ff_ws/install/explorer_interfaces/lib:/home/songdavid/turtlebot3_ws/install/turtlebot3_msgs/lib:/home/songdavid/turtlebot3_ws/install/explorer_interfaces/lib:/home/songdavid/turtlebot3_ws/install/dynamixel_sdk_custom_interfaces/lib:/home/songdavid/turtlebot3_ws/install/dynamixel_sdk/lib:/usr/lib/x86_64-linux-gnu/gazebo-11/plugins:/opt/ros/humble/opt/rviz_ogre_vendor/lib:/opt/ros/humble/lib/x86_64-linux-gnu:/opt/ros/humble/lib:/usr/lib/x86_64-linux-gnu/gazebo-11/plugins PYTHONPATH=/home/songdavid/ff_ws/install/turtlebot3_msgs/local/lib/python3.10/dist-packages:${PYTHONPATH} /usr/bin/cmake --build /home/songdavid/ff_ws/build/turtlebot3_fake_node -- -j8 -l8
[5.349s] [ 50%] [32mBuilding CXX object CMakeFiles/turtlebot3_fake_node.dir/src/turtlebot3_fake_node.cpp.o[0m
[27.889s] [100%] [32m[1mLinking CXX executable turtlebot3_fake_node[0m
[28.511s] [100%] Built target turtlebot3_fake_node
[28.521s] Invoked command in '/home/songdavid/ff_ws/build/turtlebot3_fake_node' returned '0': AMENT_PREFIX_PATH=/home/songdavid/ff_ws/install/turtlebot3_msgs:${AMENT_PREFIX_PATH} CMAKE_PREFIX_PATH=/home/songdavid/ff_ws/install/turtlebot3_msgs:/home/songdavid/ff_ws/install/explorer_interfaces:/home/songdavid/ff_ws/install/explorer_gazebo:/home/songdavid/ff_ws/install/explorer_cartographer:/home/songdavid/turtlebot3_ws/install/turtlebot3:/home/songdavid/turtlebot3_ws/install/turtlebot3_simulations:/home/songdavid/turtlebot3_ws/install/turtlebot3_bringup:/home/songdavid/turtlebot3_ws/install/turtlebot3_node:/home/songdavid/turtlebot3_ws/install/turtlebot3_navigation2:/home/songdavid/turtlebot3_ws/install/turtlebot3_fake_node:/home/songdavid/turtlebot3_ws/install/turtlebot3_msgs:/home/songdavid/turtlebot3_ws/install/turtlebot3_gazebo:/home/songdavid/turtlebot3_ws/install/turtlebot3_description:/home/songdavid/turtlebot3_ws/install/turtlebot3_cartographer:/home/songdavid/turtlebot3_ws/install/explorer_interfaces:/home/songdavid/turtlebot3_ws/install/explorer_gazebo:/home/songdavid/turtlebot3_ws/install/explorer_cartographer:/home/songdavid/turtlebot3_ws/install/dynamixel_sdk_examples:/home/songdavid/turtlebot3_ws/install/dynamixel_sdk_custom_interfaces:/home/songdavid/turtlebot3_ws/install/dynamixel_sdk:/home/songdavid/ff_ws/install/explorer_wanderer:/home/songdavid/ff_ws/install/explorer_map_utils:/home/songdavid/ff_ws/install/explorer_bringup:/home/songdavid/ff_ws/install/autonomous_exploration:/home/songdavid/turtlebot3_ws/install/explorer_bringup:/home/songdavid/turtlebot3_ws/install/turtlebot3_teleop:/home/songdavid/turtlebot3_ws/install/turtlebot3_example:/home/songdavid/turtlebot3_ws/install/explorer_wanderer:/home/songdavid/turtlebot3_ws/install/explorer_map_utils:/home/songdavid/turtlebot3_ws/install/exploration_pkg:/opt/ros/humble LD_LIBRARY_PATH=/home/songdavid/ff_ws/install/turtlebot3_msgs/lib:/home/songdavid/ff_ws/install/explorer_interfaces/lib:/home/songdavid/turtlebot3_ws/install/turtlebot3_msgs/lib:/home/songdavid/turtlebot3_ws/install/explorer_interfaces/lib:/home/songdavid/turtlebot3_ws/install/dynamixel_sdk_custom_interfaces/lib:/home/songdavid/turtlebot3_ws/install/dynamixel_sdk/lib:/usr/lib/x86_64-linux-gnu/gazebo-11/plugins:/opt/ros/humble/opt/rviz_ogre_vendor/lib:/opt/ros/humble/lib/x86_64-linux-gnu:/opt/ros/humble/lib:/usr/lib/x86_64-linux-gnu/gazebo-11/plugins PYTHONPATH=/home/songdavid/ff_ws/install/turtlebot3_msgs/local/lib/python3.10/dist-packages:${PYTHONPATH} /usr/bin/cmake --build /home/songdavid/ff_ws/build/turtlebot3_fake_node -- -j8 -l8
[28.523s] Invoking command in '/home/songdavid/ff_ws/build/turtlebot3_fake_node': AMENT_PREFIX_PATH=/home/songdavid/ff_ws/install/turtlebot3_msgs:${AMENT_PREFIX_PATH} CMAKE_PREFIX_PATH=/home/songdavid/ff_ws/install/turtlebot3_msgs:/home/songdavid/ff_ws/install/explorer_interfaces:/home/songdavid/ff_ws/install/explorer_gazebo:/home/songdavid/ff_ws/install/explorer_cartographer:/home/songdavid/turtlebot3_ws/install/turtlebot3:/home/songdavid/turtlebot3_ws/install/turtlebot3_simulations:/home/songdavid/turtlebot3_ws/install/turtlebot3_bringup:/home/songdavid/turtlebot3_ws/install/turtlebot3_node:/home/songdavid/turtlebot3_ws/install/turtlebot3_navigation2:/home/songdavid/turtlebot3_ws/install/turtlebot3_fake_node:/home/songdavid/turtlebot3_ws/install/turtlebot3_msgs:/home/songdavid/turtlebot3_ws/install/turtlebot3_gazebo:/home/songdavid/turtlebot3_ws/install/turtlebot3_description:/home/songdavid/turtlebot3_ws/install/turtlebot3_cartographer:/home/songdavid/turtlebot3_ws/install/explorer_interfaces:/home/songdavid/turtlebot3_ws/install/explorer_gazebo:/home/songdavid/turtlebot3_ws/install/explorer_cartographer:/home/songdavid/turtlebot3_ws/install/dynamixel_sdk_examples:/home/songdavid/turtlebot3_ws/install/dynamixel_sdk_custom_interfaces:/home/songdavid/turtlebot3_ws/install/dynamixel_sdk:/home/songdavid/ff_ws/install/explorer_wanderer:/home/songdavid/ff_ws/install/explorer_map_utils:/home/songdavid/ff_ws/install/explorer_bringup:/home/songdavid/ff_ws/install/autonomous_exploration:/home/songdavid/turtlebot3_ws/install/explorer_bringup:/home/songdavid/turtlebot3_ws/install/turtlebot3_teleop:/home/songdavid/turtlebot3_ws/install/turtlebot3_example:/home/songdavid/turtlebot3_ws/install/explorer_wanderer:/home/songdavid/turtlebot3_ws/install/explorer_map_utils:/home/songdavid/turtlebot3_ws/install/exploration_pkg:/opt/ros/humble LD_LIBRARY_PATH=/home/songdavid/ff_ws/install/turtlebot3_msgs/lib:/home/songdavid/ff_ws/install/explorer_interfaces/lib:/home/songdavid/turtlebot3_ws/install/turtlebot3_msgs/lib:/home/songdavid/turtlebot3_ws/install/explorer_interfaces/lib:/home/songdavid/turtlebot3_ws/install/dynamixel_sdk_custom_interfaces/lib:/home/songdavid/turtlebot3_ws/install/dynamixel_sdk/lib:/usr/lib/x86_64-linux-gnu/gazebo-11/plugins:/opt/ros/humble/opt/rviz_ogre_vendor/lib:/opt/ros/humble/lib/x86_64-linux-gnu:/opt/ros/humble/lib:/usr/lib/x86_64-linux-gnu/gazebo-11/plugins PYTHONPATH=/home/songdavid/ff_ws/install/turtlebot3_msgs/local/lib/python3.10/dist-packages:${PYTHONPATH} /usr/bin/cmake --install /home/songdavid/ff_ws/build/turtlebot3_fake_node
[28.530s] -- Install configuration: ""
[28.530s] -- Installing: /home/songdavid/ff_ws/install/turtlebot3_fake_node/lib/turtlebot3_fake_node/turtlebot3_fake_node
[28.533s] -- Set runtime path of "/home/songdavid/ff_ws/install/turtlebot3_fake_node/lib/turtlebot3_fake_node/turtlebot3_fake_node" to ""
[28.533s] -- Installing: /home/songdavid/ff_ws/install/turtlebot3_fake_node/share/turtlebot3_fake_node/launch
[28.533s] -- Installing: /home/songdavid/ff_ws/install/turtlebot3_fake_node/share/turtlebot3_fake_node/launch/turtlebot3_fake_node.launch.py
[28.533s] -- Installing: /home/songdavid/ff_ws/install/turtlebot3_fake_node/share/turtlebot3_fake_node/launch/rviz2.launch.py
[28.534s] -- Installing: /home/songdavid/ff_ws/install/turtlebot3_fake_node/share/turtlebot3_fake_node/param
[28.534s] -- Installing: /home/songdavid/ff_ws/install/turtlebot3_fake_node/share/turtlebot3_fake_node/param/waffle_pi.yaml
[28.534s] -- Installing: /home/songdavid/ff_ws/install/turtlebot3_fake_node/share/turtlebot3_fake_node/param/waffle.yaml
[28.534s] -- Installing: /home/songdavid/ff_ws/install/turtlebot3_fake_node/share/turtlebot3_fake_node/param/burger.yaml
[28.535s] -- Installing: /home/songdavid/ff_ws/install/turtlebot3_fake_node/include/
[28.535s] -- Installing: /home/songdavid/ff_ws/install/turtlebot3_fake_node/include//turtlebot3_fake_node
[28.535s] -- Installing: /home/songdavid/ff_ws/install/turtlebot3_fake_node/include//turtlebot3_fake_node/turtlebot3_fake_node.hpp
[28.536s] -- Installing: /home/songdavid/ff_ws/install/turtlebot3_fake_node/share/ament_index/resource_index/package_run_dependencies/turtlebot3_fake_node
[28.536s] -- Installing: /home/songdavid/ff_ws/install/turtlebot3_fake_node/share/ament_index/resource_index/parent_prefix_path/turtlebot3_fake_node
[28.536s] -- Installing: /home/songdavid/ff_ws/install/turtlebot3_fake_node/share/turtlebot3_fake_node/environment/ament_prefix_path.sh
[28.536s] -- Installing: /home/songdavid/ff_ws/install/turtlebot3_fake_node/share/turtlebot3_fake_node/environment/ament_prefix_path.dsv
[28.536s] -- Installing: /home/songdavid/ff_ws/install/turtlebot3_fake_node/share/turtlebot3_fake_node/environment/path.sh
[28.537s] -- Installing: /home/songdavid/ff_ws/install/turtlebot3_fake_node/share/turtlebot3_fake_node/environment/path.dsv
[28.537s] -- Installing: /home/songdavid/ff_ws/install/turtlebot3_fake_node/share/turtlebot3_fake_node/local_setup.bash
[28.537s] -- Installing: /home/songdavid/ff_ws/install/turtlebot3_fake_node/share/turtlebot3_fake_node/local_setup.sh
[28.537s] -- Installing: /home/songdavid/ff_ws/install/turtlebot3_fake_node/share/turtlebot3_fake_node/local_setup.zsh
[28.537s] -- Installing: /home/songdavid/ff_ws/install/turtlebot3_fake_node/share/turtlebot3_fake_node/local_setup.dsv
[28.537s] -- Installing: /home/songdavid/ff_ws/install/turtlebot3_fake_node/share/turtlebot3_fake_node/package.dsv
[28.538s] -- Installing: /home/songdavid/ff_ws/install/turtlebot3_fake_node/share/ament_index/resource_index/packages/turtlebot3_fake_node
[28.538s] -- Installing: /home/songdavid/ff_ws/install/turtlebot3_fake_node/share/turtlebot3_fake_node/cmake/ament_cmake_export_include_directories-extras.cmake
[28.538s] -- Installing: /home/songdavid/ff_ws/install/turtlebot3_fake_node/share/turtlebot3_fake_node/cmake/ament_cmake_export_dependencies-extras.cmake
[28.538s] -- Installing: /home/songdavid/ff_ws/install/turtlebot3_fake_node/share/turtlebot3_fake_node/cmake/turtlebot3_fake_nodeConfig.cmake
[28.538s] -- Installing: /home/songdavid/ff_ws/install/turtlebot3_fake_node/share/turtlebot3_fake_node/cmake/turtlebot3_fake_nodeConfig-version.cmake
[28.538s] -- Installing: /home/songdavid/ff_ws/install/turtlebot3_fake_node/share/turtlebot3_fake_node/package.xml
[28.540s] Invoked command in '/home/songdavid/ff_ws/build/turtlebot3_fake_node' returned '0': AMENT_PREFIX_PATH=/home/songdavid/ff_ws/install/turtlebot3_msgs:${AMENT_PREFIX_PATH} CMAKE_PREFIX_PATH=/home/songdavid/ff_ws/install/turtlebot3_msgs:/home/songdavid/ff_ws/install/explorer_interfaces:/home/songdavid/ff_ws/install/explorer_gazebo:/home/songdavid/ff_ws/install/explorer_cartographer:/home/songdavid/turtlebot3_ws/install/turtlebot3:/home/songdavid/turtlebot3_ws/install/turtlebot3_simulations:/home/songdavid/turtlebot3_ws/install/turtlebot3_bringup:/home/songdavid/turtlebot3_ws/install/turtlebot3_node:/home/songdavid/turtlebot3_ws/install/turtlebot3_navigation2:/home/songdavid/turtlebot3_ws/install/turtlebot3_fake_node:/home/songdavid/turtlebot3_ws/install/turtlebot3_msgs:/home/songdavid/turtlebot3_ws/install/turtlebot3_gazebo:/home/songdavid/turtlebot3_ws/install/turtlebot3_description:/home/songdavid/turtlebot3_ws/install/turtlebot3_cartographer:/home/songdavid/turtlebot3_ws/install/explorer_interfaces:/home/songdavid/turtlebot3_ws/install/explorer_gazebo:/home/songdavid/turtlebot3_ws/install/explorer_cartographer:/home/songdavid/turtlebot3_ws/install/dynamixel_sdk_examples:/home/songdavid/turtlebot3_ws/install/dynamixel_sdk_custom_interfaces:/home/songdavid/turtlebot3_ws/install/dynamixel_sdk:/home/songdavid/ff_ws/install/explorer_wanderer:/home/songdavid/ff_ws/install/explorer_map_utils:/home/songdavid/ff_ws/install/explorer_bringup:/home/songdavid/ff_ws/install/autonomous_exploration:/home/songdavid/turtlebot3_ws/install/explorer_bringup:/home/songdavid/turtlebot3_ws/install/turtlebot3_teleop:/home/songdavid/turtlebot3_ws/install/turtlebot3_example:/home/songdavid/turtlebot3_ws/install/explorer_wanderer:/home/songdavid/turtlebot3_ws/install/explorer_map_utils:/home/songdavid/turtlebot3_ws/install/exploration_pkg:/opt/ros/humble LD_LIBRARY_PATH=/home/songdavid/ff_ws/install/turtlebot3_msgs/lib:/home/songdavid/ff_ws/install/explorer_interfaces/lib:/home/songdavid/turtlebot3_ws/install/turtlebot3_msgs/lib:/home/songdavid/turtlebot3_ws/install/explorer_interfaces/lib:/home/songdavid/turtlebot3_ws/install/dynamixel_sdk_custom_interfaces/lib:/home/songdavid/turtlebot3_ws/install/dynamixel_sdk/lib:/usr/lib/x86_64-linux-gnu/gazebo-11/plugins:/opt/ros/humble/opt/rviz_ogre_vendor/lib:/opt/ros/humble/lib/x86_64-linux-gnu:/opt/ros/humble/lib:/usr/lib/x86_64-linux-gnu/gazebo-11/plugins PYTHONPATH=/home/songdavid/ff_ws/install/turtlebot3_msgs/local/lib/python3.10/dist-packages:${PYTHONPATH} /usr/bin/cmake --install /home/songdavid/ff_ws/build/turtlebot3_fake_node
