[0.042s] Invoking command in '/home/songdavid/ff_ws/build/turtlebot3_cartographer': CMAKE_PREFIX_PATH=${CMAKE_PREFIX_PATH}:/home/songdavid/turtlebot3_ws/install/explorer_bringup:/home/songdavid/turtlebot3_ws/install/turtlebot3_teleop:/home/songdavid/turtlebot3_ws/install/turtlebot3_example:/home/songdavid/turtlebot3_ws/install/explorer_wanderer:/home/songdavid/turtlebot3_ws/install/explorer_map_utils:/home/songdavid/turtlebot3_ws/install/exploration_pkg:/opt/ros/humble /usr/bin/cmake --build /home/songdavid/ff_ws/build/turtlebot3_cartographer -- -j8 -l8
[0.534s] Invoked command in '/home/songdavid/ff_ws/build/turtlebot3_cartographer' returned '0': CMAKE_PREFIX_PATH=${CMAKE_PREFIX_PATH}:/home/songdavid/turtlebot3_ws/install/explorer_bringup:/home/songdavid/turtlebot3_ws/install/turtlebot3_teleop:/home/songdavid/turtlebot3_ws/install/turtlebot3_example:/home/songdavid/turtlebot3_ws/install/explorer_wanderer:/home/songdavid/turtlebot3_ws/install/explorer_map_utils:/home/songdavid/turtlebot3_ws/install/exploration_pkg:/opt/ros/humble /usr/bin/cmake --build /home/songdavid/ff_ws/build/turtlebot3_cartographer -- -j8 -l8
[0.536s] Invoking command in '/home/songdavid/ff_ws/build/turtlebot3_cartographer': CMAKE_PREFIX_PATH=${CMAKE_PREFIX_PATH}:/home/songdavid/turtlebot3_ws/install/explorer_bringup:/home/songdavid/turtlebot3_ws/install/turtlebot3_teleop:/home/songdavid/turtlebot3_ws/install/turtlebot3_example:/home/songdavid/turtlebot3_ws/install/explorer_wanderer:/home/songdavid/turtlebot3_ws/install/explorer_map_utils:/home/songdavid/turtlebot3_ws/install/exploration_pkg:/opt/ros/humble /usr/bin/cmake --install /home/songdavid/ff_ws/build/turtlebot3_cartographer
[0.569s] -- Install configuration: ""
[0.569s] -- Up-to-date: /home/songdavid/ff_ws/install/turtlebot3_cartographer/share/turtlebot3_cartographer/config
[0.569s] -- Up-to-date: /home/songdavid/ff_ws/install/turtlebot3_cartographer/share/turtlebot3_cartographer/config/turtlebot3_lds_2d.lua
[0.570s] -- Up-to-date: /home/songdavid/ff_ws/install/turtlebot3_cartographer/share/turtlebot3_cartographer/launch
[0.570s] -- Up-to-date: /home/songdavid/ff_ws/install/turtlebot3_cartographer/share/turtlebot3_cartographer/launch/occupancy_grid.launch.py
[0.570s] -- Up-to-date: /home/songdavid/ff_ws/install/turtlebot3_cartographer/share/turtlebot3_cartographer/launch/cartographer.launch.py
[0.571s] -- Up-to-date: /home/songdavid/ff_ws/install/turtlebot3_cartographer/share/turtlebot3_cartographer/rviz
[0.571s] -- Up-to-date: /home/songdavid/ff_ws/install/turtlebot3_cartographer/share/turtlebot3_cartographer/rviz/tb3_cartographer.rviz
[0.571s] -- Up-to-date: /home/songdavid/ff_ws/install/turtlebot3_cartographer/share/ament_index/resource_index/package_run_dependencies/turtlebot3_cartographer
[0.571s] -- Up-to-date: /home/songdavid/ff_ws/install/turtlebot3_cartographer/share/ament_index/resource_index/parent_prefix_path/turtlebot3_cartographer
[0.571s] -- Up-to-date: /home/songdavid/ff_ws/install/turtlebot3_cartographer/share/turtlebot3_cartographer/environment/ament_prefix_path.sh
[0.573s] -- Up-to-date: /home/songdavid/ff_ws/install/turtlebot3_cartographer/share/turtlebot3_cartographer/environment/ament_prefix_path.dsv
[0.573s] -- Up-to-date: /home/songdavid/ff_ws/install/turtlebot3_cartographer/share/turtlebot3_cartographer/environment/path.sh
[0.573s] -- Up-to-date: /home/songdavid/ff_ws/install/turtlebot3_cartographer/share/turtlebot3_cartographer/environment/path.dsv
[0.573s] -- Up-to-date: /home/songdavid/ff_ws/install/turtlebot3_cartographer/share/turtlebot3_cartographer/local_setup.bash
[0.573s] -- Up-to-date: /home/songdavid/ff_ws/install/turtlebot3_cartographer/share/turtlebot3_cartographer/local_setup.sh
[0.573s] -- Up-to-date: /home/songdavid/ff_ws/install/turtlebot3_cartographer/share/turtlebot3_cartographer/local_setup.zsh
[0.573s] -- Up-to-date: /home/songdavid/ff_ws/install/turtlebot3_cartographer/share/turtlebot3_cartographer/local_setup.dsv
[0.574s] -- Installing: /home/songdavid/ff_ws/install/turtlebot3_cartographer/share/turtlebot3_cartographer/package.dsv
[0.574s] -- Up-to-date: /home/songdavid/ff_ws/install/turtlebot3_cartographer/share/ament_index/resource_index/packages/turtlebot3_cartographer
[0.574s] -- Up-to-date: /home/songdavid/ff_ws/install/turtlebot3_cartographer/share/turtlebot3_cartographer/cmake/turtlebot3_cartographerConfig.cmake
[0.574s] -- Up-to-date: /home/songdavid/ff_ws/install/turtlebot3_cartographer/share/turtlebot3_cartographer/cmake/turtlebot3_cartographerConfig-version.cmake
[0.574s] -- Up-to-date: /home/songdavid/ff_ws/install/turtlebot3_cartographer/share/turtlebot3_cartographer/package.xml
[0.602s] Invoked command in '/home/songdavid/ff_ws/build/turtlebot3_cartographer' returned '0': CMAKE_PREFIX_PATH=${CMAKE_PREFIX_PATH}:/home/songdavid/turtlebot3_ws/install/explorer_bringup:/home/songdavid/turtlebot3_ws/install/turtlebot3_teleop:/home/songdavid/turtlebot3_ws/install/turtlebot3_example:/home/songdavid/turtlebot3_ws/install/explorer_wanderer:/home/songdavid/turtlebot3_ws/install/explorer_map_utils:/home/songdavid/turtlebot3_ws/install/exploration_pkg:/opt/ros/humble /usr/bin/cmake --install /home/songdavid/ff_ws/build/turtlebot3_cartographer
