[0.330s] Invoking command in '/home/songdavid/ff_ws/build/explorer_interfaces': CMAKE_PREFIX_PATH=${CMAKE_PREFIX_PATH}:/home/songdavid/turtlebot3_ws/install/explorer_bringup:/home/songdavid/turtlebot3_ws/install/turtlebot3_teleop:/home/songdavid/turtlebot3_ws/install/turtlebot3_example:/home/songdavid/turtlebot3_ws/install/explorer_wanderer:/home/songdavid/turtlebot3_ws/install/explorer_map_utils:/home/songdavid/turtlebot3_ws/install/exploration_pkg:/opt/ros/humble /usr/bin/cmake --build /home/songdavid/ff_ws/build/explorer_interfaces -- -j8 -l8
[0.389s] [  2%] Built target explorer_interfaces__cpp
[0.389s] [ 12%] Built target explorer_interfaces__rosidl_generator_c
[0.404s] [ 12%] Built target ament_cmake_python_copy_explorer_interfaces
[0.440s] [ 23%] Built target explorer_interfaces__rosidl_typesupport_introspection_cpp
[0.440s] [ 33%] Built target explorer_interfaces__rosidl_typesupport_cpp
[0.445s] [ 43%] Built target explorer_interfaces__rosidl_typesupport_introspection_c
[0.445s] [ 53%] Built target explorer_interfaces__rosidl_typesupport_fastrtps_cpp
[0.446s] [ 64%] Built target explorer_interfaces__rosidl_typesupport_fastrtps_c
[0.446s] [ 74%] Built target explorer_interfaces__rosidl_typesupport_c
[0.466s] [ 74%] Built target explorer_interfaces
[0.488s] [ 76%] Built target explorer_interfaces__py
[0.510s] [ 84%] Built target explorer_interfaces__rosidl_generator_py
[0.541s] [100%] Built target explorer_interfaces__rosidl_typesupport_fastrtps_c__pyext
[0.541s] [100%] Built target explorer_interfaces__rosidl_typesupport_c__pyext
[0.541s] [100%] Built target explorer_interfaces__rosidl_typesupport_introspection_c__pyext
[0.730s] running egg_info
[0.731s] writing explorer_interfaces.egg-info/PKG-INFO
[0.731s] writing dependency_links to explorer_interfaces.egg-info/dependency_links.txt
[0.731s] writing top-level names to explorer_interfaces.egg-info/top_level.txt
[0.734s] reading manifest file 'explorer_interfaces.egg-info/SOURCES.txt'
[0.734s] writing manifest file 'explorer_interfaces.egg-info/SOURCES.txt'
[0.776s] [100%] Built target ament_cmake_python_build_explorer_interfaces_egg
[0.884s] Invoked command in '/home/songdavid/ff_ws/build/explorer_interfaces' returned '0': CMAKE_PREFIX_PATH=${CMAKE_PREFIX_PATH}:/home/songdavid/turtlebot3_ws/install/explorer_bringup:/home/songdavid/turtlebot3_ws/install/turtlebot3_teleop:/home/songdavid/turtlebot3_ws/install/turtlebot3_example:/home/songdavid/turtlebot3_ws/install/explorer_wanderer:/home/songdavid/turtlebot3_ws/install/explorer_map_utils:/home/songdavid/turtlebot3_ws/install/exploration_pkg:/opt/ros/humble /usr/bin/cmake --build /home/songdavid/ff_ws/build/explorer_interfaces -- -j8 -l8
[0.887s] Invoking command in '/home/songdavid/ff_ws/build/explorer_interfaces': CMAKE_PREFIX_PATH=${CMAKE_PREFIX_PATH}:/home/songdavid/turtlebot3_ws/install/explorer_bringup:/home/songdavid/turtlebot3_ws/install/turtlebot3_teleop:/home/songdavid/turtlebot3_ws/install/turtlebot3_example:/home/songdavid/turtlebot3_ws/install/explorer_wanderer:/home/songdavid/turtlebot3_ws/install/explorer_map_utils:/home/songdavid/turtlebot3_ws/install/exploration_pkg:/opt/ros/humble /usr/bin/cmake --install /home/songdavid/ff_ws/build/explorer_interfaces
[0.894s] -- Install configuration: ""
[0.894s] -- Up-to-date: /home/songdavid/ff_ws/install/explorer_interfaces/share/ament_index/resource_index/rosidl_interfaces/explorer_interfaces
[0.894s] -- Up-to-date: /home/songdavid/ff_ws/install/explorer_interfaces/include/explorer_interfaces/explorer_interfaces
[0.894s] -- Up-to-date: /home/songdavid/ff_ws/install/explorer_interfaces/include/explorer_interfaces/explorer_interfaces/msg
[0.894s] -- Up-to-date: /home/songdavid/ff_ws/install/explorer_interfaces/include/explorer_interfaces/explorer_interfaces/msg/rosidl_generator_c__visibility_control.h
[0.894s] -- Up-to-date: /home/songdavid/ff_ws/install/explorer_interfaces/include/explorer_interfaces/explorer_interfaces/action
[0.894s] -- Up-to-date: /home/songdavid/ff_ws/install/explorer_interfaces/include/explorer_interfaces/explorer_interfaces/action/detail
[0.894s] -- Up-to-date: /home/songdavid/ff_ws/install/explorer_interfaces/include/explorer_interfaces/explorer_interfaces/action/detail/wander__functions.c
[0.894s] -- Up-to-date: /home/songdavid/ff_ws/install/explorer_interfaces/include/explorer_interfaces/explorer_interfaces/action/detail/wander__struct.h
[0.895s] -- Up-to-date: /home/songdavid/ff_ws/install/explorer_interfaces/include/explorer_interfaces/explorer_interfaces/action/detail/wander__type_support.h
[0.895s] -- Up-to-date: /home/songdavid/ff_ws/install/explorer_interfaces/include/explorer_interfaces/explorer_interfaces/action/detail/discover__functions.c
[0.895s] -- Up-to-date: /home/songdavid/ff_ws/install/explorer_interfaces/include/explorer_interfaces/explorer_interfaces/action/detail/wander__functions.h
[0.895s] -- Up-to-date: /home/songdavid/ff_ws/install/explorer_interfaces/include/explorer_interfaces/explorer_interfaces/action/detail/discover__struct.h
[0.895s] -- Up-to-date: /home/songdavid/ff_ws/install/explorer_interfaces/include/explorer_interfaces/explorer_interfaces/action/detail/discover__functions.h
[0.895s] -- Up-to-date: /home/songdavid/ff_ws/install/explorer_interfaces/include/explorer_interfaces/explorer_interfaces/action/detail/discover__type_support.h
[0.895s] -- Up-to-date: /home/songdavid/ff_ws/install/explorer_interfaces/include/explorer_interfaces/explorer_interfaces/action/discover.h
[0.895s] -- Up-to-date: /home/songdavid/ff_ws/install/explorer_interfaces/include/explorer_interfaces/explorer_interfaces/action/wander.h
[0.895s] -- Up-to-date: /home/songdavid/ff_ws/install/explorer_interfaces/share/explorer_interfaces/environment/library_path.sh
[0.896s] -- Up-to-date: /home/songdavid/ff_ws/install/explorer_interfaces/share/explorer_interfaces/environment/library_path.dsv
[0.896s] -- Up-to-date: /home/songdavid/ff_ws/install/explorer_interfaces/lib/libexplorer_interfaces__rosidl_generator_c.so
[0.896s] -- Up-to-date: /home/songdavid/ff_ws/install/explorer_interfaces/include/explorer_interfaces/explorer_interfaces
[0.896s] -- Up-to-date: /home/songdavid/ff_ws/install/explorer_interfaces/include/explorer_interfaces/explorer_interfaces/msg
[0.896s] -- Up-to-date: /home/songdavid/ff_ws/install/explorer_interfaces/include/explorer_interfaces/explorer_interfaces/msg/rosidl_typesupport_fastrtps_c__visibility_control.h
[0.896s] -- Up-to-date: /home/songdavid/ff_ws/install/explorer_interfaces/include/explorer_interfaces/explorer_interfaces/action
[0.896s] -- Up-to-date: /home/songdavid/ff_ws/install/explorer_interfaces/include/explorer_interfaces/explorer_interfaces/action/detail
[0.896s] -- Up-to-date: /home/songdavid/ff_ws/install/explorer_interfaces/include/explorer_interfaces/explorer_interfaces/action/detail/discover__rosidl_typesupport_fastrtps_c.h
[0.897s] -- Up-to-date: /home/songdavid/ff_ws/install/explorer_interfaces/include/explorer_interfaces/explorer_interfaces/action/detail/wander__rosidl_typesupport_fastrtps_c.h
[0.897s] -- Up-to-date: /home/songdavid/ff_ws/install/explorer_interfaces/lib/libexplorer_interfaces__rosidl_typesupport_fastrtps_c.so
[0.897s] -- Up-to-date: /home/songdavid/ff_ws/install/explorer_interfaces/include/explorer_interfaces/explorer_interfaces
[0.897s] -- Up-to-date: /home/songdavid/ff_ws/install/explorer_interfaces/include/explorer_interfaces/explorer_interfaces/msg
[0.897s] -- Up-to-date: /home/songdavid/ff_ws/install/explorer_interfaces/include/explorer_interfaces/explorer_interfaces/msg/rosidl_typesupport_introspection_c__visibility_control.h
[0.897s] -- Up-to-date: /home/songdavid/ff_ws/install/explorer_interfaces/include/explorer_interfaces/explorer_interfaces/action
[0.897s] -- Up-to-date: /home/songdavid/ff_ws/install/explorer_interfaces/include/explorer_interfaces/explorer_interfaces/action/detail
[0.897s] -- Up-to-date: /home/songdavid/ff_ws/install/explorer_interfaces/include/explorer_interfaces/explorer_interfaces/action/detail/wander__type_support.c
[0.897s] -- Up-to-date: /home/songdavid/ff_ws/install/explorer_interfaces/include/explorer_interfaces/explorer_interfaces/action/detail/discover__type_support.c
[0.898s] -- Up-to-date: /home/songdavid/ff_ws/install/explorer_interfaces/include/explorer_interfaces/explorer_interfaces/action/detail/wander__rosidl_typesupport_introspection_c.h
[0.898s] -- Up-to-date: /home/songdavid/ff_ws/install/explorer_interfaces/include/explorer_interfaces/explorer_interfaces/action/detail/discover__rosidl_typesupport_introspection_c.h
[0.898s] -- Up-to-date: /home/songdavid/ff_ws/install/explorer_interfaces/lib/libexplorer_interfaces__rosidl_typesupport_introspection_c.so
[0.898s] -- Up-to-date: /home/songdavid/ff_ws/install/explorer_interfaces/lib/libexplorer_interfaces__rosidl_typesupport_c.so
[0.898s] -- Up-to-date: /home/songdavid/ff_ws/install/explorer_interfaces/include/explorer_interfaces/explorer_interfaces
[0.898s] -- Up-to-date: /home/songdavid/ff_ws/install/explorer_interfaces/include/explorer_interfaces/explorer_interfaces/msg
[0.898s] -- Up-to-date: /home/songdavid/ff_ws/install/explorer_interfaces/include/explorer_interfaces/explorer_interfaces/msg/rosidl_generator_cpp__visibility_control.hpp
[0.898s] -- Up-to-date: /home/songdavid/ff_ws/install/explorer_interfaces/include/explorer_interfaces/explorer_interfaces/action
[0.898s] -- Up-to-date: /home/songdavid/ff_ws/install/explorer_interfaces/include/explorer_interfaces/explorer_interfaces/action/discover.hpp
[0.898s] -- Up-to-date: /home/songdavid/ff_ws/install/explorer_interfaces/include/explorer_interfaces/explorer_interfaces/action/detail
[0.899s] -- Up-to-date: /home/songdavid/ff_ws/install/explorer_interfaces/include/explorer_interfaces/explorer_interfaces/action/detail/discover__traits.hpp
[0.899s] -- Up-to-date: /home/songdavid/ff_ws/install/explorer_interfaces/include/explorer_interfaces/explorer_interfaces/action/detail/wander__type_support.hpp
[0.899s] -- Up-to-date: /home/songdavid/ff_ws/install/explorer_interfaces/include/explorer_interfaces/explorer_interfaces/action/detail/wander__traits.hpp
[0.899s] -- Up-to-date: /home/songdavid/ff_ws/install/explorer_interfaces/include/explorer_interfaces/explorer_interfaces/action/detail/discover__struct.hpp
[0.899s] -- Up-to-date: /home/songdavid/ff_ws/install/explorer_interfaces/include/explorer_interfaces/explorer_interfaces/action/detail/discover__builder.hpp
[0.899s] -- Up-to-date: /home/songdavid/ff_ws/install/explorer_interfaces/include/explorer_interfaces/explorer_interfaces/action/detail/wander__struct.hpp
[0.899s] -- Up-to-date: /home/songdavid/ff_ws/install/explorer_interfaces/include/explorer_interfaces/explorer_interfaces/action/detail/discover__type_support.hpp
[0.899s] -- Up-to-date: /home/songdavid/ff_ws/install/explorer_interfaces/include/explorer_interfaces/explorer_interfaces/action/detail/wander__builder.hpp
[0.900s] -- Up-to-date: /home/songdavid/ff_ws/install/explorer_interfaces/include/explorer_interfaces/explorer_interfaces/action/wander.hpp
[0.900s] -- Up-to-date: /home/songdavid/ff_ws/install/explorer_interfaces/include/explorer_interfaces/explorer_interfaces
[0.900s] -- Up-to-date: /home/songdavid/ff_ws/install/explorer_interfaces/include/explorer_interfaces/explorer_interfaces/msg
[0.900s] -- Up-to-date: /home/songdavid/ff_ws/install/explorer_interfaces/include/explorer_interfaces/explorer_interfaces/msg/rosidl_typesupport_fastrtps_cpp__visibility_control.h
[0.900s] -- Up-to-date: /home/songdavid/ff_ws/install/explorer_interfaces/include/explorer_interfaces/explorer_interfaces/action
[0.900s] -- Up-to-date: /home/songdavid/ff_ws/install/explorer_interfaces/include/explorer_interfaces/explorer_interfaces/action/detail
[0.900s] -- Up-to-date: /home/songdavid/ff_ws/install/explorer_interfaces/include/explorer_interfaces/explorer_interfaces/action/detail/wander__rosidl_typesupport_fastrtps_cpp.hpp
[0.900s] -- Up-to-date: /home/songdavid/ff_ws/install/explorer_interfaces/include/explorer_interfaces/explorer_interfaces/action/detail/dds_fastrtps
[0.900s] -- Up-to-date: /home/songdavid/ff_ws/install/explorer_interfaces/include/explorer_interfaces/explorer_interfaces/action/detail/discover__rosidl_typesupport_fastrtps_cpp.hpp
[0.900s] -- Up-to-date: /home/songdavid/ff_ws/install/explorer_interfaces/lib/libexplorer_interfaces__rosidl_typesupport_fastrtps_cpp.so
[0.900s] -- Up-to-date: /home/songdavid/ff_ws/install/explorer_interfaces/include/explorer_interfaces/explorer_interfaces
[0.901s] -- Up-to-date: /home/songdavid/ff_ws/install/explorer_interfaces/include/explorer_interfaces/explorer_interfaces/action
[0.901s] -- Up-to-date: /home/songdavid/ff_ws/install/explorer_interfaces/include/explorer_interfaces/explorer_interfaces/action/detail
[0.901s] -- Up-to-date: /home/songdavid/ff_ws/install/explorer_interfaces/include/explorer_interfaces/explorer_interfaces/action/detail/discover__rosidl_typesupport_introspection_cpp.hpp
[0.901s] -- Up-to-date: /home/songdavid/ff_ws/install/explorer_interfaces/include/explorer_interfaces/explorer_interfaces/action/detail/wander__rosidl_typesupport_introspection_cpp.hpp
[0.901s] -- Up-to-date: /home/songdavid/ff_ws/install/explorer_interfaces/include/explorer_interfaces/explorer_interfaces/action/detail/wander__type_support.cpp
[0.901s] -- Up-to-date: /home/songdavid/ff_ws/install/explorer_interfaces/include/explorer_interfaces/explorer_interfaces/action/detail/discover__type_support.cpp
[0.901s] -- Up-to-date: /home/songdavid/ff_ws/install/explorer_interfaces/lib/libexplorer_interfaces__rosidl_typesupport_introspection_cpp.so
[0.901s] -- Up-to-date: /home/songdavid/ff_ws/install/explorer_interfaces/lib/libexplorer_interfaces__rosidl_typesupport_cpp.so
[0.901s] -- Up-to-date: /home/songdavid/ff_ws/install/explorer_interfaces/share/explorer_interfaces/environment/pythonpath.sh
[0.901s] -- Up-to-date: /home/songdavid/ff_ws/install/explorer_interfaces/share/explorer_interfaces/environment/pythonpath.dsv
[0.901s] -- Up-to-date: /home/songdavid/ff_ws/install/explorer_interfaces/local/lib/python3.10/dist-packages/explorer_interfaces-0.0.0-py3.10.egg-info
[0.902s] -- Installing: /home/songdavid/ff_ws/install/explorer_interfaces/local/lib/python3.10/dist-packages/explorer_interfaces-0.0.0-py3.10.egg-info/SOURCES.txt
[0.902s] -- Installing: /home/songdavid/ff_ws/install/explorer_interfaces/local/lib/python3.10/dist-packages/explorer_interfaces-0.0.0-py3.10.egg-info/PKG-INFO
[0.902s] -- Installing: /home/songdavid/ff_ws/install/explorer_interfaces/local/lib/python3.10/dist-packages/explorer_interfaces-0.0.0-py3.10.egg-info/dependency_links.txt
[0.902s] -- Installing: /home/songdavid/ff_ws/install/explorer_interfaces/local/lib/python3.10/dist-packages/explorer_interfaces-0.0.0-py3.10.egg-info/top_level.txt
[0.902s] -- Up-to-date: /home/songdavid/ff_ws/install/explorer_interfaces/local/lib/python3.10/dist-packages/explorer_interfaces
[0.902s] -- Up-to-date: /home/songdavid/ff_ws/install/explorer_interfaces/local/lib/python3.10/dist-packages/explorer_interfaces/explorer_interfaces_s__rosidl_typesupport_fastrtps_c.cpython-310-x86_64-linux-gnu.so
[0.902s] -- Up-to-date: /home/songdavid/ff_ws/install/explorer_interfaces/local/lib/python3.10/dist-packages/explorer_interfaces/_explorer_interfaces_s.ep.rosidl_typesupport_fastrtps_c.c
[0.902s] -- Up-to-date: /home/songdavid/ff_ws/install/explorer_interfaces/local/lib/python3.10/dist-packages/explorer_interfaces/__init__.py
[0.902s] -- Up-to-date: /home/songdavid/ff_ws/install/explorer_interfaces/local/lib/python3.10/dist-packages/explorer_interfaces/_explorer_interfaces_s.ep.rosidl_typesupport_c.c
[0.902s] -- Up-to-date: /home/songdavid/ff_ws/install/explorer_interfaces/local/lib/python3.10/dist-packages/explorer_interfaces/explorer_interfaces_s__rosidl_typesupport_c.cpython-310-x86_64-linux-gnu.so
[0.902s] -- Up-to-date: /home/songdavid/ff_ws/install/explorer_interfaces/local/lib/python3.10/dist-packages/explorer_interfaces/_explorer_interfaces_s.ep.rosidl_typesupport_introspection_c.c
[0.903s] -- Up-to-date: /home/songdavid/ff_ws/install/explorer_interfaces/local/lib/python3.10/dist-packages/explorer_interfaces/action
[0.903s] -- Up-to-date: /home/songdavid/ff_ws/install/explorer_interfaces/local/lib/python3.10/dist-packages/explorer_interfaces/action/_discover.py
[0.903s] -- Up-to-date: /home/songdavid/ff_ws/install/explorer_interfaces/local/lib/python3.10/dist-packages/explorer_interfaces/action/_wander.py
[0.903s] -- Up-to-date: /home/songdavid/ff_ws/install/explorer_interfaces/local/lib/python3.10/dist-packages/explorer_interfaces/action/__init__.py
[0.903s] -- Up-to-date: /home/songdavid/ff_ws/install/explorer_interfaces/local/lib/python3.10/dist-packages/explorer_interfaces/action/_discover_s.c
[0.903s] -- Up-to-date: /home/songdavid/ff_ws/install/explorer_interfaces/local/lib/python3.10/dist-packages/explorer_interfaces/action/_wander_s.c
[0.903s] -- Up-to-date: /home/songdavid/ff_ws/install/explorer_interfaces/local/lib/python3.10/dist-packages/explorer_interfaces/libexplorer_interfaces__rosidl_generator_py.so
[0.903s] -- Up-to-date: /home/songdavid/ff_ws/install/explorer_interfaces/local/lib/python3.10/dist-packages/explorer_interfaces/explorer_interfaces_s__rosidl_typesupport_introspection_c.cpython-310-x86_64-linux-gnu.so
[0.955s] Listing '/home/songdavid/ff_ws/install/explorer_interfaces/local/lib/python3.10/dist-packages/explorer_interfaces'...
[0.955s] Listing '/home/songdavid/ff_ws/install/explorer_interfaces/local/lib/python3.10/dist-packages/explorer_interfaces/action'...
[0.962s] -- Up-to-date: /home/songdavid/ff_ws/install/explorer_interfaces/local/lib/python3.10/dist-packages/explorer_interfaces/explorer_interfaces_s__rosidl_typesupport_fastrtps_c.cpython-310-x86_64-linux-gnu.so
[0.962s] -- Up-to-date: /home/songdavid/ff_ws/install/explorer_interfaces/local/lib/python3.10/dist-packages/explorer_interfaces/explorer_interfaces_s__rosidl_typesupport_introspection_c.cpython-310-x86_64-linux-gnu.so
[0.963s] -- Up-to-date: /home/songdavid/ff_ws/install/explorer_interfaces/local/lib/python3.10/dist-packages/explorer_interfaces/explorer_interfaces_s__rosidl_typesupport_c.cpython-310-x86_64-linux-gnu.so
[0.963s] -- Up-to-date: /home/songdavid/ff_ws/install/explorer_interfaces/lib/libexplorer_interfaces__rosidl_generator_py.so
[0.963s] -- Up-to-date: /home/songdavid/ff_ws/install/explorer_interfaces/share/explorer_interfaces/action/Wander.idl
[0.963s] -- Up-to-date: /home/songdavid/ff_ws/install/explorer_interfaces/share/explorer_interfaces/action/Discover.idl
[0.963s] -- Up-to-date: /home/songdavid/ff_ws/install/explorer_interfaces/share/explorer_interfaces/action/Wander.action
[0.963s] -- Up-to-date: /home/songdavid/ff_ws/install/explorer_interfaces/share/explorer_interfaces/action/Discover.action
[0.963s] -- Up-to-date: /home/songdavid/ff_ws/install/explorer_interfaces/share/ament_index/resource_index/package_run_dependencies/explorer_interfaces
[0.963s] -- Up-to-date: /home/songdavid/ff_ws/install/explorer_interfaces/share/ament_index/resource_index/parent_prefix_path/explorer_interfaces
[0.964s] -- Up-to-date: /home/songdavid/ff_ws/install/explorer_interfaces/share/explorer_interfaces/environment/ament_prefix_path.sh
[0.964s] -- Up-to-date: /home/songdavid/ff_ws/install/explorer_interfaces/share/explorer_interfaces/environment/ament_prefix_path.dsv
[0.964s] -- Up-to-date: /home/songdavid/ff_ws/install/explorer_interfaces/share/explorer_interfaces/environment/path.sh
[0.964s] -- Up-to-date: /home/songdavid/ff_ws/install/explorer_interfaces/share/explorer_interfaces/environment/path.dsv
[0.964s] -- Up-to-date: /home/songdavid/ff_ws/install/explorer_interfaces/share/explorer_interfaces/local_setup.bash
[0.964s] -- Up-to-date: /home/songdavid/ff_ws/install/explorer_interfaces/share/explorer_interfaces/local_setup.sh
[0.964s] -- Up-to-date: /home/songdavid/ff_ws/install/explorer_interfaces/share/explorer_interfaces/local_setup.zsh
[0.964s] -- Up-to-date: /home/songdavid/ff_ws/install/explorer_interfaces/share/explorer_interfaces/local_setup.dsv
[0.964s] -- Installing: /home/songdavid/ff_ws/install/explorer_interfaces/share/explorer_interfaces/package.dsv
[0.964s] -- Up-to-date: /home/songdavid/ff_ws/install/explorer_interfaces/share/ament_index/resource_index/packages/explorer_interfaces
[0.964s] -- Up-to-date: /home/songdavid/ff_ws/install/explorer_interfaces/share/explorer_interfaces/cmake/export_explorer_interfaces__rosidl_generator_cExport.cmake
[0.964s] -- Up-to-date: /home/songdavid/ff_ws/install/explorer_interfaces/share/explorer_interfaces/cmake/export_explorer_interfaces__rosidl_generator_cExport-noconfig.cmake
[0.964s] -- Up-to-date: /home/songdavid/ff_ws/install/explorer_interfaces/share/explorer_interfaces/cmake/export_explorer_interfaces__rosidl_typesupport_fastrtps_cExport.cmake
[0.965s] -- Up-to-date: /home/songdavid/ff_ws/install/explorer_interfaces/share/explorer_interfaces/cmake/export_explorer_interfaces__rosidl_typesupport_fastrtps_cExport-noconfig.cmake
[0.965s] -- Up-to-date: /home/songdavid/ff_ws/install/explorer_interfaces/share/explorer_interfaces/cmake/explorer_interfaces__rosidl_typesupport_introspection_cExport.cmake
[0.965s] -- Up-to-date: /home/songdavid/ff_ws/install/explorer_interfaces/share/explorer_interfaces/cmake/explorer_interfaces__rosidl_typesupport_introspection_cExport-noconfig.cmake
[0.965s] -- Up-to-date: /home/songdavid/ff_ws/install/explorer_interfaces/share/explorer_interfaces/cmake/explorer_interfaces__rosidl_typesupport_cExport.cmake
[0.965s] -- Up-to-date: /home/songdavid/ff_ws/install/explorer_interfaces/share/explorer_interfaces/cmake/explorer_interfaces__rosidl_typesupport_cExport-noconfig.cmake
[0.965s] -- Up-to-date: /home/songdavid/ff_ws/install/explorer_interfaces/share/explorer_interfaces/cmake/export_explorer_interfaces__rosidl_generator_cppExport.cmake
[0.965s] -- Up-to-date: /home/songdavid/ff_ws/install/explorer_interfaces/share/explorer_interfaces/cmake/export_explorer_interfaces__rosidl_typesupport_fastrtps_cppExport.cmake
[0.965s] -- Up-to-date: /home/songdavid/ff_ws/install/explorer_interfaces/share/explorer_interfaces/cmake/export_explorer_interfaces__rosidl_typesupport_fastrtps_cppExport-noconfig.cmake
[0.965s] -- Up-to-date: /home/songdavid/ff_ws/install/explorer_interfaces/share/explorer_interfaces/cmake/explorer_interfaces__rosidl_typesupport_introspection_cppExport.cmake
[0.965s] -- Up-to-date: /home/songdavid/ff_ws/install/explorer_interfaces/share/explorer_interfaces/cmake/explorer_interfaces__rosidl_typesupport_introspection_cppExport-noconfig.cmake
[0.966s] -- Up-to-date: /home/songdavid/ff_ws/install/explorer_interfaces/share/explorer_interfaces/cmake/explorer_interfaces__rosidl_typesupport_cppExport.cmake
[0.966s] -- Up-to-date: /home/songdavid/ff_ws/install/explorer_interfaces/share/explorer_interfaces/cmake/explorer_interfaces__rosidl_typesupport_cppExport-noconfig.cmake
[0.966s] -- Up-to-date: /home/songdavid/ff_ws/install/explorer_interfaces/share/explorer_interfaces/cmake/export_explorer_interfaces__rosidl_generator_pyExport.cmake
[0.966s] -- Up-to-date: /home/songdavid/ff_ws/install/explorer_interfaces/share/explorer_interfaces/cmake/export_explorer_interfaces__rosidl_generator_pyExport-noconfig.cmake
[0.966s] -- Up-to-date: /home/songdavid/ff_ws/install/explorer_interfaces/share/explorer_interfaces/cmake/rosidl_cmake-extras.cmake
[0.966s] -- Up-to-date: /home/songdavid/ff_ws/install/explorer_interfaces/share/explorer_interfaces/cmake/ament_cmake_export_dependencies-extras.cmake
[0.966s] -- Up-to-date: /home/songdavid/ff_ws/install/explorer_interfaces/share/explorer_interfaces/cmake/ament_cmake_export_include_directories-extras.cmake
[0.966s] -- Up-to-date: /home/songdavid/ff_ws/install/explorer_interfaces/share/explorer_interfaces/cmake/ament_cmake_export_libraries-extras.cmake
[0.967s] -- Up-to-date: /home/songdavid/ff_ws/install/explorer_interfaces/share/explorer_interfaces/cmake/ament_cmake_export_targets-extras.cmake
[0.967s] -- Up-to-date: /home/songdavid/ff_ws/install/explorer_interfaces/share/explorer_interfaces/cmake/rosidl_cmake_export_typesupport_targets-extras.cmake
[0.967s] -- Up-to-date: /home/songdavid/ff_ws/install/explorer_interfaces/share/explorer_interfaces/cmake/rosidl_cmake_export_typesupport_libraries-extras.cmake
[0.967s] -- Up-to-date: /home/songdavid/ff_ws/install/explorer_interfaces/share/explorer_interfaces/cmake/explorer_interfacesConfig.cmake
[0.967s] -- Up-to-date: /home/songdavid/ff_ws/install/explorer_interfaces/share/explorer_interfaces/cmake/explorer_interfacesConfig-version.cmake
[0.967s] -- Up-to-date: /home/songdavid/ff_ws/install/explorer_interfaces/share/explorer_interfaces/package.xml
[1.502s] Invoked command in '/home/songdavid/ff_ws/build/explorer_interfaces' returned '0': CMAKE_PREFIX_PATH=${CMAKE_PREFIX_PATH}:/home/songdavid/turtlebot3_ws/install/explorer_bringup:/home/songdavid/turtlebot3_ws/install/turtlebot3_teleop:/home/songdavid/turtlebot3_ws/install/turtlebot3_example:/home/songdavid/turtlebot3_ws/install/explorer_wanderer:/home/songdavid/turtlebot3_ws/install/explorer_map_utils:/home/songdavid/turtlebot3_ws/install/exploration_pkg:/opt/ros/humble /usr/bin/cmake --install /home/songdavid/ff_ws/build/explorer_interfaces
