[0.050s] Invoking command in '/home/songdavid/ff_ws/build/turtlebot3_description': CMAKE_PREFIX_PATH=${CMAKE_PREFIX_PATH}:/home/songdavid/ff_ws/install/explorer_bringup:/home/songdavid/ff_ws/install/turtlebot3_teleop:/home/songdavid/ff_ws/install/turtlebot3_example:/home/songdavid/ff_ws/install/explorer_wanderer:/home/songdavid/ff_ws/install/explorer_map_utils:/home/songdavid/ff_ws/install/autonomous_exploration:/home/songdavid/turtlebot3_ws/install/explorer_bringup:/home/songdavid/turtlebot3_ws/install/turtlebot3_teleop:/home/songdavid/turtlebot3_ws/install/turtlebot3_example:/home/songdavid/turtlebot3_ws/install/explorer_wanderer:/home/songdavid/turtlebot3_ws/install/explorer_map_utils:/home/songdavid/turtlebot3_ws/install/exploration_pkg:/opt/ros/humble /usr/bin/cmake --build /home/songdavid/ff_ws/build/turtlebot3_description -- -j8 -l8
[0.521s] Invoked command in '/home/songdavid/ff_ws/build/turtlebot3_description' returned '0': CMAKE_PREFIX_PATH=${CMAKE_PREFIX_PATH}:/home/songdavid/ff_ws/install/explorer_bringup:/home/songdavid/ff_ws/install/turtlebot3_teleop:/home/songdavid/ff_ws/install/turtlebot3_example:/home/songdavid/ff_ws/install/explorer_wanderer:/home/songdavid/ff_ws/install/explorer_map_utils:/home/songdavid/ff_ws/install/autonomous_exploration:/home/songdavid/turtlebot3_ws/install/explorer_bringup:/home/songdavid/turtlebot3_ws/install/turtlebot3_teleop:/home/songdavid/turtlebot3_ws/install/turtlebot3_example:/home/songdavid/turtlebot3_ws/install/explorer_wanderer:/home/songdavid/turtlebot3_ws/install/explorer_map_utils:/home/songdavid/turtlebot3_ws/install/exploration_pkg:/opt/ros/humble /usr/bin/cmake --build /home/songdavid/ff_ws/build/turtlebot3_description -- -j8 -l8
[0.524s] Invoking command in '/home/songdavid/ff_ws/build/turtlebot3_description': CMAKE_PREFIX_PATH=${CMAKE_PREFIX_PATH}:/home/songdavid/ff_ws/install/explorer_bringup:/home/songdavid/ff_ws/install/turtlebot3_teleop:/home/songdavid/ff_ws/install/turtlebot3_example:/home/songdavid/ff_ws/install/explorer_wanderer:/home/songdavid/ff_ws/install/explorer_map_utils:/home/songdavid/ff_ws/install/autonomous_exploration:/home/songdavid/turtlebot3_ws/install/explorer_bringup:/home/songdavid/turtlebot3_ws/install/turtlebot3_teleop:/home/songdavid/turtlebot3_ws/install/turtlebot3_example:/home/songdavid/turtlebot3_ws/install/explorer_wanderer:/home/songdavid/turtlebot3_ws/install/explorer_map_utils:/home/songdavid/turtlebot3_ws/install/exploration_pkg:/opt/ros/humble /usr/bin/cmake --install /home/songdavid/ff_ws/build/turtlebot3_description
[0.545s] -- Install configuration: ""
[0.545s] -- Up-to-date: /home/songdavid/ff_ws/install/turtlebot3_description/share/turtlebot3_description/meshes
[0.545s] -- Up-to-date: /home/songdavid/ff_ws/install/turtlebot3_description/share/turtlebot3_description/meshes/wheels
[0.548s] -- Up-to-date: /home/songdavid/ff_ws/install/turtlebot3_description/share/turtlebot3_description/meshes/wheels/left_tire.stl
[0.549s] -- Up-to-date: /home/songdavid/ff_ws/install/turtlebot3_description/share/turtlebot3_description/meshes/wheels/right_tire.stl
[0.551s] -- Up-to-date: /home/songdavid/ff_ws/install/turtlebot3_description/share/turtlebot3_description/meshes/sensors
[0.552s] -- Up-to-date: /home/songdavid/ff_ws/install/turtlebot3_description/share/turtlebot3_description/meshes/sensors/r200.dae
[0.552s] -- Up-to-date: /home/songdavid/ff_ws/install/turtlebot3_description/share/turtlebot3_description/meshes/sensors/lds.stl
[0.553s] -- Up-to-date: /home/songdavid/ff_ws/install/turtlebot3_description/share/turtlebot3_description/meshes/sensors/astra.dae
[0.553s] -- Up-to-date: /home/songdavid/ff_ws/install/turtlebot3_description/share/turtlebot3_description/meshes/sensors/astra.jpg
[0.553s] -- Up-to-date: /home/songdavid/ff_ws/install/turtlebot3_description/share/turtlebot3_description/meshes/sensors/r200.jpg
[0.554s] -- Up-to-date: /home/songdavid/ff_ws/install/turtlebot3_description/share/turtlebot3_description/meshes/bases
[0.555s] -- Up-to-date: /home/songdavid/ff_ws/install/turtlebot3_description/share/turtlebot3_description/meshes/bases/burger_base.stl
[0.555s] -- Up-to-date: /home/songdavid/ff_ws/install/turtlebot3_description/share/turtlebot3_description/meshes/bases/waffle_base.stl
[0.555s] -- Up-to-date: /home/songdavid/ff_ws/install/turtlebot3_description/share/turtlebot3_description/meshes/bases/waffle_pi_base.stl
[0.555s] -- Up-to-date: /home/songdavid/ff_ws/install/turtlebot3_description/share/turtlebot3_description/rviz
[0.555s] -- Up-to-date: /home/songdavid/ff_ws/install/turtlebot3_description/share/turtlebot3_description/rviz/model.rviz
[0.556s] -- Up-to-date: /home/songdavid/ff_ws/install/turtlebot3_description/share/turtlebot3_description/urdf
[0.556s] -- Up-to-date: /home/songdavid/ff_ws/install/turtlebot3_description/share/turtlebot3_description/urdf/common_properties.urdf
[0.556s] -- Up-to-date: /home/songdavid/ff_ws/install/turtlebot3_description/share/turtlebot3_description/urdf/turtlebot3_waffle_pi.urdf
[0.556s] -- Up-to-date: /home/songdavid/ff_ws/install/turtlebot3_description/share/turtlebot3_description/urdf/turtlebot3_waffle.urdf
[0.556s] -- Up-to-date: /home/songdavid/ff_ws/install/turtlebot3_description/share/turtlebot3_description/urdf/turtlebot3_burger.urdf
[0.556s] -- Up-to-date: /home/songdavid/ff_ws/install/turtlebot3_description/share/ament_index/resource_index/package_run_dependencies/turtlebot3_description
[0.556s] -- Up-to-date: /home/songdavid/ff_ws/install/turtlebot3_description/share/ament_index/resource_index/parent_prefix_path/turtlebot3_description
[0.556s] -- Up-to-date: /home/songdavid/ff_ws/install/turtlebot3_description/share/turtlebot3_description/environment/ament_prefix_path.sh
[0.557s] -- Up-to-date: /home/songdavid/ff_ws/install/turtlebot3_description/share/turtlebot3_description/environment/ament_prefix_path.dsv
[0.557s] -- Up-to-date: /home/songdavid/ff_ws/install/turtlebot3_description/share/turtlebot3_description/environment/path.sh
[0.557s] -- Up-to-date: /home/songdavid/ff_ws/install/turtlebot3_description/share/turtlebot3_description/environment/path.dsv
[0.557s] -- Up-to-date: /home/songdavid/ff_ws/install/turtlebot3_description/share/turtlebot3_description/local_setup.bash
[0.557s] -- Up-to-date: /home/songdavid/ff_ws/install/turtlebot3_description/share/turtlebot3_description/local_setup.sh
[0.557s] -- Up-to-date: /home/songdavid/ff_ws/install/turtlebot3_description/share/turtlebot3_description/local_setup.zsh
[0.557s] -- Up-to-date: /home/songdavid/ff_ws/install/turtlebot3_description/share/turtlebot3_description/local_setup.dsv
[0.557s] -- Installing: /home/songdavid/ff_ws/install/turtlebot3_description/share/turtlebot3_description/package.dsv
[0.557s] -- Up-to-date: /home/songdavid/ff_ws/install/turtlebot3_description/share/ament_index/resource_index/packages/turtlebot3_description
[0.558s] -- Up-to-date: /home/songdavid/ff_ws/install/turtlebot3_description/share/turtlebot3_description/cmake/turtlebot3_descriptionConfig.cmake
[0.559s] -- Up-to-date: /home/songdavid/ff_ws/install/turtlebot3_description/share/turtlebot3_description/cmake/turtlebot3_descriptionConfig-version.cmake
[0.559s] -- Up-to-date: /home/songdavid/ff_ws/install/turtlebot3_description/share/turtlebot3_description/package.xml
[0.659s] Invoked command in '/home/songdavid/ff_ws/build/turtlebot3_description' returned '0': CMAKE_PREFIX_PATH=${CMAKE_PREFIX_PATH}:/home/songdavid/ff_ws/install/explorer_bringup:/home/songdavid/ff_ws/install/turtlebot3_teleop:/home/songdavid/ff_ws/install/turtlebot3_example:/home/songdavid/ff_ws/install/explorer_wanderer:/home/songdavid/ff_ws/install/explorer_map_utils:/home/songdavid/ff_ws/install/autonomous_exploration:/home/songdavid/turtlebot3_ws/install/explorer_bringup:/home/songdavid/turtlebot3_ws/install/turtlebot3_teleop:/home/songdavid/turtlebot3_ws/install/turtlebot3_example:/home/songdavid/turtlebot3_ws/install/explorer_wanderer:/home/songdavid/turtlebot3_ws/install/explorer_map_utils:/home/songdavid/turtlebot3_ws/install/exploration_pkg:/opt/ros/humble /usr/bin/cmake --install /home/songdavid/ff_ws/build/turtlebot3_description
