[1.756s] Invoking command in '/home/songdavid/ff_ws/src/ros2_explorer/explorer_bringup': PYTHONPATH=/home/songdavid/ff_ws/build/explorer_bringup/prefix_override:/usr/lib/python3/dist-packages/colcon_core/task/python/colcon_distutils_commands:/home/songdavid/ff_ws/install/explorer_bringup/lib/python3.10/site-packages:${PYTHONPATH} /usr/bin/python3 -W ignore:setup.py install is deprecated -W ignore:easy_install command is deprecated setup.py egg_info --egg-base ../../../build/explorer_bringup build --build-base /home/songdavid/ff_ws/build/explorer_bringup/build install --record /home/songdavid/ff_ws/build/explorer_bringup/install.log --single-version-externally-managed install_data
[2.059s] running egg_info
[2.059s] writing ../../../build/explorer_bringup/explorer_bringup.egg-info/PKG-INFO
[2.060s] writing dependency_links to ../../../build/explorer_bringup/explorer_bringup.egg-info/dependency_links.txt
[2.060s] writing entry points to ../../../build/explorer_bringup/explorer_bringup.egg-info/entry_points.txt
[2.061s] writing requirements to ../../../build/explorer_bringup/explorer_bringup.egg-info/requires.txt
[2.061s] writing top-level names to ../../../build/explorer_bringup/explorer_bringup.egg-info/top_level.txt
[2.065s] reading manifest file '../../../build/explorer_bringup/explorer_bringup.egg-info/SOURCES.txt'
[2.069s] writing manifest file '../../../build/explorer_bringup/explorer_bringup.egg-info/SOURCES.txt'
[2.069s] running build
[2.072s] running build_py
[2.072s] running install
[2.073s] running install_lib
[2.075s] running install_data
[2.076s] running install_egg_info
[2.080s] removing '/home/songdavid/ff_ws/install/explorer_bringup/lib/python3.10/site-packages/explorer_bringup-0.0.0-py3.10.egg-info' (and everything under it)
[2.082s] Copying ../../../build/explorer_bringup/explorer_bringup.egg-info to /home/songdavid/ff_ws/install/explorer_bringup/lib/python3.10/site-packages/explorer_bringup-0.0.0-py3.10.egg-info
[2.082s] running install_scripts
[2.132s] Installing explorer script to /home/songdavid/ff_ws/install/explorer_bringup/lib/explorer_bringup
[2.132s] Installing manager script to /home/songdavid/ff_ws/install/explorer_bringup/lib/explorer_bringup
[2.133s] writing list of installed files to '/home/songdavid/ff_ws/build/explorer_bringup/install.log'
[2.189s] Invoked command in '/home/songdavid/ff_ws/src/ros2_explorer/explorer_bringup' returned '0': PYTHONPATH=/home/songdavid/ff_ws/build/explorer_bringup/prefix_override:/usr/lib/python3/dist-packages/colcon_core/task/python/colcon_distutils_commands:/home/songdavid/ff_ws/install/explorer_bringup/lib/python3.10/site-packages:${PYTHONPATH} /usr/bin/python3 -W ignore:setup.py install is deprecated -W ignore:easy_install command is deprecated setup.py egg_info --egg-base ../../../build/explorer_bringup build --build-base /home/songdavid/ff_ws/build/explorer_bringup/build install --record /home/songdavid/ff_ws/build/explorer_bringup/install.log --single-version-externally-managed install_data
