[0.565s] Invoking command in '/home/songdavid/ff_ws/build/explorer_interfaces': CMAKE_PREFIX_PATH=${CMAKE_PREFIX_PATH}:/home/songdavid/turtlebot3_ws/install/explorer_bringup:/home/songdavid/turtlebot3_ws/install/turtlebot3_teleop:/home/songdavid/turtlebot3_ws/install/turtlebot3_example:/home/songdavid/turtlebot3_ws/install/explorer_wanderer:/home/songdavid/turtlebot3_ws/install/explorer_map_utils:/home/songdavid/turtlebot3_ws/install/exploration_pkg:/opt/ros/humble /usr/bin/cmake --build /home/songdavid/ff_ws/build/explorer_interfaces -- -j8 -l8
[0.702s] [  2%] Built target explorer_interfaces__cpp
[0.776s] [  2%] Built target ament_cmake_python_copy_explorer_interfaces
[0.822s] [ 12%] Built target explorer_interfaces__rosidl_typesupport_introspection_cpp
[1.333s] running egg_info
[1.333s] writing explorer_interfaces.egg-info/PKG-INFO
[1.337s] writing dependency_links to explorer_interfaces.egg-info/dependency_links.txt
[1.337s] writing top-level names to explorer_interfaces.egg-info/top_level.txt
[1.339s] reading manifest file 'explorer_interfaces.egg-info/SOURCES.txt'
[1.339s] writing manifest file 'explorer_interfaces.egg-info/SOURCES.txt'
[1.392s] [ 12%] Built target ament_cmake_python_build_explorer_interfaces_egg
[1.429s] [ 23%] Built target explorer_interfaces__rosidl_typesupport_fastrtps_cpp
[1.502s] [ 33%] Built target explorer_interfaces__rosidl_typesupport_cpp
[1.558s] [ 43%] Built target explorer_interfaces__rosidl_generator_c
[1.603s] [ 53%] Built target explorer_interfaces__rosidl_typesupport_fastrtps_c
[1.640s] [ 64%] Built target explorer_interfaces__rosidl_typesupport_c
[1.677s] [ 74%] Built target explorer_interfaces__rosidl_typesupport_introspection_c
[1.707s] [ 74%] Built target explorer_interfaces
[1.752s] [ 76%] Built target explorer_interfaces__py
[1.804s] [ 84%] Built target explorer_interfaces__rosidl_generator_py
[1.859s] [ 89%] Built target explorer_interfaces__rosidl_typesupport_fastrtps_c__pyext
[1.896s] [ 94%] Built target explorer_interfaces__rosidl_typesupport_c__pyext
[1.922s] [100%] Built target explorer_interfaces__rosidl_typesupport_introspection_c__pyext
[1.972s] Invoked command in '/home/songdavid/ff_ws/build/explorer_interfaces' returned '0': CMAKE_PREFIX_PATH=${CMAKE_PREFIX_PATH}:/home/songdavid/turtlebot3_ws/install/explorer_bringup:/home/songdavid/turtlebot3_ws/install/turtlebot3_teleop:/home/songdavid/turtlebot3_ws/install/turtlebot3_example:/home/songdavid/turtlebot3_ws/install/explorer_wanderer:/home/songdavid/turtlebot3_ws/install/explorer_map_utils:/home/songdavid/turtlebot3_ws/install/exploration_pkg:/opt/ros/humble /usr/bin/cmake --build /home/songdavid/ff_ws/build/explorer_interfaces -- -j8 -l8
[1.975s] Invoking command in '/home/songdavid/ff_ws/build/explorer_interfaces': CMAKE_PREFIX_PATH=${CMAKE_PREFIX_PATH}:/home/songdavid/turtlebot3_ws/install/explorer_bringup:/home/songdavid/turtlebot3_ws/install/turtlebot3_teleop:/home/songdavid/turtlebot3_ws/install/turtlebot3_example:/home/songdavid/turtlebot3_ws/install/explorer_wanderer:/home/songdavid/turtlebot3_ws/install/explorer_map_utils:/home/songdavid/turtlebot3_ws/install/exploration_pkg:/opt/ros/humble /usr/bin/cmake --install /home/songdavid/ff_ws/build/explorer_interfaces
[2.453s] -- Install configuration: ""
[2.453s] -- Up-to-date: /home/songdavid/ff_ws/install/explorer_interfaces/share/ament_index/resource_index/rosidl_interfaces/explorer_interfaces
[2.453s] -- Up-to-date: /home/songdavid/ff_ws/install/explorer_interfaces/include/explorer_interfaces/explorer_interfaces
[2.453s] -- Up-to-date: /home/songdavid/ff_ws/install/explorer_interfaces/include/explorer_interfaces/explorer_interfaces/msg
[2.454s] -- Up-to-date: /home/songdavid/ff_ws/install/explorer_interfaces/include/explorer_interfaces/explorer_interfaces/msg/rosidl_generator_c__visibility_control.h
[2.454s] -- Up-to-date: /home/songdavid/ff_ws/install/explorer_interfaces/include/explorer_interfaces/explorer_interfaces/action
[2.454s] -- Up-to-date: /home/songdavid/ff_ws/install/explorer_interfaces/include/explorer_interfaces/explorer_interfaces/action/detail
[2.454s] -- Up-to-date: /home/songdavid/ff_ws/install/explorer_interfaces/include/explorer_interfaces/explorer_interfaces/action/detail/wander__functions.c
[2.454s] -- Up-to-date: /home/songdavid/ff_ws/install/explorer_interfaces/include/explorer_interfaces/explorer_interfaces/action/detail/wander__struct.h
[2.454s] -- Up-to-date: /home/songdavid/ff_ws/install/explorer_interfaces/include/explorer_interfaces/explorer_interfaces/action/detail/wander__type_support.h
[2.454s] -- Up-to-date: /home/songdavid/ff_ws/install/explorer_interfaces/include/explorer_interfaces/explorer_interfaces/action/detail/discover__functions.c
[2.454s] -- Up-to-date: /home/songdavid/ff_ws/install/explorer_interfaces/include/explorer_interfaces/explorer_interfaces/action/detail/wander__functions.h
[2.454s] -- Up-to-date: /home/songdavid/ff_ws/install/explorer_interfaces/include/explorer_interfaces/explorer_interfaces/action/detail/discover__struct.h
[2.454s] -- Up-to-date: /home/songdavid/ff_ws/install/explorer_interfaces/include/explorer_interfaces/explorer_interfaces/action/detail/discover__functions.h
[2.454s] -- Up-to-date: /home/songdavid/ff_ws/install/explorer_interfaces/include/explorer_interfaces/explorer_interfaces/action/detail/discover__type_support.h
[2.454s] -- Up-to-date: /home/songdavid/ff_ws/install/explorer_interfaces/include/explorer_interfaces/explorer_interfaces/action/discover.h
[2.454s] -- Up-to-date: /home/songdavid/ff_ws/install/explorer_interfaces/include/explorer_interfaces/explorer_interfaces/action/wander.h
[2.454s] -- Up-to-date: /home/songdavid/ff_ws/install/explorer_interfaces/share/explorer_interfaces/environment/library_path.sh
[2.455s] -- Up-to-date: /home/songdavid/ff_ws/install/explorer_interfaces/share/explorer_interfaces/environment/library_path.dsv
[2.455s] -- Up-to-date: /home/songdavid/ff_ws/install/explorer_interfaces/lib/libexplorer_interfaces__rosidl_generator_c.so
[2.455s] -- Up-to-date: /home/songdavid/ff_ws/install/explorer_interfaces/include/explorer_interfaces/explorer_interfaces
[2.455s] -- Up-to-date: /home/songdavid/ff_ws/install/explorer_interfaces/include/explorer_interfaces/explorer_interfaces/msg
[2.455s] -- Up-to-date: /home/songdavid/ff_ws/install/explorer_interfaces/include/explorer_interfaces/explorer_interfaces/msg/rosidl_typesupport_fastrtps_c__visibility_control.h
[2.455s] -- Up-to-date: /home/songdavid/ff_ws/install/explorer_interfaces/include/explorer_interfaces/explorer_interfaces/action
[2.455s] -- Up-to-date: /home/songdavid/ff_ws/install/explorer_interfaces/include/explorer_interfaces/explorer_interfaces/action/detail
[2.455s] -- Up-to-date: /home/songdavid/ff_ws/install/explorer_interfaces/include/explorer_interfaces/explorer_interfaces/action/detail/discover__rosidl_typesupport_fastrtps_c.h
[2.455s] -- Up-to-date: /home/songdavid/ff_ws/install/explorer_interfaces/include/explorer_interfaces/explorer_interfaces/action/detail/wander__rosidl_typesupport_fastrtps_c.h
[2.455s] -- Up-to-date: /home/songdavid/ff_ws/install/explorer_interfaces/lib/libexplorer_interfaces__rosidl_typesupport_fastrtps_c.so
[2.455s] -- Up-to-date: /home/songdavid/ff_ws/install/explorer_interfaces/include/explorer_interfaces/explorer_interfaces
[2.455s] -- Up-to-date: /home/songdavid/ff_ws/install/explorer_interfaces/include/explorer_interfaces/explorer_interfaces/msg
[2.455s] -- Up-to-date: /home/songdavid/ff_ws/install/explorer_interfaces/include/explorer_interfaces/explorer_interfaces/msg/rosidl_typesupport_introspection_c__visibility_control.h
[2.455s] -- Up-to-date: /home/songdavid/ff_ws/install/explorer_interfaces/include/explorer_interfaces/explorer_interfaces/action
[2.455s] -- Up-to-date: /home/songdavid/ff_ws/install/explorer_interfaces/include/explorer_interfaces/explorer_interfaces/action/detail
[2.456s] -- Up-to-date: /home/songdavid/ff_ws/install/explorer_interfaces/include/explorer_interfaces/explorer_interfaces/action/detail/wander__type_support.c
[2.456s] -- Up-to-date: /home/songdavid/ff_ws/install/explorer_interfaces/include/explorer_interfaces/explorer_interfaces/action/detail/discover__type_support.c
[2.456s] -- Up-to-date: /home/songdavid/ff_ws/install/explorer_interfaces/include/explorer_interfaces/explorer_interfaces/action/detail/wander__rosidl_typesupport_introspection_c.h
[2.456s] -- Up-to-date: /home/songdavid/ff_ws/install/explorer_interfaces/include/explorer_interfaces/explorer_interfaces/action/detail/discover__rosidl_typesupport_introspection_c.h
[2.456s] -- Up-to-date: /home/songdavid/ff_ws/install/explorer_interfaces/lib/libexplorer_interfaces__rosidl_typesupport_introspection_c.so
[2.456s] -- Up-to-date: /home/songdavid/ff_ws/install/explorer_interfaces/lib/libexplorer_interfaces__rosidl_typesupport_c.so
[2.456s] -- Up-to-date: /home/songdavid/ff_ws/install/explorer_interfaces/include/explorer_interfaces/explorer_interfaces
[2.456s] -- Up-to-date: /home/songdavid/ff_ws/install/explorer_interfaces/include/explorer_interfaces/explorer_interfaces/msg
[2.456s] -- Up-to-date: /home/songdavid/ff_ws/install/explorer_interfaces/include/explorer_interfaces/explorer_interfaces/msg/rosidl_generator_cpp__visibility_control.hpp
[2.456s] -- Up-to-date: /home/songdavid/ff_ws/install/explorer_interfaces/include/explorer_interfaces/explorer_interfaces/action
[2.456s] -- Up-to-date: /home/songdavid/ff_ws/install/explorer_interfaces/include/explorer_interfaces/explorer_interfaces/action/discover.hpp
[2.456s] -- Up-to-date: /home/songdavid/ff_ws/install/explorer_interfaces/include/explorer_interfaces/explorer_interfaces/action/detail
[2.456s] -- Up-to-date: /home/songdavid/ff_ws/install/explorer_interfaces/include/explorer_interfaces/explorer_interfaces/action/detail/discover__traits.hpp
[2.456s] -- Up-to-date: /home/songdavid/ff_ws/install/explorer_interfaces/include/explorer_interfaces/explorer_interfaces/action/detail/wander__type_support.hpp
[2.456s] -- Up-to-date: /home/songdavid/ff_ws/install/explorer_interfaces/include/explorer_interfaces/explorer_interfaces/action/detail/wander__traits.hpp
[2.456s] -- Up-to-date: /home/songdavid/ff_ws/install/explorer_interfaces/include/explorer_interfaces/explorer_interfaces/action/detail/discover__struct.hpp
[2.457s] -- Up-to-date: /home/songdavid/ff_ws/install/explorer_interfaces/include/explorer_interfaces/explorer_interfaces/action/detail/discover__builder.hpp
[2.457s] -- Up-to-date: /home/songdavid/ff_ws/install/explorer_interfaces/include/explorer_interfaces/explorer_interfaces/action/detail/wander__struct.hpp
[2.457s] -- Up-to-date: /home/songdavid/ff_ws/install/explorer_interfaces/include/explorer_interfaces/explorer_interfaces/action/detail/discover__type_support.hpp
[2.457s] -- Up-to-date: /home/songdavid/ff_ws/install/explorer_interfaces/include/explorer_interfaces/explorer_interfaces/action/detail/wander__builder.hpp
[2.457s] -- Up-to-date: /home/songdavid/ff_ws/install/explorer_interfaces/include/explorer_interfaces/explorer_interfaces/action/wander.hpp
[2.457s] -- Up-to-date: /home/songdavid/ff_ws/install/explorer_interfaces/include/explorer_interfaces/explorer_interfaces
[2.461s] -- Up-to-date: /home/songdavid/ff_ws/install/explorer_interfaces/include/explorer_interfaces/explorer_interfaces/msg
[2.461s] -- Up-to-date: /home/songdavid/ff_ws/install/explorer_interfaces/include/explorer_interfaces/explorer_interfaces/msg/rosidl_typesupport_fastrtps_cpp__visibility_control.h
[2.461s] -- Up-to-date: /home/songdavid/ff_ws/install/explorer_interfaces/include/explorer_interfaces/explorer_interfaces/action
[2.461s] -- Up-to-date: /home/songdavid/ff_ws/install/explorer_interfaces/include/explorer_interfaces/explorer_interfaces/action/detail
[2.462s] -- Up-to-date: /home/songdavid/ff_ws/install/explorer_interfaces/include/explorer_interfaces/explorer_interfaces/action/detail/wander__rosidl_typesupport_fastrtps_cpp.hpp
[2.462s] -- Up-to-date: /home/songdavid/ff_ws/install/explorer_interfaces/include/explorer_interfaces/explorer_interfaces/action/detail/dds_fastrtps
[2.462s] -- Up-to-date: /home/songdavid/ff_ws/install/explorer_interfaces/include/explorer_interfaces/explorer_interfaces/action/detail/discover__rosidl_typesupport_fastrtps_cpp.hpp
[2.462s] -- Up-to-date: /home/songdavid/ff_ws/install/explorer_interfaces/lib/libexplorer_interfaces__rosidl_typesupport_fastrtps_cpp.so
[2.462s] -- Up-to-date: /home/songdavid/ff_ws/install/explorer_interfaces/include/explorer_interfaces/explorer_interfaces
[2.462s] -- Up-to-date: /home/songdavid/ff_ws/install/explorer_interfaces/include/explorer_interfaces/explorer_interfaces/action
[2.462s] -- Up-to-date: /home/songdavid/ff_ws/install/explorer_interfaces/include/explorer_interfaces/explorer_interfaces/action/detail
[2.462s] -- Up-to-date: /home/songdavid/ff_ws/install/explorer_interfaces/include/explorer_interfaces/explorer_interfaces/action/detail/discover__rosidl_typesupport_introspection_cpp.hpp
[2.462s] -- Up-to-date: /home/songdavid/ff_ws/install/explorer_interfaces/include/explorer_interfaces/explorer_interfaces/action/detail/wander__rosidl_typesupport_introspection_cpp.hpp
[2.462s] -- Up-to-date: /home/songdavid/ff_ws/install/explorer_interfaces/include/explorer_interfaces/explorer_interfaces/action/detail/wander__type_support.cpp
[2.462s] -- Up-to-date: /home/songdavid/ff_ws/install/explorer_interfaces/include/explorer_interfaces/explorer_interfaces/action/detail/discover__type_support.cpp
[2.462s] -- Up-to-date: /home/songdavid/ff_ws/install/explorer_interfaces/lib/libexplorer_interfaces__rosidl_typesupport_introspection_cpp.so
[2.462s] -- Up-to-date: /home/songdavid/ff_ws/install/explorer_interfaces/lib/libexplorer_interfaces__rosidl_typesupport_cpp.so
[2.462s] -- Up-to-date: /home/songdavid/ff_ws/install/explorer_interfaces/share/explorer_interfaces/environment/pythonpath.sh
[2.462s] -- Up-to-date: /home/songdavid/ff_ws/install/explorer_interfaces/share/explorer_interfaces/environment/pythonpath.dsv
[2.463s] -- Up-to-date: /home/songdavid/ff_ws/install/explorer_interfaces/local/lib/python3.10/dist-packages/explorer_interfaces-0.0.0-py3.10.egg-info
[2.463s] -- Installing: /home/songdavid/ff_ws/install/explorer_interfaces/local/lib/python3.10/dist-packages/explorer_interfaces-0.0.0-py3.10.egg-info/SOURCES.txt
[2.463s] -- Installing: /home/songdavid/ff_ws/install/explorer_interfaces/local/lib/python3.10/dist-packages/explorer_interfaces-0.0.0-py3.10.egg-info/PKG-INFO
[2.463s] -- Installing: /home/songdavid/ff_ws/install/explorer_interfaces/local/lib/python3.10/dist-packages/explorer_interfaces-0.0.0-py3.10.egg-info/dependency_links.txt
[2.463s] -- Installing: /home/songdavid/ff_ws/install/explorer_interfaces/local/lib/python3.10/dist-packages/explorer_interfaces-0.0.0-py3.10.egg-info/top_level.txt
[2.463s] -- Up-to-date: /home/songdavid/ff_ws/install/explorer_interfaces/local/lib/python3.10/dist-packages/explorer_interfaces
[2.463s] -- Up-to-date: /home/songdavid/ff_ws/install/explorer_interfaces/local/lib/python3.10/dist-packages/explorer_interfaces/explorer_interfaces_s__rosidl_typesupport_fastrtps_c.cpython-310-x86_64-linux-gnu.so
[2.463s] -- Up-to-date: /home/songdavid/ff_ws/install/explorer_interfaces/local/lib/python3.10/dist-packages/explorer_interfaces/_explorer_interfaces_s.ep.rosidl_typesupport_fastrtps_c.c
[2.463s] -- Up-to-date: /home/songdavid/ff_ws/install/explorer_interfaces/local/lib/python3.10/dist-packages/explorer_interfaces/__init__.py
[2.463s] -- Up-to-date: /home/songdavid/ff_ws/install/explorer_interfaces/local/lib/python3.10/dist-packages/explorer_interfaces/_explorer_interfaces_s.ep.rosidl_typesupport_c.c
[2.463s] -- Up-to-date: /home/songdavid/ff_ws/install/explorer_interfaces/local/lib/python3.10/dist-packages/explorer_interfaces/explorer_interfaces_s__rosidl_typesupport_c.cpython-310-x86_64-linux-gnu.so
[2.463s] -- Up-to-date: /home/songdavid/ff_ws/install/explorer_interfaces/local/lib/python3.10/dist-packages/explorer_interfaces/_explorer_interfaces_s.ep.rosidl_typesupport_introspection_c.c
[2.463s] -- Up-to-date: /home/songdavid/ff_ws/install/explorer_interfaces/local/lib/python3.10/dist-packages/explorer_interfaces/action
[2.463s] -- Up-to-date: /home/songdavid/ff_ws/install/explorer_interfaces/local/lib/python3.10/dist-packages/explorer_interfaces/action/_discover.py
[2.463s] -- Up-to-date: /home/songdavid/ff_ws/install/explorer_interfaces/local/lib/python3.10/dist-packages/explorer_interfaces/action/_wander.py
[2.464s] -- Up-to-date: /home/songdavid/ff_ws/install/explorer_interfaces/local/lib/python3.10/dist-packages/explorer_interfaces/action/__init__.py
[2.464s] -- Up-to-date: /home/songdavid/ff_ws/install/explorer_interfaces/local/lib/python3.10/dist-packages/explorer_interfaces/action/_discover_s.c
[2.464s] -- Up-to-date: /home/songdavid/ff_ws/install/explorer_interfaces/local/lib/python3.10/dist-packages/explorer_interfaces/action/_wander_s.c
[2.464s] -- Up-to-date: /home/songdavid/ff_ws/install/explorer_interfaces/local/lib/python3.10/dist-packages/explorer_interfaces/libexplorer_interfaces__rosidl_generator_py.so
[2.464s] -- Up-to-date: /home/songdavid/ff_ws/install/explorer_interfaces/local/lib/python3.10/dist-packages/explorer_interfaces/explorer_interfaces_s__rosidl_typesupport_introspection_c.cpython-310-x86_64-linux-gnu.so
[2.464s] Listing '/home/songdavid/ff_ws/install/explorer_interfaces/local/lib/python3.10/dist-packages/explorer_interfaces'...
[2.464s] Listing '/home/songdavid/ff_ws/install/explorer_interfaces/local/lib/python3.10/dist-packages/explorer_interfaces/action'...
[2.464s] -- Up-to-date: /home/songdavid/ff_ws/install/explorer_interfaces/local/lib/python3.10/dist-packages/explorer_interfaces/explorer_interfaces_s__rosidl_typesupport_fastrtps_c.cpython-310-x86_64-linux-gnu.so
[2.464s] -- Up-to-date: /home/songdavid/ff_ws/install/explorer_interfaces/local/lib/python3.10/dist-packages/explorer_interfaces/explorer_interfaces_s__rosidl_typesupport_introspection_c.cpython-310-x86_64-linux-gnu.so
[2.464s] -- Up-to-date: /home/songdavid/ff_ws/install/explorer_interfaces/local/lib/python3.10/dist-packages/explorer_interfaces/explorer_interfaces_s__rosidl_typesupport_c.cpython-310-x86_64-linux-gnu.so
[2.464s] -- Up-to-date: /home/songdavid/ff_ws/install/explorer_interfaces/lib/libexplorer_interfaces__rosidl_generator_py.so
[2.464s] -- Up-to-date: /home/songdavid/ff_ws/install/explorer_interfaces/share/explorer_interfaces/action/Wander.idl
[2.464s] -- Up-to-date: /home/songdavid/ff_ws/install/explorer_interfaces/share/explorer_interfaces/action/Discover.idl
[2.464s] -- Up-to-date: /home/songdavid/ff_ws/install/explorer_interfaces/share/explorer_interfaces/action/Wander.action
[2.464s] -- Up-to-date: /home/songdavid/ff_ws/install/explorer_interfaces/share/explorer_interfaces/action/Discover.action
[2.465s] -- Up-to-date: /home/songdavid/ff_ws/install/explorer_interfaces/share/ament_index/resource_index/package_run_dependencies/explorer_interfaces
[2.465s] -- Up-to-date: /home/songdavid/ff_ws/install/explorer_interfaces/share/ament_index/resource_index/parent_prefix_path/explorer_interfaces
[2.465s] -- Up-to-date: /home/songdavid/ff_ws/install/explorer_interfaces/share/explorer_interfaces/environment/ament_prefix_path.sh
[2.465s] -- Up-to-date: /home/songdavid/ff_ws/install/explorer_interfaces/share/explorer_interfaces/environment/ament_prefix_path.dsv
[2.465s] -- Up-to-date: /home/songdavid/ff_ws/install/explorer_interfaces/share/explorer_interfaces/environment/path.sh
[2.465s] -- Up-to-date: /home/songdavid/ff_ws/install/explorer_interfaces/share/explorer_interfaces/environment/path.dsv
[2.468s] -- Up-to-date: /home/songdavid/ff_ws/install/explorer_interfaces/share/explorer_interfaces/local_setup.bash
[2.468s] -- Up-to-date: /home/songdavid/ff_ws/install/explorer_interfaces/share/explorer_interfaces/local_setup.sh
[2.468s] -- Up-to-date: /home/songdavid/ff_ws/install/explorer_interfaces/share/explorer_interfaces/local_setup.zsh
[2.468s] -- Up-to-date: /home/songdavid/ff_ws/install/explorer_interfaces/share/explorer_interfaces/local_setup.dsv
[2.468s] -- Installing: /home/songdavid/ff_ws/install/explorer_interfaces/share/explorer_interfaces/package.dsv
[2.468s] -- Up-to-date: /home/songdavid/ff_ws/install/explorer_interfaces/share/ament_index/resource_index/packages/explorer_interfaces
[2.469s] -- Up-to-date: /home/songdavid/ff_ws/install/explorer_interfaces/share/explorer_interfaces/cmake/export_explorer_interfaces__rosidl_generator_cExport.cmake
[2.469s] -- Up-to-date: /home/songdavid/ff_ws/install/explorer_interfaces/share/explorer_interfaces/cmake/export_explorer_interfaces__rosidl_generator_cExport-noconfig.cmake
[2.469s] -- Up-to-date: /home/songdavid/ff_ws/install/explorer_interfaces/share/explorer_interfaces/cmake/export_explorer_interfaces__rosidl_typesupport_fastrtps_cExport.cmake
[2.469s] -- Up-to-date: /home/songdavid/ff_ws/install/explorer_interfaces/share/explorer_interfaces/cmake/export_explorer_interfaces__rosidl_typesupport_fastrtps_cExport-noconfig.cmake
[2.469s] -- Up-to-date: /home/songdavid/ff_ws/install/explorer_interfaces/share/explorer_interfaces/cmake/explorer_interfaces__rosidl_typesupport_introspection_cExport.cmake
[2.469s] -- Up-to-date: /home/songdavid/ff_ws/install/explorer_interfaces/share/explorer_interfaces/cmake/explorer_interfaces__rosidl_typesupport_introspection_cExport-noconfig.cmake
[2.469s] -- Up-to-date: /home/songdavid/ff_ws/install/explorer_interfaces/share/explorer_interfaces/cmake/explorer_interfaces__rosidl_typesupport_cExport.cmake
[2.469s] -- Up-to-date: /home/songdavid/ff_ws/install/explorer_interfaces/share/explorer_interfaces/cmake/explorer_interfaces__rosidl_typesupport_cExport-noconfig.cmake
[2.469s] -- Up-to-date: /home/songdavid/ff_ws/install/explorer_interfaces/share/explorer_interfaces/cmake/export_explorer_interfaces__rosidl_generator_cppExport.cmake
[2.469s] -- Up-to-date: /home/songdavid/ff_ws/install/explorer_interfaces/share/explorer_interfaces/cmake/export_explorer_interfaces__rosidl_typesupport_fastrtps_cppExport.cmake
[2.469s] -- Up-to-date: /home/songdavid/ff_ws/install/explorer_interfaces/share/explorer_interfaces/cmake/export_explorer_interfaces__rosidl_typesupport_fastrtps_cppExport-noconfig.cmake
[2.469s] -- Up-to-date: /home/songdavid/ff_ws/install/explorer_interfaces/share/explorer_interfaces/cmake/explorer_interfaces__rosidl_typesupport_introspection_cppExport.cmake
[2.469s] -- Up-to-date: /home/songdavid/ff_ws/install/explorer_interfaces/share/explorer_interfaces/cmake/explorer_interfaces__rosidl_typesupport_introspection_cppExport-noconfig.cmake
[2.469s] -- Up-to-date: /home/songdavid/ff_ws/install/explorer_interfaces/share/explorer_interfaces/cmake/explorer_interfaces__rosidl_typesupport_cppExport.cmake
[2.470s] -- Up-to-date: /home/songdavid/ff_ws/install/explorer_interfaces/share/explorer_interfaces/cmake/explorer_interfaces__rosidl_typesupport_cppExport-noconfig.cmake
[2.470s] -- Up-to-date: /home/songdavid/ff_ws/install/explorer_interfaces/share/explorer_interfaces/cmake/export_explorer_interfaces__rosidl_generator_pyExport.cmake
[2.470s] -- Up-to-date: /home/songdavid/ff_ws/install/explorer_interfaces/share/explorer_interfaces/cmake/export_explorer_interfaces__rosidl_generator_pyExport-noconfig.cmake
[2.470s] -- Up-to-date: /home/songdavid/ff_ws/install/explorer_interfaces/share/explorer_interfaces/cmake/rosidl_cmake-extras.cmake
[2.470s] -- Up-to-date: /home/songdavid/ff_ws/install/explorer_interfaces/share/explorer_interfaces/cmake/ament_cmake_export_dependencies-extras.cmake
[2.470s] -- Up-to-date: /home/songdavid/ff_ws/install/explorer_interfaces/share/explorer_interfaces/cmake/ament_cmake_export_include_directories-extras.cmake
[2.470s] -- Up-to-date: /home/songdavid/ff_ws/install/explorer_interfaces/share/explorer_interfaces/cmake/ament_cmake_export_libraries-extras.cmake
[2.470s] -- Up-to-date: /home/songdavid/ff_ws/install/explorer_interfaces/share/explorer_interfaces/cmake/ament_cmake_export_targets-extras.cmake
[2.470s] -- Up-to-date: /home/songdavid/ff_ws/install/explorer_interfaces/share/explorer_interfaces/cmake/rosidl_cmake_export_typesupport_targets-extras.cmake
[2.470s] -- Up-to-date: /home/songdavid/ff_ws/install/explorer_interfaces/share/explorer_interfaces/cmake/rosidl_cmake_export_typesupport_libraries-extras.cmake
[2.470s] -- Up-to-date: /home/songdavid/ff_ws/install/explorer_interfaces/share/explorer_interfaces/cmake/explorer_interfacesConfig.cmake
[2.470s] -- Up-to-date: /home/songdavid/ff_ws/install/explorer_interfaces/share/explorer_interfaces/cmake/explorer_interfacesConfig-version.cmake
[2.470s] -- Up-to-date: /home/songdavid/ff_ws/install/explorer_interfaces/share/explorer_interfaces/package.xml
[2.495s] Invoked command in '/home/songdavid/ff_ws/build/explorer_interfaces' returned '0': CMAKE_PREFIX_PATH=${CMAKE_PREFIX_PATH}:/home/songdavid/turtlebot3_ws/install/explorer_bringup:/home/songdavid/turtlebot3_ws/install/turtlebot3_teleop:/home/songdavid/turtlebot3_ws/install/turtlebot3_example:/home/songdavid/turtlebot3_ws/install/explorer_wanderer:/home/songdavid/turtlebot3_ws/install/explorer_map_utils:/home/songdavid/turtlebot3_ws/install/exploration_pkg:/opt/ros/humble /usr/bin/cmake --install /home/songdavid/ff_ws/build/explorer_interfaces
