[0.047s] Invoking command in '/home/songdavid/ff_ws/build/turtlebot3_msgs': CMAKE_PREFIX_PATH=${CMAKE_PREFIX_PATH}:/home/songdavid/turtlebot3_ws/install/explorer_bringup:/home/songdavid/turtlebot3_ws/install/turtlebot3_teleop:/home/songdavid/turtlebot3_ws/install/turtlebot3_example:/home/songdavid/turtlebot3_ws/install/explorer_wanderer:/home/songdavid/turtlebot3_ws/install/explorer_map_utils:/home/songdavid/turtlebot3_ws/install/exploration_pkg:/opt/ros/humble /usr/bin/cmake --build /home/songdavid/ff_ws/build/turtlebot3_msgs -- -j8 -l8
[0.445s] [ 11%] Built target turtlebot3_msgs__rosidl_generator_c
[0.445s] [ 12%] Built target turtlebot3_msgs__cpp
[0.445s] [ 24%] Built target turtlebot3_msgs__rosidl_typesupport_c
[0.445s] [ 35%] Built target turtlebot3_msgs__rosidl_typesupport_fastrtps_c
[0.445s] [ 46%] Built target turtlebot3_msgs__rosidl_typesupport_cpp
[0.447s] [ 58%] Built target turtlebot3_msgs__rosidl_typesupport_introspection_c
[0.447s] [ 58%] Built target ament_cmake_python_copy_turtlebot3_msgs
[0.447s] [ 69%] Built target turtlebot3_msgs__rosidl_typesupport_fastrtps_cpp
[0.447s] [ 81%] Built target turtlebot3_msgs__rosidl_typesupport_introspection_cpp
[0.448s] [ 81%] Built target turtlebot3_msgs
[0.448s] [ 82%] Built target turtlebot3_msgs__py
[0.448s] [ 92%] Built target turtlebot3_msgs__rosidl_generator_py
[0.448s] [ 94%] Built target turtlebot3_msgs__rosidl_typesupport_fastrtps_c__pyext
[0.448s] [ 97%] Built target turtlebot3_msgs__rosidl_typesupport_c__pyext
[0.448s] [100%] Built target turtlebot3_msgs__rosidl_typesupport_introspection_c__pyext
[0.542s] running egg_info
[0.542s] writing turtlebot3_msgs.egg-info/PKG-INFO
[0.542s] writing dependency_links to turtlebot3_msgs.egg-info/dependency_links.txt
[0.542s] writing top-level names to turtlebot3_msgs.egg-info/top_level.txt
[0.542s] reading manifest file 'turtlebot3_msgs.egg-info/SOURCES.txt'
[0.542s] writing manifest file 'turtlebot3_msgs.egg-info/SOURCES.txt'
[0.580s] [100%] Built target ament_cmake_python_build_turtlebot3_msgs_egg
[0.656s] Invoked command in '/home/songdavid/ff_ws/build/turtlebot3_msgs' returned '0': CMAKE_PREFIX_PATH=${CMAKE_PREFIX_PATH}:/home/songdavid/turtlebot3_ws/install/explorer_bringup:/home/songdavid/turtlebot3_ws/install/turtlebot3_teleop:/home/songdavid/turtlebot3_ws/install/turtlebot3_example:/home/songdavid/turtlebot3_ws/install/explorer_wanderer:/home/songdavid/turtlebot3_ws/install/explorer_map_utils:/home/songdavid/turtlebot3_ws/install/exploration_pkg:/opt/ros/humble /usr/bin/cmake --build /home/songdavid/ff_ws/build/turtlebot3_msgs -- -j8 -l8
[0.660s] Invoking command in '/home/songdavid/ff_ws/build/turtlebot3_msgs': CMAKE_PREFIX_PATH=${CMAKE_PREFIX_PATH}:/home/songdavid/turtlebot3_ws/install/explorer_bringup:/home/songdavid/turtlebot3_ws/install/turtlebot3_teleop:/home/songdavid/turtlebot3_ws/install/turtlebot3_example:/home/songdavid/turtlebot3_ws/install/explorer_wanderer:/home/songdavid/turtlebot3_ws/install/explorer_map_utils:/home/songdavid/turtlebot3_ws/install/exploration_pkg:/opt/ros/humble /usr/bin/cmake --install /home/songdavid/ff_ws/build/turtlebot3_msgs
[0.942s] -- Install configuration: ""
[0.943s] -- Up-to-date: /home/songdavid/ff_ws/install/turtlebot3_msgs/share/ament_index/resource_index/rosidl_interfaces/turtlebot3_msgs
[0.943s] -- Up-to-date: /home/songdavid/ff_ws/install/turtlebot3_msgs/include/turtlebot3_msgs/turtlebot3_msgs
[0.943s] -- Up-to-date: /home/songdavid/ff_ws/install/turtlebot3_msgs/include/turtlebot3_msgs/turtlebot3_msgs/srv
[0.943s] -- Up-to-date: /home/songdavid/ff_ws/install/turtlebot3_msgs/include/turtlebot3_msgs/turtlebot3_msgs/srv/sound.h
[0.944s] -- Up-to-date: /home/songdavid/ff_ws/install/turtlebot3_msgs/include/turtlebot3_msgs/turtlebot3_msgs/srv/detail
[0.944s] -- Up-to-date: /home/songdavid/ff_ws/install/turtlebot3_msgs/include/turtlebot3_msgs/turtlebot3_msgs/srv/detail/goal__struct.h
[0.944s] -- Up-to-date: /home/songdavid/ff_ws/install/turtlebot3_msgs/include/turtlebot3_msgs/turtlebot3_msgs/srv/detail/sound__type_support.h
[0.944s] -- Up-to-date: /home/songdavid/ff_ws/install/turtlebot3_msgs/include/turtlebot3_msgs/turtlebot3_msgs/srv/detail/dqn__type_support.h
[0.944s] -- Up-to-date: /home/songdavid/ff_ws/install/turtlebot3_msgs/include/turtlebot3_msgs/turtlebot3_msgs/srv/detail/goal__functions.h
[0.944s] -- Up-to-date: /home/songdavid/ff_ws/install/turtlebot3_msgs/include/turtlebot3_msgs/turtlebot3_msgs/srv/detail/sound__functions.c
[0.944s] -- Up-to-date: /home/songdavid/ff_ws/install/turtlebot3_msgs/include/turtlebot3_msgs/turtlebot3_msgs/srv/detail/goal__functions.c
[0.945s] -- Up-to-date: /home/songdavid/ff_ws/install/turtlebot3_msgs/include/turtlebot3_msgs/turtlebot3_msgs/srv/detail/goal__type_support.h
[0.945s] -- Up-to-date: /home/songdavid/ff_ws/install/turtlebot3_msgs/include/turtlebot3_msgs/turtlebot3_msgs/srv/detail/sound__functions.h
[0.945s] -- Up-to-date: /home/songdavid/ff_ws/install/turtlebot3_msgs/include/turtlebot3_msgs/turtlebot3_msgs/srv/detail/dqn__struct.h
[0.945s] -- Up-to-date: /home/songdavid/ff_ws/install/turtlebot3_msgs/include/turtlebot3_msgs/turtlebot3_msgs/srv/detail/dqn__functions.c
[0.945s] -- Up-to-date: /home/songdavid/ff_ws/install/turtlebot3_msgs/include/turtlebot3_msgs/turtlebot3_msgs/srv/detail/dqn__functions.h
[0.945s] -- Up-to-date: /home/songdavid/ff_ws/install/turtlebot3_msgs/include/turtlebot3_msgs/turtlebot3_msgs/srv/detail/sound__struct.h
[0.945s] -- Up-to-date: /home/songdavid/ff_ws/install/turtlebot3_msgs/include/turtlebot3_msgs/turtlebot3_msgs/srv/goal.h
[0.946s] -- Up-to-date: /home/songdavid/ff_ws/install/turtlebot3_msgs/include/turtlebot3_msgs/turtlebot3_msgs/srv/dqn.h
[0.947s] -- Up-to-date: /home/songdavid/ff_ws/install/turtlebot3_msgs/include/turtlebot3_msgs/turtlebot3_msgs/msg
[0.947s] -- Up-to-date: /home/songdavid/ff_ws/install/turtlebot3_msgs/include/turtlebot3_msgs/turtlebot3_msgs/msg/sound.h
[0.947s] -- Up-to-date: /home/songdavid/ff_ws/install/turtlebot3_msgs/include/turtlebot3_msgs/turtlebot3_msgs/msg/sensor_state.h
[0.947s] -- Up-to-date: /home/songdavid/ff_ws/install/turtlebot3_msgs/include/turtlebot3_msgs/turtlebot3_msgs/msg/detail
[0.948s] -- Up-to-date: /home/songdavid/ff_ws/install/turtlebot3_msgs/include/turtlebot3_msgs/turtlebot3_msgs/msg/detail/sensor_state__type_support.h
[0.949s] -- Up-to-date: /home/songdavid/ff_ws/install/turtlebot3_msgs/include/turtlebot3_msgs/turtlebot3_msgs/msg/detail/sound__type_support.h
[0.949s] -- Up-to-date: /home/songdavid/ff_ws/install/turtlebot3_msgs/include/turtlebot3_msgs/turtlebot3_msgs/msg/detail/version_info__functions.c
[0.949s] -- Up-to-date: /home/songdavid/ff_ws/install/turtlebot3_msgs/include/turtlebot3_msgs/turtlebot3_msgs/msg/detail/version_info__type_support.h
[0.949s] -- Up-to-date: /home/songdavid/ff_ws/install/turtlebot3_msgs/include/turtlebot3_msgs/turtlebot3_msgs/msg/detail/sound__functions.c
[0.949s] -- Up-to-date: /home/songdavid/ff_ws/install/turtlebot3_msgs/include/turtlebot3_msgs/turtlebot3_msgs/msg/detail/sound__functions.h
[0.949s] -- Up-to-date: /home/songdavid/ff_ws/install/turtlebot3_msgs/include/turtlebot3_msgs/turtlebot3_msgs/msg/detail/version_info__functions.h
[0.949s] -- Up-to-date: /home/songdavid/ff_ws/install/turtlebot3_msgs/include/turtlebot3_msgs/turtlebot3_msgs/msg/detail/version_info__struct.h
[0.949s] -- Up-to-date: /home/songdavid/ff_ws/install/turtlebot3_msgs/include/turtlebot3_msgs/turtlebot3_msgs/msg/detail/sensor_state__functions.h
[0.949s] -- Up-to-date: /home/songdavid/ff_ws/install/turtlebot3_msgs/include/turtlebot3_msgs/turtlebot3_msgs/msg/detail/sensor_state__struct.h
[0.950s] -- Up-to-date: /home/songdavid/ff_ws/install/turtlebot3_msgs/include/turtlebot3_msgs/turtlebot3_msgs/msg/detail/sound__struct.h
[0.950s] -- Up-to-date: /home/songdavid/ff_ws/install/turtlebot3_msgs/include/turtlebot3_msgs/turtlebot3_msgs/msg/detail/sensor_state__functions.c
[0.950s] -- Up-to-date: /home/songdavid/ff_ws/install/turtlebot3_msgs/include/turtlebot3_msgs/turtlebot3_msgs/msg/rosidl_generator_c__visibility_control.h
[0.950s] -- Up-to-date: /home/songdavid/ff_ws/install/turtlebot3_msgs/include/turtlebot3_msgs/turtlebot3_msgs/msg/version_info.h
[0.950s] -- Up-to-date: /home/songdavid/ff_ws/install/turtlebot3_msgs/include/turtlebot3_msgs/turtlebot3_msgs/action
[0.950s] -- Up-to-date: /home/songdavid/ff_ws/install/turtlebot3_msgs/include/turtlebot3_msgs/turtlebot3_msgs/action/detail
[0.950s] -- Up-to-date: /home/songdavid/ff_ws/install/turtlebot3_msgs/include/turtlebot3_msgs/turtlebot3_msgs/action/detail/patrol__functions.c
[0.950s] -- Up-to-date: /home/songdavid/ff_ws/install/turtlebot3_msgs/include/turtlebot3_msgs/turtlebot3_msgs/action/detail/patrol__struct.h
[0.950s] -- Up-to-date: /home/songdavid/ff_ws/install/turtlebot3_msgs/include/turtlebot3_msgs/turtlebot3_msgs/action/detail/patrol__type_support.h
[0.951s] -- Up-to-date: /home/songdavid/ff_ws/install/turtlebot3_msgs/include/turtlebot3_msgs/turtlebot3_msgs/action/detail/patrol__functions.h
[0.951s] -- Up-to-date: /home/songdavid/ff_ws/install/turtlebot3_msgs/include/turtlebot3_msgs/turtlebot3_msgs/action/patrol.h
[0.951s] -- Up-to-date: /home/songdavid/ff_ws/install/turtlebot3_msgs/share/turtlebot3_msgs/environment/library_path.sh
[0.951s] -- Up-to-date: /home/songdavid/ff_ws/install/turtlebot3_msgs/share/turtlebot3_msgs/environment/library_path.dsv
[0.951s] -- Up-to-date: /home/songdavid/ff_ws/install/turtlebot3_msgs/lib/libturtlebot3_msgs__rosidl_generator_c.so
[0.951s] -- Up-to-date: /home/songdavid/ff_ws/install/turtlebot3_msgs/include/turtlebot3_msgs/turtlebot3_msgs
[0.951s] -- Up-to-date: /home/songdavid/ff_ws/install/turtlebot3_msgs/include/turtlebot3_msgs/turtlebot3_msgs/srv
[0.951s] -- Up-to-date: /home/songdavid/ff_ws/install/turtlebot3_msgs/include/turtlebot3_msgs/turtlebot3_msgs/srv/detail
[0.951s] -- Up-to-date: /home/songdavid/ff_ws/install/turtlebot3_msgs/include/turtlebot3_msgs/turtlebot3_msgs/srv/detail/goal__rosidl_typesupport_fastrtps_c.h
[0.951s] -- Up-to-date: /home/songdavid/ff_ws/install/turtlebot3_msgs/include/turtlebot3_msgs/turtlebot3_msgs/srv/detail/sound__rosidl_typesupport_fastrtps_c.h
[0.951s] -- Up-to-date: /home/songdavid/ff_ws/install/turtlebot3_msgs/include/turtlebot3_msgs/turtlebot3_msgs/srv/detail/dqn__rosidl_typesupport_fastrtps_c.h
[0.951s] -- Up-to-date: /home/songdavid/ff_ws/install/turtlebot3_msgs/include/turtlebot3_msgs/turtlebot3_msgs/msg
[0.952s] -- Up-to-date: /home/songdavid/ff_ws/install/turtlebot3_msgs/include/turtlebot3_msgs/turtlebot3_msgs/msg/detail
[0.952s] -- Up-to-date: /home/songdavid/ff_ws/install/turtlebot3_msgs/include/turtlebot3_msgs/turtlebot3_msgs/msg/detail/version_info__rosidl_typesupport_fastrtps_c.h
[0.952s] -- Up-to-date: /home/songdavid/ff_ws/install/turtlebot3_msgs/include/turtlebot3_msgs/turtlebot3_msgs/msg/detail/sensor_state__rosidl_typesupport_fastrtps_c.h
[0.952s] -- Up-to-date: /home/songdavid/ff_ws/install/turtlebot3_msgs/include/turtlebot3_msgs/turtlebot3_msgs/msg/detail/sound__rosidl_typesupport_fastrtps_c.h
[0.952s] -- Up-to-date: /home/songdavid/ff_ws/install/turtlebot3_msgs/include/turtlebot3_msgs/turtlebot3_msgs/msg/rosidl_typesupport_fastrtps_c__visibility_control.h
[0.952s] -- Up-to-date: /home/songdavid/ff_ws/install/turtlebot3_msgs/include/turtlebot3_msgs/turtlebot3_msgs/action
[0.952s] -- Up-to-date: /home/songdavid/ff_ws/install/turtlebot3_msgs/include/turtlebot3_msgs/turtlebot3_msgs/action/detail
[0.952s] -- Up-to-date: /home/songdavid/ff_ws/install/turtlebot3_msgs/include/turtlebot3_msgs/turtlebot3_msgs/action/detail/patrol__rosidl_typesupport_fastrtps_c.h
[0.952s] -- Up-to-date: /home/songdavid/ff_ws/install/turtlebot3_msgs/lib/libturtlebot3_msgs__rosidl_typesupport_fastrtps_c.so
[0.952s] -- Up-to-date: /home/songdavid/ff_ws/install/turtlebot3_msgs/include/turtlebot3_msgs/turtlebot3_msgs
[0.952s] -- Up-to-date: /home/songdavid/ff_ws/install/turtlebot3_msgs/include/turtlebot3_msgs/turtlebot3_msgs/srv
[0.953s] -- Up-to-date: /home/songdavid/ff_ws/install/turtlebot3_msgs/include/turtlebot3_msgs/turtlebot3_msgs/srv/dqn.hpp
[0.953s] -- Up-to-date: /home/songdavid/ff_ws/install/turtlebot3_msgs/include/turtlebot3_msgs/turtlebot3_msgs/srv/detail
[0.953s] -- Up-to-date: /home/songdavid/ff_ws/install/turtlebot3_msgs/include/turtlebot3_msgs/turtlebot3_msgs/srv/detail/goal__traits.hpp
[0.953s] -- Up-to-date: /home/songdavid/ff_ws/install/turtlebot3_msgs/include/turtlebot3_msgs/turtlebot3_msgs/srv/detail/sound__traits.hpp
[0.953s] -- Up-to-date: /home/songdavid/ff_ws/install/turtlebot3_msgs/include/turtlebot3_msgs/turtlebot3_msgs/srv/detail/dqn__type_support.hpp
[0.953s] -- Up-to-date: /home/songdavid/ff_ws/install/turtlebot3_msgs/include/turtlebot3_msgs/turtlebot3_msgs/srv/detail/sound__struct.hpp
[0.953s] -- Up-to-date: /home/songdavid/ff_ws/install/turtlebot3_msgs/include/turtlebot3_msgs/turtlebot3_msgs/srv/detail/sound__builder.hpp
[0.953s] -- Up-to-date: /home/songdavid/ff_ws/install/turtlebot3_msgs/include/turtlebot3_msgs/turtlebot3_msgs/srv/detail/dqn__struct.hpp
[0.953s] -- Up-to-date: /home/songdavid/ff_ws/install/turtlebot3_msgs/include/turtlebot3_msgs/turtlebot3_msgs/srv/detail/goal__struct.hpp
[0.953s] -- Up-to-date: /home/songdavid/ff_ws/install/turtlebot3_msgs/include/turtlebot3_msgs/turtlebot3_msgs/srv/detail/goal__type_support.hpp
[0.953s] -- Up-to-date: /home/songdavid/ff_ws/install/turtlebot3_msgs/include/turtlebot3_msgs/turtlebot3_msgs/srv/detail/sound__type_support.hpp
[0.953s] -- Up-to-date: /home/songdavid/ff_ws/install/turtlebot3_msgs/include/turtlebot3_msgs/turtlebot3_msgs/srv/detail/dqn__traits.hpp
[0.954s] -- Up-to-date: /home/songdavid/ff_ws/install/turtlebot3_msgs/include/turtlebot3_msgs/turtlebot3_msgs/srv/detail/dqn__builder.hpp
[0.954s] -- Up-to-date: /home/songdavid/ff_ws/install/turtlebot3_msgs/include/turtlebot3_msgs/turtlebot3_msgs/srv/detail/goal__builder.hpp
[0.954s] -- Up-to-date: /home/songdavid/ff_ws/install/turtlebot3_msgs/include/turtlebot3_msgs/turtlebot3_msgs/srv/goal.hpp
[0.954s] -- Up-to-date: /home/songdavid/ff_ws/install/turtlebot3_msgs/include/turtlebot3_msgs/turtlebot3_msgs/srv/sound.hpp
[0.954s] -- Up-to-date: /home/songdavid/ff_ws/install/turtlebot3_msgs/include/turtlebot3_msgs/turtlebot3_msgs/msg
[0.954s] -- Up-to-date: /home/songdavid/ff_ws/install/turtlebot3_msgs/include/turtlebot3_msgs/turtlebot3_msgs/msg/sensor_state.hpp
[0.954s] -- Up-to-date: /home/songdavid/ff_ws/install/turtlebot3_msgs/include/turtlebot3_msgs/turtlebot3_msgs/msg/version_info.hpp
[0.954s] -- Up-to-date: /home/songdavid/ff_ws/install/turtlebot3_msgs/include/turtlebot3_msgs/turtlebot3_msgs/msg/detail
[0.954s] -- Up-to-date: /home/songdavid/ff_ws/install/turtlebot3_msgs/include/turtlebot3_msgs/turtlebot3_msgs/msg/detail/version_info__type_support.hpp
[0.954s] -- Up-to-date: /home/songdavid/ff_ws/install/turtlebot3_msgs/include/turtlebot3_msgs/turtlebot3_msgs/msg/detail/version_info__struct.hpp
[0.954s] -- Up-to-date: /home/songdavid/ff_ws/install/turtlebot3_msgs/include/turtlebot3_msgs/turtlebot3_msgs/msg/detail/sound__traits.hpp
[0.955s] -- Up-to-date: /home/songdavid/ff_ws/install/turtlebot3_msgs/include/turtlebot3_msgs/turtlebot3_msgs/msg/detail/sensor_state__struct.hpp
[0.955s] -- Up-to-date: /home/songdavid/ff_ws/install/turtlebot3_msgs/include/turtlebot3_msgs/turtlebot3_msgs/msg/detail/sound__struct.hpp
[0.955s] -- Up-to-date: /home/songdavid/ff_ws/install/turtlebot3_msgs/include/turtlebot3_msgs/turtlebot3_msgs/msg/detail/version_info__builder.hpp
[0.955s] -- Up-to-date: /home/songdavid/ff_ws/install/turtlebot3_msgs/include/turtlebot3_msgs/turtlebot3_msgs/msg/detail/sound__builder.hpp
[0.955s] -- Up-to-date: /home/songdavid/ff_ws/install/turtlebot3_msgs/include/turtlebot3_msgs/turtlebot3_msgs/msg/detail/sensor_state__type_support.hpp
[0.955s] -- Up-to-date: /home/songdavid/ff_ws/install/turtlebot3_msgs/include/turtlebot3_msgs/turtlebot3_msgs/msg/detail/version_info__traits.hpp
[0.955s] -- Up-to-date: /home/songdavid/ff_ws/install/turtlebot3_msgs/include/turtlebot3_msgs/turtlebot3_msgs/msg/detail/sensor_state__traits.hpp
[0.955s] -- Up-to-date: /home/songdavid/ff_ws/install/turtlebot3_msgs/include/turtlebot3_msgs/turtlebot3_msgs/msg/detail/sound__type_support.hpp
[0.955s] -- Up-to-date: /home/songdavid/ff_ws/install/turtlebot3_msgs/include/turtlebot3_msgs/turtlebot3_msgs/msg/detail/sensor_state__builder.hpp
[0.955s] -- Up-to-date: /home/songdavid/ff_ws/install/turtlebot3_msgs/include/turtlebot3_msgs/turtlebot3_msgs/msg/rosidl_generator_cpp__visibility_control.hpp
[0.955s] -- Up-to-date: /home/songdavid/ff_ws/install/turtlebot3_msgs/include/turtlebot3_msgs/turtlebot3_msgs/msg/sound.hpp
[0.955s] -- Up-to-date: /home/songdavid/ff_ws/install/turtlebot3_msgs/include/turtlebot3_msgs/turtlebot3_msgs/action
[0.956s] -- Up-to-date: /home/songdavid/ff_ws/install/turtlebot3_msgs/include/turtlebot3_msgs/turtlebot3_msgs/action/detail
[0.956s] -- Up-to-date: /home/songdavid/ff_ws/install/turtlebot3_msgs/include/turtlebot3_msgs/turtlebot3_msgs/action/detail/patrol__builder.hpp
[0.956s] -- Up-to-date: /home/songdavid/ff_ws/install/turtlebot3_msgs/include/turtlebot3_msgs/turtlebot3_msgs/action/detail/patrol__traits.hpp
[0.956s] -- Up-to-date: /home/songdavid/ff_ws/install/turtlebot3_msgs/include/turtlebot3_msgs/turtlebot3_msgs/action/detail/patrol__struct.hpp
[0.956s] -- Up-to-date: /home/songdavid/ff_ws/install/turtlebot3_msgs/include/turtlebot3_msgs/turtlebot3_msgs/action/detail/patrol__type_support.hpp
[0.956s] -- Up-to-date: /home/songdavid/ff_ws/install/turtlebot3_msgs/include/turtlebot3_msgs/turtlebot3_msgs/action/patrol.hpp
[0.956s] -- Up-to-date: /home/songdavid/ff_ws/install/turtlebot3_msgs/include/turtlebot3_msgs/turtlebot3_msgs
[0.956s] -- Up-to-date: /home/songdavid/ff_ws/install/turtlebot3_msgs/include/turtlebot3_msgs/turtlebot3_msgs/srv
[0.956s] -- Up-to-date: /home/songdavid/ff_ws/install/turtlebot3_msgs/include/turtlebot3_msgs/turtlebot3_msgs/srv/detail
[0.956s] -- Up-to-date: /home/songdavid/ff_ws/install/turtlebot3_msgs/include/turtlebot3_msgs/turtlebot3_msgs/srv/detail/dds_fastrtps
[0.956s] -- Up-to-date: /home/songdavid/ff_ws/install/turtlebot3_msgs/include/turtlebot3_msgs/turtlebot3_msgs/srv/detail/sound__rosidl_typesupport_fastrtps_cpp.hpp
[0.957s] -- Up-to-date: /home/songdavid/ff_ws/install/turtlebot3_msgs/include/turtlebot3_msgs/turtlebot3_msgs/srv/detail/dqn__rosidl_typesupport_fastrtps_cpp.hpp
[0.957s] -- Up-to-date: /home/songdavid/ff_ws/install/turtlebot3_msgs/include/turtlebot3_msgs/turtlebot3_msgs/srv/detail/goal__rosidl_typesupport_fastrtps_cpp.hpp
[0.957s] -- Up-to-date: /home/songdavid/ff_ws/install/turtlebot3_msgs/include/turtlebot3_msgs/turtlebot3_msgs/msg
[0.957s] -- Up-to-date: /home/songdavid/ff_ws/install/turtlebot3_msgs/include/turtlebot3_msgs/turtlebot3_msgs/msg/rosidl_typesupport_fastrtps_cpp__visibility_control.h
[0.957s] -- Up-to-date: /home/songdavid/ff_ws/install/turtlebot3_msgs/include/turtlebot3_msgs/turtlebot3_msgs/msg/detail
[0.957s] -- Up-to-date: /home/songdavid/ff_ws/install/turtlebot3_msgs/include/turtlebot3_msgs/turtlebot3_msgs/msg/detail/dds_fastrtps
[0.957s] -- Up-to-date: /home/songdavid/ff_ws/install/turtlebot3_msgs/include/turtlebot3_msgs/turtlebot3_msgs/msg/detail/sound__rosidl_typesupport_fastrtps_cpp.hpp
[0.958s] -- Up-to-date: /home/songdavid/ff_ws/install/turtlebot3_msgs/include/turtlebot3_msgs/turtlebot3_msgs/msg/detail/sensor_state__rosidl_typesupport_fastrtps_cpp.hpp
[0.958s] -- Up-to-date: /home/songdavid/ff_ws/install/turtlebot3_msgs/include/turtlebot3_msgs/turtlebot3_msgs/msg/detail/version_info__rosidl_typesupport_fastrtps_cpp.hpp
[0.958s] -- Up-to-date: /home/songdavid/ff_ws/install/turtlebot3_msgs/include/turtlebot3_msgs/turtlebot3_msgs/action
[0.958s] -- Up-to-date: /home/songdavid/ff_ws/install/turtlebot3_msgs/include/turtlebot3_msgs/turtlebot3_msgs/action/detail
[0.958s] -- Up-to-date: /home/songdavid/ff_ws/install/turtlebot3_msgs/include/turtlebot3_msgs/turtlebot3_msgs/action/detail/dds_fastrtps
[0.958s] -- Up-to-date: /home/songdavid/ff_ws/install/turtlebot3_msgs/include/turtlebot3_msgs/turtlebot3_msgs/action/detail/patrol__rosidl_typesupport_fastrtps_cpp.hpp
[0.959s] -- Up-to-date: /home/songdavid/ff_ws/install/turtlebot3_msgs/lib/libturtlebot3_msgs__rosidl_typesupport_fastrtps_cpp.so
[0.959s] -- Up-to-date: /home/songdavid/ff_ws/install/turtlebot3_msgs/include/turtlebot3_msgs/turtlebot3_msgs
[0.959s] -- Up-to-date: /home/songdavid/ff_ws/install/turtlebot3_msgs/include/turtlebot3_msgs/turtlebot3_msgs/srv
[0.959s] -- Up-to-date: /home/songdavid/ff_ws/install/turtlebot3_msgs/include/turtlebot3_msgs/turtlebot3_msgs/srv/detail
[0.959s] -- Up-to-date: /home/songdavid/ff_ws/install/turtlebot3_msgs/include/turtlebot3_msgs/turtlebot3_msgs/srv/detail/dqn__type_support.c
[0.959s] -- Up-to-date: /home/songdavid/ff_ws/install/turtlebot3_msgs/include/turtlebot3_msgs/turtlebot3_msgs/srv/detail/goal__type_support.c
[0.959s] -- Up-to-date: /home/songdavid/ff_ws/install/turtlebot3_msgs/include/turtlebot3_msgs/turtlebot3_msgs/srv/detail/goal__rosidl_typesupport_introspection_c.h
[0.959s] -- Up-to-date: /home/songdavid/ff_ws/install/turtlebot3_msgs/include/turtlebot3_msgs/turtlebot3_msgs/srv/detail/sound__type_support.c
[0.959s] -- Up-to-date: /home/songdavid/ff_ws/install/turtlebot3_msgs/include/turtlebot3_msgs/turtlebot3_msgs/srv/detail/sound__rosidl_typesupport_introspection_c.h
[0.959s] -- Up-to-date: /home/songdavid/ff_ws/install/turtlebot3_msgs/include/turtlebot3_msgs/turtlebot3_msgs/srv/detail/dqn__rosidl_typesupport_introspection_c.h
[0.959s] -- Up-to-date: /home/songdavid/ff_ws/install/turtlebot3_msgs/include/turtlebot3_msgs/turtlebot3_msgs/msg
[0.959s] -- Up-to-date: /home/songdavid/ff_ws/install/turtlebot3_msgs/include/turtlebot3_msgs/turtlebot3_msgs/msg/rosidl_typesupport_introspection_c__visibility_control.h
[0.959s] -- Up-to-date: /home/songdavid/ff_ws/install/turtlebot3_msgs/include/turtlebot3_msgs/turtlebot3_msgs/msg/detail
[0.960s] -- Up-to-date: /home/songdavid/ff_ws/install/turtlebot3_msgs/include/turtlebot3_msgs/turtlebot3_msgs/msg/detail/sensor_state__rosidl_typesupport_introspection_c.h
[0.960s] -- Up-to-date: /home/songdavid/ff_ws/install/turtlebot3_msgs/include/turtlebot3_msgs/turtlebot3_msgs/msg/detail/sensor_state__type_support.c
[0.960s] -- Up-to-date: /home/songdavid/ff_ws/install/turtlebot3_msgs/include/turtlebot3_msgs/turtlebot3_msgs/msg/detail/version_info__rosidl_typesupport_introspection_c.h
[0.960s] -- Up-to-date: /home/songdavid/ff_ws/install/turtlebot3_msgs/include/turtlebot3_msgs/turtlebot3_msgs/msg/detail/sound__type_support.c
[0.960s] -- Up-to-date: /home/songdavid/ff_ws/install/turtlebot3_msgs/include/turtlebot3_msgs/turtlebot3_msgs/msg/detail/sound__rosidl_typesupport_introspection_c.h
[0.960s] -- Up-to-date: /home/songdavid/ff_ws/install/turtlebot3_msgs/include/turtlebot3_msgs/turtlebot3_msgs/msg/detail/version_info__type_support.c
[0.960s] -- Up-to-date: /home/songdavid/ff_ws/install/turtlebot3_msgs/include/turtlebot3_msgs/turtlebot3_msgs/action
[0.960s] -- Up-to-date: /home/songdavid/ff_ws/install/turtlebot3_msgs/include/turtlebot3_msgs/turtlebot3_msgs/action/detail
[0.960s] -- Up-to-date: /home/songdavid/ff_ws/install/turtlebot3_msgs/include/turtlebot3_msgs/turtlebot3_msgs/action/detail/patrol__rosidl_typesupport_introspection_c.h
[0.960s] -- Up-to-date: /home/songdavid/ff_ws/install/turtlebot3_msgs/include/turtlebot3_msgs/turtlebot3_msgs/action/detail/patrol__type_support.c
[0.960s] -- Up-to-date: /home/songdavid/ff_ws/install/turtlebot3_msgs/lib/libturtlebot3_msgs__rosidl_typesupport_introspection_c.so
[0.960s] -- Up-to-date: /home/songdavid/ff_ws/install/turtlebot3_msgs/lib/libturtlebot3_msgs__rosidl_typesupport_c.so
[0.961s] -- Up-to-date: /home/songdavid/ff_ws/install/turtlebot3_msgs/include/turtlebot3_msgs/turtlebot3_msgs
[0.961s] -- Up-to-date: /home/songdavid/ff_ws/install/turtlebot3_msgs/include/turtlebot3_msgs/turtlebot3_msgs/srv
[0.961s] -- Up-to-date: /home/songdavid/ff_ws/install/turtlebot3_msgs/include/turtlebot3_msgs/turtlebot3_msgs/srv/detail
[0.962s] -- Up-to-date: /home/songdavid/ff_ws/install/turtlebot3_msgs/include/turtlebot3_msgs/turtlebot3_msgs/srv/detail/goal__rosidl_typesupport_introspection_cpp.hpp
[0.962s] -- Up-to-date: /home/songdavid/ff_ws/install/turtlebot3_msgs/include/turtlebot3_msgs/turtlebot3_msgs/srv/detail/dqn__type_support.cpp
[0.962s] -- Up-to-date: /home/songdavid/ff_ws/install/turtlebot3_msgs/include/turtlebot3_msgs/turtlebot3_msgs/srv/detail/sound__rosidl_typesupport_introspection_cpp.hpp
[0.963s] -- Up-to-date: /home/songdavid/ff_ws/install/turtlebot3_msgs/include/turtlebot3_msgs/turtlebot3_msgs/srv/detail/goal__type_support.cpp
[0.963s] -- Up-to-date: /home/songdavid/ff_ws/install/turtlebot3_msgs/include/turtlebot3_msgs/turtlebot3_msgs/srv/detail/dqn__rosidl_typesupport_introspection_cpp.hpp
[0.963s] -- Up-to-date: /home/songdavid/ff_ws/install/turtlebot3_msgs/include/turtlebot3_msgs/turtlebot3_msgs/srv/detail/sound__type_support.cpp
[0.963s] -- Up-to-date: /home/songdavid/ff_ws/install/turtlebot3_msgs/include/turtlebot3_msgs/turtlebot3_msgs/msg
[0.963s] -- Up-to-date: /home/songdavid/ff_ws/install/turtlebot3_msgs/include/turtlebot3_msgs/turtlebot3_msgs/msg/detail
[0.963s] -- Up-to-date: /home/songdavid/ff_ws/install/turtlebot3_msgs/include/turtlebot3_msgs/turtlebot3_msgs/msg/detail/sensor_state__rosidl_typesupport_introspection_cpp.hpp
[0.963s] -- Up-to-date: /home/songdavid/ff_ws/install/turtlebot3_msgs/include/turtlebot3_msgs/turtlebot3_msgs/msg/detail/version_info__rosidl_typesupport_introspection_cpp.hpp
[0.963s] -- Up-to-date: /home/songdavid/ff_ws/install/turtlebot3_msgs/include/turtlebot3_msgs/turtlebot3_msgs/msg/detail/sound__rosidl_typesupport_introspection_cpp.hpp
[0.963s] -- Up-to-date: /home/songdavid/ff_ws/install/turtlebot3_msgs/include/turtlebot3_msgs/turtlebot3_msgs/msg/detail/sensor_state__type_support.cpp
[0.963s] -- Up-to-date: /home/songdavid/ff_ws/install/turtlebot3_msgs/include/turtlebot3_msgs/turtlebot3_msgs/msg/detail/version_info__type_support.cpp
[0.963s] -- Up-to-date: /home/songdavid/ff_ws/install/turtlebot3_msgs/include/turtlebot3_msgs/turtlebot3_msgs/msg/detail/sound__type_support.cpp
[0.963s] -- Up-to-date: /home/songdavid/ff_ws/install/turtlebot3_msgs/include/turtlebot3_msgs/turtlebot3_msgs/action
[0.963s] -- Up-to-date: /home/songdavid/ff_ws/install/turtlebot3_msgs/include/turtlebot3_msgs/turtlebot3_msgs/action/detail
[0.963s] -- Up-to-date: /home/songdavid/ff_ws/install/turtlebot3_msgs/include/turtlebot3_msgs/turtlebot3_msgs/action/detail/patrol__rosidl_typesupport_introspection_cpp.hpp
[0.964s] -- Up-to-date: /home/songdavid/ff_ws/install/turtlebot3_msgs/include/turtlebot3_msgs/turtlebot3_msgs/action/detail/patrol__type_support.cpp
[0.964s] -- Up-to-date: /home/songdavid/ff_ws/install/turtlebot3_msgs/lib/libturtlebot3_msgs__rosidl_typesupport_introspection_cpp.so
[0.964s] -- Up-to-date: /home/songdavid/ff_ws/install/turtlebot3_msgs/lib/libturtlebot3_msgs__rosidl_typesupport_cpp.so
[0.964s] -- Up-to-date: /home/songdavid/ff_ws/install/turtlebot3_msgs/share/turtlebot3_msgs/environment/pythonpath.sh
[0.964s] -- Up-to-date: /home/songdavid/ff_ws/install/turtlebot3_msgs/share/turtlebot3_msgs/environment/pythonpath.dsv
[0.964s] -- Up-to-date: /home/songdavid/ff_ws/install/turtlebot3_msgs/local/lib/python3.10/dist-packages/turtlebot3_msgs-2.4.0-py3.10.egg-info
[0.964s] -- Installing: /home/songdavid/ff_ws/install/turtlebot3_msgs/local/lib/python3.10/dist-packages/turtlebot3_msgs-2.4.0-py3.10.egg-info/SOURCES.txt
[0.964s] -- Installing: /home/songdavid/ff_ws/install/turtlebot3_msgs/local/lib/python3.10/dist-packages/turtlebot3_msgs-2.4.0-py3.10.egg-info/PKG-INFO
[0.964s] -- Installing: /home/songdavid/ff_ws/install/turtlebot3_msgs/local/lib/python3.10/dist-packages/turtlebot3_msgs-2.4.0-py3.10.egg-info/dependency_links.txt
[0.964s] -- Installing: /home/songdavid/ff_ws/install/turtlebot3_msgs/local/lib/python3.10/dist-packages/turtlebot3_msgs-2.4.0-py3.10.egg-info/top_level.txt
[0.964s] -- Up-to-date: /home/songdavid/ff_ws/install/turtlebot3_msgs/local/lib/python3.10/dist-packages/turtlebot3_msgs
[0.964s] -- Up-to-date: /home/songdavid/ff_ws/install/turtlebot3_msgs/local/lib/python3.10/dist-packages/turtlebot3_msgs/turtlebot3_msgs_s__rosidl_typesupport_fastrtps_c.cpython-310-x86_64-linux-gnu.so
[0.965s] -- Up-to-date: /home/songdavid/ff_ws/install/turtlebot3_msgs/local/lib/python3.10/dist-packages/turtlebot3_msgs/_turtlebot3_msgs_s.ep.rosidl_typesupport_fastrtps_c.c
[0.965s] -- Up-to-date: /home/songdavid/ff_ws/install/turtlebot3_msgs/local/lib/python3.10/dist-packages/turtlebot3_msgs/srv
[0.965s] -- Up-to-date: /home/songdavid/ff_ws/install/turtlebot3_msgs/local/lib/python3.10/dist-packages/turtlebot3_msgs/srv/_dqn.py
[0.965s] -- Up-to-date: /home/songdavid/ff_ws/install/turtlebot3_msgs/local/lib/python3.10/dist-packages/turtlebot3_msgs/srv/_goal.py
[0.965s] -- Up-to-date: /home/songdavid/ff_ws/install/turtlebot3_msgs/local/lib/python3.10/dist-packages/turtlebot3_msgs/srv/_sound_s.c
[0.965s] -- Up-to-date: /home/songdavid/ff_ws/install/turtlebot3_msgs/local/lib/python3.10/dist-packages/turtlebot3_msgs/srv/_goal_s.c
[0.965s] -- Up-to-date: /home/songdavid/ff_ws/install/turtlebot3_msgs/local/lib/python3.10/dist-packages/turtlebot3_msgs/srv/__init__.py
[0.965s] -- Up-to-date: /home/songdavid/ff_ws/install/turtlebot3_msgs/local/lib/python3.10/dist-packages/turtlebot3_msgs/srv/_sound.py
[0.965s] -- Up-to-date: /home/songdavid/ff_ws/install/turtlebot3_msgs/local/lib/python3.10/dist-packages/turtlebot3_msgs/srv/_dqn_s.c
[0.965s] -- Up-to-date: /home/songdavid/ff_ws/install/turtlebot3_msgs/local/lib/python3.10/dist-packages/turtlebot3_msgs/_turtlebot3_msgs_s.ep.rosidl_typesupport_c.c
[0.965s] -- Up-to-date: /home/songdavid/ff_ws/install/turtlebot3_msgs/local/lib/python3.10/dist-packages/turtlebot3_msgs/turtlebot3_msgs_s__rosidl_typesupport_c.cpython-310-x86_64-linux-gnu.so
[0.965s] -- Up-to-date: /home/songdavid/ff_ws/install/turtlebot3_msgs/local/lib/python3.10/dist-packages/turtlebot3_msgs/_turtlebot3_msgs_s.ep.rosidl_typesupport_introspection_c.c
[0.965s] -- Up-to-date: /home/songdavid/ff_ws/install/turtlebot3_msgs/local/lib/python3.10/dist-packages/turtlebot3_msgs/__init__.py
[0.965s] -- Up-to-date: /home/songdavid/ff_ws/install/turtlebot3_msgs/local/lib/python3.10/dist-packages/turtlebot3_msgs/libturtlebot3_msgs__rosidl_generator_py.so
[0.965s] -- Up-to-date: /home/songdavid/ff_ws/install/turtlebot3_msgs/local/lib/python3.10/dist-packages/turtlebot3_msgs/turtlebot3_msgs_s__rosidl_typesupport_introspection_c.cpython-310-x86_64-linux-gnu.so
[0.966s] -- Up-to-date: /home/songdavid/ff_ws/install/turtlebot3_msgs/local/lib/python3.10/dist-packages/turtlebot3_msgs/msg
[0.966s] -- Up-to-date: /home/songdavid/ff_ws/install/turtlebot3_msgs/local/lib/python3.10/dist-packages/turtlebot3_msgs/msg/_sensor_state_s.c
[0.966s] -- Up-to-date: /home/songdavid/ff_ws/install/turtlebot3_msgs/local/lib/python3.10/dist-packages/turtlebot3_msgs/msg/_sound_s.c
[0.966s] -- Up-to-date: /home/songdavid/ff_ws/install/turtlebot3_msgs/local/lib/python3.10/dist-packages/turtlebot3_msgs/msg/_sensor_state.py
[0.966s] -- Up-to-date: /home/songdavid/ff_ws/install/turtlebot3_msgs/local/lib/python3.10/dist-packages/turtlebot3_msgs/msg/__init__.py
[0.966s] -- Up-to-date: /home/songdavid/ff_ws/install/turtlebot3_msgs/local/lib/python3.10/dist-packages/turtlebot3_msgs/msg/_version_info_s.c
[0.966s] -- Up-to-date: /home/songdavid/ff_ws/install/turtlebot3_msgs/local/lib/python3.10/dist-packages/turtlebot3_msgs/msg/_sound.py
[0.966s] -- Up-to-date: /home/songdavid/ff_ws/install/turtlebot3_msgs/local/lib/python3.10/dist-packages/turtlebot3_msgs/msg/_version_info.py
[0.966s] -- Up-to-date: /home/songdavid/ff_ws/install/turtlebot3_msgs/local/lib/python3.10/dist-packages/turtlebot3_msgs/action
[0.966s] -- Up-to-date: /home/songdavid/ff_ws/install/turtlebot3_msgs/local/lib/python3.10/dist-packages/turtlebot3_msgs/action/_patrol.py
[0.966s] -- Up-to-date: /home/songdavid/ff_ws/install/turtlebot3_msgs/local/lib/python3.10/dist-packages/turtlebot3_msgs/action/__init__.py
[0.966s] -- Up-to-date: /home/songdavid/ff_ws/install/turtlebot3_msgs/local/lib/python3.10/dist-packages/turtlebot3_msgs/action/_patrol_s.c
[0.998s] Listing '/home/songdavid/ff_ws/install/turtlebot3_msgs/local/lib/python3.10/dist-packages/turtlebot3_msgs'...
[0.998s] Listing '/home/songdavid/ff_ws/install/turtlebot3_msgs/local/lib/python3.10/dist-packages/turtlebot3_msgs/action'...
[0.998s] Listing '/home/songdavid/ff_ws/install/turtlebot3_msgs/local/lib/python3.10/dist-packages/turtlebot3_msgs/msg'...
[0.998s] Listing '/home/songdavid/ff_ws/install/turtlebot3_msgs/local/lib/python3.10/dist-packages/turtlebot3_msgs/srv'...
[1.008s] -- Up-to-date: /home/songdavid/ff_ws/install/turtlebot3_msgs/local/lib/python3.10/dist-packages/turtlebot3_msgs/turtlebot3_msgs_s__rosidl_typesupport_fastrtps_c.cpython-310-x86_64-linux-gnu.so
[1.008s] -- Up-to-date: /home/songdavid/ff_ws/install/turtlebot3_msgs/local/lib/python3.10/dist-packages/turtlebot3_msgs/turtlebot3_msgs_s__rosidl_typesupport_introspection_c.cpython-310-x86_64-linux-gnu.so
[1.009s] -- Up-to-date: /home/songdavid/ff_ws/install/turtlebot3_msgs/local/lib/python3.10/dist-packages/turtlebot3_msgs/turtlebot3_msgs_s__rosidl_typesupport_c.cpython-310-x86_64-linux-gnu.so
[1.009s] -- Up-to-date: /home/songdavid/ff_ws/install/turtlebot3_msgs/lib/libturtlebot3_msgs__rosidl_generator_py.so
[1.009s] -- Up-to-date: /home/songdavid/ff_ws/install/turtlebot3_msgs/share/turtlebot3_msgs/msg/SensorState.idl
[1.009s] -- Up-to-date: /home/songdavid/ff_ws/install/turtlebot3_msgs/share/turtlebot3_msgs/msg/Sound.idl
[1.009s] -- Up-to-date: /home/songdavid/ff_ws/install/turtlebot3_msgs/share/turtlebot3_msgs/msg/VersionInfo.idl
[1.009s] -- Up-to-date: /home/songdavid/ff_ws/install/turtlebot3_msgs/share/turtlebot3_msgs/srv/Sound.idl
[1.010s] -- Up-to-date: /home/songdavid/ff_ws/install/turtlebot3_msgs/share/turtlebot3_msgs/srv/Dqn.idl
[1.010s] -- Up-to-date: /home/songdavid/ff_ws/install/turtlebot3_msgs/share/turtlebot3_msgs/srv/Goal.idl
[1.010s] -- Up-to-date: /home/songdavid/ff_ws/install/turtlebot3_msgs/share/turtlebot3_msgs/action/Patrol.idl
[1.010s] -- Up-to-date: /home/songdavid/ff_ws/install/turtlebot3_msgs/share/turtlebot3_msgs/msg/SensorState.msg
[1.010s] -- Up-to-date: /home/songdavid/ff_ws/install/turtlebot3_msgs/share/turtlebot3_msgs/msg/Sound.msg
[1.010s] -- Up-to-date: /home/songdavid/ff_ws/install/turtlebot3_msgs/share/turtlebot3_msgs/msg/VersionInfo.msg
[1.010s] -- Up-to-date: /home/songdavid/ff_ws/install/turtlebot3_msgs/share/turtlebot3_msgs/srv/Sound.srv
[1.010s] -- Up-to-date: /home/songdavid/ff_ws/install/turtlebot3_msgs/share/turtlebot3_msgs/srv/Sound_Request.msg
[1.010s] -- Up-to-date: /home/songdavid/ff_ws/install/turtlebot3_msgs/share/turtlebot3_msgs/srv/Sound_Response.msg
[1.010s] -- Up-to-date: /home/songdavid/ff_ws/install/turtlebot3_msgs/share/turtlebot3_msgs/srv/Dqn.srv
[1.011s] -- Up-to-date: /home/songdavid/ff_ws/install/turtlebot3_msgs/share/turtlebot3_msgs/srv/Dqn_Request.msg
[1.011s] -- Up-to-date: /home/songdavid/ff_ws/install/turtlebot3_msgs/share/turtlebot3_msgs/srv/Dqn_Response.msg
[1.011s] -- Up-to-date: /home/songdavid/ff_ws/install/turtlebot3_msgs/share/turtlebot3_msgs/srv/Goal.srv
[1.011s] -- Up-to-date: /home/songdavid/ff_ws/install/turtlebot3_msgs/share/turtlebot3_msgs/srv/Goal_Request.msg
[1.011s] -- Up-to-date: /home/songdavid/ff_ws/install/turtlebot3_msgs/share/turtlebot3_msgs/srv/Goal_Response.msg
[1.011s] -- Up-to-date: /home/songdavid/ff_ws/install/turtlebot3_msgs/share/turtlebot3_msgs/action/Patrol.action
[1.012s] -- Up-to-date: /home/songdavid/ff_ws/install/turtlebot3_msgs/share/ament_index/resource_index/package_run_dependencies/turtlebot3_msgs
[1.012s] -- Up-to-date: /home/songdavid/ff_ws/install/turtlebot3_msgs/share/ament_index/resource_index/parent_prefix_path/turtlebot3_msgs
[1.012s] -- Up-to-date: /home/songdavid/ff_ws/install/turtlebot3_msgs/share/turtlebot3_msgs/environment/ament_prefix_path.sh
[1.012s] -- Up-to-date: /home/songdavid/ff_ws/install/turtlebot3_msgs/share/turtlebot3_msgs/environment/ament_prefix_path.dsv
[1.012s] -- Up-to-date: /home/songdavid/ff_ws/install/turtlebot3_msgs/share/turtlebot3_msgs/environment/path.sh
[1.012s] -- Up-to-date: /home/songdavid/ff_ws/install/turtlebot3_msgs/share/turtlebot3_msgs/environment/path.dsv
[1.012s] -- Up-to-date: /home/songdavid/ff_ws/install/turtlebot3_msgs/share/turtlebot3_msgs/local_setup.bash
[1.012s] -- Up-to-date: /home/songdavid/ff_ws/install/turtlebot3_msgs/share/turtlebot3_msgs/local_setup.sh
[1.012s] -- Up-to-date: /home/songdavid/ff_ws/install/turtlebot3_msgs/share/turtlebot3_msgs/local_setup.zsh
[1.013s] -- Up-to-date: /home/songdavid/ff_ws/install/turtlebot3_msgs/share/turtlebot3_msgs/local_setup.dsv
[1.013s] -- Installing: /home/songdavid/ff_ws/install/turtlebot3_msgs/share/turtlebot3_msgs/package.dsv
[1.013s] -- Up-to-date: /home/songdavid/ff_ws/install/turtlebot3_msgs/share/ament_index/resource_index/packages/turtlebot3_msgs
[1.013s] -- Up-to-date: /home/songdavid/ff_ws/install/turtlebot3_msgs/share/turtlebot3_msgs/cmake/export_turtlebot3_msgs__rosidl_generator_cExport.cmake
[1.013s] -- Up-to-date: /home/songdavid/ff_ws/install/turtlebot3_msgs/share/turtlebot3_msgs/cmake/export_turtlebot3_msgs__rosidl_generator_cExport-noconfig.cmake
[1.013s] -- Up-to-date: /home/songdavid/ff_ws/install/turtlebot3_msgs/share/turtlebot3_msgs/cmake/export_turtlebot3_msgs__rosidl_typesupport_fastrtps_cExport.cmake
[1.013s] -- Up-to-date: /home/songdavid/ff_ws/install/turtlebot3_msgs/share/turtlebot3_msgs/cmake/export_turtlebot3_msgs__rosidl_typesupport_fastrtps_cExport-noconfig.cmake
[1.014s] -- Up-to-date: /home/songdavid/ff_ws/install/turtlebot3_msgs/share/turtlebot3_msgs/cmake/export_turtlebot3_msgs__rosidl_generator_cppExport.cmake
[1.014s] -- Up-to-date: /home/songdavid/ff_ws/install/turtlebot3_msgs/share/turtlebot3_msgs/cmake/export_turtlebot3_msgs__rosidl_typesupport_fastrtps_cppExport.cmake
[1.014s] -- Up-to-date: /home/songdavid/ff_ws/install/turtlebot3_msgs/share/turtlebot3_msgs/cmake/export_turtlebot3_msgs__rosidl_typesupport_fastrtps_cppExport-noconfig.cmake
[1.014s] -- Up-to-date: /home/songdavid/ff_ws/install/turtlebot3_msgs/share/turtlebot3_msgs/cmake/turtlebot3_msgs__rosidl_typesupport_introspection_cExport.cmake
[1.014s] -- Up-to-date: /home/songdavid/ff_ws/install/turtlebot3_msgs/share/turtlebot3_msgs/cmake/turtlebot3_msgs__rosidl_typesupport_introspection_cExport-noconfig.cmake
[1.014s] -- Up-to-date: /home/songdavid/ff_ws/install/turtlebot3_msgs/share/turtlebot3_msgs/cmake/turtlebot3_msgs__rosidl_typesupport_cExport.cmake
[1.014s] -- Up-to-date: /home/songdavid/ff_ws/install/turtlebot3_msgs/share/turtlebot3_msgs/cmake/turtlebot3_msgs__rosidl_typesupport_cExport-noconfig.cmake
[1.014s] -- Up-to-date: /home/songdavid/ff_ws/install/turtlebot3_msgs/share/turtlebot3_msgs/cmake/turtlebot3_msgs__rosidl_typesupport_introspection_cppExport.cmake
[1.014s] -- Up-to-date: /home/songdavid/ff_ws/install/turtlebot3_msgs/share/turtlebot3_msgs/cmake/turtlebot3_msgs__rosidl_typesupport_introspection_cppExport-noconfig.cmake
[1.014s] -- Up-to-date: /home/songdavid/ff_ws/install/turtlebot3_msgs/share/turtlebot3_msgs/cmake/turtlebot3_msgs__rosidl_typesupport_cppExport.cmake
[1.014s] -- Up-to-date: /home/songdavid/ff_ws/install/turtlebot3_msgs/share/turtlebot3_msgs/cmake/turtlebot3_msgs__rosidl_typesupport_cppExport-noconfig.cmake
[1.014s] -- Up-to-date: /home/songdavid/ff_ws/install/turtlebot3_msgs/share/turtlebot3_msgs/cmake/export_turtlebot3_msgs__rosidl_generator_pyExport.cmake
[1.015s] -- Up-to-date: /home/songdavid/ff_ws/install/turtlebot3_msgs/share/turtlebot3_msgs/cmake/export_turtlebot3_msgs__rosidl_generator_pyExport-noconfig.cmake
[1.015s] -- Up-to-date: /home/songdavid/ff_ws/install/turtlebot3_msgs/share/turtlebot3_msgs/cmake/rosidl_cmake-extras.cmake
[1.015s] -- Up-to-date: /home/songdavid/ff_ws/install/turtlebot3_msgs/share/turtlebot3_msgs/cmake/ament_cmake_export_dependencies-extras.cmake
[1.015s] -- Up-to-date: /home/songdavid/ff_ws/install/turtlebot3_msgs/share/turtlebot3_msgs/cmake/ament_cmake_export_include_directories-extras.cmake
[1.015s] -- Up-to-date: /home/songdavid/ff_ws/install/turtlebot3_msgs/share/turtlebot3_msgs/cmake/ament_cmake_export_libraries-extras.cmake
[1.015s] -- Up-to-date: /home/songdavid/ff_ws/install/turtlebot3_msgs/share/turtlebot3_msgs/cmake/ament_cmake_export_targets-extras.cmake
[1.015s] -- Up-to-date: /home/songdavid/ff_ws/install/turtlebot3_msgs/share/turtlebot3_msgs/cmake/rosidl_cmake_export_typesupport_targets-extras.cmake
[1.015s] -- Up-to-date: /home/songdavid/ff_ws/install/turtlebot3_msgs/share/turtlebot3_msgs/cmake/rosidl_cmake_export_typesupport_libraries-extras.cmake
[1.015s] -- Up-to-date: /home/songdavid/ff_ws/install/turtlebot3_msgs/share/turtlebot3_msgs/cmake/turtlebot3_msgsConfig.cmake
[1.016s] -- Up-to-date: /home/songdavid/ff_ws/install/turtlebot3_msgs/share/turtlebot3_msgs/cmake/turtlebot3_msgsConfig-version.cmake
[1.016s] -- Up-to-date: /home/songdavid/ff_ws/install/turtlebot3_msgs/share/turtlebot3_msgs/package.xml
[1.052s] Invoked command in '/home/songdavid/ff_ws/build/turtlebot3_msgs' returned '0': CMAKE_PREFIX_PATH=${CMAKE_PREFIX_PATH}:/home/songdavid/turtlebot3_ws/install/explorer_bringup:/home/songdavid/turtlebot3_ws/install/turtlebot3_teleop:/home/songdavid/turtlebot3_ws/install/turtlebot3_example:/home/songdavid/turtlebot3_ws/install/explorer_wanderer:/home/songdavid/turtlebot3_ws/install/explorer_map_utils:/home/songdavid/turtlebot3_ws/install/exploration_pkg:/opt/ros/humble /usr/bin/cmake --install /home/songdavid/ff_ws/build/turtlebot3_msgs
