[0.772s] Invoking command in '/home/songdavid/ff_ws/build/explorer_cartographer': CMAKE_PREFIX_PATH=${CMAKE_PREFIX_PATH}:/home/songdavid/turtlebot3_ws/install/explorer_bringup:/home/songdavid/turtlebot3_ws/install/turtlebot3_teleop:/home/songdavid/turtlebot3_ws/install/turtlebot3_example:/home/songdavid/turtlebot3_ws/install/explorer_wanderer:/home/songdavid/turtlebot3_ws/install/explorer_map_utils:/home/songdavid/turtlebot3_ws/install/exploration_pkg:/opt/ros/humble /usr/bin/cmake --build /home/songdavid/ff_ws/build/explorer_cartographer -- -j8 -l8
[0.930s] Invoked command in '/home/songdavid/ff_ws/build/explorer_cartographer' returned '0': CMAKE_PREFIX_PATH=${CMAKE_PREFIX_PATH}:/home/songdavid/turtlebot3_ws/install/explorer_bringup:/home/songdavid/turtlebot3_ws/install/turtlebot3_teleop:/home/songdavid/turtlebot3_ws/install/turtlebot3_example:/home/songdavid/turtlebot3_ws/install/explorer_wanderer:/home/songdavid/turtlebot3_ws/install/explorer_map_utils:/home/songdavid/turtlebot3_ws/install/exploration_pkg:/opt/ros/humble /usr/bin/cmake --build /home/songdavid/ff_ws/build/explorer_cartographer -- -j8 -l8
[0.933s] Invoking command in '/home/songdavid/ff_ws/build/explorer_cartographer': CMAKE_PREFIX_PATH=${CMAKE_PREFIX_PATH}:/home/songdavid/turtlebot3_ws/install/explorer_bringup:/home/songdavid/turtlebot3_ws/install/turtlebot3_teleop:/home/songdavid/turtlebot3_ws/install/turtlebot3_example:/home/songdavid/turtlebot3_ws/install/explorer_wanderer:/home/songdavid/turtlebot3_ws/install/explorer_map_utils:/home/songdavid/turtlebot3_ws/install/exploration_pkg:/opt/ros/humble /usr/bin/cmake --install /home/songdavid/ff_ws/build/explorer_cartographer
[0.968s] -- Install configuration: ""
[0.968s] -- Up-to-date: /home/songdavid/ff_ws/install/explorer_cartographer/share/explorer_cartographer/config
[0.970s] -- Up-to-date: /home/songdavid/ff_ws/install/explorer_cartographer/share/explorer_cartographer/config/turtlebot3_lds_2d.lua
[0.972s] -- Up-to-date: /home/songdavid/ff_ws/install/explorer_cartographer/share/explorer_cartographer/launch
[0.972s] -- Up-to-date: /home/songdavid/ff_ws/install/explorer_cartographer/share/explorer_cartographer/launch/occupancy_grid.launch.py
[0.973s] -- Up-to-date: /home/songdavid/ff_ws/install/explorer_cartographer/share/explorer_cartographer/launch/cartographer.launch.py
[0.973s] -- Up-to-date: /home/songdavid/ff_ws/install/explorer_cartographer/share/explorer_cartographer/rviz
[0.974s] -- Up-to-date: /home/songdavid/ff_ws/install/explorer_cartographer/share/explorer_cartographer/rviz/tb3_cartographer.rviz
[0.974s] -- Up-to-date: /home/songdavid/ff_ws/install/explorer_cartographer/share/ament_index/resource_index/package_run_dependencies/explorer_cartographer
[0.974s] -- Up-to-date: /home/songdavid/ff_ws/install/explorer_cartographer/share/ament_index/resource_index/parent_prefix_path/explorer_cartographer
[0.977s] -- Up-to-date: /home/songdavid/ff_ws/install/explorer_cartographer/share/explorer_cartographer/environment/ament_prefix_path.sh
[0.978s] -- Up-to-date: /home/songdavid/ff_ws/install/explorer_cartographer/share/explorer_cartographer/environment/ament_prefix_path.dsv
[0.978s] -- Up-to-date: /home/songdavid/ff_ws/install/explorer_cartographer/share/explorer_cartographer/environment/path.sh
[0.978s] -- Up-to-date: /home/songdavid/ff_ws/install/explorer_cartographer/share/explorer_cartographer/environment/path.dsv
[0.982s] -- Up-to-date: /home/songdavid/ff_ws/install/explorer_cartographer/share/explorer_cartographer/local_setup.bash
[0.982s] -- Up-to-date: /home/songdavid/ff_ws/install/explorer_cartographer/share/explorer_cartographer/local_setup.sh
[0.983s] -- Up-to-date: /home/songdavid/ff_ws/install/explorer_cartographer/share/explorer_cartographer/local_setup.zsh
[0.983s] -- Up-to-date: /home/songdavid/ff_ws/install/explorer_cartographer/share/explorer_cartographer/local_setup.dsv
[0.984s] -- Installing: /home/songdavid/ff_ws/install/explorer_cartographer/share/explorer_cartographer/package.dsv
[0.984s] -- Up-to-date: /home/songdavid/ff_ws/install/explorer_cartographer/share/ament_index/resource_index/packages/explorer_cartographer
[0.984s] -- Up-to-date: /home/songdavid/ff_ws/install/explorer_cartographer/share/explorer_cartographer/cmake/explorer_cartographerConfig.cmake
[0.984s] -- Up-to-date: /home/songdavid/ff_ws/install/explorer_cartographer/share/explorer_cartographer/cmake/explorer_cartographerConfig-version.cmake
[0.985s] -- Up-to-date: /home/songdavid/ff_ws/install/explorer_cartographer/share/explorer_cartographer/package.xml
[1.919s] Invoked command in '/home/songdavid/ff_ws/build/explorer_cartographer' returned '0': CMAKE_PREFIX_PATH=${CMAKE_PREFIX_PATH}:/home/songdavid/turtlebot3_ws/install/explorer_bringup:/home/songdavid/turtlebot3_ws/install/turtlebot3_teleop:/home/songdavid/turtlebot3_ws/install/turtlebot3_example:/home/songdavid/turtlebot3_ws/install/explorer_wanderer:/home/songdavid/turtlebot3_ws/install/explorer_map_utils:/home/songdavid/turtlebot3_ws/install/exploration_pkg:/opt/ros/humble /usr/bin/cmake --install /home/songdavid/ff_ws/build/explorer_cartographer
