[0.040s] Invoking command in '/home/songdavid/ff_ws/build/turtlebot3_navigation2': CMAKE_PREFIX_PATH=${CMAKE_PREFIX_PATH}:/home/songdavid/ff_ws/install/explorer_wanderer:/home/songdavid/ff_ws/install/explorer_map_utils:/home/songdavid/ff_ws/install/explorer_bringup:/home/songdavid/ff_ws/install/autonomous_exploration:/home/songdavid/turtlebot3_ws/install/explorer_bringup:/home/songdavid/turtlebot3_ws/install/turtlebot3_teleop:/home/songdavid/turtlebot3_ws/install/turtlebot3_example:/home/songdavid/turtlebot3_ws/install/explorer_wanderer:/home/songdavid/turtlebot3_ws/install/explorer_map_utils:/home/songdavid/turtlebot3_ws/install/exploration_pkg:/opt/ros/humble /usr/bin/cmake /home/songdavid/ff_ws/src/turtlebot3/turtlebot3_navigation2 -DCMAKE_INSTALL_PREFIX=/home/songdavid/ff_ws/install/turtlebot3_navigation2
[0.799s] -- The C compiler identification is GNU 11.4.0
[0.799s] -- The CXX compiler identification is GNU 11.4.0
[0.799s] -- Detecting C compiler ABI info
[0.799s] -- Detecting C compiler ABI info - done
[0.799s] -- Check for working C compiler: /usr/bin/cc - skipped
[0.799s] -- Detecting C compile features
[0.799s] -- Detecting C compile features - done
[0.799s] -- Detecting CXX compiler ABI info
[0.799s] -- Detecting CXX compiler ABI info - done
[0.800s] -- Check for working CXX compiler: /usr/bin/c++ - skipped
[0.800s] -- Detecting CXX compile features
[0.800s] -- Detecting CXX compile features - done
[0.800s] -- Found ament_cmake: 1.3.11 (/opt/ros/humble/share/ament_cmake/cmake)
[0.800s] -- Found Python3: /usr/bin/python3 (found version "3.10.12") found components: Interpreter 
[0.932s] -- Configuring done
[0.935s] -- Generating done
[0.939s] -- Build files have been written to: /home/songdavid/ff_ws/build/turtlebot3_navigation2
[0.949s] Invoked command in '/home/songdavid/ff_ws/build/turtlebot3_navigation2' returned '0': CMAKE_PREFIX_PATH=${CMAKE_PREFIX_PATH}:/home/songdavid/ff_ws/install/explorer_wanderer:/home/songdavid/ff_ws/install/explorer_map_utils:/home/songdavid/ff_ws/install/explorer_bringup:/home/songdavid/ff_ws/install/autonomous_exploration:/home/songdavid/turtlebot3_ws/install/explorer_bringup:/home/songdavid/turtlebot3_ws/install/turtlebot3_teleop:/home/songdavid/turtlebot3_ws/install/turtlebot3_example:/home/songdavid/turtlebot3_ws/install/explorer_wanderer:/home/songdavid/turtlebot3_ws/install/explorer_map_utils:/home/songdavid/turtlebot3_ws/install/exploration_pkg:/opt/ros/humble /usr/bin/cmake /home/songdavid/ff_ws/src/turtlebot3/turtlebot3_navigation2 -DCMAKE_INSTALL_PREFIX=/home/songdavid/ff_ws/install/turtlebot3_navigation2
[0.949s] Invoking command in '/home/songdavid/ff_ws/build/turtlebot3_navigation2': CMAKE_PREFIX_PATH=${CMAKE_PREFIX_PATH}:/home/songdavid/ff_ws/install/explorer_wanderer:/home/songdavid/ff_ws/install/explorer_map_utils:/home/songdavid/ff_ws/install/explorer_bringup:/home/songdavid/ff_ws/install/autonomous_exploration:/home/songdavid/turtlebot3_ws/install/explorer_bringup:/home/songdavid/turtlebot3_ws/install/turtlebot3_teleop:/home/songdavid/turtlebot3_ws/install/turtlebot3_example:/home/songdavid/turtlebot3_ws/install/explorer_wanderer:/home/songdavid/turtlebot3_ws/install/explorer_map_utils:/home/songdavid/turtlebot3_ws/install/exploration_pkg:/opt/ros/humble /usr/bin/cmake --build /home/songdavid/ff_ws/build/turtlebot3_navigation2 -- -j8 -l8
[1.015s] Invoked command in '/home/songdavid/ff_ws/build/turtlebot3_navigation2' returned '0': CMAKE_PREFIX_PATH=${CMAKE_PREFIX_PATH}:/home/songdavid/ff_ws/install/explorer_wanderer:/home/songdavid/ff_ws/install/explorer_map_utils:/home/songdavid/ff_ws/install/explorer_bringup:/home/songdavid/ff_ws/install/autonomous_exploration:/home/songdavid/turtlebot3_ws/install/explorer_bringup:/home/songdavid/turtlebot3_ws/install/turtlebot3_teleop:/home/songdavid/turtlebot3_ws/install/turtlebot3_example:/home/songdavid/turtlebot3_ws/install/explorer_wanderer:/home/songdavid/turtlebot3_ws/install/explorer_map_utils:/home/songdavid/turtlebot3_ws/install/exploration_pkg:/opt/ros/humble /usr/bin/cmake --build /home/songdavid/ff_ws/build/turtlebot3_navigation2 -- -j8 -l8
[1.015s] Invoking command in '/home/songdavid/ff_ws/build/turtlebot3_navigation2': CMAKE_PREFIX_PATH=${CMAKE_PREFIX_PATH}:/home/songdavid/ff_ws/install/explorer_wanderer:/home/songdavid/ff_ws/install/explorer_map_utils:/home/songdavid/ff_ws/install/explorer_bringup:/home/songdavid/ff_ws/install/autonomous_exploration:/home/songdavid/turtlebot3_ws/install/explorer_bringup:/home/songdavid/turtlebot3_ws/install/turtlebot3_teleop:/home/songdavid/turtlebot3_ws/install/turtlebot3_example:/home/songdavid/turtlebot3_ws/install/explorer_wanderer:/home/songdavid/turtlebot3_ws/install/explorer_map_utils:/home/songdavid/turtlebot3_ws/install/exploration_pkg:/opt/ros/humble /usr/bin/cmake --install /home/songdavid/ff_ws/build/turtlebot3_navigation2
[1.024s] -- Install configuration: ""
[1.024s] -- Installing: /home/songdavid/ff_ws/install/turtlebot3_navigation2/share/turtlebot3_navigation2/launch
[1.024s] -- Installing: /home/songdavid/ff_ws/install/turtlebot3_navigation2/share/turtlebot3_navigation2/launch/navigation2.launch.py
[1.024s] -- Installing: /home/songdavid/ff_ws/install/turtlebot3_navigation2/share/turtlebot3_navigation2/map
[1.025s] -- Installing: /home/songdavid/ff_ws/install/turtlebot3_navigation2/share/turtlebot3_navigation2/map/map.yaml
[1.030s] -- Installing: /home/songdavid/ff_ws/install/turtlebot3_navigation2/share/turtlebot3_navigation2/map/map.pgm
[1.030s] -- Installing: /home/songdavid/ff_ws/install/turtlebot3_navigation2/share/turtlebot3_navigation2/param
[1.030s] -- Installing: /home/songdavid/ff_ws/install/turtlebot3_navigation2/share/turtlebot3_navigation2/param/waffle_pi.yaml
[1.031s] -- Installing: /home/songdavid/ff_ws/install/turtlebot3_navigation2/share/turtlebot3_navigation2/param/burger_cam.yaml
[1.031s] -- Installing: /home/songdavid/ff_ws/install/turtlebot3_navigation2/share/turtlebot3_navigation2/param/waffle.yaml
[1.031s] -- Installing: /home/songdavid/ff_ws/install/turtlebot3_navigation2/share/turtlebot3_navigation2/param/humble
[1.032s] -- Installing: /home/songdavid/ff_ws/install/turtlebot3_navigation2/share/turtlebot3_navigation2/param/humble/waffle_pi.yaml
[1.032s] -- Installing: /home/songdavid/ff_ws/install/turtlebot3_navigation2/share/turtlebot3_navigation2/param/humble/burger_cam.yaml
[1.032s] -- Installing: /home/songdavid/ff_ws/install/turtlebot3_navigation2/share/turtlebot3_navigation2/param/humble/waffle.yaml
[1.033s] -- Installing: /home/songdavid/ff_ws/install/turtlebot3_navigation2/share/turtlebot3_navigation2/param/humble/burger.yaml
[1.033s] -- Installing: /home/songdavid/ff_ws/install/turtlebot3_navigation2/share/turtlebot3_navigation2/param/burger.yaml
[1.033s] -- Installing: /home/songdavid/ff_ws/install/turtlebot3_navigation2/share/turtlebot3_navigation2/rviz
[1.033s] -- Installing: /home/songdavid/ff_ws/install/turtlebot3_navigation2/share/turtlebot3_navigation2/rviz/tb3_navigation2.rviz
[1.033s] -- Installing: /home/songdavid/ff_ws/install/turtlebot3_navigation2/share/ament_index/resource_index/package_run_dependencies/turtlebot3_navigation2
[1.033s] -- Installing: /home/songdavid/ff_ws/install/turtlebot3_navigation2/share/ament_index/resource_index/parent_prefix_path/turtlebot3_navigation2
[1.034s] -- Installing: /home/songdavid/ff_ws/install/turtlebot3_navigation2/share/turtlebot3_navigation2/environment/ament_prefix_path.sh
[1.034s] -- Installing: /home/songdavid/ff_ws/install/turtlebot3_navigation2/share/turtlebot3_navigation2/environment/ament_prefix_path.dsv
[1.035s] -- Installing: /home/songdavid/ff_ws/install/turtlebot3_navigation2/share/turtlebot3_navigation2/environment/path.sh
[1.036s] -- Installing: /home/songdavid/ff_ws/install/turtlebot3_navigation2/share/turtlebot3_navigation2/environment/path.dsv
[1.036s] -- Installing: /home/songdavid/ff_ws/install/turtlebot3_navigation2/share/turtlebot3_navigation2/local_setup.bash
[1.036s] -- Installing: /home/songdavid/ff_ws/install/turtlebot3_navigation2/share/turtlebot3_navigation2/local_setup.sh
[1.036s] -- Installing: /home/songdavid/ff_ws/install/turtlebot3_navigation2/share/turtlebot3_navigation2/local_setup.zsh
[1.036s] -- Installing: /home/songdavid/ff_ws/install/turtlebot3_navigation2/share/turtlebot3_navigation2/local_setup.dsv
[1.037s] -- Installing: /home/songdavid/ff_ws/install/turtlebot3_navigation2/share/turtlebot3_navigation2/package.dsv
[1.037s] -- Installing: /home/songdavid/ff_ws/install/turtlebot3_navigation2/share/ament_index/resource_index/packages/turtlebot3_navigation2
[1.037s] -- Installing: /home/songdavid/ff_ws/install/turtlebot3_navigation2/share/turtlebot3_navigation2/cmake/turtlebot3_navigation2Config.cmake
[1.037s] -- Installing: /home/songdavid/ff_ws/install/turtlebot3_navigation2/share/turtlebot3_navigation2/cmake/turtlebot3_navigation2Config-version.cmake
[1.037s] -- Installing: /home/songdavid/ff_ws/install/turtlebot3_navigation2/share/turtlebot3_navigation2/package.xml
[1.059s] Invoked command in '/home/songdavid/ff_ws/build/turtlebot3_navigation2' returned '0': CMAKE_PREFIX_PATH=${CMAKE_PREFIX_PATH}:/home/songdavid/ff_ws/install/explorer_wanderer:/home/songdavid/ff_ws/install/explorer_map_utils:/home/songdavid/ff_ws/install/explorer_bringup:/home/songdavid/ff_ws/install/autonomous_exploration:/home/songdavid/turtlebot3_ws/install/explorer_bringup:/home/songdavid/turtlebot3_ws/install/turtlebot3_teleop:/home/songdavid/turtlebot3_ws/install/turtlebot3_example:/home/songdavid/turtlebot3_ws/install/explorer_wanderer:/home/songdavid/turtlebot3_ws/install/explorer_map_utils:/home/songdavid/turtlebot3_ws/install/exploration_pkg:/opt/ros/humble /usr/bin/cmake --install /home/songdavid/ff_ws/build/turtlebot3_navigation2
