-- Install configuration: ""
-- Up-to-date: /home/songdavid/ff_ws/install/explorer_cartographer/share/explorer_cartographer/config
-- Up-to-date: /home/songdavid/ff_ws/install/explorer_cartographer/share/explorer_cartographer/config/turtlebot3_lds_2d.lua
-- Up-to-date: /home/songdavid/ff_ws/install/explorer_cartographer/share/explorer_cartographer/launch
-- Up-to-date: /home/songdavid/ff_ws/install/explorer_cartographer/share/explorer_cartographer/launch/occupancy_grid.launch.py
-- Up-to-date: /home/songdavid/ff_ws/install/explorer_cartographer/share/explorer_cartographer/launch/cartographer.launch.py
-- Up-to-date: /home/songdavid/ff_ws/install/explorer_cartographer/share/explorer_cartographer/rviz
-- Up-to-date: /home/songdavid/ff_ws/install/explorer_cartographer/share/explorer_cartographer/rviz/tb3_cartographer.rviz
-- Up-to-date: /home/songdavid/ff_ws/install/explorer_cartographer/share/ament_index/resource_index/package_run_dependencies/explorer_cartographer
-- Up-to-date: /home/songdavid/ff_ws/install/explorer_cartographer/share/ament_index/resource_index/parent_prefix_path/explorer_cartographer
-- Up-to-date: /home/songdavid/ff_ws/install/explorer_cartographer/share/explorer_cartographer/environment/ament_prefix_path.sh
-- Up-to-date: /home/songdavid/ff_ws/install/explorer_cartographer/share/explorer_cartographer/environment/ament_prefix_path.dsv
-- Up-to-date: /home/songdavid/ff_ws/install/explorer_cartographer/share/explorer_cartographer/environment/path.sh
-- Up-to-date: /home/songdavid/ff_ws/install/explorer_cartographer/share/explorer_cartographer/environment/path.dsv
-- Up-to-date: /home/songdavid/ff_ws/install/explorer_cartographer/share/explorer_cartographer/local_setup.bash
-- Up-to-date: /home/songdavid/ff_ws/install/explorer_cartographer/share/explorer_cartographer/local_setup.sh
-- Up-to-date: /home/songdavid/ff_ws/install/explorer_cartographer/share/explorer_cartographer/local_setup.zsh
-- Up-to-date: /home/songdavid/ff_ws/install/explorer_cartographer/share/explorer_cartographer/local_setup.dsv
-- Installing: /home/songdavid/ff_ws/install/explorer_cartographer/share/explorer_cartographer/package.dsv
-- Up-to-date: /home/songdavid/ff_ws/install/explorer_cartographer/share/ament_index/resource_index/packages/explorer_cartographer
-- Up-to-date: /home/songdavid/ff_ws/install/explorer_cartographer/share/explorer_cartographer/cmake/explorer_cartographerConfig.cmake
-- Up-to-date: /home/songdavid/ff_ws/install/explorer_cartographer/share/explorer_cartographer/cmake/explorer_cartographerConfig-version.cmake
-- Up-to-date: /home/songdavid/ff_ws/install/explorer_cartographer/share/explorer_cartographer/package.xml
