[1.142s] Invoking command in '/home/songdavid/ff_ws/src/turtlebot3/turtlebot3_teleop': PYTHONPATH=/home/songdavid/ff_ws/build/turtlebot3_teleop/prefix_override:/usr/lib/python3/dist-packages/colcon_core/task/python/colcon_distutils_commands:/home/songdavid/ff_ws/install/turtlebot3_teleop/lib/python3.10/site-packages:${PYTHONPATH} /usr/bin/python3 -W ignore:setup.py install is deprecated -W ignore:easy_install command is deprecated setup.py egg_info --egg-base ../../../build/turtlebot3_teleop build --build-base /home/songdavid/ff_ws/build/turtlebot3_teleop/build install --record /home/songdavid/ff_ws/build/turtlebot3_teleop/install.log --single-version-externally-managed install_data
[1.585s] running egg_info
[1.586s] writing ../../../build/turtlebot3_teleop/turtlebot3_teleop.egg-info/PKG-INFO
[1.586s] writing dependency_links to ../../../build/turtlebot3_teleop/turtlebot3_teleop.egg-info/dependency_links.txt
[1.586s] writing entry points to ../../../build/turtlebot3_teleop/turtlebot3_teleop.egg-info/entry_points.txt
[1.587s] writing requirements to ../../../build/turtlebot3_teleop/turtlebot3_teleop.egg-info/requires.txt
[1.587s] writing top-level names to ../../../build/turtlebot3_teleop/turtlebot3_teleop.egg-info/top_level.txt
[1.589s] reading manifest file '../../../build/turtlebot3_teleop/turtlebot3_teleop.egg-info/SOURCES.txt'
[1.590s] writing manifest file '../../../build/turtlebot3_teleop/turtlebot3_teleop.egg-info/SOURCES.txt'
[1.590s] running build
[1.590s] running build_py
[1.590s] running install
[1.591s] running install_lib
[1.592s] running install_data
[1.592s] running install_egg_info
[1.595s] removing '/home/songdavid/ff_ws/install/turtlebot3_teleop/lib/python3.10/site-packages/turtlebot3_teleop-2.2.9-py3.10.egg-info' (and everything under it)
[1.596s] Copying ../../../build/turtlebot3_teleop/turtlebot3_teleop.egg-info to /home/songdavid/ff_ws/install/turtlebot3_teleop/lib/python3.10/site-packages/turtlebot3_teleop-2.2.9-py3.10.egg-info
[1.597s] running install_scripts
[1.623s] Installing teleop_keyboard script to /home/songdavid/ff_ws/install/turtlebot3_teleop/lib/turtlebot3_teleop
[1.623s] writing list of installed files to '/home/songdavid/ff_ws/build/turtlebot3_teleop/install.log'
[1.744s] Invoked command in '/home/songdavid/ff_ws/src/turtlebot3/turtlebot3_teleop' returned '0': PYTHONPATH=/home/songdavid/ff_ws/build/turtlebot3_teleop/prefix_override:/usr/lib/python3/dist-packages/colcon_core/task/python/colcon_distutils_commands:/home/songdavid/ff_ws/install/turtlebot3_teleop/lib/python3.10/site-packages:${PYTHONPATH} /usr/bin/python3 -W ignore:setup.py install is deprecated -W ignore:easy_install command is deprecated setup.py egg_info --egg-base ../../../build/turtlebot3_teleop build --build-base /home/songdavid/ff_ws/build/turtlebot3_teleop/build install --record /home/songdavid/ff_ws/build/turtlebot3_teleop/install.log --single-version-externally-managed install_data
