[1.637s] Invoking command in '/home/songdavid/ff_ws/src/ros2_explorer/explorer_bringup': PYTHONPATH=/home/songdavid/ff_ws/build/explorer_bringup/prefix_override:/usr/lib/python3/dist-packages/colcon_core/task/python/colcon_distutils_commands:/home/songdavid/ff_ws/install/explorer_bringup/lib/python3.10/site-packages:${PYTHONPATH} /usr/bin/python3 -W ignore:setup.py install is deprecated -W ignore:easy_install command is deprecated setup.py egg_info --egg-base ../../../build/explorer_bringup build --build-base /home/songdavid/ff_ws/build/explorer_bringup/build install --record /home/songdavid/ff_ws/build/explorer_bringup/install.log --single-version-externally-managed install_data
[1.923s] running egg_info
[1.924s] writing ../../../build/explorer_bringup/explorer_bringup.egg-info/PKG-INFO
[1.924s] writing dependency_links to ../../../build/explorer_bringup/explorer_bringup.egg-info/dependency_links.txt
[1.924s] writing entry points to ../../../build/explorer_bringup/explorer_bringup.egg-info/entry_points.txt
[1.924s] writing requirements to ../../../build/explorer_bringup/explorer_bringup.egg-info/requires.txt
[1.925s] writing top-level names to ../../../build/explorer_bringup/explorer_bringup.egg-info/top_level.txt
[1.926s] reading manifest file '../../../build/explorer_bringup/explorer_bringup.egg-info/SOURCES.txt'
[1.927s] writing manifest file '../../../build/explorer_bringup/explorer_bringup.egg-info/SOURCES.txt'
[1.927s] running build
[1.927s] running build_py
[1.928s] running install
[1.928s] running install_lib
[1.929s] running install_data
[1.929s] running install_egg_info
[1.931s] removing '/home/songdavid/ff_ws/install/explorer_bringup/lib/python3.10/site-packages/explorer_bringup-0.0.0-py3.10.egg-info' (and everything under it)
[1.931s] Copying ../../../build/explorer_bringup/explorer_bringup.egg-info to /home/songdavid/ff_ws/install/explorer_bringup/lib/python3.10/site-packages/explorer_bringup-0.0.0-py3.10.egg-info
[1.932s] running install_scripts
[1.954s] Installing explorer script to /home/songdavid/ff_ws/install/explorer_bringup/lib/explorer_bringup
[1.954s] Installing manager script to /home/songdavid/ff_ws/install/explorer_bringup/lib/explorer_bringup
[1.955s] writing list of installed files to '/home/songdavid/ff_ws/build/explorer_bringup/install.log'
[2.000s] Invoked command in '/home/songdavid/ff_ws/src/ros2_explorer/explorer_bringup' returned '0': PYTHONPATH=/home/songdavid/ff_ws/build/explorer_bringup/prefix_override:/usr/lib/python3/dist-packages/colcon_core/task/python/colcon_distutils_commands:/home/songdavid/ff_ws/install/explorer_bringup/lib/python3.10/site-packages:${PYTHONPATH} /usr/bin/python3 -W ignore:setup.py install is deprecated -W ignore:easy_install command is deprecated setup.py egg_info --egg-base ../../../build/explorer_bringup build --build-base /home/songdavid/ff_ws/build/explorer_bringup/build install --record /home/songdavid/ff_ws/build/explorer_bringup/install.log --single-version-externally-managed install_data
