[2.596s] Invoking command in '/home/songdavid/ff_ws/src/autonomous_exploration': PYTHONPATH=/home/songdavid/ff_ws/build/autonomous_exploration/prefix_override:/usr/lib/python3/dist-packages/colcon_core/task/python/colcon_distutils_commands:/home/songdavid/ff_ws/install/autonomous_exploration/lib/python3.10/site-packages:${PYTHONPATH} /usr/bin/python3 -W ignore:setup.py install is deprecated -W ignore:easy_install command is deprecated setup.py egg_info --egg-base ../../build/autonomous_exploration build --build-base /home/songdavid/ff_ws/build/autonomous_exploration/build install --record /home/songdavid/ff_ws/build/autonomous_exploration/install.log --single-version-externally-managed install_data
[3.068s] running egg_info
[3.070s] writing ../../build/autonomous_exploration/autonomous_exploration.egg-info/PKG-INFO
[3.071s] writing dependency_links to ../../build/autonomous_exploration/autonomous_exploration.egg-info/dependency_links.txt
[3.071s] writing entry points to ../../build/autonomous_exploration/autonomous_exploration.egg-info/entry_points.txt
[3.071s] writing requirements to ../../build/autonomous_exploration/autonomous_exploration.egg-info/requires.txt
[3.072s] writing top-level names to ../../build/autonomous_exploration/autonomous_exploration.egg-info/top_level.txt
[3.075s] reading manifest file '../../build/autonomous_exploration/autonomous_exploration.egg-info/SOURCES.txt'
[3.078s] writing manifest file '../../build/autonomous_exploration/autonomous_exploration.egg-info/SOURCES.txt'
[3.078s] running build
[3.078s] running build_py
[3.079s] running install
[3.080s] running install_lib
[3.082s] running install_data
[3.082s] running install_egg_info
[3.085s] removing '/home/songdavid/ff_ws/install/autonomous_exploration/lib/python3.10/site-packages/autonomous_exploration-0.0.0-py3.10.egg-info' (and everything under it)
[3.086s] Copying ../../build/autonomous_exploration/autonomous_exploration.egg-info to /home/songdavid/ff_ws/install/autonomous_exploration/lib/python3.10/site-packages/autonomous_exploration-0.0.0-py3.10.egg-info
[3.088s] running install_scripts
[3.138s] Installing control script to /home/songdavid/ff_ws/install/autonomous_exploration/lib/autonomous_exploration
[3.139s] writing list of installed files to '/home/songdavid/ff_ws/build/autonomous_exploration/install.log'
[3.216s] Invoked command in '/home/songdavid/ff_ws/src/autonomous_exploration' returned '0': PYTHONPATH=/home/songdavid/ff_ws/build/autonomous_exploration/prefix_override:/usr/lib/python3/dist-packages/colcon_core/task/python/colcon_distutils_commands:/home/songdavid/ff_ws/install/autonomous_exploration/lib/python3.10/site-packages:${PYTHONPATH} /usr/bin/python3 -W ignore:setup.py install is deprecated -W ignore:easy_install command is deprecated setup.py egg_info --egg-base ../../build/autonomous_exploration build --build-base /home/songdavid/ff_ws/build/autonomous_exploration/build install --record /home/songdavid/ff_ws/build/autonomous_exploration/install.log --single-version-externally-managed install_data
