[0.155s] DEBUG:colcon:Command line arguments: ['/usr/bin/colcon', 'build']
[0.155s] DEBUG:colcon:Parsed command line arguments: Namespace(log_base=None, log_level=None, verb_name='build', build_base='build', install_base='install', merge_install=False, symlink_install=False, test_result_base=None, continue_on_error=False, executor='parallel', parallel_workers=8, event_handlers=None, ignore_user_meta=False, metas=['./colcon.meta'], base_paths=['.'], packages_ignore=None, packages_ignore_regex=None, paths=None, packages_up_to=None, packages_up_to_regex=None, packages_above=None, packages_above_and_dependencies=None, packages_above_depth=None, packages_select_by_dep=None, packages_skip_by_dep=None, packages_skip_up_to=None, packages_select_build_failed=False, packages_skip_build_finished=False, packages_select_test_failures=False, packages_skip_test_passed=False, packages_select=None, packages_skip=None, packages_select_regex=None, packages_skip_regex=None, packages_start=None, packages_end=None, allow_overriding=[], cmake_args=None, cmake_target=None, cmake_target_skip_unavailable=False, cmake_clean_cache=False, cmake_clean_first=False, cmake_force_configure=False, ament_cmake_args=None, catkin_cmake_args=None, catkin_skip_building_tests=False, mixin_files=None, mixin=None, verb_parser=<colcon_mixin.mixin.mixin_argument.MixinArgumentDecorator object at 0x7d1e8d559060>, verb_extension=<colcon_core.verb.build.BuildVerb object at 0x7d1e8d5582b0>, main=<bound method BuildVerb.main of <colcon_core.verb.build.BuildVerb object at 0x7d1e8d5582b0>>, mixin_verb=('build',))
[0.355s] Level 1:colcon.colcon_core.package_discovery:discover_packages(colcon_meta) check parameters
[0.355s] Level 1:colcon.colcon_core.package_discovery:discover_packages(recursive) check parameters
[0.355s] Level 1:colcon.colcon_core.package_discovery:discover_packages(ignore) check parameters
[0.355s] Level 1:colcon.colcon_core.package_discovery:discover_packages(path) check parameters
[0.355s] Level 1:colcon.colcon_core.package_discovery:discover_packages(colcon_meta) discover
[0.355s] Level 1:colcon.colcon_core.package_discovery:discover_packages(recursive) discover
[0.355s] INFO:colcon.colcon_core.package_discovery:Crawling recursively for packages in '/home/songdavid/ff_ws'
[0.355s] Level 1:colcon.colcon_core.package_identification:_identify(.) by extensions ['ignore', 'ignore_ament_install']
[0.356s] Level 1:colcon.colcon_core.package_identification:_identify(.) by extension 'ignore'
[0.356s] Level 1:colcon.colcon_core.package_identification:_identify(.) by extension 'ignore_ament_install'
[0.356s] Level 1:colcon.colcon_core.package_identification:_identify(.) by extensions ['colcon_pkg']
[0.356s] Level 1:colcon.colcon_core.package_identification:_identify(.) by extension 'colcon_pkg'
[0.356s] Level 1:colcon.colcon_core.package_identification:_identify(.) by extensions ['colcon_meta']
[0.356s] Level 1:colcon.colcon_core.package_identification:_identify(.) by extension 'colcon_meta'
[0.356s] Level 1:colcon.colcon_core.package_identification:_identify(.) by extensions ['ros']
[0.356s] Level 1:colcon.colcon_core.package_identification:_identify(.) by extension 'ros'
[0.368s] Level 1:colcon.colcon_core.package_identification:_identify(.) by extensions ['cmake', 'python']
[0.368s] Level 1:colcon.colcon_core.package_identification:_identify(.) by extension 'cmake'
[0.368s] Level 1:colcon.colcon_core.package_identification:_identify(.) by extension 'python'
[0.368s] Level 1:colcon.colcon_core.package_identification:_identify(.) by extensions ['python_setup_py']
[0.368s] Level 1:colcon.colcon_core.package_identification:_identify(.) by extension 'python_setup_py'
[0.368s] Level 1:colcon.colcon_core.package_identification:_identify(build) by extensions ['ignore', 'ignore_ament_install']
[0.369s] Level 1:colcon.colcon_core.package_identification:_identify(build) by extension 'ignore'
[0.369s] Level 1:colcon.colcon_core.package_identification:_identify(build) ignored
[0.369s] Level 1:colcon.colcon_core.package_identification:_identify(install) by extensions ['ignore', 'ignore_ament_install']
[0.369s] Level 1:colcon.colcon_core.package_identification:_identify(install) by extension 'ignore'
[0.369s] Level 1:colcon.colcon_core.package_identification:_identify(install) ignored
[0.369s] Level 1:colcon.colcon_core.package_identification:_identify(log) by extensions ['ignore', 'ignore_ament_install']
[0.369s] Level 1:colcon.colcon_core.package_identification:_identify(log) by extension 'ignore'
[0.369s] Level 1:colcon.colcon_core.package_identification:_identify(log) ignored
[0.369s] Level 1:colcon.colcon_core.package_identification:_identify(src) by extensions ['ignore', 'ignore_ament_install']
[0.369s] Level 1:colcon.colcon_core.package_identification:_identify(src) by extension 'ignore'
[0.369s] Level 1:colcon.colcon_core.package_identification:_identify(src) by extension 'ignore_ament_install'
[0.369s] Level 1:colcon.colcon_core.package_identification:_identify(src) by extensions ['colcon_pkg']
[0.369s] Level 1:colcon.colcon_core.package_identification:_identify(src) by extension 'colcon_pkg'
[0.369s] Level 1:colcon.colcon_core.package_identification:_identify(src) by extensions ['colcon_meta']
[0.370s] Level 1:colcon.colcon_core.package_identification:_identify(src) by extension 'colcon_meta'
[0.370s] Level 1:colcon.colcon_core.package_identification:_identify(src) by extensions ['ros']
[0.370s] Level 1:colcon.colcon_core.package_identification:_identify(src) by extension 'ros'
[0.370s] Level 1:colcon.colcon_core.package_identification:_identify(src) by extensions ['cmake', 'python']
[0.370s] Level 1:colcon.colcon_core.package_identification:_identify(src) by extension 'cmake'
[0.370s] Level 1:colcon.colcon_core.package_identification:_identify(src) by extension 'python'
[0.370s] Level 1:colcon.colcon_core.package_identification:_identify(src) by extensions ['python_setup_py']
[0.370s] Level 1:colcon.colcon_core.package_identification:_identify(src) by extension 'python_setup_py'
[0.370s] Level 1:colcon.colcon_core.package_identification:_identify(src/autonomous_exploration) by extensions ['ignore', 'ignore_ament_install']
[0.370s] Level 1:colcon.colcon_core.package_identification:_identify(src/autonomous_exploration) by extension 'ignore'
[0.370s] Level 1:colcon.colcon_core.package_identification:_identify(src/autonomous_exploration) by extension 'ignore_ament_install'
[0.370s] Level 1:colcon.colcon_core.package_identification:_identify(src/autonomous_exploration) by extensions ['colcon_pkg']
[0.370s] Level 1:colcon.colcon_core.package_identification:_identify(src/autonomous_exploration) by extension 'colcon_pkg'
[0.370s] Level 1:colcon.colcon_core.package_identification:_identify(src/autonomous_exploration) by extensions ['colcon_meta']
[0.370s] Level 1:colcon.colcon_core.package_identification:_identify(src/autonomous_exploration) by extension 'colcon_meta'
[0.370s] Level 1:colcon.colcon_core.package_identification:_identify(src/autonomous_exploration) by extensions ['ros']
[0.370s] Level 1:colcon.colcon_core.package_identification:_identify(src/autonomous_exploration) by extension 'ros'
[0.373s] DEBUG:colcon.colcon_core.package_identification:Package 'src/autonomous_exploration' with type 'ros.ament_python' and name 'autonomous_exploration'
[0.373s] Level 1:colcon.colcon_core.package_identification:_identify(src/ros2_explorer) by extensions ['ignore', 'ignore_ament_install']
[0.373s] Level 1:colcon.colcon_core.package_identification:_identify(src/ros2_explorer) by extension 'ignore'
[0.373s] Level 1:colcon.colcon_core.package_identification:_identify(src/ros2_explorer) by extension 'ignore_ament_install'
[0.373s] Level 1:colcon.colcon_core.package_identification:_identify(src/ros2_explorer) by extensions ['colcon_pkg']
[0.373s] Level 1:colcon.colcon_core.package_identification:_identify(src/ros2_explorer) by extension 'colcon_pkg'
[0.373s] Level 1:colcon.colcon_core.package_identification:_identify(src/ros2_explorer) by extensions ['colcon_meta']
[0.373s] Level 1:colcon.colcon_core.package_identification:_identify(src/ros2_explorer) by extension 'colcon_meta'
[0.373s] Level 1:colcon.colcon_core.package_identification:_identify(src/ros2_explorer) by extensions ['ros']
[0.373s] Level 1:colcon.colcon_core.package_identification:_identify(src/ros2_explorer) by extension 'ros'
[0.373s] Level 1:colcon.colcon_core.package_identification:_identify(src/ros2_explorer) by extensions ['cmake', 'python']
[0.373s] Level 1:colcon.colcon_core.package_identification:_identify(src/ros2_explorer) by extension 'cmake'
[0.373s] Level 1:colcon.colcon_core.package_identification:_identify(src/ros2_explorer) by extension 'python'
[0.373s] Level 1:colcon.colcon_core.package_identification:_identify(src/ros2_explorer) by extensions ['python_setup_py']
[0.373s] Level 1:colcon.colcon_core.package_identification:_identify(src/ros2_explorer) by extension 'python_setup_py'
[0.374s] Level 1:colcon.colcon_core.package_identification:_identify(src/ros2_explorer/explorer_bringup) by extensions ['ignore', 'ignore_ament_install']
[0.374s] Level 1:colcon.colcon_core.package_identification:_identify(src/ros2_explorer/explorer_bringup) by extension 'ignore'
[0.374s] Level 1:colcon.colcon_core.package_identification:_identify(src/ros2_explorer/explorer_bringup) by extension 'ignore_ament_install'
[0.374s] Level 1:colcon.colcon_core.package_identification:_identify(src/ros2_explorer/explorer_bringup) by extensions ['colcon_pkg']
[0.374s] Level 1:colcon.colcon_core.package_identification:_identify(src/ros2_explorer/explorer_bringup) by extension 'colcon_pkg'
[0.374s] Level 1:colcon.colcon_core.package_identification:_identify(src/ros2_explorer/explorer_bringup) by extensions ['colcon_meta']
[0.374s] Level 1:colcon.colcon_core.package_identification:_identify(src/ros2_explorer/explorer_bringup) by extension 'colcon_meta'
[0.374s] Level 1:colcon.colcon_core.package_identification:_identify(src/ros2_explorer/explorer_bringup) by extensions ['ros']
[0.374s] Level 1:colcon.colcon_core.package_identification:_identify(src/ros2_explorer/explorer_bringup) by extension 'ros'
[0.375s] DEBUG:colcon.colcon_core.package_identification:Package 'src/ros2_explorer/explorer_bringup' with type 'ros.ament_python' and name 'explorer_bringup'
[0.375s] Level 1:colcon.colcon_core.package_identification:_identify(src/ros2_explorer/explorer_cartographer) by extensions ['ignore', 'ignore_ament_install']
[0.375s] Level 1:colcon.colcon_core.package_identification:_identify(src/ros2_explorer/explorer_cartographer) by extension 'ignore'
[0.375s] Level 1:colcon.colcon_core.package_identification:_identify(src/ros2_explorer/explorer_cartographer) by extension 'ignore_ament_install'
[0.375s] Level 1:colcon.colcon_core.package_identification:_identify(src/ros2_explorer/explorer_cartographer) by extensions ['colcon_pkg']
[0.375s] Level 1:colcon.colcon_core.package_identification:_identify(src/ros2_explorer/explorer_cartographer) by extension 'colcon_pkg'
[0.375s] Level 1:colcon.colcon_core.package_identification:_identify(src/ros2_explorer/explorer_cartographer) by extensions ['colcon_meta']
[0.375s] Level 1:colcon.colcon_core.package_identification:_identify(src/ros2_explorer/explorer_cartographer) by extension 'colcon_meta'
[0.375s] Level 1:colcon.colcon_core.package_identification:_identify(src/ros2_explorer/explorer_cartographer) by extensions ['ros']
[0.375s] Level 1:colcon.colcon_core.package_identification:_identify(src/ros2_explorer/explorer_cartographer) by extension 'ros'
[0.377s] DEBUG:colcon.colcon_core.package_identification:Package 'src/ros2_explorer/explorer_cartographer' with type 'ros.ament_cmake' and name 'explorer_cartographer'
[0.377s] Level 1:colcon.colcon_core.package_identification:_identify(src/ros2_explorer/explorer_gazebo) by extensions ['ignore', 'ignore_ament_install']
[0.377s] Level 1:colcon.colcon_core.package_identification:_identify(src/ros2_explorer/explorer_gazebo) by extension 'ignore'
[0.377s] Level 1:colcon.colcon_core.package_identification:_identify(src/ros2_explorer/explorer_gazebo) by extension 'ignore_ament_install'
[0.377s] Level 1:colcon.colcon_core.package_identification:_identify(src/ros2_explorer/explorer_gazebo) by extensions ['colcon_pkg']
[0.377s] Level 1:colcon.colcon_core.package_identification:_identify(src/ros2_explorer/explorer_gazebo) by extension 'colcon_pkg'
[0.377s] Level 1:colcon.colcon_core.package_identification:_identify(src/ros2_explorer/explorer_gazebo) by extensions ['colcon_meta']
[0.377s] Level 1:colcon.colcon_core.package_identification:_identify(src/ros2_explorer/explorer_gazebo) by extension 'colcon_meta'
[0.377s] Level 1:colcon.colcon_core.package_identification:_identify(src/ros2_explorer/explorer_gazebo) by extensions ['ros']
[0.377s] Level 1:colcon.colcon_core.package_identification:_identify(src/ros2_explorer/explorer_gazebo) by extension 'ros'
[0.378s] DEBUG:colcon.colcon_core.package_identification:Package 'src/ros2_explorer/explorer_gazebo' with type 'ros.ament_cmake' and name 'explorer_gazebo'
[0.378s] Level 1:colcon.colcon_core.package_identification:_identify(src/ros2_explorer/explorer_interfaces) by extensions ['ignore', 'ignore_ament_install']
[0.378s] Level 1:colcon.colcon_core.package_identification:_identify(src/ros2_explorer/explorer_interfaces) by extension 'ignore'
[0.378s] Level 1:colcon.colcon_core.package_identification:_identify(src/ros2_explorer/explorer_interfaces) by extension 'ignore_ament_install'
[0.378s] Level 1:colcon.colcon_core.package_identification:_identify(src/ros2_explorer/explorer_interfaces) by extensions ['colcon_pkg']
[0.378s] Level 1:colcon.colcon_core.package_identification:_identify(src/ros2_explorer/explorer_interfaces) by extension 'colcon_pkg'
[0.378s] Level 1:colcon.colcon_core.package_identification:_identify(src/ros2_explorer/explorer_interfaces) by extensions ['colcon_meta']
[0.378s] Level 1:colcon.colcon_core.package_identification:_identify(src/ros2_explorer/explorer_interfaces) by extension 'colcon_meta'
[0.378s] Level 1:colcon.colcon_core.package_identification:_identify(src/ros2_explorer/explorer_interfaces) by extensions ['ros']
[0.378s] Level 1:colcon.colcon_core.package_identification:_identify(src/ros2_explorer/explorer_interfaces) by extension 'ros'
[0.380s] DEBUG:colcon.colcon_core.package_identification:Package 'src/ros2_explorer/explorer_interfaces' with type 'ros.ament_cmake' and name 'explorer_interfaces'
[0.380s] Level 1:colcon.colcon_core.package_identification:_identify(src/ros2_explorer/explorer_map_utils) by extensions ['ignore', 'ignore_ament_install']
[0.380s] Level 1:colcon.colcon_core.package_identification:_identify(src/ros2_explorer/explorer_map_utils) by extension 'ignore'
[0.380s] Level 1:colcon.colcon_core.package_identification:_identify(src/ros2_explorer/explorer_map_utils) by extension 'ignore_ament_install'
[0.380s] Level 1:colcon.colcon_core.package_identification:_identify(src/ros2_explorer/explorer_map_utils) by extensions ['colcon_pkg']
[0.380s] Level 1:colcon.colcon_core.package_identification:_identify(src/ros2_explorer/explorer_map_utils) by extension 'colcon_pkg'
[0.380s] Level 1:colcon.colcon_core.package_identification:_identify(src/ros2_explorer/explorer_map_utils) by extensions ['colcon_meta']
[0.380s] Level 1:colcon.colcon_core.package_identification:_identify(src/ros2_explorer/explorer_map_utils) by extension 'colcon_meta'
[0.380s] Level 1:colcon.colcon_core.package_identification:_identify(src/ros2_explorer/explorer_map_utils) by extensions ['ros']
[0.380s] Level 1:colcon.colcon_core.package_identification:_identify(src/ros2_explorer/explorer_map_utils) by extension 'ros'
[0.381s] DEBUG:colcon.colcon_core.package_identification:Package 'src/ros2_explorer/explorer_map_utils' with type 'ros.ament_python' and name 'explorer_map_utils'
[0.381s] Level 1:colcon.colcon_core.package_identification:_identify(src/ros2_explorer/explorer_wanderer) by extensions ['ignore', 'ignore_ament_install']
[0.381s] Level 1:colcon.colcon_core.package_identification:_identify(src/ros2_explorer/explorer_wanderer) by extension 'ignore'
[0.381s] Level 1:colcon.colcon_core.package_identification:_identify(src/ros2_explorer/explorer_wanderer) by extension 'ignore_ament_install'
[0.381s] Level 1:colcon.colcon_core.package_identification:_identify(src/ros2_explorer/explorer_wanderer) by extensions ['colcon_pkg']
[0.381s] Level 1:colcon.colcon_core.package_identification:_identify(src/ros2_explorer/explorer_wanderer) by extension 'colcon_pkg'
[0.381s] Level 1:colcon.colcon_core.package_identification:_identify(src/ros2_explorer/explorer_wanderer) by extensions ['colcon_meta']
[0.381s] Level 1:colcon.colcon_core.package_identification:_identify(src/ros2_explorer/explorer_wanderer) by extension 'colcon_meta'
[0.382s] Level 1:colcon.colcon_core.package_identification:_identify(src/ros2_explorer/explorer_wanderer) by extensions ['ros']
[0.382s] Level 1:colcon.colcon_core.package_identification:_identify(src/ros2_explorer/explorer_wanderer) by extension 'ros'
[0.382s] DEBUG:colcon.colcon_core.package_identification:Package 'src/ros2_explorer/explorer_wanderer' with type 'ros.ament_python' and name 'explorer_wanderer'
[0.382s] Level 1:colcon.colcon_core.package_discovery:discover_packages(recursive) using defaults
[0.382s] Level 1:colcon.colcon_core.package_discovery:discover_packages(ignore) discover
[0.382s] Level 1:colcon.colcon_core.package_discovery:discover_packages(ignore) using defaults
[0.382s] Level 1:colcon.colcon_core.package_discovery:discover_packages(path) discover
[0.382s] Level 1:colcon.colcon_core.package_discovery:discover_packages(path) using defaults
[0.433s] Level 1:colcon.colcon_core.package_discovery:discover_packages(prefix_path) check parameters
[0.433s] Level 1:colcon.colcon_core.package_discovery:discover_packages(prefix_path) discover
[0.436s] DEBUG:colcon.colcon_installed_package_information.package_discovery:Found 1 installed packages in /home/songdavid/ff_ws/install
[0.437s] DEBUG:colcon.colcon_installed_package_information.package_discovery:Found 22 installed packages in /home/songdavid/turtlebot3_ws/install
[0.439s] DEBUG:colcon.colcon_installed_package_information.package_discovery:Found 410 installed packages in /opt/ros/humble
[0.442s] Level 1:colcon.colcon_core.package_discovery:discover_packages(prefix_path) using defaults
[0.503s] Level 5:colcon.colcon_core.verb:set package 'autonomous_exploration' build argument 'cmake_args' from command line to 'None'
[0.503s] Level 5:colcon.colcon_core.verb:set package 'autonomous_exploration' build argument 'cmake_target' from command line to 'None'
[0.503s] Level 5:colcon.colcon_core.verb:set package 'autonomous_exploration' build argument 'cmake_target_skip_unavailable' from command line to 'False'
[0.503s] Level 5:colcon.colcon_core.verb:set package 'autonomous_exploration' build argument 'cmake_clean_cache' from command line to 'False'
[0.503s] Level 5:colcon.colcon_core.verb:set package 'autonomous_exploration' build argument 'cmake_clean_first' from command line to 'False'
[0.503s] Level 5:colcon.colcon_core.verb:set package 'autonomous_exploration' build argument 'cmake_force_configure' from command line to 'False'
[0.503s] Level 5:colcon.colcon_core.verb:set package 'autonomous_exploration' build argument 'ament_cmake_args' from command line to 'None'
[0.504s] Level 5:colcon.colcon_core.verb:set package 'autonomous_exploration' build argument 'catkin_cmake_args' from command line to 'None'
[0.504s] Level 5:colcon.colcon_core.verb:set package 'autonomous_exploration' build argument 'catkin_skip_building_tests' from command line to 'False'
[0.504s] DEBUG:colcon.colcon_core.verb:Building package 'autonomous_exploration' with the following arguments: {'ament_cmake_args': None, 'build_base': '/home/songdavid/ff_ws/build/autonomous_exploration', 'catkin_cmake_args': None, 'catkin_skip_building_tests': False, 'cmake_args': None, 'cmake_clean_cache': False, 'cmake_clean_first': False, 'cmake_force_configure': False, 'cmake_target': None, 'cmake_target_skip_unavailable': False, 'install_base': '/home/songdavid/ff_ws/install/autonomous_exploration', 'merge_install': False, 'path': '/home/songdavid/ff_ws/src/autonomous_exploration', 'symlink_install': False, 'test_result_base': None}
[0.504s] Level 5:colcon.colcon_core.verb:set package 'explorer_bringup' build argument 'cmake_args' from command line to 'None'
[0.504s] Level 5:colcon.colcon_core.verb:set package 'explorer_bringup' build argument 'cmake_target' from command line to 'None'
[0.504s] Level 5:colcon.colcon_core.verb:set package 'explorer_bringup' build argument 'cmake_target_skip_unavailable' from command line to 'False'
[0.504s] Level 5:colcon.colcon_core.verb:set package 'explorer_bringup' build argument 'cmake_clean_cache' from command line to 'False'
[0.504s] Level 5:colcon.colcon_core.verb:set package 'explorer_bringup' build argument 'cmake_clean_first' from command line to 'False'
[0.504s] Level 5:colcon.colcon_core.verb:set package 'explorer_bringup' build argument 'cmake_force_configure' from command line to 'False'
[0.504s] Level 5:colcon.colcon_core.verb:set package 'explorer_bringup' build argument 'ament_cmake_args' from command line to 'None'
[0.504s] Level 5:colcon.colcon_core.verb:set package 'explorer_bringup' build argument 'catkin_cmake_args' from command line to 'None'
[0.504s] Level 5:colcon.colcon_core.verb:set package 'explorer_bringup' build argument 'catkin_skip_building_tests' from command line to 'False'
[0.504s] DEBUG:colcon.colcon_core.verb:Building package 'explorer_bringup' with the following arguments: {'ament_cmake_args': None, 'build_base': '/home/songdavid/ff_ws/build/explorer_bringup', 'catkin_cmake_args': None, 'catkin_skip_building_tests': False, 'cmake_args': None, 'cmake_clean_cache': False, 'cmake_clean_first': False, 'cmake_force_configure': False, 'cmake_target': None, 'cmake_target_skip_unavailable': False, 'install_base': '/home/songdavid/ff_ws/install/explorer_bringup', 'merge_install': False, 'path': '/home/songdavid/ff_ws/src/ros2_explorer/explorer_bringup', 'symlink_install': False, 'test_result_base': None}
[0.505s] Level 5:colcon.colcon_core.verb:set package 'explorer_cartographer' build argument 'cmake_args' from command line to 'None'
[0.505s] Level 5:colcon.colcon_core.verb:set package 'explorer_cartographer' build argument 'cmake_target' from command line to 'None'
[0.505s] Level 5:colcon.colcon_core.verb:set package 'explorer_cartographer' build argument 'cmake_target_skip_unavailable' from command line to 'False'
[0.505s] Level 5:colcon.colcon_core.verb:set package 'explorer_cartographer' build argument 'cmake_clean_cache' from command line to 'False'
[0.505s] Level 5:colcon.colcon_core.verb:set package 'explorer_cartographer' build argument 'cmake_clean_first' from command line to 'False'
[0.505s] Level 5:colcon.colcon_core.verb:set package 'explorer_cartographer' build argument 'cmake_force_configure' from command line to 'False'
[0.505s] Level 5:colcon.colcon_core.verb:set package 'explorer_cartographer' build argument 'ament_cmake_args' from command line to 'None'
[0.505s] Level 5:colcon.colcon_core.verb:set package 'explorer_cartographer' build argument 'catkin_cmake_args' from command line to 'None'
[0.505s] Level 5:colcon.colcon_core.verb:set package 'explorer_cartographer' build argument 'catkin_skip_building_tests' from command line to 'False'
[0.505s] DEBUG:colcon.colcon_core.verb:Building package 'explorer_cartographer' with the following arguments: {'ament_cmake_args': None, 'build_base': '/home/songdavid/ff_ws/build/explorer_cartographer', 'catkin_cmake_args': None, 'catkin_skip_building_tests': False, 'cmake_args': None, 'cmake_clean_cache': False, 'cmake_clean_first': False, 'cmake_force_configure': False, 'cmake_target': None, 'cmake_target_skip_unavailable': False, 'install_base': '/home/songdavid/ff_ws/install/explorer_cartographer', 'merge_install': False, 'path': '/home/songdavid/ff_ws/src/ros2_explorer/explorer_cartographer', 'symlink_install': False, 'test_result_base': None}
[0.505s] Level 5:colcon.colcon_core.verb:set package 'explorer_gazebo' build argument 'cmake_args' from command line to 'None'
[0.505s] Level 5:colcon.colcon_core.verb:set package 'explorer_gazebo' build argument 'cmake_target' from command line to 'None'
[0.505s] Level 5:colcon.colcon_core.verb:set package 'explorer_gazebo' build argument 'cmake_target_skip_unavailable' from command line to 'False'
[0.505s] Level 5:colcon.colcon_core.verb:set package 'explorer_gazebo' build argument 'cmake_clean_cache' from command line to 'False'
[0.505s] Level 5:colcon.colcon_core.verb:set package 'explorer_gazebo' build argument 'cmake_clean_first' from command line to 'False'
[0.505s] Level 5:colcon.colcon_core.verb:set package 'explorer_gazebo' build argument 'cmake_force_configure' from command line to 'False'
[0.505s] Level 5:colcon.colcon_core.verb:set package 'explorer_gazebo' build argument 'ament_cmake_args' from command line to 'None'
[0.505s] Level 5:colcon.colcon_core.verb:set package 'explorer_gazebo' build argument 'catkin_cmake_args' from command line to 'None'
[0.505s] Level 5:colcon.colcon_core.verb:set package 'explorer_gazebo' build argument 'catkin_skip_building_tests' from command line to 'False'
[0.505s] DEBUG:colcon.colcon_core.verb:Building package 'explorer_gazebo' with the following arguments: {'ament_cmake_args': None, 'build_base': '/home/songdavid/ff_ws/build/explorer_gazebo', 'catkin_cmake_args': None, 'catkin_skip_building_tests': False, 'cmake_args': None, 'cmake_clean_cache': False, 'cmake_clean_first': False, 'cmake_force_configure': False, 'cmake_target': None, 'cmake_target_skip_unavailable': False, 'install_base': '/home/songdavid/ff_ws/install/explorer_gazebo', 'merge_install': False, 'path': '/home/songdavid/ff_ws/src/ros2_explorer/explorer_gazebo', 'symlink_install': False, 'test_result_base': None}
[0.506s] Level 5:colcon.colcon_core.verb:set package 'explorer_interfaces' build argument 'cmake_args' from command line to 'None'
[0.506s] Level 5:colcon.colcon_core.verb:set package 'explorer_interfaces' build argument 'cmake_target' from command line to 'None'
[0.506s] Level 5:colcon.colcon_core.verb:set package 'explorer_interfaces' build argument 'cmake_target_skip_unavailable' from command line to 'False'
[0.506s] Level 5:colcon.colcon_core.verb:set package 'explorer_interfaces' build argument 'cmake_clean_cache' from command line to 'False'
[0.506s] Level 5:colcon.colcon_core.verb:set package 'explorer_interfaces' build argument 'cmake_clean_first' from command line to 'False'
[0.506s] Level 5:colcon.colcon_core.verb:set package 'explorer_interfaces' build argument 'cmake_force_configure' from command line to 'False'
[0.506s] Level 5:colcon.colcon_core.verb:set package 'explorer_interfaces' build argument 'ament_cmake_args' from command line to 'None'
[0.506s] Level 5:colcon.colcon_core.verb:set package 'explorer_interfaces' build argument 'catkin_cmake_args' from command line to 'None'
[0.506s] Level 5:colcon.colcon_core.verb:set package 'explorer_interfaces' build argument 'catkin_skip_building_tests' from command line to 'False'
[0.506s] DEBUG:colcon.colcon_core.verb:Building package 'explorer_interfaces' with the following arguments: {'ament_cmake_args': None, 'build_base': '/home/songdavid/ff_ws/build/explorer_interfaces', 'catkin_cmake_args': None, 'catkin_skip_building_tests': False, 'cmake_args': None, 'cmake_clean_cache': False, 'cmake_clean_first': False, 'cmake_force_configure': False, 'cmake_target': None, 'cmake_target_skip_unavailable': False, 'install_base': '/home/songdavid/ff_ws/install/explorer_interfaces', 'merge_install': False, 'path': '/home/songdavid/ff_ws/src/ros2_explorer/explorer_interfaces', 'symlink_install': False, 'test_result_base': None}
[0.506s] Level 5:colcon.colcon_core.verb:set package 'explorer_map_utils' build argument 'cmake_args' from command line to 'None'
[0.506s] Level 5:colcon.colcon_core.verb:set package 'explorer_map_utils' build argument 'cmake_target' from command line to 'None'
[0.506s] Level 5:colcon.colcon_core.verb:set package 'explorer_map_utils' build argument 'cmake_target_skip_unavailable' from command line to 'False'
[0.506s] Level 5:colcon.colcon_core.verb:set package 'explorer_map_utils' build argument 'cmake_clean_cache' from command line to 'False'
[0.506s] Level 5:colcon.colcon_core.verb:set package 'explorer_map_utils' build argument 'cmake_clean_first' from command line to 'False'
[0.506s] Level 5:colcon.colcon_core.verb:set package 'explorer_map_utils' build argument 'cmake_force_configure' from command line to 'False'
[0.506s] Level 5:colcon.colcon_core.verb:set package 'explorer_map_utils' build argument 'ament_cmake_args' from command line to 'None'
[0.506s] Level 5:colcon.colcon_core.verb:set package 'explorer_map_utils' build argument 'catkin_cmake_args' from command line to 'None'
[0.506s] Level 5:colcon.colcon_core.verb:set package 'explorer_map_utils' build argument 'catkin_skip_building_tests' from command line to 'False'
[0.506s] DEBUG:colcon.colcon_core.verb:Building package 'explorer_map_utils' with the following arguments: {'ament_cmake_args': None, 'build_base': '/home/songdavid/ff_ws/build/explorer_map_utils', 'catkin_cmake_args': None, 'catkin_skip_building_tests': False, 'cmake_args': None, 'cmake_clean_cache': False, 'cmake_clean_first': False, 'cmake_force_configure': False, 'cmake_target': None, 'cmake_target_skip_unavailable': False, 'install_base': '/home/songdavid/ff_ws/install/explorer_map_utils', 'merge_install': False, 'path': '/home/songdavid/ff_ws/src/ros2_explorer/explorer_map_utils', 'symlink_install': False, 'test_result_base': None}
[0.507s] Level 5:colcon.colcon_core.verb:set package 'explorer_wanderer' build argument 'cmake_args' from command line to 'None'
[0.507s] Level 5:colcon.colcon_core.verb:set package 'explorer_wanderer' build argument 'cmake_target' from command line to 'None'
[0.507s] Level 5:colcon.colcon_core.verb:set package 'explorer_wanderer' build argument 'cmake_target_skip_unavailable' from command line to 'False'
[0.507s] Level 5:colcon.colcon_core.verb:set package 'explorer_wanderer' build argument 'cmake_clean_cache' from command line to 'False'
[0.507s] Level 5:colcon.colcon_core.verb:set package 'explorer_wanderer' build argument 'cmake_clean_first' from command line to 'False'
[0.507s] Level 5:colcon.colcon_core.verb:set package 'explorer_wanderer' build argument 'cmake_force_configure' from command line to 'False'
[0.507s] Level 5:colcon.colcon_core.verb:set package 'explorer_wanderer' build argument 'ament_cmake_args' from command line to 'None'
[0.507s] Level 5:colcon.colcon_core.verb:set package 'explorer_wanderer' build argument 'catkin_cmake_args' from command line to 'None'
[0.507s] Level 5:colcon.colcon_core.verb:set package 'explorer_wanderer' build argument 'catkin_skip_building_tests' from command line to 'False'
[0.507s] DEBUG:colcon.colcon_core.verb:Building package 'explorer_wanderer' with the following arguments: {'ament_cmake_args': None, 'build_base': '/home/songdavid/ff_ws/build/explorer_wanderer', 'catkin_cmake_args': None, 'catkin_skip_building_tests': False, 'cmake_args': None, 'cmake_clean_cache': False, 'cmake_clean_first': False, 'cmake_force_configure': False, 'cmake_target': None, 'cmake_target_skip_unavailable': False, 'install_base': '/home/songdavid/ff_ws/install/explorer_wanderer', 'merge_install': False, 'path': '/home/songdavid/ff_ws/src/ros2_explorer/explorer_wanderer', 'symlink_install': False, 'test_result_base': None}
[0.507s] INFO:colcon.colcon_core.executor:Executing jobs using 'parallel' executor
[0.508s] DEBUG:colcon.colcon_parallel_executor.executor.parallel:run_until_complete
[0.509s] INFO:colcon.colcon_ros.task.ament_python.build:Building ROS package in '/home/songdavid/ff_ws/src/autonomous_exploration' with build type 'ament_python'
[0.509s] Level 1:colcon.colcon_core.shell:create_environment_hook('autonomous_exploration', 'ament_prefix_path')
[0.512s] INFO:colcon.colcon_core.plugin_system:Skipping extension 'colcon_core.shell.bat': Not used on non-Windows systems
[0.513s] INFO:colcon.colcon_core.shell:Creating environment hook '/home/songdavid/ff_ws/install/autonomous_exploration/share/autonomous_exploration/hook/ament_prefix_path.ps1'
[0.513s] INFO:colcon.colcon_core.shell:Creating environment descriptor '/home/songdavid/ff_ws/install/autonomous_exploration/share/autonomous_exploration/hook/ament_prefix_path.dsv'
[0.514s] INFO:colcon.colcon_core.shell:Creating environment hook '/home/songdavid/ff_ws/install/autonomous_exploration/share/autonomous_exploration/hook/ament_prefix_path.sh'
[0.515s] INFO:colcon.colcon_core.shell:Skip shell extension 'powershell' for command environment: Not usable outside of PowerShell
[0.515s] DEBUG:colcon.colcon_core.shell:Skip shell extension 'dsv' for command environment
[0.520s] INFO:colcon.colcon_ros.task.ament_python.build:Building ROS package in '/home/songdavid/ff_ws/src/ros2_explorer/explorer_bringup' with build type 'ament_python'
[0.520s] Level 1:colcon.colcon_core.shell:create_environment_hook('explorer_bringup', 'ament_prefix_path')
[0.520s] INFO:colcon.colcon_core.shell:Creating environment hook '/home/songdavid/ff_ws/install/explorer_bringup/share/explorer_bringup/hook/ament_prefix_path.ps1'
[0.521s] INFO:colcon.colcon_core.shell:Creating environment descriptor '/home/songdavid/ff_ws/install/explorer_bringup/share/explorer_bringup/hook/ament_prefix_path.dsv'
[0.521s] INFO:colcon.colcon_core.shell:Creating environment hook '/home/songdavid/ff_ws/install/explorer_bringup/share/explorer_bringup/hook/ament_prefix_path.sh'
[0.522s] INFO:colcon.colcon_core.shell:Skip shell extension 'powershell' for command environment: Not usable outside of PowerShell
[0.522s] DEBUG:colcon.colcon_core.shell:Skip shell extension 'dsv' for command environment
[0.528s] INFO:colcon.colcon_ros.task.ament_cmake.build:Building ROS package in '/home/songdavid/ff_ws/src/ros2_explorer/explorer_cartographer' with build type 'ament_cmake'
[0.528s] INFO:colcon.colcon_cmake.task.cmake.build:Building CMake package in '/home/songdavid/ff_ws/src/ros2_explorer/explorer_cartographer'
[0.528s] INFO:colcon.colcon_core.shell:Skip shell extension 'powershell' for command environment: Not usable outside of PowerShell
[0.528s] DEBUG:colcon.colcon_core.shell:Skip shell extension 'dsv' for command environment
[0.534s] INFO:colcon.colcon_ros.task.ament_cmake.build:Building ROS package in '/home/songdavid/ff_ws/src/ros2_explorer/explorer_gazebo' with build type 'ament_cmake'
[0.534s] INFO:colcon.colcon_cmake.task.cmake.build:Building CMake package in '/home/songdavid/ff_ws/src/ros2_explorer/explorer_gazebo'
[0.535s] INFO:colcon.colcon_core.shell:Skip shell extension 'powershell' for command environment: Not usable outside of PowerShell
[0.535s] DEBUG:colcon.colcon_core.shell:Skip shell extension 'dsv' for command environment
[0.540s] INFO:colcon.colcon_ros.task.ament_cmake.build:Building ROS package in '/home/songdavid/ff_ws/src/ros2_explorer/explorer_interfaces' with build type 'ament_cmake'
[0.541s] INFO:colcon.colcon_cmake.task.cmake.build:Building CMake package in '/home/songdavid/ff_ws/src/ros2_explorer/explorer_interfaces'
[0.541s] INFO:colcon.colcon_core.shell:Skip shell extension 'powershell' for command environment: Not usable outside of PowerShell
[0.541s] DEBUG:colcon.colcon_core.shell:Skip shell extension 'dsv' for command environment
[0.547s] INFO:colcon.colcon_ros.task.ament_python.build:Building ROS package in '/home/songdavid/ff_ws/src/ros2_explorer/explorer_map_utils' with build type 'ament_python'
[0.547s] Level 1:colcon.colcon_core.shell:create_environment_hook('explorer_map_utils', 'ament_prefix_path')
[0.548s] INFO:colcon.colcon_core.shell:Creating environment hook '/home/songdavid/ff_ws/install/explorer_map_utils/share/explorer_map_utils/hook/ament_prefix_path.ps1'
[0.548s] INFO:colcon.colcon_core.shell:Creating environment descriptor '/home/songdavid/ff_ws/install/explorer_map_utils/share/explorer_map_utils/hook/ament_prefix_path.dsv'
[0.549s] INFO:colcon.colcon_core.shell:Creating environment hook '/home/songdavid/ff_ws/install/explorer_map_utils/share/explorer_map_utils/hook/ament_prefix_path.sh'
[0.550s] INFO:colcon.colcon_core.shell:Skip shell extension 'powershell' for command environment: Not usable outside of PowerShell
[0.550s] DEBUG:colcon.colcon_core.shell:Skip shell extension 'dsv' for command environment
[0.554s] INFO:colcon.colcon_ros.task.ament_python.build:Building ROS package in '/home/songdavid/ff_ws/src/ros2_explorer/explorer_wanderer' with build type 'ament_python'
[0.555s] Level 1:colcon.colcon_core.shell:create_environment_hook('explorer_wanderer', 'ament_prefix_path')
[0.555s] INFO:colcon.colcon_core.shell:Creating environment hook '/home/songdavid/ff_ws/install/explorer_wanderer/share/explorer_wanderer/hook/ament_prefix_path.ps1'
[0.556s] INFO:colcon.colcon_core.shell:Creating environment descriptor '/home/songdavid/ff_ws/install/explorer_wanderer/share/explorer_wanderer/hook/ament_prefix_path.dsv'
[0.556s] INFO:colcon.colcon_core.shell:Creating environment hook '/home/songdavid/ff_ws/install/explorer_wanderer/share/explorer_wanderer/hook/ament_prefix_path.sh'
[0.557s] INFO:colcon.colcon_core.shell:Skip shell extension 'powershell' for command environment: Not usable outside of PowerShell
[0.557s] DEBUG:colcon.colcon_core.shell:Skip shell extension 'dsv' for command environment
[0.890s] INFO:colcon.colcon_core.task.python.build:Building Python package in '/home/songdavid/ff_ws/src/autonomous_exploration'
[0.891s] INFO:colcon.colcon_core.shell:Skip shell extension 'powershell' for command environment: Not usable outside of PowerShell
[0.891s] DEBUG:colcon.colcon_core.shell:Skip shell extension 'dsv' for command environment
[1.226s] INFO:colcon.colcon_core.task.python.build:Building Python package in '/home/songdavid/ff_ws/src/ros2_explorer/explorer_bringup'
[1.227s] INFO:colcon.colcon_core.shell:Skip shell extension 'powershell' for command environment: Not usable outside of PowerShell
[1.227s] DEBUG:colcon.colcon_core.shell:Skip shell extension 'dsv' for command environment
[1.240s] DEBUG:colcon.colcon_core.event_handler.log_command:Invoking command in '/home/songdavid/ff_ws/build/explorer_cartographer': CMAKE_PREFIX_PATH=${CMAKE_PREFIX_PATH}:/home/songdavid/ff_ws/install/autonomous_exploration:/home/songdavid/turtlebot3_ws/install/explorer_bringup:/home/songdavid/turtlebot3_ws/install/turtlebot3_teleop:/home/songdavid/turtlebot3_ws/install/turtlebot3_example:/home/songdavid/turtlebot3_ws/install/explorer_wanderer:/home/songdavid/turtlebot3_ws/install/explorer_map_utils:/home/songdavid/turtlebot3_ws/install/exploration_pkg:/opt/ros/humble /usr/bin/cmake /home/songdavid/ff_ws/src/ros2_explorer/explorer_cartographer -DCMAKE_INSTALL_PREFIX=/home/songdavid/ff_ws/install/explorer_cartographer
[1.243s] DEBUG:colcon.colcon_core.event_handler.log_command:Invoking command in '/home/songdavid/ff_ws/build/explorer_gazebo': CMAKE_PREFIX_PATH=${CMAKE_PREFIX_PATH}:/home/songdavid/ff_ws/install/autonomous_exploration:/home/songdavid/turtlebot3_ws/install/explorer_bringup:/home/songdavid/turtlebot3_ws/install/turtlebot3_teleop:/home/songdavid/turtlebot3_ws/install/turtlebot3_example:/home/songdavid/turtlebot3_ws/install/explorer_wanderer:/home/songdavid/turtlebot3_ws/install/explorer_map_utils:/home/songdavid/turtlebot3_ws/install/exploration_pkg:/opt/ros/humble /usr/bin/cmake /home/songdavid/ff_ws/src/ros2_explorer/explorer_gazebo -DCMAKE_INSTALL_PREFIX=/home/songdavid/ff_ws/install/explorer_gazebo
[1.248s] DEBUG:colcon.colcon_core.event_handler.log_command:Invoking command in '/home/songdavid/ff_ws/build/explorer_interfaces': CMAKE_PREFIX_PATH=${CMAKE_PREFIX_PATH}:/home/songdavid/ff_ws/install/autonomous_exploration:/home/songdavid/turtlebot3_ws/install/explorer_bringup:/home/songdavid/turtlebot3_ws/install/turtlebot3_teleop:/home/songdavid/turtlebot3_ws/install/turtlebot3_example:/home/songdavid/turtlebot3_ws/install/explorer_wanderer:/home/songdavid/turtlebot3_ws/install/explorer_map_utils:/home/songdavid/turtlebot3_ws/install/exploration_pkg:/opt/ros/humble /usr/bin/cmake /home/songdavid/ff_ws/src/ros2_explorer/explorer_interfaces -DCMAKE_INSTALL_PREFIX=/home/songdavid/ff_ws/install/explorer_interfaces
[1.736s] INFO:colcon.colcon_core.task.python.build:Building Python package in '/home/songdavid/ff_ws/src/ros2_explorer/explorer_map_utils'
[1.736s] INFO:colcon.colcon_core.shell:Skip shell extension 'powershell' for command environment: Not usable outside of PowerShell
[1.736s] DEBUG:colcon.colcon_core.shell:Skip shell extension 'dsv' for command environment
[2.232s] INFO:colcon.colcon_core.task.python.build:Building Python package in '/home/songdavid/ff_ws/src/ros2_explorer/explorer_wanderer'
[2.233s] INFO:colcon.colcon_core.shell:Skip shell extension 'powershell' for command environment: Not usable outside of PowerShell
[2.233s] DEBUG:colcon.colcon_core.shell:Skip shell extension 'dsv' for command environment
[2.538s] DEBUG:colcon.colcon_core.event_handler.log_command:Invoked command in '/home/songdavid/ff_ws/build/explorer_cartographer' returned '0': CMAKE_PREFIX_PATH=${CMAKE_PREFIX_PATH}:/home/songdavid/ff_ws/install/autonomous_exploration:/home/songdavid/turtlebot3_ws/install/explorer_bringup:/home/songdavid/turtlebot3_ws/install/turtlebot3_teleop:/home/songdavid/turtlebot3_ws/install/turtlebot3_example:/home/songdavid/turtlebot3_ws/install/explorer_wanderer:/home/songdavid/turtlebot3_ws/install/explorer_map_utils:/home/songdavid/turtlebot3_ws/install/exploration_pkg:/opt/ros/humble /usr/bin/cmake /home/songdavid/ff_ws/src/ros2_explorer/explorer_cartographer -DCMAKE_INSTALL_PREFIX=/home/songdavid/ff_ws/install/explorer_cartographer
[2.545s] DEBUG:colcon.colcon_core.event_handler.log_command:Invoking command in '/home/songdavid/ff_ws/build/explorer_cartographer': CMAKE_PREFIX_PATH=${CMAKE_PREFIX_PATH}:/home/songdavid/ff_ws/install/autonomous_exploration:/home/songdavid/turtlebot3_ws/install/explorer_bringup:/home/songdavid/turtlebot3_ws/install/turtlebot3_teleop:/home/songdavid/turtlebot3_ws/install/turtlebot3_example:/home/songdavid/turtlebot3_ws/install/explorer_wanderer:/home/songdavid/turtlebot3_ws/install/explorer_map_utils:/home/songdavid/turtlebot3_ws/install/exploration_pkg:/opt/ros/humble /usr/bin/cmake --build /home/songdavid/ff_ws/build/explorer_cartographer -- -j8 -l8
[2.607s] DEBUG:colcon.colcon_core.event_handler.log_command:Invoked command in '/home/songdavid/ff_ws/build/explorer_cartographer' returned '0': CMAKE_PREFIX_PATH=${CMAKE_PREFIX_PATH}:/home/songdavid/ff_ws/install/autonomous_exploration:/home/songdavid/turtlebot3_ws/install/explorer_bringup:/home/songdavid/turtlebot3_ws/install/turtlebot3_teleop:/home/songdavid/turtlebot3_ws/install/turtlebot3_example:/home/songdavid/turtlebot3_ws/install/explorer_wanderer:/home/songdavid/turtlebot3_ws/install/explorer_map_utils:/home/songdavid/turtlebot3_ws/install/exploration_pkg:/opt/ros/humble /usr/bin/cmake --build /home/songdavid/ff_ws/build/explorer_cartographer -- -j8 -l8
[2.628s] DEBUG:colcon.colcon_core.event_handler.log_command:Invoking command in '/home/songdavid/ff_ws/build/explorer_cartographer': CMAKE_PREFIX_PATH=${CMAKE_PREFIX_PATH}:/home/songdavid/ff_ws/install/autonomous_exploration:/home/songdavid/turtlebot3_ws/install/explorer_bringup:/home/songdavid/turtlebot3_ws/install/turtlebot3_teleop:/home/songdavid/turtlebot3_ws/install/turtlebot3_example:/home/songdavid/turtlebot3_ws/install/explorer_wanderer:/home/songdavid/turtlebot3_ws/install/explorer_map_utils:/home/songdavid/turtlebot3_ws/install/exploration_pkg:/opt/ros/humble /usr/bin/cmake --install /home/songdavid/ff_ws/build/explorer_cartographer
[2.646s] Level 1:colcon.colcon_core.environment:create_environment_scripts_only(explorer_cartographer)
[2.648s] DEBUG:colcon.colcon_core.event_handler.log_command:Invoked command in '/home/songdavid/ff_ws/build/explorer_cartographer' returned '0': CMAKE_PREFIX_PATH=${CMAKE_PREFIX_PATH}:/home/songdavid/ff_ws/install/autonomous_exploration:/home/songdavid/turtlebot3_ws/install/explorer_bringup:/home/songdavid/turtlebot3_ws/install/turtlebot3_teleop:/home/songdavid/turtlebot3_ws/install/turtlebot3_example:/home/songdavid/turtlebot3_ws/install/explorer_wanderer:/home/songdavid/turtlebot3_ws/install/explorer_map_utils:/home/songdavid/turtlebot3_ws/install/exploration_pkg:/opt/ros/humble /usr/bin/cmake --install /home/songdavid/ff_ws/build/explorer_cartographer
[2.651s] Level 1:colcon.colcon_core.environment:checking '/home/songdavid/ff_ws/install/explorer_cartographer' for CMake module files
[2.652s] Level 1:colcon.colcon_core.environment:checking '/home/songdavid/ff_ws/install/explorer_cartographer' for CMake config files
[2.652s] Level 1:colcon.colcon_core.shell:create_environment_hook('explorer_cartographer', 'cmake_prefix_path')
[2.653s] INFO:colcon.colcon_core.shell:Creating environment hook '/home/songdavid/ff_ws/install/explorer_cartographer/share/explorer_cartographer/hook/cmake_prefix_path.ps1'
[2.654s] INFO:colcon.colcon_core.shell:Creating environment descriptor '/home/songdavid/ff_ws/install/explorer_cartographer/share/explorer_cartographer/hook/cmake_prefix_path.dsv'
[2.656s] INFO:colcon.colcon_core.shell:Creating environment hook '/home/songdavid/ff_ws/install/explorer_cartographer/share/explorer_cartographer/hook/cmake_prefix_path.sh'
[2.657s] Level 1:colcon.colcon_core.environment:checking '/home/songdavid/ff_ws/install/explorer_cartographer/bin'
[2.657s] Level 1:colcon.colcon_core.environment:checking '/home/songdavid/ff_ws/install/explorer_cartographer/lib/pkgconfig/explorer_cartographer.pc'
[2.657s] Level 1:colcon.colcon_core.environment:checking '/home/songdavid/ff_ws/install/explorer_cartographer/lib/python3.10/site-packages'
[2.658s] Level 1:colcon.colcon_core.environment:checking '/home/songdavid/ff_ws/install/explorer_cartographer/bin'
[2.658s] INFO:colcon.colcon_core.shell:Creating package script '/home/songdavid/ff_ws/install/explorer_cartographer/share/explorer_cartographer/package.ps1'
[2.660s] INFO:colcon.colcon_core.shell:Creating package descriptor '/home/songdavid/ff_ws/install/explorer_cartographer/share/explorer_cartographer/package.dsv'
[2.661s] INFO:colcon.colcon_core.shell:Creating package script '/home/songdavid/ff_ws/install/explorer_cartographer/share/explorer_cartographer/package.sh'
[2.662s] INFO:colcon.colcon_core.shell:Creating package script '/home/songdavid/ff_ws/install/explorer_cartographer/share/explorer_cartographer/package.bash'
[2.664s] INFO:colcon.colcon_core.shell:Creating package script '/home/songdavid/ff_ws/install/explorer_cartographer/share/explorer_cartographer/package.zsh'
[2.665s] Level 1:colcon.colcon_core.environment:create_file_with_runtime_dependencies(/home/songdavid/ff_ws/install/explorer_cartographer/share/colcon-core/packages/explorer_cartographer)
[2.666s] Level 1:colcon.colcon_core.environment:create_environment_scripts_only(explorer_cartographer)
[2.666s] Level 1:colcon.colcon_core.environment:checking '/home/songdavid/ff_ws/install/explorer_cartographer' for CMake module files
[2.667s] Level 1:colcon.colcon_core.environment:checking '/home/songdavid/ff_ws/install/explorer_cartographer' for CMake config files
[2.668s] Level 1:colcon.colcon_core.shell:create_environment_hook('explorer_cartographer', 'cmake_prefix_path')
[2.668s] INFO:colcon.colcon_core.shell:Creating environment hook '/home/songdavid/ff_ws/install/explorer_cartographer/share/explorer_cartographer/hook/cmake_prefix_path.ps1'
[2.669s] INFO:colcon.colcon_core.shell:Creating environment descriptor '/home/songdavid/ff_ws/install/explorer_cartographer/share/explorer_cartographer/hook/cmake_prefix_path.dsv'
[2.670s] INFO:colcon.colcon_core.shell:Creating environment hook '/home/songdavid/ff_ws/install/explorer_cartographer/share/explorer_cartographer/hook/cmake_prefix_path.sh'
[2.671s] Level 1:colcon.colcon_core.environment:checking '/home/songdavid/ff_ws/install/explorer_cartographer/bin'
[2.671s] Level 1:colcon.colcon_core.environment:checking '/home/songdavid/ff_ws/install/explorer_cartographer/lib/pkgconfig/explorer_cartographer.pc'
[2.672s] Level 1:colcon.colcon_core.environment:checking '/home/songdavid/ff_ws/install/explorer_cartographer/lib/python3.10/site-packages'
[2.672s] Level 1:colcon.colcon_core.environment:checking '/home/songdavid/ff_ws/install/explorer_cartographer/bin'
[2.673s] INFO:colcon.colcon_core.shell:Creating package script '/home/songdavid/ff_ws/install/explorer_cartographer/share/explorer_cartographer/package.ps1'
[2.674s] INFO:colcon.colcon_core.shell:Creating package descriptor '/home/songdavid/ff_ws/install/explorer_cartographer/share/explorer_cartographer/package.dsv'
[2.675s] INFO:colcon.colcon_core.shell:Creating package script '/home/songdavid/ff_ws/install/explorer_cartographer/share/explorer_cartographer/package.sh'
[2.675s] INFO:colcon.colcon_core.shell:Creating package script '/home/songdavid/ff_ws/install/explorer_cartographer/share/explorer_cartographer/package.bash'
[2.676s] INFO:colcon.colcon_core.shell:Creating package script '/home/songdavid/ff_ws/install/explorer_cartographer/share/explorer_cartographer/package.zsh'
[2.677s] Level 1:colcon.colcon_core.environment:create_file_with_runtime_dependencies(/home/songdavid/ff_ws/install/explorer_cartographer/share/colcon-core/packages/explorer_cartographer)
[2.680s] DEBUG:colcon.colcon_core.event_handler.log_command:Invoked command in '/home/songdavid/ff_ws/build/explorer_gazebo' returned '0': CMAKE_PREFIX_PATH=${CMAKE_PREFIX_PATH}:/home/songdavid/ff_ws/install/autonomous_exploration:/home/songdavid/turtlebot3_ws/install/explorer_bringup:/home/songdavid/turtlebot3_ws/install/turtlebot3_teleop:/home/songdavid/turtlebot3_ws/install/turtlebot3_example:/home/songdavid/turtlebot3_ws/install/explorer_wanderer:/home/songdavid/turtlebot3_ws/install/explorer_map_utils:/home/songdavid/turtlebot3_ws/install/exploration_pkg:/opt/ros/humble /usr/bin/cmake /home/songdavid/ff_ws/src/ros2_explorer/explorer_gazebo -DCMAKE_INSTALL_PREFIX=/home/songdavid/ff_ws/install/explorer_gazebo
[2.682s] DEBUG:colcon.colcon_core.event_handler.log_command:Invoking command in '/home/songdavid/ff_ws/build/explorer_gazebo': CMAKE_PREFIX_PATH=${CMAKE_PREFIX_PATH}:/home/songdavid/ff_ws/install/autonomous_exploration:/home/songdavid/turtlebot3_ws/install/explorer_bringup:/home/songdavid/turtlebot3_ws/install/turtlebot3_teleop:/home/songdavid/turtlebot3_ws/install/turtlebot3_example:/home/songdavid/turtlebot3_ws/install/explorer_wanderer:/home/songdavid/turtlebot3_ws/install/explorer_map_utils:/home/songdavid/turtlebot3_ws/install/exploration_pkg:/opt/ros/humble /usr/bin/cmake --build /home/songdavid/ff_ws/build/explorer_gazebo -- -j8 -l8
[2.755s] DEBUG:colcon.colcon_core.event_handler.log_command:Invoked command in '/home/songdavid/ff_ws/build/explorer_gazebo' returned '0': CMAKE_PREFIX_PATH=${CMAKE_PREFIX_PATH}:/home/songdavid/ff_ws/install/autonomous_exploration:/home/songdavid/turtlebot3_ws/install/explorer_bringup:/home/songdavid/turtlebot3_ws/install/turtlebot3_teleop:/home/songdavid/turtlebot3_ws/install/turtlebot3_example:/home/songdavid/turtlebot3_ws/install/explorer_wanderer:/home/songdavid/turtlebot3_ws/install/explorer_map_utils:/home/songdavid/turtlebot3_ws/install/exploration_pkg:/opt/ros/humble /usr/bin/cmake --build /home/songdavid/ff_ws/build/explorer_gazebo -- -j8 -l8
[2.759s] DEBUG:colcon.colcon_core.event_handler.log_command:Invoking command in '/home/songdavid/ff_ws/build/explorer_gazebo': CMAKE_PREFIX_PATH=${CMAKE_PREFIX_PATH}:/home/songdavid/ff_ws/install/autonomous_exploration:/home/songdavid/turtlebot3_ws/install/explorer_bringup:/home/songdavid/turtlebot3_ws/install/turtlebot3_teleop:/home/songdavid/turtlebot3_ws/install/turtlebot3_example:/home/songdavid/turtlebot3_ws/install/explorer_wanderer:/home/songdavid/turtlebot3_ws/install/explorer_map_utils:/home/songdavid/turtlebot3_ws/install/exploration_pkg:/opt/ros/humble /usr/bin/cmake --install /home/songdavid/ff_ws/build/explorer_gazebo
[2.795s] Level 1:colcon.colcon_core.environment:create_environment_scripts_only(explorer_gazebo)
[2.796s] Level 1:colcon.colcon_core.environment:checking '/home/songdavid/ff_ws/install/explorer_gazebo' for CMake module files
[2.797s] Level 1:colcon.colcon_core.environment:checking '/home/songdavid/ff_ws/install/explorer_gazebo' for CMake config files
[2.797s] Level 1:colcon.colcon_core.shell:create_environment_hook('explorer_gazebo', 'cmake_prefix_path')
[2.798s] INFO:colcon.colcon_core.shell:Creating environment hook '/home/songdavid/ff_ws/install/explorer_gazebo/share/explorer_gazebo/hook/cmake_prefix_path.ps1'
[2.800s] INFO:colcon.colcon_core.shell:Creating environment descriptor '/home/songdavid/ff_ws/install/explorer_gazebo/share/explorer_gazebo/hook/cmake_prefix_path.dsv'
[2.803s] INFO:colcon.colcon_core.shell:Creating environment hook '/home/songdavid/ff_ws/install/explorer_gazebo/share/explorer_gazebo/hook/cmake_prefix_path.sh'
[2.805s] Level 1:colcon.colcon_core.environment:checking '/home/songdavid/ff_ws/install/explorer_gazebo/bin'
[2.805s] Level 1:colcon.colcon_core.environment:checking '/home/songdavid/ff_ws/install/explorer_gazebo/lib/pkgconfig/explorer_gazebo.pc'
[2.806s] Level 1:colcon.colcon_core.environment:checking '/home/songdavid/ff_ws/install/explorer_gazebo/lib/python3.10/site-packages'
[2.805s] DEBUG:colcon.colcon_core.event_handler.log_command:Invoked command in '/home/songdavid/ff_ws/build/explorer_gazebo' returned '0': CMAKE_PREFIX_PATH=${CMAKE_PREFIX_PATH}:/home/songdavid/ff_ws/install/autonomous_exploration:/home/songdavid/turtlebot3_ws/install/explorer_bringup:/home/songdavid/turtlebot3_ws/install/turtlebot3_teleop:/home/songdavid/turtlebot3_ws/install/turtlebot3_example:/home/songdavid/turtlebot3_ws/install/explorer_wanderer:/home/songdavid/turtlebot3_ws/install/explorer_map_utils:/home/songdavid/turtlebot3_ws/install/exploration_pkg:/opt/ros/humble /usr/bin/cmake --install /home/songdavid/ff_ws/build/explorer_gazebo
[2.806s] Level 1:colcon.colcon_core.environment:checking '/home/songdavid/ff_ws/install/explorer_gazebo/bin'
[2.807s] INFO:colcon.colcon_core.shell:Creating package script '/home/songdavid/ff_ws/install/explorer_gazebo/share/explorer_gazebo/package.ps1'
[2.808s] INFO:colcon.colcon_core.shell:Creating package descriptor '/home/songdavid/ff_ws/install/explorer_gazebo/share/explorer_gazebo/package.dsv'
[2.809s] INFO:colcon.colcon_core.shell:Creating package script '/home/songdavid/ff_ws/install/explorer_gazebo/share/explorer_gazebo/package.sh'
[2.810s] INFO:colcon.colcon_core.shell:Creating package script '/home/songdavid/ff_ws/install/explorer_gazebo/share/explorer_gazebo/package.bash'
[2.810s] INFO:colcon.colcon_core.shell:Creating package script '/home/songdavid/ff_ws/install/explorer_gazebo/share/explorer_gazebo/package.zsh'
[2.811s] Level 1:colcon.colcon_core.environment:create_file_with_runtime_dependencies(/home/songdavid/ff_ws/install/explorer_gazebo/share/colcon-core/packages/explorer_gazebo)
[2.812s] Level 1:colcon.colcon_core.environment:create_environment_scripts_only(explorer_gazebo)
[2.813s] Level 1:colcon.colcon_core.environment:checking '/home/songdavid/ff_ws/install/explorer_gazebo' for CMake module files
[2.814s] Level 1:colcon.colcon_core.environment:checking '/home/songdavid/ff_ws/install/explorer_gazebo' for CMake config files
[2.815s] Level 1:colcon.colcon_core.shell:create_environment_hook('explorer_gazebo', 'cmake_prefix_path')
[2.816s] INFO:colcon.colcon_core.shell:Creating environment hook '/home/songdavid/ff_ws/install/explorer_gazebo/share/explorer_gazebo/hook/cmake_prefix_path.ps1'
[2.817s] INFO:colcon.colcon_core.shell:Creating environment descriptor '/home/songdavid/ff_ws/install/explorer_gazebo/share/explorer_gazebo/hook/cmake_prefix_path.dsv'
[2.819s] INFO:colcon.colcon_core.shell:Creating environment hook '/home/songdavid/ff_ws/install/explorer_gazebo/share/explorer_gazebo/hook/cmake_prefix_path.sh'
[2.820s] Level 1:colcon.colcon_core.environment:checking '/home/songdavid/ff_ws/install/explorer_gazebo/bin'
[2.820s] Level 1:colcon.colcon_core.environment:checking '/home/songdavid/ff_ws/install/explorer_gazebo/lib/pkgconfig/explorer_gazebo.pc'
[2.821s] Level 1:colcon.colcon_core.environment:checking '/home/songdavid/ff_ws/install/explorer_gazebo/lib/python3.10/site-packages'
[2.821s] Level 1:colcon.colcon_core.environment:checking '/home/songdavid/ff_ws/install/explorer_gazebo/bin'
[2.822s] INFO:colcon.colcon_core.shell:Creating package script '/home/songdavid/ff_ws/install/explorer_gazebo/share/explorer_gazebo/package.ps1'
[2.823s] INFO:colcon.colcon_core.shell:Creating package descriptor '/home/songdavid/ff_ws/install/explorer_gazebo/share/explorer_gazebo/package.dsv'
[2.824s] INFO:colcon.colcon_core.shell:Creating package script '/home/songdavid/ff_ws/install/explorer_gazebo/share/explorer_gazebo/package.sh'
[2.825s] INFO:colcon.colcon_core.shell:Creating package script '/home/songdavid/ff_ws/install/explorer_gazebo/share/explorer_gazebo/package.bash'
[2.825s] INFO:colcon.colcon_core.shell:Creating package script '/home/songdavid/ff_ws/install/explorer_gazebo/share/explorer_gazebo/package.zsh'
[2.826s] Level 1:colcon.colcon_core.environment:create_file_with_runtime_dependencies(/home/songdavid/ff_ws/install/explorer_gazebo/share/colcon-core/packages/explorer_gazebo)
[3.042s] DEBUG:colcon.colcon_core.event_handler.log_command:Invoking command in '/home/songdavid/ff_ws/src/ros2_explorer/explorer_wanderer': PYTHONPATH=/home/songdavid/ff_ws/build/explorer_wanderer/prefix_override:/usr/lib/python3/dist-packages/colcon_core/task/python/colcon_distutils_commands:/home/songdavid/ff_ws/install/explorer_wanderer/lib/python3.10/site-packages:${PYTHONPATH} /usr/bin/python3 -W ignore:setup.py install is deprecated -W ignore:easy_install command is deprecated setup.py egg_info --egg-base ../../../build/explorer_wanderer build --build-base /home/songdavid/ff_ws/build/explorer_wanderer/build install --record /home/songdavid/ff_ws/build/explorer_wanderer/install.log --single-version-externally-managed install_data
[3.062s] DEBUG:colcon.colcon_core.event_handler.log_command:Invoking command in '/home/songdavid/ff_ws/src/ros2_explorer/explorer_bringup': PYTHONPATH=/home/songdavid/ff_ws/build/explorer_bringup/prefix_override:/usr/lib/python3/dist-packages/colcon_core/task/python/colcon_distutils_commands:/home/songdavid/ff_ws/install/explorer_bringup/lib/python3.10/site-packages:${PYTHONPATH} /usr/bin/python3 -W ignore:setup.py install is deprecated -W ignore:easy_install command is deprecated setup.py egg_info --egg-base ../../../build/explorer_bringup build --build-base /home/songdavid/ff_ws/build/explorer_bringup/build install --record /home/songdavid/ff_ws/build/explorer_bringup/install.log --single-version-externally-managed install_data
[3.106s] DEBUG:colcon.colcon_core.event_handler.log_command:Invoking command in '/home/songdavid/ff_ws/src/autonomous_exploration': PYTHONPATH=/home/songdavid/ff_ws/build/autonomous_exploration/prefix_override:/usr/lib/python3/dist-packages/colcon_core/task/python/colcon_distutils_commands:/home/songdavid/ff_ws/install/autonomous_exploration/lib/python3.10/site-packages:${PYTHONPATH} /usr/bin/python3 -W ignore:setup.py install is deprecated -W ignore:easy_install command is deprecated setup.py egg_info --egg-base ../../build/autonomous_exploration build --build-base /home/songdavid/ff_ws/build/autonomous_exploration/build install --record /home/songdavid/ff_ws/build/autonomous_exploration/install.log --single-version-externally-managed install_data
[3.202s] DEBUG:colcon.colcon_core.event_handler.log_command:Invoking command in '/home/songdavid/ff_ws/src/ros2_explorer/explorer_map_utils': PYTHONPATH=/home/songdavid/ff_ws/build/explorer_map_utils/prefix_override:/usr/lib/python3/dist-packages/colcon_core/task/python/colcon_distutils_commands:/home/songdavid/ff_ws/install/explorer_map_utils/lib/python3.10/site-packages:${PYTHONPATH} /usr/bin/python3 -W ignore:setup.py install is deprecated -W ignore:easy_install command is deprecated setup.py egg_info --egg-base ../../../build/explorer_map_utils build --build-base /home/songdavid/ff_ws/build/explorer_map_utils/build install --record /home/songdavid/ff_ws/build/explorer_map_utils/install.log --single-version-externally-managed install_data
[3.725s] Level 1:colcon.colcon_core.environment:checking '/home/songdavid/ff_ws/install/autonomous_exploration' for CMake module files
[3.726s] DEBUG:colcon.colcon_core.event_handler.log_command:Invoked command in '/home/songdavid/ff_ws/src/autonomous_exploration' returned '0': PYTHONPATH=/home/songdavid/ff_ws/build/autonomous_exploration/prefix_override:/usr/lib/python3/dist-packages/colcon_core/task/python/colcon_distutils_commands:/home/songdavid/ff_ws/install/autonomous_exploration/lib/python3.10/site-packages:${PYTHONPATH} /usr/bin/python3 -W ignore:setup.py install is deprecated -W ignore:easy_install command is deprecated setup.py egg_info --egg-base ../../build/autonomous_exploration build --build-base /home/songdavid/ff_ws/build/autonomous_exploration/build install --record /home/songdavid/ff_ws/build/autonomous_exploration/install.log --single-version-externally-managed install_data
[3.728s] Level 1:colcon.colcon_core.environment:checking '/home/songdavid/ff_ws/install/autonomous_exploration' for CMake config files
[3.730s] Level 1:colcon.colcon_core.environment:checking '/home/songdavid/ff_ws/install/autonomous_exploration/lib'
[3.730s] Level 1:colcon.colcon_core.environment:checking '/home/songdavid/ff_ws/install/autonomous_exploration/bin'
[3.731s] Level 1:colcon.colcon_core.environment:checking '/home/songdavid/ff_ws/install/autonomous_exploration/lib/pkgconfig/autonomous_exploration.pc'
[3.731s] Level 1:colcon.colcon_core.environment:checking '/home/songdavid/ff_ws/install/autonomous_exploration/lib/python3.10/site-packages'
[3.732s] Level 1:colcon.colcon_core.shell:create_environment_hook('autonomous_exploration', 'pythonpath')
[3.733s] INFO:colcon.colcon_core.shell:Creating environment hook '/home/songdavid/ff_ws/install/autonomous_exploration/share/autonomous_exploration/hook/pythonpath.ps1'
[3.734s] INFO:colcon.colcon_core.shell:Creating environment descriptor '/home/songdavid/ff_ws/install/autonomous_exploration/share/autonomous_exploration/hook/pythonpath.dsv'
[3.735s] INFO:colcon.colcon_core.shell:Creating environment hook '/home/songdavid/ff_ws/install/autonomous_exploration/share/autonomous_exploration/hook/pythonpath.sh'
[3.737s] Level 1:colcon.colcon_core.environment:checking '/home/songdavid/ff_ws/install/autonomous_exploration/bin'
[3.737s] Level 1:colcon.colcon_core.environment:create_environment_scripts_only(autonomous_exploration)
[3.738s] INFO:colcon.colcon_core.shell:Creating package script '/home/songdavid/ff_ws/install/autonomous_exploration/share/autonomous_exploration/package.ps1'
[3.739s] INFO:colcon.colcon_core.shell:Creating package descriptor '/home/songdavid/ff_ws/install/autonomous_exploration/share/autonomous_exploration/package.dsv'
[3.745s] INFO:colcon.colcon_core.shell:Creating package script '/home/songdavid/ff_ws/install/autonomous_exploration/share/autonomous_exploration/package.sh'
[3.749s] INFO:colcon.colcon_core.shell:Creating package script '/home/songdavid/ff_ws/install/autonomous_exploration/share/autonomous_exploration/package.bash'
[3.751s] INFO:colcon.colcon_core.shell:Creating package script '/home/songdavid/ff_ws/install/autonomous_exploration/share/autonomous_exploration/package.zsh'
[3.752s] Level 1:colcon.colcon_core.environment:create_file_with_runtime_dependencies(/home/songdavid/ff_ws/install/autonomous_exploration/share/colcon-core/packages/autonomous_exploration)
[3.780s] Level 1:colcon.colcon_core.environment:checking '/home/songdavid/ff_ws/install/explorer_map_utils' for CMake module files
[3.781s] DEBUG:colcon.colcon_core.event_handler.log_command:Invoked command in '/home/songdavid/ff_ws/src/ros2_explorer/explorer_map_utils' returned '0': PYTHONPATH=/home/songdavid/ff_ws/build/explorer_map_utils/prefix_override:/usr/lib/python3/dist-packages/colcon_core/task/python/colcon_distutils_commands:/home/songdavid/ff_ws/install/explorer_map_utils/lib/python3.10/site-packages:${PYTHONPATH} /usr/bin/python3 -W ignore:setup.py install is deprecated -W ignore:easy_install command is deprecated setup.py egg_info --egg-base ../../../build/explorer_map_utils build --build-base /home/songdavid/ff_ws/build/explorer_map_utils/build install --record /home/songdavid/ff_ws/build/explorer_map_utils/install.log --single-version-externally-managed install_data
[3.782s] Level 1:colcon.colcon_core.environment:checking '/home/songdavid/ff_ws/install/explorer_map_utils' for CMake config files
[3.783s] Level 1:colcon.colcon_core.environment:checking '/home/songdavid/ff_ws/install/explorer_map_utils/lib'
[3.783s] Level 1:colcon.colcon_core.environment:checking '/home/songdavid/ff_ws/install/explorer_map_utils/bin'
[3.784s] Level 1:colcon.colcon_core.environment:checking '/home/songdavid/ff_ws/install/explorer_map_utils/lib/pkgconfig/explorer_map_utils.pc'
[3.784s] Level 1:colcon.colcon_core.environment:checking '/home/songdavid/ff_ws/install/explorer_map_utils/lib/python3.10/site-packages'
[3.784s] Level 1:colcon.colcon_core.shell:create_environment_hook('explorer_map_utils', 'pythonpath')
[3.785s] INFO:colcon.colcon_core.shell:Creating environment hook '/home/songdavid/ff_ws/install/explorer_map_utils/share/explorer_map_utils/hook/pythonpath.ps1'
[3.786s] INFO:colcon.colcon_core.shell:Creating environment descriptor '/home/songdavid/ff_ws/install/explorer_map_utils/share/explorer_map_utils/hook/pythonpath.dsv'
[3.786s] INFO:colcon.colcon_core.shell:Creating environment hook '/home/songdavid/ff_ws/install/explorer_map_utils/share/explorer_map_utils/hook/pythonpath.sh'
[3.788s] Level 1:colcon.colcon_core.environment:checking '/home/songdavid/ff_ws/install/explorer_map_utils/bin'
[3.788s] Level 1:colcon.colcon_core.environment:create_environment_scripts_only(explorer_map_utils)
[3.789s] INFO:colcon.colcon_core.shell:Creating package script '/home/songdavid/ff_ws/install/explorer_map_utils/share/explorer_map_utils/package.ps1'
[3.790s] INFO:colcon.colcon_core.shell:Creating package descriptor '/home/songdavid/ff_ws/install/explorer_map_utils/share/explorer_map_utils/package.dsv'
[3.791s] INFO:colcon.colcon_core.shell:Creating package script '/home/songdavid/ff_ws/install/explorer_map_utils/share/explorer_map_utils/package.sh'
[3.793s] INFO:colcon.colcon_core.shell:Creating package script '/home/songdavid/ff_ws/install/explorer_map_utils/share/explorer_map_utils/package.bash'
[3.793s] INFO:colcon.colcon_core.shell:Creating package script '/home/songdavid/ff_ws/install/explorer_map_utils/share/explorer_map_utils/package.zsh'
[3.795s] Level 1:colcon.colcon_core.environment:create_file_with_runtime_dependencies(/home/songdavid/ff_ws/install/explorer_map_utils/share/colcon-core/packages/explorer_map_utils)
[3.807s] Level 1:colcon.colcon_core.environment:checking '/home/songdavid/ff_ws/install/explorer_wanderer' for CMake module files
[3.809s] DEBUG:colcon.colcon_core.event_handler.log_command:Invoked command in '/home/songdavid/ff_ws/src/ros2_explorer/explorer_wanderer' returned '0': PYTHONPATH=/home/songdavid/ff_ws/build/explorer_wanderer/prefix_override:/usr/lib/python3/dist-packages/colcon_core/task/python/colcon_distutils_commands:/home/songdavid/ff_ws/install/explorer_wanderer/lib/python3.10/site-packages:${PYTHONPATH} /usr/bin/python3 -W ignore:setup.py install is deprecated -W ignore:easy_install command is deprecated setup.py egg_info --egg-base ../../../build/explorer_wanderer build --build-base /home/songdavid/ff_ws/build/explorer_wanderer/build install --record /home/songdavid/ff_ws/build/explorer_wanderer/install.log --single-version-externally-managed install_data
[3.809s] Level 1:colcon.colcon_core.environment:checking '/home/songdavid/ff_ws/install/explorer_wanderer' for CMake config files
[3.811s] Level 1:colcon.colcon_core.environment:checking '/home/songdavid/ff_ws/install/explorer_wanderer/lib'
[3.811s] Level 1:colcon.colcon_core.environment:checking '/home/songdavid/ff_ws/install/explorer_wanderer/bin'
[3.811s] Level 1:colcon.colcon_core.environment:checking '/home/songdavid/ff_ws/install/explorer_wanderer/lib/pkgconfig/explorer_wanderer.pc'
[3.812s] Level 1:colcon.colcon_core.environment:checking '/home/songdavid/ff_ws/install/explorer_wanderer/lib/python3.10/site-packages'
[3.812s] Level 1:colcon.colcon_core.shell:create_environment_hook('explorer_wanderer', 'pythonpath')
[3.813s] INFO:colcon.colcon_core.shell:Creating environment hook '/home/songdavid/ff_ws/install/explorer_wanderer/share/explorer_wanderer/hook/pythonpath.ps1'
[3.814s] INFO:colcon.colcon_core.shell:Creating environment descriptor '/home/songdavid/ff_ws/install/explorer_wanderer/share/explorer_wanderer/hook/pythonpath.dsv'
[3.815s] INFO:colcon.colcon_core.shell:Creating environment hook '/home/songdavid/ff_ws/install/explorer_wanderer/share/explorer_wanderer/hook/pythonpath.sh'
[3.817s] Level 1:colcon.colcon_core.environment:checking '/home/songdavid/ff_ws/install/explorer_wanderer/bin'
[3.817s] Level 1:colcon.colcon_core.environment:create_environment_scripts_only(explorer_wanderer)
[3.818s] INFO:colcon.colcon_core.shell:Creating package script '/home/songdavid/ff_ws/install/explorer_wanderer/share/explorer_wanderer/package.ps1'
[3.819s] INFO:colcon.colcon_core.shell:Creating package descriptor '/home/songdavid/ff_ws/install/explorer_wanderer/share/explorer_wanderer/package.dsv'
[3.820s] INFO:colcon.colcon_core.shell:Creating package script '/home/songdavid/ff_ws/install/explorer_wanderer/share/explorer_wanderer/package.sh'
[3.822s] INFO:colcon.colcon_core.shell:Creating package script '/home/songdavid/ff_ws/install/explorer_wanderer/share/explorer_wanderer/package.bash'
[3.823s] INFO:colcon.colcon_core.shell:Creating package script '/home/songdavid/ff_ws/install/explorer_wanderer/share/explorer_wanderer/package.zsh'
[3.824s] Level 1:colcon.colcon_core.environment:create_file_with_runtime_dependencies(/home/songdavid/ff_ws/install/explorer_wanderer/share/colcon-core/packages/explorer_wanderer)
[3.841s] Level 1:colcon.colcon_core.environment:checking '/home/songdavid/ff_ws/install/explorer_bringup' for CMake module files
[3.843s] DEBUG:colcon.colcon_core.event_handler.log_command:Invoked command in '/home/songdavid/ff_ws/src/ros2_explorer/explorer_bringup' returned '0': PYTHONPATH=/home/songdavid/ff_ws/build/explorer_bringup/prefix_override:/usr/lib/python3/dist-packages/colcon_core/task/python/colcon_distutils_commands:/home/songdavid/ff_ws/install/explorer_bringup/lib/python3.10/site-packages:${PYTHONPATH} /usr/bin/python3 -W ignore:setup.py install is deprecated -W ignore:easy_install command is deprecated setup.py egg_info --egg-base ../../../build/explorer_bringup build --build-base /home/songdavid/ff_ws/build/explorer_bringup/build install --record /home/songdavid/ff_ws/build/explorer_bringup/install.log --single-version-externally-managed install_data
[3.844s] Level 1:colcon.colcon_core.environment:checking '/home/songdavid/ff_ws/install/explorer_bringup' for CMake config files
[3.845s] Level 1:colcon.colcon_core.environment:checking '/home/songdavid/ff_ws/install/explorer_bringup/lib'
[3.846s] Level 1:colcon.colcon_core.environment:checking '/home/songdavid/ff_ws/install/explorer_bringup/bin'
[3.846s] Level 1:colcon.colcon_core.environment:checking '/home/songdavid/ff_ws/install/explorer_bringup/lib/pkgconfig/explorer_bringup.pc'
[3.846s] Level 1:colcon.colcon_core.environment:checking '/home/songdavid/ff_ws/install/explorer_bringup/lib/python3.10/site-packages'
[3.847s] Level 1:colcon.colcon_core.shell:create_environment_hook('explorer_bringup', 'pythonpath')
[3.848s] INFO:colcon.colcon_core.shell:Creating environment hook '/home/songdavid/ff_ws/install/explorer_bringup/share/explorer_bringup/hook/pythonpath.ps1'
[3.849s] INFO:colcon.colcon_core.shell:Creating environment descriptor '/home/songdavid/ff_ws/install/explorer_bringup/share/explorer_bringup/hook/pythonpath.dsv'
[3.850s] INFO:colcon.colcon_core.shell:Creating environment hook '/home/songdavid/ff_ws/install/explorer_bringup/share/explorer_bringup/hook/pythonpath.sh'
[3.851s] Level 1:colcon.colcon_core.environment:checking '/home/songdavid/ff_ws/install/explorer_bringup/bin'
[3.851s] Level 1:colcon.colcon_core.environment:create_environment_scripts_only(explorer_bringup)
[3.852s] INFO:colcon.colcon_core.shell:Creating package script '/home/songdavid/ff_ws/install/explorer_bringup/share/explorer_bringup/package.ps1'
[3.854s] INFO:colcon.colcon_core.shell:Creating package descriptor '/home/songdavid/ff_ws/install/explorer_bringup/share/explorer_bringup/package.dsv'
[3.855s] INFO:colcon.colcon_core.shell:Creating package script '/home/songdavid/ff_ws/install/explorer_bringup/share/explorer_bringup/package.sh'
[3.856s] INFO:colcon.colcon_core.shell:Creating package script '/home/songdavid/ff_ws/install/explorer_bringup/share/explorer_bringup/package.bash'
[3.858s] INFO:colcon.colcon_core.shell:Creating package script '/home/songdavid/ff_ws/install/explorer_bringup/share/explorer_bringup/package.zsh'
[3.859s] Level 1:colcon.colcon_core.environment:create_file_with_runtime_dependencies(/home/songdavid/ff_ws/install/explorer_bringup/share/colcon-core/packages/explorer_bringup)
[4.519s] DEBUG:colcon.colcon_core.event_handler.log_command:Invoked command in '/home/songdavid/ff_ws/build/explorer_interfaces' returned '0': CMAKE_PREFIX_PATH=${CMAKE_PREFIX_PATH}:/home/songdavid/ff_ws/install/autonomous_exploration:/home/songdavid/turtlebot3_ws/install/explorer_bringup:/home/songdavid/turtlebot3_ws/install/turtlebot3_teleop:/home/songdavid/turtlebot3_ws/install/turtlebot3_example:/home/songdavid/turtlebot3_ws/install/explorer_wanderer:/home/songdavid/turtlebot3_ws/install/explorer_map_utils:/home/songdavid/turtlebot3_ws/install/exploration_pkg:/opt/ros/humble /usr/bin/cmake /home/songdavid/ff_ws/src/ros2_explorer/explorer_interfaces -DCMAKE_INSTALL_PREFIX=/home/songdavid/ff_ws/install/explorer_interfaces
[4.521s] DEBUG:colcon.colcon_core.event_handler.log_command:Invoking command in '/home/songdavid/ff_ws/build/explorer_interfaces': CMAKE_PREFIX_PATH=${CMAKE_PREFIX_PATH}:/home/songdavid/ff_ws/install/autonomous_exploration:/home/songdavid/turtlebot3_ws/install/explorer_bringup:/home/songdavid/turtlebot3_ws/install/turtlebot3_teleop:/home/songdavid/turtlebot3_ws/install/turtlebot3_example:/home/songdavid/turtlebot3_ws/install/explorer_wanderer:/home/songdavid/turtlebot3_ws/install/explorer_map_utils:/home/songdavid/turtlebot3_ws/install/exploration_pkg:/opt/ros/humble /usr/bin/cmake --build /home/songdavid/ff_ws/build/explorer_interfaces -- -j8 -l8
[10.904s] DEBUG:colcon.colcon_core.event_handler.log_command:Invoked command in '/home/songdavid/ff_ws/build/explorer_interfaces' returned '0': CMAKE_PREFIX_PATH=${CMAKE_PREFIX_PATH}:/home/songdavid/ff_ws/install/autonomous_exploration:/home/songdavid/turtlebot3_ws/install/explorer_bringup:/home/songdavid/turtlebot3_ws/install/turtlebot3_teleop:/home/songdavid/turtlebot3_ws/install/turtlebot3_example:/home/songdavid/turtlebot3_ws/install/explorer_wanderer:/home/songdavid/turtlebot3_ws/install/explorer_map_utils:/home/songdavid/turtlebot3_ws/install/exploration_pkg:/opt/ros/humble /usr/bin/cmake --build /home/songdavid/ff_ws/build/explorer_interfaces -- -j8 -l8
[10.906s] DEBUG:colcon.colcon_core.event_handler.log_command:Invoking command in '/home/songdavid/ff_ws/build/explorer_interfaces': CMAKE_PREFIX_PATH=${CMAKE_PREFIX_PATH}:/home/songdavid/ff_ws/install/autonomous_exploration:/home/songdavid/turtlebot3_ws/install/explorer_bringup:/home/songdavid/turtlebot3_ws/install/turtlebot3_teleop:/home/songdavid/turtlebot3_ws/install/turtlebot3_example:/home/songdavid/turtlebot3_ws/install/explorer_wanderer:/home/songdavid/turtlebot3_ws/install/explorer_map_utils:/home/songdavid/turtlebot3_ws/install/exploration_pkg:/opt/ros/humble /usr/bin/cmake --install /home/songdavid/ff_ws/build/explorer_interfaces
[11.009s] Level 1:colcon.colcon_core.environment:create_environment_scripts_only(explorer_interfaces)
[11.010s] Level 1:colcon.colcon_core.environment:checking '/home/songdavid/ff_ws/install/explorer_interfaces' for CMake module files
[11.010s] DEBUG:colcon.colcon_core.event_handler.log_command:Invoked command in '/home/songdavid/ff_ws/build/explorer_interfaces' returned '0': CMAKE_PREFIX_PATH=${CMAKE_PREFIX_PATH}:/home/songdavid/ff_ws/install/autonomous_exploration:/home/songdavid/turtlebot3_ws/install/explorer_bringup:/home/songdavid/turtlebot3_ws/install/turtlebot3_teleop:/home/songdavid/turtlebot3_ws/install/turtlebot3_example:/home/songdavid/turtlebot3_ws/install/explorer_wanderer:/home/songdavid/turtlebot3_ws/install/explorer_map_utils:/home/songdavid/turtlebot3_ws/install/exploration_pkg:/opt/ros/humble /usr/bin/cmake --install /home/songdavid/ff_ws/build/explorer_interfaces
[11.011s] Level 1:colcon.colcon_core.environment:checking '/home/songdavid/ff_ws/install/explorer_interfaces' for CMake config files
[11.011s] Level 1:colcon.colcon_core.shell:create_environment_hook('explorer_interfaces', 'cmake_prefix_path')
[11.012s] INFO:colcon.colcon_core.shell:Creating environment hook '/home/songdavid/ff_ws/install/explorer_interfaces/share/explorer_interfaces/hook/cmake_prefix_path.ps1'
[11.012s] INFO:colcon.colcon_core.shell:Creating environment descriptor '/home/songdavid/ff_ws/install/explorer_interfaces/share/explorer_interfaces/hook/cmake_prefix_path.dsv'
[11.013s] INFO:colcon.colcon_core.shell:Creating environment hook '/home/songdavid/ff_ws/install/explorer_interfaces/share/explorer_interfaces/hook/cmake_prefix_path.sh'
[11.013s] Level 1:colcon.colcon_core.environment:checking '/home/songdavid/ff_ws/install/explorer_interfaces/lib'
[11.013s] Level 1:colcon.colcon_core.shell:create_environment_hook('explorer_interfaces', 'ld_library_path_lib')
[11.014s] INFO:colcon.colcon_core.shell:Creating environment hook '/home/songdavid/ff_ws/install/explorer_interfaces/share/explorer_interfaces/hook/ld_library_path_lib.ps1'
[11.014s] INFO:colcon.colcon_core.shell:Creating environment descriptor '/home/songdavid/ff_ws/install/explorer_interfaces/share/explorer_interfaces/hook/ld_library_path_lib.dsv'
[11.014s] INFO:colcon.colcon_core.shell:Creating environment hook '/home/songdavid/ff_ws/install/explorer_interfaces/share/explorer_interfaces/hook/ld_library_path_lib.sh'
[11.015s] Level 1:colcon.colcon_core.environment:checking '/home/songdavid/ff_ws/install/explorer_interfaces/bin'
[11.015s] Level 1:colcon.colcon_core.environment:checking '/home/songdavid/ff_ws/install/explorer_interfaces/lib/pkgconfig/explorer_interfaces.pc'
[11.015s] Level 1:colcon.colcon_core.environment:checking '/home/songdavid/ff_ws/install/explorer_interfaces/lib/python3.10/site-packages'
[11.016s] Level 1:colcon.colcon_core.environment:checking '/home/songdavid/ff_ws/install/explorer_interfaces/bin'
[11.016s] INFO:colcon.colcon_core.shell:Creating package script '/home/songdavid/ff_ws/install/explorer_interfaces/share/explorer_interfaces/package.ps1'
[11.017s] INFO:colcon.colcon_core.shell:Creating package descriptor '/home/songdavid/ff_ws/install/explorer_interfaces/share/explorer_interfaces/package.dsv'
[11.017s] INFO:colcon.colcon_core.shell:Creating package script '/home/songdavid/ff_ws/install/explorer_interfaces/share/explorer_interfaces/package.sh'
[11.018s] INFO:colcon.colcon_core.shell:Creating package script '/home/songdavid/ff_ws/install/explorer_interfaces/share/explorer_interfaces/package.bash'
[11.018s] INFO:colcon.colcon_core.shell:Creating package script '/home/songdavid/ff_ws/install/explorer_interfaces/share/explorer_interfaces/package.zsh'
[11.018s] Level 1:colcon.colcon_core.environment:create_file_with_runtime_dependencies(/home/songdavid/ff_ws/install/explorer_interfaces/share/colcon-core/packages/explorer_interfaces)
[11.019s] Level 1:colcon.colcon_core.environment:create_environment_scripts_only(explorer_interfaces)
[11.020s] Level 1:colcon.colcon_core.environment:checking '/home/songdavid/ff_ws/install/explorer_interfaces' for CMake module files
[11.020s] Level 1:colcon.colcon_core.environment:checking '/home/songdavid/ff_ws/install/explorer_interfaces' for CMake config files
[11.021s] Level 1:colcon.colcon_core.shell:create_environment_hook('explorer_interfaces', 'cmake_prefix_path')
[11.021s] INFO:colcon.colcon_core.shell:Creating environment hook '/home/songdavid/ff_ws/install/explorer_interfaces/share/explorer_interfaces/hook/cmake_prefix_path.ps1'
[11.022s] INFO:colcon.colcon_core.shell:Creating environment descriptor '/home/songdavid/ff_ws/install/explorer_interfaces/share/explorer_interfaces/hook/cmake_prefix_path.dsv'
[11.023s] INFO:colcon.colcon_core.shell:Creating environment hook '/home/songdavid/ff_ws/install/explorer_interfaces/share/explorer_interfaces/hook/cmake_prefix_path.sh'
[11.024s] Level 1:colcon.colcon_core.environment:checking '/home/songdavid/ff_ws/install/explorer_interfaces/lib'
[11.024s] Level 1:colcon.colcon_core.shell:create_environment_hook('explorer_interfaces', 'ld_library_path_lib')
[11.024s] INFO:colcon.colcon_core.shell:Creating environment hook '/home/songdavid/ff_ws/install/explorer_interfaces/share/explorer_interfaces/hook/ld_library_path_lib.ps1'
[11.025s] INFO:colcon.colcon_core.shell:Creating environment descriptor '/home/songdavid/ff_ws/install/explorer_interfaces/share/explorer_interfaces/hook/ld_library_path_lib.dsv'
[11.025s] INFO:colcon.colcon_core.shell:Creating environment hook '/home/songdavid/ff_ws/install/explorer_interfaces/share/explorer_interfaces/hook/ld_library_path_lib.sh'
[11.026s] Level 1:colcon.colcon_core.environment:checking '/home/songdavid/ff_ws/install/explorer_interfaces/bin'
[11.026s] Level 1:colcon.colcon_core.environment:checking '/home/songdavid/ff_ws/install/explorer_interfaces/lib/pkgconfig/explorer_interfaces.pc'
[11.026s] Level 1:colcon.colcon_core.environment:checking '/home/songdavid/ff_ws/install/explorer_interfaces/lib/python3.10/site-packages'
[11.026s] Level 1:colcon.colcon_core.environment:checking '/home/songdavid/ff_ws/install/explorer_interfaces/bin'
[11.027s] INFO:colcon.colcon_core.shell:Creating package script '/home/songdavid/ff_ws/install/explorer_interfaces/share/explorer_interfaces/package.ps1'
[11.028s] INFO:colcon.colcon_core.shell:Creating package descriptor '/home/songdavid/ff_ws/install/explorer_interfaces/share/explorer_interfaces/package.dsv'
[11.029s] INFO:colcon.colcon_core.shell:Creating package script '/home/songdavid/ff_ws/install/explorer_interfaces/share/explorer_interfaces/package.sh'
[11.029s] INFO:colcon.colcon_core.shell:Creating package script '/home/songdavid/ff_ws/install/explorer_interfaces/share/explorer_interfaces/package.bash'
[11.030s] INFO:colcon.colcon_core.shell:Creating package script '/home/songdavid/ff_ws/install/explorer_interfaces/share/explorer_interfaces/package.zsh'
[11.030s] Level 1:colcon.colcon_core.environment:create_file_with_runtime_dependencies(/home/songdavid/ff_ws/install/explorer_interfaces/share/colcon-core/packages/explorer_interfaces)
[11.030s] DEBUG:colcon.colcon_parallel_executor.executor.parallel:closing loop
[11.031s] DEBUG:colcon.colcon_parallel_executor.executor.parallel:loop closed
[11.031s] DEBUG:colcon.colcon_parallel_executor.executor.parallel:run_until_complete finished with '0'
[11.031s] DEBUG:colcon.colcon_core.event_reactor:joining thread
[11.038s] INFO:colcon.colcon_core.plugin_system:Skipping extension 'colcon_notification.desktop_notification.terminal_notifier': Not used on non-Darwin systems
[11.039s] INFO:colcon.colcon_core.plugin_system:Skipping extension 'colcon_notification.desktop_notification.win32': Not used on non-Windows systems
[11.039s] INFO:colcon.colcon_notification.desktop_notification:Sending desktop notification using 'notify2'
[11.054s] DEBUG:colcon.colcon_core.event_reactor:joined thread
[11.054s] INFO:colcon.colcon_core.shell:Creating prefix script '/home/songdavid/ff_ws/install/local_setup.ps1'
[11.056s] INFO:colcon.colcon_core.shell:Creating prefix util module '/home/songdavid/ff_ws/install/_local_setup_util_ps1.py'
[11.058s] INFO:colcon.colcon_core.shell:Creating prefix chain script '/home/songdavid/ff_ws/install/setup.ps1'
[11.062s] INFO:colcon.colcon_core.shell:Creating prefix script '/home/songdavid/ff_ws/install/local_setup.sh'
[11.063s] INFO:colcon.colcon_core.shell:Creating prefix util module '/home/songdavid/ff_ws/install/_local_setup_util_sh.py'
[11.064s] INFO:colcon.colcon_core.shell:Creating prefix chain script '/home/songdavid/ff_ws/install/setup.sh'
[11.067s] INFO:colcon.colcon_core.shell:Creating prefix script '/home/songdavid/ff_ws/install/local_setup.bash'
[11.069s] INFO:colcon.colcon_core.shell:Creating prefix chain script '/home/songdavid/ff_ws/install/setup.bash'
[11.072s] INFO:colcon.colcon_core.shell:Creating prefix script '/home/songdavid/ff_ws/install/local_setup.zsh'
[11.073s] INFO:colcon.colcon_core.shell:Creating prefix chain script '/home/songdavid/ff_ws/install/setup.zsh'
