[0.361s] Invoking command in '/home/songdavid/ff_ws/build/explorer_gazebo': CMAKE_PREFIX_PATH=${CMAKE_PREFIX_PATH}:/home/songdavid/turtlebot3_ws/install/explorer_bringup:/home/songdavid/turtlebot3_ws/install/turtlebot3_teleop:/home/songdavid/turtlebot3_ws/install/turtlebot3_example:/home/songdavid/turtlebot3_ws/install/explorer_wanderer:/home/songdavid/turtlebot3_ws/install/explorer_map_utils:/home/songdavid/turtlebot3_ws/install/exploration_pkg:/opt/ros/humble /usr/bin/cmake --build /home/songdavid/ff_ws/build/explorer_gazebo -- -j8 -l8
[0.483s] Invoked command in '/home/songdavid/ff_ws/build/explorer_gazebo' returned '0': CMAKE_PREFIX_PATH=${CMAKE_PREFIX_PATH}:/home/songdavid/turtlebot3_ws/install/explorer_bringup:/home/songdavid/turtlebot3_ws/install/turtlebot3_teleop:/home/songdavid/turtlebot3_ws/install/turtlebot3_example:/home/songdavid/turtlebot3_ws/install/explorer_wanderer:/home/songdavid/turtlebot3_ws/install/explorer_map_utils:/home/songdavid/turtlebot3_ws/install/exploration_pkg:/opt/ros/humble /usr/bin/cmake --build /home/songdavid/ff_ws/build/explorer_gazebo -- -j8 -l8
[0.484s] Invoking command in '/home/songdavid/ff_ws/build/explorer_gazebo': CMAKE_PREFIX_PATH=${CMAKE_PREFIX_PATH}:/home/songdavid/turtlebot3_ws/install/explorer_bringup:/home/songdavid/turtlebot3_ws/install/turtlebot3_teleop:/home/songdavid/turtlebot3_ws/install/turtlebot3_example:/home/songdavid/turtlebot3_ws/install/explorer_wanderer:/home/songdavid/turtlebot3_ws/install/explorer_map_utils:/home/songdavid/turtlebot3_ws/install/exploration_pkg:/opt/ros/humble /usr/bin/cmake --install /home/songdavid/ff_ws/build/explorer_gazebo
[0.824s] -- Install configuration: ""
[0.825s] -- Up-to-date: /home/songdavid/ff_ws/install/explorer_gazebo/share/explorer_gazebo//models
[0.825s] -- Up-to-date: /home/songdavid/ff_ws/install/explorer_gazebo/share/explorer_gazebo//models/turtlebot3_burger
[0.825s] -- Up-to-date: /home/songdavid/ff_ws/install/explorer_gazebo/share/explorer_gazebo//models/turtlebot3_burger/model.config
[0.825s] -- Up-to-date: /home/songdavid/ff_ws/install/explorer_gazebo/share/explorer_gazebo//models/turtlebot3_burger/model-1_4.sdf
[0.826s] -- Up-to-date: /home/songdavid/ff_ws/install/explorer_gazebo/share/explorer_gazebo//models/turtlebot3_burger/model.sdf
[0.826s] -- Up-to-date: /home/songdavid/ff_ws/install/explorer_gazebo/share/explorer_gazebo//models/turtlebot3_burger/meshes
[0.826s] -- Up-to-date: /home/songdavid/ff_ws/install/explorer_gazebo/share/explorer_gazebo//models/turtlebot3_burger/meshes/burger_base.dae
[0.826s] -- Up-to-date: /home/songdavid/ff_ws/install/explorer_gazebo/share/explorer_gazebo//models/turtlebot3_burger/meshes/tire.dae
[0.827s] -- Up-to-date: /home/songdavid/ff_ws/install/explorer_gazebo/share/explorer_gazebo//models/turtlebot3_burger/meshes/lds.dae
[0.827s] -- Up-to-date: /home/songdavid/ff_ws/install/explorer_gazebo/share/explorer_gazebo//models/map10
[0.827s] -- Up-to-date: /home/songdavid/ff_ws/install/explorer_gazebo/share/explorer_gazebo//models/map10/map10.sdf
[0.828s] -- Up-to-date: /home/songdavid/ff_ws/install/explorer_gazebo/share/explorer_gazebo//models/map10/model.config
[0.828s] -- Up-to-date: /home/songdavid/ff_ws/install/explorer_gazebo/share/explorer_gazebo//models/map6
[0.828s] -- Up-to-date: /home/songdavid/ff_ws/install/explorer_gazebo/share/explorer_gazebo//models/map6/model.config
[0.828s] -- Up-to-date: /home/songdavid/ff_ws/install/explorer_gazebo/share/explorer_gazebo//models/map6/map6.sdf
[0.828s] -- Up-to-date: /home/songdavid/ff_ws/install/explorer_gazebo/share/explorer_gazebo//models/map2
[0.829s] -- Up-to-date: /home/songdavid/ff_ws/install/explorer_gazebo/share/explorer_gazebo//models/map2/model.config
[0.829s] -- Up-to-date: /home/songdavid/ff_ws/install/explorer_gazebo/share/explorer_gazebo//models/map2/map2.sdf
[0.829s] -- Up-to-date: /home/songdavid/ff_ws/install/explorer_gazebo/share/explorer_gazebo//models/map9
[0.829s] -- Up-to-date: /home/songdavid/ff_ws/install/explorer_gazebo/share/explorer_gazebo//models/map9/model.config
[0.829s] -- Up-to-date: /home/songdavid/ff_ws/install/explorer_gazebo/share/explorer_gazebo//models/map9/map9.sdf
[0.830s] -- Up-to-date: /home/songdavid/ff_ws/install/explorer_gazebo/share/explorer_gazebo//models/map8
[0.830s] -- Up-to-date: /home/songdavid/ff_ws/install/explorer_gazebo/share/explorer_gazebo//models/map8/model.config
[0.830s] -- Up-to-date: /home/songdavid/ff_ws/install/explorer_gazebo/share/explorer_gazebo//models/map8/map8.sdf
[0.830s] -- Up-to-date: /home/songdavid/ff_ws/install/explorer_gazebo/share/explorer_gazebo//models/map5
[0.830s] -- Up-to-date: /home/songdavid/ff_ws/install/explorer_gazebo/share/explorer_gazebo//models/map5/map5.sdf
[0.832s] -- Up-to-date: /home/songdavid/ff_ws/install/explorer_gazebo/share/explorer_gazebo//models/map5/model.config
[0.832s] -- Up-to-date: /home/songdavid/ff_ws/install/explorer_gazebo/share/explorer_gazebo//models/map7
[0.832s] -- Up-to-date: /home/songdavid/ff_ws/install/explorer_gazebo/share/explorer_gazebo//models/map7/model.config
[0.833s] -- Up-to-date: /home/songdavid/ff_ws/install/explorer_gazebo/share/explorer_gazebo//models/map7/map7.sdf
[0.833s] -- Up-to-date: /home/songdavid/ff_ws/install/explorer_gazebo/share/explorer_gazebo//models/map3
[0.833s] -- Up-to-date: /home/songdavid/ff_ws/install/explorer_gazebo/share/explorer_gazebo//models/map3/model.config
[0.833s] -- Up-to-date: /home/songdavid/ff_ws/install/explorer_gazebo/share/explorer_gazebo//models/map3/map3.sdf
[0.835s] -- Up-to-date: /home/songdavid/ff_ws/install/explorer_gazebo/share/explorer_gazebo//models/map1
[0.836s] -- Up-to-date: /home/songdavid/ff_ws/install/explorer_gazebo/share/explorer_gazebo//models/map1/map1.sdf
[0.836s] -- Up-to-date: /home/songdavid/ff_ws/install/explorer_gazebo/share/explorer_gazebo//models/map1/model.config
[0.836s] -- Up-to-date: /home/songdavid/ff_ws/install/explorer_gazebo/share/explorer_gazebo//models/map4
[0.837s] -- Up-to-date: /home/songdavid/ff_ws/install/explorer_gazebo/share/explorer_gazebo//models/map4/map4.sdf
[0.837s] -- Up-to-date: /home/songdavid/ff_ws/install/explorer_gazebo/share/explorer_gazebo//models/map4/model.config
[0.837s] -- Up-to-date: /home/songdavid/ff_ws/install/explorer_gazebo/share/explorer_gazebo//models/map11
[0.838s] -- Up-to-date: /home/songdavid/ff_ws/install/explorer_gazebo/share/explorer_gazebo//models/map11/map11.sdf
[0.838s] -- Up-to-date: /home/songdavid/ff_ws/install/explorer_gazebo/share/explorer_gazebo//models/map11/model.config
[0.838s] -- Up-to-date: /home/songdavid/ff_ws/install/explorer_gazebo/share/explorer_gazebo//worlds
[0.838s] -- Up-to-date: /home/songdavid/ff_ws/install/explorer_gazebo/share/explorer_gazebo//worlds/map2.world
[0.838s] -- Up-to-date: /home/songdavid/ff_ws/install/explorer_gazebo/share/explorer_gazebo//worlds/map8.world.xml
[0.838s] -- Up-to-date: /home/songdavid/ff_ws/install/explorer_gazebo/share/explorer_gazebo//worlds/map9.world.xml
[0.839s] -- Up-to-date: /home/songdavid/ff_ws/install/explorer_gazebo/share/explorer_gazebo//worlds/turtlebot3_house.world.xml
[0.839s] -- Up-to-date: /home/songdavid/ff_ws/install/explorer_gazebo/share/explorer_gazebo//worlds/map2.world.xml
[0.839s] -- Up-to-date: /home/songdavid/ff_ws/install/explorer_gazebo/share/explorer_gazebo//worlds/map7.world.xml
[0.839s] -- Up-to-date: /home/songdavid/ff_ws/install/explorer_gazebo/share/explorer_gazebo//worlds/map11.world.xml
[0.839s] -- Up-to-date: /home/songdavid/ff_ws/install/explorer_gazebo/share/explorer_gazebo//worlds/map3.world.xml
[0.839s] -- Up-to-date: /home/songdavid/ff_ws/install/explorer_gazebo/share/explorer_gazebo//worlds/map5.world.xml
[0.840s] -- Up-to-date: /home/songdavid/ff_ws/install/explorer_gazebo/share/explorer_gazebo//worlds/house.world.xml
[0.840s] -- Up-to-date: /home/songdavid/ff_ws/install/explorer_gazebo/share/explorer_gazebo//worlds/map4.world.xml
[0.840s] -- Up-to-date: /home/songdavid/ff_ws/install/explorer_gazebo/share/explorer_gazebo//worlds/map1.world.xml
[0.840s] -- Up-to-date: /home/songdavid/ff_ws/install/explorer_gazebo/share/explorer_gazebo//worlds/map6.world.xml
[0.840s] -- Up-to-date: /home/songdavid/ff_ws/install/explorer_gazebo/share/explorer_gazebo//worlds/map10.world.xml
[0.840s] -- Up-to-date: /home/songdavid/ff_ws/install/explorer_gazebo/share/explorer_gazebo//maps
[0.840s] -- Up-to-date: /home/songdavid/ff_ws/install/explorer_gazebo/share/explorer_gazebo//maps/map6.csv
[0.841s] -- Up-to-date: /home/songdavid/ff_ws/install/explorer_gazebo/share/explorer_gazebo//maps/map4.csv
[0.841s] -- Up-to-date: /home/songdavid/ff_ws/install/explorer_gazebo/share/explorer_gazebo//maps/map9.csv
[0.841s] -- Up-to-date: /home/songdavid/ff_ws/install/explorer_gazebo/share/explorer_gazebo//maps/map11.csv
[0.841s] -- Up-to-date: /home/songdavid/ff_ws/install/explorer_gazebo/share/explorer_gazebo//maps/map10.csv
[0.841s] -- Up-to-date: /home/songdavid/ff_ws/install/explorer_gazebo/share/explorer_gazebo//maps/map1.csv
[0.841s] -- Up-to-date: /home/songdavid/ff_ws/install/explorer_gazebo/share/explorer_gazebo//maps/map8.csv
[0.841s] -- Up-to-date: /home/songdavid/ff_ws/install/explorer_gazebo/share/explorer_gazebo//maps/map3.csv
[0.841s] -- Up-to-date: /home/songdavid/ff_ws/install/explorer_gazebo/share/explorer_gazebo//maps/map5.csv
[0.842s] -- Up-to-date: /home/songdavid/ff_ws/install/explorer_gazebo/share/explorer_gazebo//maps/map7.csv
[0.842s] -- Up-to-date: /home/songdavid/ff_ws/install/explorer_gazebo/share/explorer_gazebo//maps/map2.csv
[0.842s] -- Up-to-date: /home/songdavid/ff_ws/install/explorer_gazebo/share/ament_index/resource_index/package_run_dependencies/explorer_gazebo
[0.842s] -- Up-to-date: /home/songdavid/ff_ws/install/explorer_gazebo/share/ament_index/resource_index/parent_prefix_path/explorer_gazebo
[0.842s] -- Up-to-date: /home/songdavid/ff_ws/install/explorer_gazebo/share/explorer_gazebo/environment/ament_prefix_path.sh
[0.842s] -- Up-to-date: /home/songdavid/ff_ws/install/explorer_gazebo/share/explorer_gazebo/environment/ament_prefix_path.dsv
[0.842s] -- Up-to-date: /home/songdavid/ff_ws/install/explorer_gazebo/share/explorer_gazebo/environment/path.sh
[0.842s] -- Up-to-date: /home/songdavid/ff_ws/install/explorer_gazebo/share/explorer_gazebo/environment/path.dsv
[0.843s] -- Up-to-date: /home/songdavid/ff_ws/install/explorer_gazebo/share/explorer_gazebo/local_setup.bash
[0.843s] -- Up-to-date: /home/songdavid/ff_ws/install/explorer_gazebo/share/explorer_gazebo/local_setup.sh
[0.843s] -- Up-to-date: /home/songdavid/ff_ws/install/explorer_gazebo/share/explorer_gazebo/local_setup.zsh
[0.843s] -- Up-to-date: /home/songdavid/ff_ws/install/explorer_gazebo/share/explorer_gazebo/local_setup.dsv
[0.843s] -- Installing: /home/songdavid/ff_ws/install/explorer_gazebo/share/explorer_gazebo/package.dsv
[0.843s] -- Up-to-date: /home/songdavid/ff_ws/install/explorer_gazebo/share/ament_index/resource_index/packages/explorer_gazebo
[0.844s] -- Up-to-date: /home/songdavid/ff_ws/install/explorer_gazebo/share/explorer_gazebo/cmake/explorer_gazeboConfig.cmake
[0.844s] -- Up-to-date: /home/songdavid/ff_ws/install/explorer_gazebo/share/explorer_gazebo/cmake/explorer_gazeboConfig-version.cmake
[0.844s] -- Up-to-date: /home/songdavid/ff_ws/install/explorer_gazebo/share/explorer_gazebo/package.xml
[0.859s] Invoked command in '/home/songdavid/ff_ws/build/explorer_gazebo' returned '0': CMAKE_PREFIX_PATH=${CMAKE_PREFIX_PATH}:/home/songdavid/turtlebot3_ws/install/explorer_bringup:/home/songdavid/turtlebot3_ws/install/turtlebot3_teleop:/home/songdavid/turtlebot3_ws/install/turtlebot3_example:/home/songdavid/turtlebot3_ws/install/explorer_wanderer:/home/songdavid/turtlebot3_ws/install/explorer_map_utils:/home/songdavid/turtlebot3_ws/install/exploration_pkg:/opt/ros/humble /usr/bin/cmake --install /home/songdavid/ff_ws/build/explorer_gazebo
