[0.402s] Invoking command in '/home/songdavid/ff_ws/build/explorer_interfaces': CMAKE_PREFIX_PATH=${CMAKE_PREFIX_PATH}:/home/songdavid/turtlebot3_ws/install/explorer_bringup:/home/songdavid/turtlebot3_ws/install/turtlebot3_teleop:/home/songdavid/turtlebot3_ws/install/turtlebot3_example:/home/songdavid/turtlebot3_ws/install/explorer_wanderer:/home/songdavid/turtlebot3_ws/install/explorer_map_utils:/home/songdavid/turtlebot3_ws/install/exploration_pkg:/opt/ros/humble /usr/bin/cmake --build /home/songdavid/ff_ws/build/explorer_interfaces -- -j8 -l8
[0.462s] [  2%] Built target explorer_interfaces__cpp
[0.464s] [ 12%] Built target explorer_interfaces__rosidl_generator_c
[0.480s] [ 12%] Built target ament_cmake_python_copy_explorer_interfaces
[0.506s] [ 23%] Built target explorer_interfaces__rosidl_typesupport_introspection_cpp
[0.509s] [ 33%] Built target explorer_interfaces__rosidl_typesupport_fastrtps_cpp
[0.510s] [ 53%] Built target explorer_interfaces__rosidl_typesupport_c
[0.511s] [ 53%] Built target explorer_interfaces__rosidl_typesupport_introspection_c
[0.514s] [ 64%] Built target explorer_interfaces__rosidl_typesupport_cpp
[0.516s] [ 74%] Built target explorer_interfaces__rosidl_typesupport_fastrtps_c
[0.539s] [ 74%] Built target explorer_interfaces
[0.562s] [ 76%] Built target explorer_interfaces__py
[0.586s] [ 84%] Built target explorer_interfaces__rosidl_generator_py
[0.616s] [ 89%] Built target explorer_interfaces__rosidl_typesupport_fastrtps_c__pyext
[0.617s] [ 94%] Built target explorer_interfaces__rosidl_typesupport_introspection_c__pyext
[0.621s] [100%] Built target explorer_interfaces__rosidl_typesupport_c__pyext
[0.793s] running egg_info
[0.794s] writing explorer_interfaces.egg-info/PKG-INFO
[0.794s] writing dependency_links to explorer_interfaces.egg-info/dependency_links.txt
[0.794s] writing top-level names to explorer_interfaces.egg-info/top_level.txt
[0.808s] reading manifest file 'explorer_interfaces.egg-info/SOURCES.txt'
[0.808s] writing manifest file 'explorer_interfaces.egg-info/SOURCES.txt'
[0.846s] [100%] Built target ament_cmake_python_build_explorer_interfaces_egg
[0.929s] Invoked command in '/home/songdavid/ff_ws/build/explorer_interfaces' returned '0': CMAKE_PREFIX_PATH=${CMAKE_PREFIX_PATH}:/home/songdavid/turtlebot3_ws/install/explorer_bringup:/home/songdavid/turtlebot3_ws/install/turtlebot3_teleop:/home/songdavid/turtlebot3_ws/install/turtlebot3_example:/home/songdavid/turtlebot3_ws/install/explorer_wanderer:/home/songdavid/turtlebot3_ws/install/explorer_map_utils:/home/songdavid/turtlebot3_ws/install/exploration_pkg:/opt/ros/humble /usr/bin/cmake --build /home/songdavid/ff_ws/build/explorer_interfaces -- -j8 -l8
[0.931s] Invoking command in '/home/songdavid/ff_ws/build/explorer_interfaces': CMAKE_PREFIX_PATH=${CMAKE_PREFIX_PATH}:/home/songdavid/turtlebot3_ws/install/explorer_bringup:/home/songdavid/turtlebot3_ws/install/turtlebot3_teleop:/home/songdavid/turtlebot3_ws/install/turtlebot3_example:/home/songdavid/turtlebot3_ws/install/explorer_wanderer:/home/songdavid/turtlebot3_ws/install/explorer_map_utils:/home/songdavid/turtlebot3_ws/install/exploration_pkg:/opt/ros/humble /usr/bin/cmake --install /home/songdavid/ff_ws/build/explorer_interfaces
[0.975s] -- Install configuration: ""
[0.975s] -- Up-to-date: /home/songdavid/ff_ws/install/explorer_interfaces/share/ament_index/resource_index/rosidl_interfaces/explorer_interfaces
[0.976s] -- Up-to-date: /home/songdavid/ff_ws/install/explorer_interfaces/include/explorer_interfaces/explorer_interfaces
[0.976s] -- Up-to-date: /home/songdavid/ff_ws/install/explorer_interfaces/include/explorer_interfaces/explorer_interfaces/msg
[0.976s] -- Up-to-date: /home/songdavid/ff_ws/install/explorer_interfaces/include/explorer_interfaces/explorer_interfaces/msg/rosidl_generator_c__visibility_control.h
[0.976s] -- Up-to-date: /home/songdavid/ff_ws/install/explorer_interfaces/include/explorer_interfaces/explorer_interfaces/action
[0.976s] -- Up-to-date: /home/songdavid/ff_ws/install/explorer_interfaces/include/explorer_interfaces/explorer_interfaces/action/detail
[0.977s] -- Up-to-date: /home/songdavid/ff_ws/install/explorer_interfaces/include/explorer_interfaces/explorer_interfaces/action/detail/wander__functions.c
[0.977s] -- Up-to-date: /home/songdavid/ff_ws/install/explorer_interfaces/include/explorer_interfaces/explorer_interfaces/action/detail/wander__struct.h
[0.977s] -- Up-to-date: /home/songdavid/ff_ws/install/explorer_interfaces/include/explorer_interfaces/explorer_interfaces/action/detail/wander__type_support.h
[0.977s] -- Up-to-date: /home/songdavid/ff_ws/install/explorer_interfaces/include/explorer_interfaces/explorer_interfaces/action/detail/discover__functions.c
[0.977s] -- Up-to-date: /home/songdavid/ff_ws/install/explorer_interfaces/include/explorer_interfaces/explorer_interfaces/action/detail/wander__functions.h
[0.977s] -- Up-to-date: /home/songdavid/ff_ws/install/explorer_interfaces/include/explorer_interfaces/explorer_interfaces/action/detail/discover__struct.h
[0.977s] -- Up-to-date: /home/songdavid/ff_ws/install/explorer_interfaces/include/explorer_interfaces/explorer_interfaces/action/detail/discover__functions.h
[0.977s] -- Up-to-date: /home/songdavid/ff_ws/install/explorer_interfaces/include/explorer_interfaces/explorer_interfaces/action/detail/discover__type_support.h
[0.977s] -- Up-to-date: /home/songdavid/ff_ws/install/explorer_interfaces/include/explorer_interfaces/explorer_interfaces/action/discover.h
[0.978s] -- Up-to-date: /home/songdavid/ff_ws/install/explorer_interfaces/include/explorer_interfaces/explorer_interfaces/action/wander.h
[0.978s] -- Up-to-date: /home/songdavid/ff_ws/install/explorer_interfaces/share/explorer_interfaces/environment/library_path.sh
[0.978s] -- Up-to-date: /home/songdavid/ff_ws/install/explorer_interfaces/share/explorer_interfaces/environment/library_path.dsv
[0.978s] -- Up-to-date: /home/songdavid/ff_ws/install/explorer_interfaces/lib/libexplorer_interfaces__rosidl_generator_c.so
[0.978s] -- Up-to-date: /home/songdavid/ff_ws/install/explorer_interfaces/include/explorer_interfaces/explorer_interfaces
[0.978s] -- Up-to-date: /home/songdavid/ff_ws/install/explorer_interfaces/include/explorer_interfaces/explorer_interfaces/msg
[0.978s] -- Up-to-date: /home/songdavid/ff_ws/install/explorer_interfaces/include/explorer_interfaces/explorer_interfaces/msg/rosidl_typesupport_fastrtps_c__visibility_control.h
[0.978s] -- Up-to-date: /home/songdavid/ff_ws/install/explorer_interfaces/include/explorer_interfaces/explorer_interfaces/action
[0.978s] -- Up-to-date: /home/songdavid/ff_ws/install/explorer_interfaces/include/explorer_interfaces/explorer_interfaces/action/detail
[0.978s] -- Up-to-date: /home/songdavid/ff_ws/install/explorer_interfaces/include/explorer_interfaces/explorer_interfaces/action/detail/discover__rosidl_typesupport_fastrtps_c.h
[0.979s] -- Up-to-date: /home/songdavid/ff_ws/install/explorer_interfaces/include/explorer_interfaces/explorer_interfaces/action/detail/wander__rosidl_typesupport_fastrtps_c.h
[0.979s] -- Up-to-date: /home/songdavid/ff_ws/install/explorer_interfaces/lib/libexplorer_interfaces__rosidl_typesupport_fastrtps_c.so
[0.979s] -- Up-to-date: /home/songdavid/ff_ws/install/explorer_interfaces/include/explorer_interfaces/explorer_interfaces
[0.979s] -- Up-to-date: /home/songdavid/ff_ws/install/explorer_interfaces/include/explorer_interfaces/explorer_interfaces/msg
[0.979s] -- Up-to-date: /home/songdavid/ff_ws/install/explorer_interfaces/include/explorer_interfaces/explorer_interfaces/msg/rosidl_typesupport_introspection_c__visibility_control.h
[0.979s] -- Up-to-date: /home/songdavid/ff_ws/install/explorer_interfaces/include/explorer_interfaces/explorer_interfaces/action
[0.979s] -- Up-to-date: /home/songdavid/ff_ws/install/explorer_interfaces/include/explorer_interfaces/explorer_interfaces/action/detail
[0.979s] -- Up-to-date: /home/songdavid/ff_ws/install/explorer_interfaces/include/explorer_interfaces/explorer_interfaces/action/detail/wander__type_support.c
[0.979s] -- Up-to-date: /home/songdavid/ff_ws/install/explorer_interfaces/include/explorer_interfaces/explorer_interfaces/action/detail/discover__type_support.c
[0.979s] -- Up-to-date: /home/songdavid/ff_ws/install/explorer_interfaces/include/explorer_interfaces/explorer_interfaces/action/detail/wander__rosidl_typesupport_introspection_c.h
[0.979s] -- Up-to-date: /home/songdavid/ff_ws/install/explorer_interfaces/include/explorer_interfaces/explorer_interfaces/action/detail/discover__rosidl_typesupport_introspection_c.h
[0.979s] -- Up-to-date: /home/songdavid/ff_ws/install/explorer_interfaces/lib/libexplorer_interfaces__rosidl_typesupport_introspection_c.so
[0.979s] -- Up-to-date: /home/songdavid/ff_ws/install/explorer_interfaces/lib/libexplorer_interfaces__rosidl_typesupport_c.so
[0.979s] -- Up-to-date: /home/songdavid/ff_ws/install/explorer_interfaces/include/explorer_interfaces/explorer_interfaces
[0.980s] -- Up-to-date: /home/songdavid/ff_ws/install/explorer_interfaces/include/explorer_interfaces/explorer_interfaces/msg
[0.980s] -- Up-to-date: /home/songdavid/ff_ws/install/explorer_interfaces/include/explorer_interfaces/explorer_interfaces/msg/rosidl_generator_cpp__visibility_control.hpp
[0.980s] -- Up-to-date: /home/songdavid/ff_ws/install/explorer_interfaces/include/explorer_interfaces/explorer_interfaces/action
[0.980s] -- Up-to-date: /home/songdavid/ff_ws/install/explorer_interfaces/include/explorer_interfaces/explorer_interfaces/action/discover.hpp
[0.980s] -- Up-to-date: /home/songdavid/ff_ws/install/explorer_interfaces/include/explorer_interfaces/explorer_interfaces/action/detail
[0.980s] -- Up-to-date: /home/songdavid/ff_ws/install/explorer_interfaces/include/explorer_interfaces/explorer_interfaces/action/detail/discover__traits.hpp
[0.980s] -- Up-to-date: /home/songdavid/ff_ws/install/explorer_interfaces/include/explorer_interfaces/explorer_interfaces/action/detail/wander__type_support.hpp
[0.980s] -- Up-to-date: /home/songdavid/ff_ws/install/explorer_interfaces/include/explorer_interfaces/explorer_interfaces/action/detail/wander__traits.hpp
[0.980s] -- Up-to-date: /home/songdavid/ff_ws/install/explorer_interfaces/include/explorer_interfaces/explorer_interfaces/action/detail/discover__struct.hpp
[0.980s] -- Up-to-date: /home/songdavid/ff_ws/install/explorer_interfaces/include/explorer_interfaces/explorer_interfaces/action/detail/discover__builder.hpp
[0.980s] -- Up-to-date: /home/songdavid/ff_ws/install/explorer_interfaces/include/explorer_interfaces/explorer_interfaces/action/detail/wander__struct.hpp
[0.980s] -- Up-to-date: /home/songdavid/ff_ws/install/explorer_interfaces/include/explorer_interfaces/explorer_interfaces/action/detail/discover__type_support.hpp
[0.980s] -- Up-to-date: /home/songdavid/ff_ws/install/explorer_interfaces/include/explorer_interfaces/explorer_interfaces/action/detail/wander__builder.hpp
[0.980s] -- Up-to-date: /home/songdavid/ff_ws/install/explorer_interfaces/include/explorer_interfaces/explorer_interfaces/action/wander.hpp
[0.981s] -- Up-to-date: /home/songdavid/ff_ws/install/explorer_interfaces/include/explorer_interfaces/explorer_interfaces
[0.981s] -- Up-to-date: /home/songdavid/ff_ws/install/explorer_interfaces/include/explorer_interfaces/explorer_interfaces/msg
[0.981s] -- Up-to-date: /home/songdavid/ff_ws/install/explorer_interfaces/include/explorer_interfaces/explorer_interfaces/msg/rosidl_typesupport_fastrtps_cpp__visibility_control.h
[0.981s] -- Up-to-date: /home/songdavid/ff_ws/install/explorer_interfaces/include/explorer_interfaces/explorer_interfaces/action
[0.981s] -- Up-to-date: /home/songdavid/ff_ws/install/explorer_interfaces/include/explorer_interfaces/explorer_interfaces/action/detail
[0.981s] -- Up-to-date: /home/songdavid/ff_ws/install/explorer_interfaces/include/explorer_interfaces/explorer_interfaces/action/detail/wander__rosidl_typesupport_fastrtps_cpp.hpp
[0.981s] -- Up-to-date: /home/songdavid/ff_ws/install/explorer_interfaces/include/explorer_interfaces/explorer_interfaces/action/detail/dds_fastrtps
[0.981s] -- Up-to-date: /home/songdavid/ff_ws/install/explorer_interfaces/include/explorer_interfaces/explorer_interfaces/action/detail/discover__rosidl_typesupport_fastrtps_cpp.hpp
[0.981s] -- Up-to-date: /home/songdavid/ff_ws/install/explorer_interfaces/lib/libexplorer_interfaces__rosidl_typesupport_fastrtps_cpp.so
[0.981s] -- Up-to-date: /home/songdavid/ff_ws/install/explorer_interfaces/include/explorer_interfaces/explorer_interfaces
[0.982s] -- Up-to-date: /home/songdavid/ff_ws/install/explorer_interfaces/include/explorer_interfaces/explorer_interfaces/action
[0.982s] -- Up-to-date: /home/songdavid/ff_ws/install/explorer_interfaces/include/explorer_interfaces/explorer_interfaces/action/detail
[0.982s] -- Up-to-date: /home/songdavid/ff_ws/install/explorer_interfaces/include/explorer_interfaces/explorer_interfaces/action/detail/discover__rosidl_typesupport_introspection_cpp.hpp
[0.982s] -- Up-to-date: /home/songdavid/ff_ws/install/explorer_interfaces/include/explorer_interfaces/explorer_interfaces/action/detail/wander__rosidl_typesupport_introspection_cpp.hpp
[0.983s] -- Up-to-date: /home/songdavid/ff_ws/install/explorer_interfaces/include/explorer_interfaces/explorer_interfaces/action/detail/wander__type_support.cpp
[0.983s] -- Up-to-date: /home/songdavid/ff_ws/install/explorer_interfaces/include/explorer_interfaces/explorer_interfaces/action/detail/discover__type_support.cpp
[0.984s] -- Up-to-date: /home/songdavid/ff_ws/install/explorer_interfaces/lib/libexplorer_interfaces__rosidl_typesupport_introspection_cpp.so
[0.984s] -- Up-to-date: /home/songdavid/ff_ws/install/explorer_interfaces/lib/libexplorer_interfaces__rosidl_typesupport_cpp.so
[0.984s] -- Up-to-date: /home/songdavid/ff_ws/install/explorer_interfaces/share/explorer_interfaces/environment/pythonpath.sh
[0.984s] -- Up-to-date: /home/songdavid/ff_ws/install/explorer_interfaces/share/explorer_interfaces/environment/pythonpath.dsv
[0.984s] -- Up-to-date: /home/songdavid/ff_ws/install/explorer_interfaces/local/lib/python3.10/dist-packages/explorer_interfaces-0.0.0-py3.10.egg-info
[0.985s] -- Installing: /home/songdavid/ff_ws/install/explorer_interfaces/local/lib/python3.10/dist-packages/explorer_interfaces-0.0.0-py3.10.egg-info/SOURCES.txt
[0.985s] -- Installing: /home/songdavid/ff_ws/install/explorer_interfaces/local/lib/python3.10/dist-packages/explorer_interfaces-0.0.0-py3.10.egg-info/PKG-INFO
[0.985s] -- Installing: /home/songdavid/ff_ws/install/explorer_interfaces/local/lib/python3.10/dist-packages/explorer_interfaces-0.0.0-py3.10.egg-info/dependency_links.txt
[0.985s] -- Installing: /home/songdavid/ff_ws/install/explorer_interfaces/local/lib/python3.10/dist-packages/explorer_interfaces-0.0.0-py3.10.egg-info/top_level.txt
[0.985s] -- Up-to-date: /home/songdavid/ff_ws/install/explorer_interfaces/local/lib/python3.10/dist-packages/explorer_interfaces
[0.985s] -- Up-to-date: /home/songdavid/ff_ws/install/explorer_interfaces/local/lib/python3.10/dist-packages/explorer_interfaces/explorer_interfaces_s__rosidl_typesupport_fastrtps_c.cpython-310-x86_64-linux-gnu.so
[0.986s] -- Up-to-date: /home/songdavid/ff_ws/install/explorer_interfaces/local/lib/python3.10/dist-packages/explorer_interfaces/_explorer_interfaces_s.ep.rosidl_typesupport_fastrtps_c.c
[0.986s] -- Up-to-date: /home/songdavid/ff_ws/install/explorer_interfaces/local/lib/python3.10/dist-packages/explorer_interfaces/__init__.py
[0.986s] -- Up-to-date: /home/songdavid/ff_ws/install/explorer_interfaces/local/lib/python3.10/dist-packages/explorer_interfaces/_explorer_interfaces_s.ep.rosidl_typesupport_c.c
[0.986s] -- Up-to-date: /home/songdavid/ff_ws/install/explorer_interfaces/local/lib/python3.10/dist-packages/explorer_interfaces/explorer_interfaces_s__rosidl_typesupport_c.cpython-310-x86_64-linux-gnu.so
[0.987s] -- Up-to-date: /home/songdavid/ff_ws/install/explorer_interfaces/local/lib/python3.10/dist-packages/explorer_interfaces/_explorer_interfaces_s.ep.rosidl_typesupport_introspection_c.c
[0.987s] -- Up-to-date: /home/songdavid/ff_ws/install/explorer_interfaces/local/lib/python3.10/dist-packages/explorer_interfaces/action
[0.987s] -- Up-to-date: /home/songdavid/ff_ws/install/explorer_interfaces/local/lib/python3.10/dist-packages/explorer_interfaces/action/_discover.py
[0.987s] -- Up-to-date: /home/songdavid/ff_ws/install/explorer_interfaces/local/lib/python3.10/dist-packages/explorer_interfaces/action/_wander.py
[0.988s] -- Up-to-date: /home/songdavid/ff_ws/install/explorer_interfaces/local/lib/python3.10/dist-packages/explorer_interfaces/action/__init__.py
[0.988s] -- Up-to-date: /home/songdavid/ff_ws/install/explorer_interfaces/local/lib/python3.10/dist-packages/explorer_interfaces/action/_discover_s.c
[0.988s] -- Up-to-date: /home/songdavid/ff_ws/install/explorer_interfaces/local/lib/python3.10/dist-packages/explorer_interfaces/action/_wander_s.c
[0.988s] -- Up-to-date: /home/songdavid/ff_ws/install/explorer_interfaces/local/lib/python3.10/dist-packages/explorer_interfaces/libexplorer_interfaces__rosidl_generator_py.so
[0.989s] -- Up-to-date: /home/songdavid/ff_ws/install/explorer_interfaces/local/lib/python3.10/dist-packages/explorer_interfaces/explorer_interfaces_s__rosidl_typesupport_introspection_c.cpython-310-x86_64-linux-gnu.so
[1.017s] Listing '/home/songdavid/ff_ws/install/explorer_interfaces/local/lib/python3.10/dist-packages/explorer_interfaces'...
[1.017s] Listing '/home/songdavid/ff_ws/install/explorer_interfaces/local/lib/python3.10/dist-packages/explorer_interfaces/action'...
[1.026s] -- Up-to-date: /home/songdavid/ff_ws/install/explorer_interfaces/local/lib/python3.10/dist-packages/explorer_interfaces/explorer_interfaces_s__rosidl_typesupport_fastrtps_c.cpython-310-x86_64-linux-gnu.so
[1.026s] -- Up-to-date: /home/songdavid/ff_ws/install/explorer_interfaces/local/lib/python3.10/dist-packages/explorer_interfaces/explorer_interfaces_s__rosidl_typesupport_introspection_c.cpython-310-x86_64-linux-gnu.so
[1.027s] -- Up-to-date: /home/songdavid/ff_ws/install/explorer_interfaces/local/lib/python3.10/dist-packages/explorer_interfaces/explorer_interfaces_s__rosidl_typesupport_c.cpython-310-x86_64-linux-gnu.so
[1.027s] -- Up-to-date: /home/songdavid/ff_ws/install/explorer_interfaces/lib/libexplorer_interfaces__rosidl_generator_py.so
[1.027s] -- Up-to-date: /home/songdavid/ff_ws/install/explorer_interfaces/share/explorer_interfaces/action/Wander.idl
[1.028s] -- Up-to-date: /home/songdavid/ff_ws/install/explorer_interfaces/share/explorer_interfaces/action/Discover.idl
[1.028s] -- Up-to-date: /home/songdavid/ff_ws/install/explorer_interfaces/share/explorer_interfaces/action/Wander.action
[1.028s] -- Up-to-date: /home/songdavid/ff_ws/install/explorer_interfaces/share/explorer_interfaces/action/Discover.action
[1.028s] -- Up-to-date: /home/songdavid/ff_ws/install/explorer_interfaces/share/ament_index/resource_index/package_run_dependencies/explorer_interfaces
[1.028s] -- Up-to-date: /home/songdavid/ff_ws/install/explorer_interfaces/share/ament_index/resource_index/parent_prefix_path/explorer_interfaces
[1.028s] -- Up-to-date: /home/songdavid/ff_ws/install/explorer_interfaces/share/explorer_interfaces/environment/ament_prefix_path.sh
[1.029s] -- Up-to-date: /home/songdavid/ff_ws/install/explorer_interfaces/share/explorer_interfaces/environment/ament_prefix_path.dsv
[1.029s] -- Up-to-date: /home/songdavid/ff_ws/install/explorer_interfaces/share/explorer_interfaces/environment/path.sh
[1.029s] -- Up-to-date: /home/songdavid/ff_ws/install/explorer_interfaces/share/explorer_interfaces/environment/path.dsv
[1.029s] -- Up-to-date: /home/songdavid/ff_ws/install/explorer_interfaces/share/explorer_interfaces/local_setup.bash
[1.029s] -- Up-to-date: /home/songdavid/ff_ws/install/explorer_interfaces/share/explorer_interfaces/local_setup.sh
[1.029s] -- Up-to-date: /home/songdavid/ff_ws/install/explorer_interfaces/share/explorer_interfaces/local_setup.zsh
[1.029s] -- Up-to-date: /home/songdavid/ff_ws/install/explorer_interfaces/share/explorer_interfaces/local_setup.dsv
[1.029s] -- Installing: /home/songdavid/ff_ws/install/explorer_interfaces/share/explorer_interfaces/package.dsv
[1.030s] -- Up-to-date: /home/songdavid/ff_ws/install/explorer_interfaces/share/ament_index/resource_index/packages/explorer_interfaces
[1.030s] -- Up-to-date: /home/songdavid/ff_ws/install/explorer_interfaces/share/explorer_interfaces/cmake/export_explorer_interfaces__rosidl_generator_cExport.cmake
[1.030s] -- Up-to-date: /home/songdavid/ff_ws/install/explorer_interfaces/share/explorer_interfaces/cmake/export_explorer_interfaces__rosidl_generator_cExport-noconfig.cmake
[1.030s] -- Up-to-date: /home/songdavid/ff_ws/install/explorer_interfaces/share/explorer_interfaces/cmake/export_explorer_interfaces__rosidl_typesupport_fastrtps_cExport.cmake
[1.030s] -- Up-to-date: /home/songdavid/ff_ws/install/explorer_interfaces/share/explorer_interfaces/cmake/export_explorer_interfaces__rosidl_typesupport_fastrtps_cExport-noconfig.cmake
[1.030s] -- Up-to-date: /home/songdavid/ff_ws/install/explorer_interfaces/share/explorer_interfaces/cmake/explorer_interfaces__rosidl_typesupport_introspection_cExport.cmake
[1.031s] -- Up-to-date: /home/songdavid/ff_ws/install/explorer_interfaces/share/explorer_interfaces/cmake/explorer_interfaces__rosidl_typesupport_introspection_cExport-noconfig.cmake
[1.031s] -- Up-to-date: /home/songdavid/ff_ws/install/explorer_interfaces/share/explorer_interfaces/cmake/explorer_interfaces__rosidl_typesupport_cExport.cmake
[1.031s] -- Up-to-date: /home/songdavid/ff_ws/install/explorer_interfaces/share/explorer_interfaces/cmake/explorer_interfaces__rosidl_typesupport_cExport-noconfig.cmake
[1.031s] -- Up-to-date: /home/songdavid/ff_ws/install/explorer_interfaces/share/explorer_interfaces/cmake/export_explorer_interfaces__rosidl_generator_cppExport.cmake
[1.031s] -- Up-to-date: /home/songdavid/ff_ws/install/explorer_interfaces/share/explorer_interfaces/cmake/export_explorer_interfaces__rosidl_typesupport_fastrtps_cppExport.cmake
[1.031s] -- Up-to-date: /home/songdavid/ff_ws/install/explorer_interfaces/share/explorer_interfaces/cmake/export_explorer_interfaces__rosidl_typesupport_fastrtps_cppExport-noconfig.cmake
[1.032s] -- Up-to-date: /home/songdavid/ff_ws/install/explorer_interfaces/share/explorer_interfaces/cmake/explorer_interfaces__rosidl_typesupport_introspection_cppExport.cmake
[1.032s] -- Up-to-date: /home/songdavid/ff_ws/install/explorer_interfaces/share/explorer_interfaces/cmake/explorer_interfaces__rosidl_typesupport_introspection_cppExport-noconfig.cmake
[1.032s] -- Up-to-date: /home/songdavid/ff_ws/install/explorer_interfaces/share/explorer_interfaces/cmake/explorer_interfaces__rosidl_typesupport_cppExport.cmake
[1.032s] -- Up-to-date: /home/songdavid/ff_ws/install/explorer_interfaces/share/explorer_interfaces/cmake/explorer_interfaces__rosidl_typesupport_cppExport-noconfig.cmake
[1.032s] -- Up-to-date: /home/songdavid/ff_ws/install/explorer_interfaces/share/explorer_interfaces/cmake/export_explorer_interfaces__rosidl_generator_pyExport.cmake
[1.032s] -- Up-to-date: /home/songdavid/ff_ws/install/explorer_interfaces/share/explorer_interfaces/cmake/export_explorer_interfaces__rosidl_generator_pyExport-noconfig.cmake
[1.032s] -- Up-to-date: /home/songdavid/ff_ws/install/explorer_interfaces/share/explorer_interfaces/cmake/rosidl_cmake-extras.cmake
[1.032s] -- Up-to-date: /home/songdavid/ff_ws/install/explorer_interfaces/share/explorer_interfaces/cmake/ament_cmake_export_dependencies-extras.cmake
[1.033s] -- Up-to-date: /home/songdavid/ff_ws/install/explorer_interfaces/share/explorer_interfaces/cmake/ament_cmake_export_include_directories-extras.cmake
[1.033s] -- Up-to-date: /home/songdavid/ff_ws/install/explorer_interfaces/share/explorer_interfaces/cmake/ament_cmake_export_libraries-extras.cmake
[1.033s] -- Up-to-date: /home/songdavid/ff_ws/install/explorer_interfaces/share/explorer_interfaces/cmake/ament_cmake_export_targets-extras.cmake
[1.033s] -- Up-to-date: /home/songdavid/ff_ws/install/explorer_interfaces/share/explorer_interfaces/cmake/rosidl_cmake_export_typesupport_targets-extras.cmake
[1.033s] -- Up-to-date: /home/songdavid/ff_ws/install/explorer_interfaces/share/explorer_interfaces/cmake/rosidl_cmake_export_typesupport_libraries-extras.cmake
[1.033s] -- Up-to-date: /home/songdavid/ff_ws/install/explorer_interfaces/share/explorer_interfaces/cmake/explorer_interfacesConfig.cmake
[1.033s] -- Up-to-date: /home/songdavid/ff_ws/install/explorer_interfaces/share/explorer_interfaces/cmake/explorer_interfacesConfig-version.cmake
[1.033s] -- Up-to-date: /home/songdavid/ff_ws/install/explorer_interfaces/share/explorer_interfaces/package.xml
[1.616s] Invoked command in '/home/songdavid/ff_ws/build/explorer_interfaces' returned '0': CMAKE_PREFIX_PATH=${CMAKE_PREFIX_PATH}:/home/songdavid/turtlebot3_ws/install/explorer_bringup:/home/songdavid/turtlebot3_ws/install/turtlebot3_teleop:/home/songdavid/turtlebot3_ws/install/turtlebot3_example:/home/songdavid/turtlebot3_ws/install/explorer_wanderer:/home/songdavid/turtlebot3_ws/install/explorer_map_utils:/home/songdavid/turtlebot3_ws/install/exploration_pkg:/opt/ros/humble /usr/bin/cmake --install /home/songdavid/ff_ws/build/explorer_interfaces
