running egg_info
writing ../../../build/explorer_wanderer/explorer_wanderer.egg-info/PKG-INFO
writing dependency_links to ../../../build/explorer_wanderer/explorer_wanderer.egg-info/dependency_links.txt
writing entry points to ../../../build/explorer_wanderer/explorer_wanderer.egg-info/entry_points.txt
writing requirements to ../../../build/explorer_wanderer/explorer_wanderer.egg-info/requires.txt
writing top-level names to ../../../build/explorer_wanderer/explorer_wanderer.egg-info/top_level.txt
reading manifest file '../../../build/explorer_wanderer/explorer_wanderer.egg-info/SOURCES.txt'
writing manifest file '../../../build/explorer_wanderer/explorer_wanderer.egg-info/SOURCES.txt'
running build
running build_py
running install
running install_lib
running install_data
running install_egg_info
removing '/home/songdavid/ff_ws/install/explorer_wanderer/lib/python3.10/site-packages/explorer_wanderer-0.0.0-py3.10.egg-info' (and everything under it)
Copying ../../../build/explorer_wanderer/explorer_wanderer.egg-info to /home/songdavid/ff_ws/install/explorer_wanderer/lib/python3.10/site-packages/explorer_wanderer-0.0.0-py3.10.egg-info
running install_scripts
Installing discoverer_server script to /home/songdavid/ff_ws/install/explorer_wanderer/lib/explorer_wanderer
Installing wanderer script to /home/songdavid/ff_ws/install/explorer_wanderer/lib/explorer_wanderer
Installing wanderer_server script to /home/songdavid/ff_ws/install/explorer_wanderer/lib/explorer_wanderer
writing list of installed files to '/home/songdavid/ff_ws/build/explorer_wanderer/install.log'
