running egg_info
writing ../../build/autonomous_exploration/autonomous_exploration.egg-info/PKG-INFO
writing dependency_links to ../../build/autonomous_exploration/autonomous_exploration.egg-info/dependency_links.txt
writing entry points to ../../build/autonomous_exploration/autonomous_exploration.egg-info/entry_points.txt
writing requirements to ../../build/autonomous_exploration/autonomous_exploration.egg-info/requires.txt
writing top-level names to ../../build/autonomous_exploration/autonomous_exploration.egg-info/top_level.txt
reading manifest file '../../build/autonomous_exploration/autonomous_exploration.egg-info/SOURCES.txt'
writing manifest file '../../build/autonomous_exploration/autonomous_exploration.egg-info/SOURCES.txt'
running build
running build_py
copying autonomous_exploration/dwa_local_planner.py -> /home/songdavid/ff_ws/build/autonomous_exploration/build/lib/autonomous_exploration
running install
running install_lib
copying /home/songdavid/ff_ws/build/autonomous_exploration/build/lib/autonomous_exploration/dwa_local_planner.py -> /home/songdavid/ff_ws/install/autonomous_exploration/lib/python3.10/site-packages/autonomous_exploration
byte-compiling /home/songdavid/ff_ws/install/autonomous_exploration/lib/python3.10/site-packages/autonomous_exploration/dwa_local_planner.py to dwa_local_planner.cpython-310.pyc
running install_data
running install_egg_info
removing '/home/songdavid/ff_ws/install/autonomous_exploration/lib/python3.10/site-packages/autonomous_exploration-0.0.0-py3.10.egg-info' (and everything under it)
Copying ../../build/autonomous_exploration/autonomous_exploration.egg-info to /home/songdavid/ff_ws/install/autonomous_exploration/lib/python3.10/site-packages/autonomous_exploration-0.0.0-py3.10.egg-info
running install_scripts
Installing control script to /home/songdavid/ff_ws/install/autonomous_exploration/lib/autonomous_exploration
writing list of installed files to '/home/songdavid/ff_ws/build/autonomous_exploration/install.log'
