[0.574s] Invoking command in '/home/songdavid/ff_ws/build/explorer_cartographer': CMAKE_PREFIX_PATH=${CMAKE_PREFIX_PATH}:/home/songdavid/ff_ws/install/explorer_wanderer:/home/songdavid/ff_ws/install/explorer_map_utils:/home/songdavid/ff_ws/install/explorer_bringup:/home/songdavid/ff_ws/install/autonomous_exploration:/home/songdavid/turtlebot3_ws/install/explorer_bringup:/home/songdavid/turtlebot3_ws/install/turtlebot3_teleop:/home/songdavid/turtlebot3_ws/install/turtlebot3_example:/home/songdavid/turtlebot3_ws/install/explorer_wanderer:/home/songdavid/turtlebot3_ws/install/explorer_map_utils:/home/songdavid/turtlebot3_ws/install/exploration_pkg:/opt/ros/humble /usr/bin/cmake --build /home/songdavid/ff_ws/build/explorer_cartographer -- -j8 -l8
[1.194s] Invoked command in '/home/songdavid/ff_ws/build/explorer_cartographer' returned '0': CMAKE_PREFIX_PATH=${CMAKE_PREFIX_PATH}:/home/songdavid/ff_ws/install/explorer_wanderer:/home/songdavid/ff_ws/install/explorer_map_utils:/home/songdavid/ff_ws/install/explorer_bringup:/home/songdavid/ff_ws/install/autonomous_exploration:/home/songdavid/turtlebot3_ws/install/explorer_bringup:/home/songdavid/turtlebot3_ws/install/turtlebot3_teleop:/home/songdavid/turtlebot3_ws/install/turtlebot3_example:/home/songdavid/turtlebot3_ws/install/explorer_wanderer:/home/songdavid/turtlebot3_ws/install/explorer_map_utils:/home/songdavid/turtlebot3_ws/install/exploration_pkg:/opt/ros/humble /usr/bin/cmake --build /home/songdavid/ff_ws/build/explorer_cartographer -- -j8 -l8
[1.204s] Invoking command in '/home/songdavid/ff_ws/build/explorer_cartographer': CMAKE_PREFIX_PATH=${CMAKE_PREFIX_PATH}:/home/songdavid/ff_ws/install/explorer_wanderer:/home/songdavid/ff_ws/install/explorer_map_utils:/home/songdavid/ff_ws/install/explorer_bringup:/home/songdavid/ff_ws/install/autonomous_exploration:/home/songdavid/turtlebot3_ws/install/explorer_bringup:/home/songdavid/turtlebot3_ws/install/turtlebot3_teleop:/home/songdavid/turtlebot3_ws/install/turtlebot3_example:/home/songdavid/turtlebot3_ws/install/explorer_wanderer:/home/songdavid/turtlebot3_ws/install/explorer_map_utils:/home/songdavid/turtlebot3_ws/install/exploration_pkg:/opt/ros/humble /usr/bin/cmake --install /home/songdavid/ff_ws/build/explorer_cartographer
[1.212s] -- Install configuration: ""
[1.213s] -- Up-to-date: /home/songdavid/ff_ws/install/explorer_cartographer/share/explorer_cartographer/config
[1.213s] -- Up-to-date: /home/songdavid/ff_ws/install/explorer_cartographer/share/explorer_cartographer/config/turtlebot3_lds_2d.lua
[1.213s] -- Up-to-date: /home/songdavid/ff_ws/install/explorer_cartographer/share/explorer_cartographer/launch
[1.213s] -- Up-to-date: /home/songdavid/ff_ws/install/explorer_cartographer/share/explorer_cartographer/launch/occupancy_grid.launch.py
[1.213s] -- Up-to-date: /home/songdavid/ff_ws/install/explorer_cartographer/share/explorer_cartographer/launch/cartographer.launch.py
[1.213s] -- Up-to-date: /home/songdavid/ff_ws/install/explorer_cartographer/share/explorer_cartographer/rviz
[1.213s] -- Up-to-date: /home/songdavid/ff_ws/install/explorer_cartographer/share/explorer_cartographer/rviz/tb3_cartographer.rviz
[1.213s] -- Up-to-date: /home/songdavid/ff_ws/install/explorer_cartographer/share/ament_index/resource_index/package_run_dependencies/explorer_cartographer
[1.215s] -- Up-to-date: /home/songdavid/ff_ws/install/explorer_cartographer/share/ament_index/resource_index/parent_prefix_path/explorer_cartographer
[1.216s] -- Up-to-date: /home/songdavid/ff_ws/install/explorer_cartographer/share/explorer_cartographer/environment/ament_prefix_path.sh
[1.216s] -- Up-to-date: /home/songdavid/ff_ws/install/explorer_cartographer/share/explorer_cartographer/environment/ament_prefix_path.dsv
[1.217s] -- Up-to-date: /home/songdavid/ff_ws/install/explorer_cartographer/share/explorer_cartographer/environment/path.sh
[1.217s] -- Up-to-date: /home/songdavid/ff_ws/install/explorer_cartographer/share/explorer_cartographer/environment/path.dsv
[1.217s] -- Up-to-date: /home/songdavid/ff_ws/install/explorer_cartographer/share/explorer_cartographer/local_setup.bash
[1.217s] -- Up-to-date: /home/songdavid/ff_ws/install/explorer_cartographer/share/explorer_cartographer/local_setup.sh
[1.217s] -- Up-to-date: /home/songdavid/ff_ws/install/explorer_cartographer/share/explorer_cartographer/local_setup.zsh
[1.217s] -- Up-to-date: /home/songdavid/ff_ws/install/explorer_cartographer/share/explorer_cartographer/local_setup.dsv
[1.217s] -- Installing: /home/songdavid/ff_ws/install/explorer_cartographer/share/explorer_cartographer/package.dsv
[1.218s] -- Up-to-date: /home/songdavid/ff_ws/install/explorer_cartographer/share/ament_index/resource_index/packages/explorer_cartographer
[1.218s] -- Up-to-date: /home/songdavid/ff_ws/install/explorer_cartographer/share/explorer_cartographer/cmake/explorer_cartographerConfig.cmake
[1.218s] -- Up-to-date: /home/songdavid/ff_ws/install/explorer_cartographer/share/explorer_cartographer/cmake/explorer_cartographerConfig-version.cmake
[1.218s] -- Up-to-date: /home/songdavid/ff_ws/install/explorer_cartographer/share/explorer_cartographer/package.xml
[1.283s] Invoked command in '/home/songdavid/ff_ws/build/explorer_cartographer' returned '0': CMAKE_PREFIX_PATH=${CMAKE_PREFIX_PATH}:/home/songdavid/ff_ws/install/explorer_wanderer:/home/songdavid/ff_ws/install/explorer_map_utils:/home/songdavid/ff_ws/install/explorer_bringup:/home/songdavid/ff_ws/install/autonomous_exploration:/home/songdavid/turtlebot3_ws/install/explorer_bringup:/home/songdavid/turtlebot3_ws/install/turtlebot3_teleop:/home/songdavid/turtlebot3_ws/install/turtlebot3_example:/home/songdavid/turtlebot3_ws/install/explorer_wanderer:/home/songdavid/turtlebot3_ws/install/explorer_map_utils:/home/songdavid/turtlebot3_ws/install/exploration_pkg:/opt/ros/humble /usr/bin/cmake --install /home/songdavid/ff_ws/build/explorer_cartographer
