running egg_info
creating ../../../build/explorer_map_utils/explorer_map_utils.egg-info
writing ../../../build/explorer_map_utils/explorer_map_utils.egg-info/PKG-INFO
writing dependency_links to ../../../build/explorer_map_utils/explorer_map_utils.egg-info/dependency_links.txt
writing entry points to ../../../build/explorer_map_utils/explorer_map_utils.egg-info/entry_points.txt
writing requirements to ../../../build/explorer_map_utils/explorer_map_utils.egg-info/requires.txt
writing top-level names to ../../../build/explorer_map_utils/explorer_map_utils.egg-info/top_level.txt
writing manifest file '../../../build/explorer_map_utils/explorer_map_utils.egg-info/SOURCES.txt'
reading manifest file '../../../build/explorer_map_utils/explorer_map_utils.egg-info/SOURCES.txt'
writing manifest file '../../../build/explorer_map_utils/explorer_map_utils.egg-info/SOURCES.txt'
running build
running build_py
creating /home/songdavid/ff_ws/build/explorer_map_utils/build
creating /home/songdavid/ff_ws/build/explorer_map_utils/build/lib
creating /home/songdavid/ff_ws/build/explorer_map_utils/build/lib/explorer_map_utils
copying explorer_map_utils/__init__.py -> /home/songdavid/ff_ws/build/explorer_map_utils/build/lib/explorer_map_utils
copying explorer_map_utils/watchtower.py -> /home/songdavid/ff_ws/build/explorer_map_utils/build/lib/explorer_map_utils
running install
running install_lib
creating /home/songdavid/ff_ws/install/explorer_map_utils/lib/python3.10/site-packages/explorer_map_utils
copying /home/songdavid/ff_ws/build/explorer_map_utils/build/lib/explorer_map_utils/__init__.py -> /home/songdavid/ff_ws/install/explorer_map_utils/lib/python3.10/site-packages/explorer_map_utils
copying /home/songdavid/ff_ws/build/explorer_map_utils/build/lib/explorer_map_utils/watchtower.py -> /home/songdavid/ff_ws/install/explorer_map_utils/lib/python3.10/site-packages/explorer_map_utils
byte-compiling /home/songdavid/ff_ws/install/explorer_map_utils/lib/python3.10/site-packages/explorer_map_utils/__init__.py to __init__.cpython-310.pyc
byte-compiling /home/songdavid/ff_ws/install/explorer_map_utils/lib/python3.10/site-packages/explorer_map_utils/watchtower.py to watchtower.cpython-310.pyc
running install_data
creating /home/songdavid/ff_ws/install/explorer_map_utils/share/ament_index
creating /home/songdavid/ff_ws/install/explorer_map_utils/share/ament_index/resource_index
creating /home/songdavid/ff_ws/install/explorer_map_utils/share/ament_index/resource_index/packages
copying resource/explorer_map_utils -> /home/songdavid/ff_ws/install/explorer_map_utils/share/ament_index/resource_index/packages
copying package.xml -> /home/songdavid/ff_ws/install/explorer_map_utils/share/explorer_map_utils
running install_egg_info
Copying ../../../build/explorer_map_utils/explorer_map_utils.egg-info to /home/songdavid/ff_ws/install/explorer_map_utils/lib/python3.10/site-packages/explorer_map_utils-0.0.0-py3.10.egg-info
running install_scripts
Installing watchtower script to /home/songdavid/ff_ws/install/explorer_map_utils/lib/explorer_map_utils
writing list of installed files to '/home/songdavid/ff_ws/build/explorer_map_utils/install.log'
