[2.801s] Invoking command in '/home/songdavid/ff_ws/src/ros2_explorer/explorer_wanderer': PYTHONPATH=/home/songdavid/ff_ws/build/explorer_wanderer/prefix_override:/usr/lib/python3/dist-packages/colcon_core/task/python/colcon_distutils_commands:/home/songdavid/ff_ws/install/explorer_wanderer/lib/python3.10/site-packages:${PYTHONPATH} /usr/bin/python3 -W ignore:setup.py install is deprecated -W ignore:easy_install command is deprecated setup.py egg_info --egg-base ../../../build/explorer_wanderer build --build-base /home/songdavid/ff_ws/build/explorer_wanderer/build install --record /home/songdavid/ff_ws/build/explorer_wanderer/install.log --single-version-externally-managed install_data
[3.216s] running egg_info
[3.217s] writing ../../../build/explorer_wanderer/explorer_wanderer.egg-info/PKG-INFO
[3.217s] writing dependency_links to ../../../build/explorer_wanderer/explorer_wanderer.egg-info/dependency_links.txt
[3.217s] writing entry points to ../../../build/explorer_wanderer/explorer_wanderer.egg-info/entry_points.txt
[3.217s] writing requirements to ../../../build/explorer_wanderer/explorer_wanderer.egg-info/requires.txt
[3.218s] writing top-level names to ../../../build/explorer_wanderer/explorer_wanderer.egg-info/top_level.txt
[3.220s] reading manifest file '../../../build/explorer_wanderer/explorer_wanderer.egg-info/SOURCES.txt'
[3.221s] writing manifest file '../../../build/explorer_wanderer/explorer_wanderer.egg-info/SOURCES.txt'
[3.221s] running build
[3.221s] running build_py
[3.221s] running install
[3.221s] running install_lib
[3.223s] running install_data
[3.223s] running install_egg_info
[3.227s] removing '/home/songdavid/ff_ws/install/explorer_wanderer/lib/python3.10/site-packages/explorer_wanderer-0.0.0-py3.10.egg-info' (and everything under it)
[3.228s] Copying ../../../build/explorer_wanderer/explorer_wanderer.egg-info to /home/songdavid/ff_ws/install/explorer_wanderer/lib/python3.10/site-packages/explorer_wanderer-0.0.0-py3.10.egg-info
[3.229s] running install_scripts
[3.257s] Installing discoverer_server script to /home/songdavid/ff_ws/install/explorer_wanderer/lib/explorer_wanderer
[3.258s] Installing wanderer script to /home/songdavid/ff_ws/install/explorer_wanderer/lib/explorer_wanderer
[3.258s] Installing wanderer_server script to /home/songdavid/ff_ws/install/explorer_wanderer/lib/explorer_wanderer
[3.259s] writing list of installed files to '/home/songdavid/ff_ws/build/explorer_wanderer/install.log'
[3.318s] Invoked command in '/home/songdavid/ff_ws/src/ros2_explorer/explorer_wanderer' returned '0': PYTHONPATH=/home/songdavid/ff_ws/build/explorer_wanderer/prefix_override:/usr/lib/python3/dist-packages/colcon_core/task/python/colcon_distutils_commands:/home/songdavid/ff_ws/install/explorer_wanderer/lib/python3.10/site-packages:${PYTHONPATH} /usr/bin/python3 -W ignore:setup.py install is deprecated -W ignore:easy_install command is deprecated setup.py egg_info --egg-base ../../../build/explorer_wanderer build --build-base /home/songdavid/ff_ws/build/explorer_wanderer/build install --record /home/songdavid/ff_ws/build/explorer_wanderer/install.log --single-version-externally-managed install_data
