[0.061s] Invoking command in '/home/songdavid/ff_ws/build/dynamixel_sdk': CMAKE_PREFIX_PATH=${CMAKE_PREFIX_PATH}:/home/songdavid/ff_ws/install/explorer_bringup:/home/songdavid/ff_ws/install/turtlebot3_teleop:/home/songdavid/ff_ws/install/turtlebot3_example:/home/songdavid/ff_ws/install/explorer_wanderer:/home/songdavid/ff_ws/install/explorer_map_utils:/home/songdavid/ff_ws/install/autonomous_exploration:/home/songdavid/turtlebot3_ws/install/explorer_bringup:/home/songdavid/turtlebot3_ws/install/turtlebot3_teleop:/home/songdavid/turtlebot3_ws/install/turtlebot3_example:/home/songdavid/turtlebot3_ws/install/explorer_wanderer:/home/songdavid/turtlebot3_ws/install/explorer_map_utils:/home/songdavid/turtlebot3_ws/install/exploration_pkg:/opt/ros/humble /usr/bin/cmake --build /home/songdavid/ff_ws/build/dynamixel_sdk -- -j8 -l8
[0.536s] [100%] Built target dynamixel_sdk
[0.537s] [100%] Built target ament_cmake_python_copy_dynamixel_sdk
[0.645s] running egg_info
[0.645s] writing dynamixel_sdk.egg-info/PKG-INFO
[0.646s] writing dependency_links to dynamixel_sdk.egg-info/dependency_links.txt
[0.646s] writing top-level names to dynamixel_sdk.egg-info/top_level.txt
[0.652s] reading manifest file 'dynamixel_sdk.egg-info/SOURCES.txt'
[0.655s] writing manifest file 'dynamixel_sdk.egg-info/SOURCES.txt'
[0.712s] [100%] Built target ament_cmake_python_build_dynamixel_sdk_egg
[0.785s] Invoked command in '/home/songdavid/ff_ws/build/dynamixel_sdk' returned '0': CMAKE_PREFIX_PATH=${CMAKE_PREFIX_PATH}:/home/songdavid/ff_ws/install/explorer_bringup:/home/songdavid/ff_ws/install/turtlebot3_teleop:/home/songdavid/ff_ws/install/turtlebot3_example:/home/songdavid/ff_ws/install/explorer_wanderer:/home/songdavid/ff_ws/install/explorer_map_utils:/home/songdavid/ff_ws/install/autonomous_exploration:/home/songdavid/turtlebot3_ws/install/explorer_bringup:/home/songdavid/turtlebot3_ws/install/turtlebot3_teleop:/home/songdavid/turtlebot3_ws/install/turtlebot3_example:/home/songdavid/turtlebot3_ws/install/explorer_wanderer:/home/songdavid/turtlebot3_ws/install/explorer_map_utils:/home/songdavid/turtlebot3_ws/install/exploration_pkg:/opt/ros/humble /usr/bin/cmake --build /home/songdavid/ff_ws/build/dynamixel_sdk -- -j8 -l8
[0.787s] Invoking command in '/home/songdavid/ff_ws/build/dynamixel_sdk': CMAKE_PREFIX_PATH=${CMAKE_PREFIX_PATH}:/home/songdavid/ff_ws/install/explorer_bringup:/home/songdavid/ff_ws/install/turtlebot3_teleop:/home/songdavid/ff_ws/install/turtlebot3_example:/home/songdavid/ff_ws/install/explorer_wanderer:/home/songdavid/ff_ws/install/explorer_map_utils:/home/songdavid/ff_ws/install/autonomous_exploration:/home/songdavid/turtlebot3_ws/install/explorer_bringup:/home/songdavid/turtlebot3_ws/install/turtlebot3_teleop:/home/songdavid/turtlebot3_ws/install/turtlebot3_example:/home/songdavid/turtlebot3_ws/install/explorer_wanderer:/home/songdavid/turtlebot3_ws/install/explorer_map_utils:/home/songdavid/turtlebot3_ws/install/exploration_pkg:/opt/ros/humble /usr/bin/cmake --install /home/songdavid/ff_ws/build/dynamixel_sdk
[1.190s] -- Install configuration: ""
[1.190s] -- Up-to-date: /home/songdavid/ff_ws/install/dynamixel_sdk/include/
[1.191s] -- Up-to-date: /home/songdavid/ff_ws/install/dynamixel_sdk/include//dynamixel_sdk
[1.191s] -- Up-to-date: /home/songdavid/ff_ws/install/dynamixel_sdk/include//dynamixel_sdk/port_handler.h
[1.191s] -- Up-to-date: /home/songdavid/ff_ws/install/dynamixel_sdk/include//dynamixel_sdk/dynamixel_sdk.h
[1.191s] -- Up-to-date: /home/songdavid/ff_ws/install/dynamixel_sdk/include//dynamixel_sdk/packet_handler.h
[1.191s] -- Up-to-date: /home/songdavid/ff_ws/install/dynamixel_sdk/include//dynamixel_sdk/port_handler_windows.h
[1.191s] -- Up-to-date: /home/songdavid/ff_ws/install/dynamixel_sdk/include//dynamixel_sdk/protocol2_packet_handler.h
[1.192s] -- Up-to-date: /home/songdavid/ff_ws/install/dynamixel_sdk/include//dynamixel_sdk/group_fast_sync_read.h
[1.192s] -- Up-to-date: /home/songdavid/ff_ws/install/dynamixel_sdk/include//dynamixel_sdk/group_bulk_write.h
[1.192s] -- Up-to-date: /home/songdavid/ff_ws/install/dynamixel_sdk/include//dynamixel_sdk/group_bulk_read.h
[1.192s] -- Up-to-date: /home/songdavid/ff_ws/install/dynamixel_sdk/include//dynamixel_sdk/protocol1_packet_handler.h
[1.193s] -- Up-to-date: /home/songdavid/ff_ws/install/dynamixel_sdk/include//dynamixel_sdk/port_handler_mac.h
[1.193s] -- Up-to-date: /home/songdavid/ff_ws/install/dynamixel_sdk/include//dynamixel_sdk/group_fast_bulk_read.h
[1.193s] -- Up-to-date: /home/songdavid/ff_ws/install/dynamixel_sdk/include//dynamixel_sdk/group_sync_write.h
[1.193s] -- Up-to-date: /home/songdavid/ff_ws/install/dynamixel_sdk/include//dynamixel_sdk/port_handler_arduino.h
[1.193s] -- Up-to-date: /home/songdavid/ff_ws/install/dynamixel_sdk/include//dynamixel_sdk/port_handler_linux.h
[1.193s] -- Up-to-date: /home/songdavid/ff_ws/install/dynamixel_sdk/include//dynamixel_sdk/group_sync_read.h
[1.193s] -- Up-to-date: /home/songdavid/ff_ws/install/dynamixel_sdk/include//dynamixel_sdk/group_handler.h
[1.193s] -- Up-to-date: /home/songdavid/ff_ws/install/dynamixel_sdk/lib/libdynamixel_sdk.so
[1.194s] -- Up-to-date: /home/songdavid/ff_ws/install/dynamixel_sdk/share/dynamixel_sdk/environment/pythonpath.sh
[1.194s] -- Up-to-date: /home/songdavid/ff_ws/install/dynamixel_sdk/share/dynamixel_sdk/environment/pythonpath.dsv
[1.194s] -- Up-to-date: /home/songdavid/ff_ws/install/dynamixel_sdk/local/lib/python3.10/dist-packages/dynamixel_sdk-3.8.3-py3.10.egg-info
[1.194s] -- Installing: /home/songdavid/ff_ws/install/dynamixel_sdk/local/lib/python3.10/dist-packages/dynamixel_sdk-3.8.3-py3.10.egg-info/SOURCES.txt
[1.194s] -- Installing: /home/songdavid/ff_ws/install/dynamixel_sdk/local/lib/python3.10/dist-packages/dynamixel_sdk-3.8.3-py3.10.egg-info/PKG-INFO
[1.194s] -- Installing: /home/songdavid/ff_ws/install/dynamixel_sdk/local/lib/python3.10/dist-packages/dynamixel_sdk-3.8.3-py3.10.egg-info/dependency_links.txt
[1.194s] -- Installing: /home/songdavid/ff_ws/install/dynamixel_sdk/local/lib/python3.10/dist-packages/dynamixel_sdk-3.8.3-py3.10.egg-info/top_level.txt
[1.195s] -- Up-to-date: /home/songdavid/ff_ws/install/dynamixel_sdk/local/lib/python3.10/dist-packages/dynamixel_sdk
[1.195s] -- Up-to-date: /home/songdavid/ff_ws/install/dynamixel_sdk/local/lib/python3.10/dist-packages/dynamixel_sdk/port_handler_arduino.cpp
[1.195s] -- Up-to-date: /home/songdavid/ff_ws/install/dynamixel_sdk/local/lib/python3.10/dist-packages/dynamixel_sdk/group_sync_write.py
[1.195s] -- Up-to-date: /home/songdavid/ff_ws/install/dynamixel_sdk/local/lib/python3.10/dist-packages/dynamixel_sdk/group_bulk_write.py
[1.195s] -- Up-to-date: /home/songdavid/ff_ws/install/dynamixel_sdk/local/lib/python3.10/dist-packages/dynamixel_sdk/group_sync_write.cpp
[1.195s] -- Up-to-date: /home/songdavid/ff_ws/install/dynamixel_sdk/local/lib/python3.10/dist-packages/dynamixel_sdk/group_bulk_read.py
[1.195s] -- Up-to-date: /home/songdavid/ff_ws/install/dynamixel_sdk/local/lib/python3.10/dist-packages/dynamixel_sdk/group_handler.cpp
[1.196s] -- Up-to-date: /home/songdavid/ff_ws/install/dynamixel_sdk/local/lib/python3.10/dist-packages/dynamixel_sdk/protocol1_packet_handler.cpp
[1.196s] -- Up-to-date: /home/songdavid/ff_ws/install/dynamixel_sdk/local/lib/python3.10/dist-packages/dynamixel_sdk/protocol1_packet_handler.py
[1.196s] -- Up-to-date: /home/songdavid/ff_ws/install/dynamixel_sdk/local/lib/python3.10/dist-packages/dynamixel_sdk/packet_handler.cpp
[1.196s] -- Up-to-date: /home/songdavid/ff_ws/install/dynamixel_sdk/local/lib/python3.10/dist-packages/dynamixel_sdk/protocol2_packet_handler.py
[1.196s] -- Up-to-date: /home/songdavid/ff_ws/install/dynamixel_sdk/local/lib/python3.10/dist-packages/dynamixel_sdk/group_fast_bulk_read.cpp
[1.196s] -- Up-to-date: /home/songdavid/ff_ws/install/dynamixel_sdk/local/lib/python3.10/dist-packages/dynamixel_sdk/group_fast_sync_read.cpp
[1.196s] -- Up-to-date: /home/songdavid/ff_ws/install/dynamixel_sdk/local/lib/python3.10/dist-packages/dynamixel_sdk/group_bulk_write.cpp
[1.197s] -- Up-to-date: /home/songdavid/ff_ws/install/dynamixel_sdk/local/lib/python3.10/dist-packages/dynamixel_sdk/port_handler.cpp
[1.197s] -- Up-to-date: /home/songdavid/ff_ws/install/dynamixel_sdk/local/lib/python3.10/dist-packages/dynamixel_sdk/port_handler_windows.cpp
[1.198s] -- Up-to-date: /home/songdavid/ff_ws/install/dynamixel_sdk/local/lib/python3.10/dist-packages/dynamixel_sdk/protocol2_packet_handler.cpp
[1.198s] -- Up-to-date: /home/songdavid/ff_ws/install/dynamixel_sdk/local/lib/python3.10/dist-packages/dynamixel_sdk/group_sync_read.cpp
[1.198s] -- Up-to-date: /home/songdavid/ff_ws/install/dynamixel_sdk/local/lib/python3.10/dist-packages/dynamixel_sdk/group_bulk_read.cpp
[1.198s] -- Up-to-date: /home/songdavid/ff_ws/install/dynamixel_sdk/local/lib/python3.10/dist-packages/dynamixel_sdk/__init__.py
[1.198s] -- Up-to-date: /home/songdavid/ff_ws/install/dynamixel_sdk/local/lib/python3.10/dist-packages/dynamixel_sdk/robotis_def.py
[1.198s] -- Up-to-date: /home/songdavid/ff_ws/install/dynamixel_sdk/local/lib/python3.10/dist-packages/dynamixel_sdk/packet_handler.py
[1.199s] -- Up-to-date: /home/songdavid/ff_ws/install/dynamixel_sdk/local/lib/python3.10/dist-packages/dynamixel_sdk/port_handler_mac.cpp
[1.199s] -- Up-to-date: /home/songdavid/ff_ws/install/dynamixel_sdk/local/lib/python3.10/dist-packages/dynamixel_sdk/port_handler_linux.cpp
[1.199s] -- Up-to-date: /home/songdavid/ff_ws/install/dynamixel_sdk/local/lib/python3.10/dist-packages/dynamixel_sdk/port_handler.py
[1.199s] -- Up-to-date: /home/songdavid/ff_ws/install/dynamixel_sdk/local/lib/python3.10/dist-packages/dynamixel_sdk/group_sync_read.py
[1.200s] Listing '/home/songdavid/ff_ws/install/dynamixel_sdk/local/lib/python3.10/dist-packages/dynamixel_sdk'...
[1.200s] -- Up-to-date: /home/songdavid/ff_ws/install/dynamixel_sdk/share/dynamixel_sdk/environment/library_path.sh
[1.200s] -- Up-to-date: /home/songdavid/ff_ws/install/dynamixel_sdk/share/dynamixel_sdk/environment/library_path.dsv
[1.200s] -- Up-to-date: /home/songdavid/ff_ws/install/dynamixel_sdk/share/ament_index/resource_index/package_run_dependencies/dynamixel_sdk
[1.200s] -- Up-to-date: /home/songdavid/ff_ws/install/dynamixel_sdk/share/ament_index/resource_index/parent_prefix_path/dynamixel_sdk
[1.200s] -- Up-to-date: /home/songdavid/ff_ws/install/dynamixel_sdk/share/dynamixel_sdk/environment/ament_prefix_path.sh
[1.200s] -- Up-to-date: /home/songdavid/ff_ws/install/dynamixel_sdk/share/dynamixel_sdk/environment/ament_prefix_path.dsv
[1.201s] -- Up-to-date: /home/songdavid/ff_ws/install/dynamixel_sdk/share/dynamixel_sdk/environment/path.sh
[1.201s] -- Up-to-date: /home/songdavid/ff_ws/install/dynamixel_sdk/share/dynamixel_sdk/environment/path.dsv
[1.201s] -- Up-to-date: /home/songdavid/ff_ws/install/dynamixel_sdk/share/dynamixel_sdk/local_setup.bash
[1.201s] -- Up-to-date: /home/songdavid/ff_ws/install/dynamixel_sdk/share/dynamixel_sdk/local_setup.sh
[1.201s] -- Up-to-date: /home/songdavid/ff_ws/install/dynamixel_sdk/share/dynamixel_sdk/local_setup.zsh
[1.201s] -- Up-to-date: /home/songdavid/ff_ws/install/dynamixel_sdk/share/dynamixel_sdk/local_setup.dsv
[1.202s] -- Installing: /home/songdavid/ff_ws/install/dynamixel_sdk/share/dynamixel_sdk/package.dsv
[1.202s] -- Up-to-date: /home/songdavid/ff_ws/install/dynamixel_sdk/share/ament_index/resource_index/packages/dynamixel_sdk
[1.202s] -- Up-to-date: /home/songdavid/ff_ws/install/dynamixel_sdk/share/dynamixel_sdk/cmake/ament_cmake_export_include_directories-extras.cmake
[1.202s] -- Up-to-date: /home/songdavid/ff_ws/install/dynamixel_sdk/share/dynamixel_sdk/cmake/ament_cmake_export_libraries-extras.cmake
[1.203s] -- Up-to-date: /home/songdavid/ff_ws/install/dynamixel_sdk/share/dynamixel_sdk/cmake/dynamixel_sdkConfig.cmake
[1.203s] -- Up-to-date: /home/songdavid/ff_ws/install/dynamixel_sdk/share/dynamixel_sdk/cmake/dynamixel_sdkConfig-version.cmake
[1.203s] -- Up-to-date: /home/songdavid/ff_ws/install/dynamixel_sdk/share/dynamixel_sdk/package.xml
[1.217s] Invoked command in '/home/songdavid/ff_ws/build/dynamixel_sdk' returned '0': CMAKE_PREFIX_PATH=${CMAKE_PREFIX_PATH}:/home/songdavid/ff_ws/install/explorer_bringup:/home/songdavid/ff_ws/install/turtlebot3_teleop:/home/songdavid/ff_ws/install/turtlebot3_example:/home/songdavid/ff_ws/install/explorer_wanderer:/home/songdavid/ff_ws/install/explorer_map_utils:/home/songdavid/ff_ws/install/autonomous_exploration:/home/songdavid/turtlebot3_ws/install/explorer_bringup:/home/songdavid/turtlebot3_ws/install/turtlebot3_teleop:/home/songdavid/turtlebot3_ws/install/turtlebot3_example:/home/songdavid/turtlebot3_ws/install/explorer_wanderer:/home/songdavid/turtlebot3_ws/install/explorer_map_utils:/home/songdavid/turtlebot3_ws/install/exploration_pkg:/opt/ros/humble /usr/bin/cmake --install /home/songdavid/ff_ws/build/dynamixel_sdk
