[0.047s] Invoking command in '/home/songdavid/ff_ws/build/turtlebot3_cartographer': CMAKE_PREFIX_PATH=${CMAKE_PREFIX_PATH}:/home/songdavid/ff_ws/install/explorer_wanderer:/home/songdavid/ff_ws/install/explorer_map_utils:/home/songdavid/ff_ws/install/explorer_bringup:/home/songdavid/ff_ws/install/autonomous_exploration:/home/songdavid/turtlebot3_ws/install/explorer_bringup:/home/songdavid/turtlebot3_ws/install/turtlebot3_teleop:/home/songdavid/turtlebot3_ws/install/turtlebot3_example:/home/songdavid/turtlebot3_ws/install/explorer_wanderer:/home/songdavid/turtlebot3_ws/install/explorer_map_utils:/home/songdavid/turtlebot3_ws/install/exploration_pkg:/opt/ros/humble /usr/bin/cmake /home/songdavid/ff_ws/src/turtlebot3/turtlebot3_cartographer -DCMAKE_INSTALL_PREFIX=/home/songdavid/ff_ws/install/turtlebot3_cartographer
[0.807s] -- The C compiler identification is GNU 11.4.0
[0.807s] -- The CXX compiler identification is GNU 11.4.0
[0.807s] -- Detecting C compiler ABI info
[0.807s] -- Detecting C compiler ABI info - done
[0.807s] -- Check for working C compiler: /usr/bin/cc - skipped
[0.807s] -- Detecting C compile features
[0.807s] -- Detecting C compile features - done
[0.807s] -- Detecting CXX compiler ABI info
[0.807s] -- Detecting CXX compiler ABI info - done
[0.807s] -- Check for working CXX compiler: /usr/bin/c++ - skipped
[0.807s] -- Detecting CXX compile features
[0.808s] -- Detecting CXX compile features - done
[0.808s] -- Found ament_cmake: 1.3.11 (/opt/ros/humble/share/ament_cmake/cmake)
[0.808s] -- Found Python3: /usr/bin/python3 (found version "3.10.12") found components: Interpreter 
[0.992s] -- Configuring done
[0.994s] -- Generating done
[0.995s] -- Build files have been written to: /home/songdavid/ff_ws/build/turtlebot3_cartographer
[1.007s] Invoked command in '/home/songdavid/ff_ws/build/turtlebot3_cartographer' returned '0': CMAKE_PREFIX_PATH=${CMAKE_PREFIX_PATH}:/home/songdavid/ff_ws/install/explorer_wanderer:/home/songdavid/ff_ws/install/explorer_map_utils:/home/songdavid/ff_ws/install/explorer_bringup:/home/songdavid/ff_ws/install/autonomous_exploration:/home/songdavid/turtlebot3_ws/install/explorer_bringup:/home/songdavid/turtlebot3_ws/install/turtlebot3_teleop:/home/songdavid/turtlebot3_ws/install/turtlebot3_example:/home/songdavid/turtlebot3_ws/install/explorer_wanderer:/home/songdavid/turtlebot3_ws/install/explorer_map_utils:/home/songdavid/turtlebot3_ws/install/exploration_pkg:/opt/ros/humble /usr/bin/cmake /home/songdavid/ff_ws/src/turtlebot3/turtlebot3_cartographer -DCMAKE_INSTALL_PREFIX=/home/songdavid/ff_ws/install/turtlebot3_cartographer
[1.008s] Invoking command in '/home/songdavid/ff_ws/build/turtlebot3_cartographer': CMAKE_PREFIX_PATH=${CMAKE_PREFIX_PATH}:/home/songdavid/ff_ws/install/explorer_wanderer:/home/songdavid/ff_ws/install/explorer_map_utils:/home/songdavid/ff_ws/install/explorer_bringup:/home/songdavid/ff_ws/install/autonomous_exploration:/home/songdavid/turtlebot3_ws/install/explorer_bringup:/home/songdavid/turtlebot3_ws/install/turtlebot3_teleop:/home/songdavid/turtlebot3_ws/install/turtlebot3_example:/home/songdavid/turtlebot3_ws/install/explorer_wanderer:/home/songdavid/turtlebot3_ws/install/explorer_map_utils:/home/songdavid/turtlebot3_ws/install/exploration_pkg:/opt/ros/humble /usr/bin/cmake --build /home/songdavid/ff_ws/build/turtlebot3_cartographer -- -j8 -l8
[1.089s] Invoked command in '/home/songdavid/ff_ws/build/turtlebot3_cartographer' returned '0': CMAKE_PREFIX_PATH=${CMAKE_PREFIX_PATH}:/home/songdavid/ff_ws/install/explorer_wanderer:/home/songdavid/ff_ws/install/explorer_map_utils:/home/songdavid/ff_ws/install/explorer_bringup:/home/songdavid/ff_ws/install/autonomous_exploration:/home/songdavid/turtlebot3_ws/install/explorer_bringup:/home/songdavid/turtlebot3_ws/install/turtlebot3_teleop:/home/songdavid/turtlebot3_ws/install/turtlebot3_example:/home/songdavid/turtlebot3_ws/install/explorer_wanderer:/home/songdavid/turtlebot3_ws/install/explorer_map_utils:/home/songdavid/turtlebot3_ws/install/exploration_pkg:/opt/ros/humble /usr/bin/cmake --build /home/songdavid/ff_ws/build/turtlebot3_cartographer -- -j8 -l8
[1.091s] Invoking command in '/home/songdavid/ff_ws/build/turtlebot3_cartographer': CMAKE_PREFIX_PATH=${CMAKE_PREFIX_PATH}:/home/songdavid/ff_ws/install/explorer_wanderer:/home/songdavid/ff_ws/install/explorer_map_utils:/home/songdavid/ff_ws/install/explorer_bringup:/home/songdavid/ff_ws/install/autonomous_exploration:/home/songdavid/turtlebot3_ws/install/explorer_bringup:/home/songdavid/turtlebot3_ws/install/turtlebot3_teleop:/home/songdavid/turtlebot3_ws/install/turtlebot3_example:/home/songdavid/turtlebot3_ws/install/explorer_wanderer:/home/songdavid/turtlebot3_ws/install/explorer_map_utils:/home/songdavid/turtlebot3_ws/install/exploration_pkg:/opt/ros/humble /usr/bin/cmake --install /home/songdavid/ff_ws/build/turtlebot3_cartographer
[1.103s] -- Install configuration: ""
[1.103s] -- Installing: /home/songdavid/ff_ws/install/turtlebot3_cartographer/share/turtlebot3_cartographer/config
[1.104s] -- Installing: /home/songdavid/ff_ws/install/turtlebot3_cartographer/share/turtlebot3_cartographer/config/turtlebot3_lds_2d.lua
[1.104s] -- Installing: /home/songdavid/ff_ws/install/turtlebot3_cartographer/share/turtlebot3_cartographer/launch
[1.104s] -- Installing: /home/songdavid/ff_ws/install/turtlebot3_cartographer/share/turtlebot3_cartographer/launch/occupancy_grid.launch.py
[1.105s] -- Installing: /home/songdavid/ff_ws/install/turtlebot3_cartographer/share/turtlebot3_cartographer/launch/cartographer.launch.py
[1.105s] -- Installing: /home/songdavid/ff_ws/install/turtlebot3_cartographer/share/turtlebot3_cartographer/rviz
[1.105s] -- Installing: /home/songdavid/ff_ws/install/turtlebot3_cartographer/share/turtlebot3_cartographer/rviz/tb3_cartographer.rviz
[1.105s] -- Installing: /home/songdavid/ff_ws/install/turtlebot3_cartographer/share/ament_index/resource_index/package_run_dependencies/turtlebot3_cartographer
[1.105s] -- Installing: /home/songdavid/ff_ws/install/turtlebot3_cartographer/share/ament_index/resource_index/parent_prefix_path/turtlebot3_cartographer
[1.105s] -- Installing: /home/songdavid/ff_ws/install/turtlebot3_cartographer/share/turtlebot3_cartographer/environment/ament_prefix_path.sh
[1.105s] -- Installing: /home/songdavid/ff_ws/install/turtlebot3_cartographer/share/turtlebot3_cartographer/environment/ament_prefix_path.dsv
[1.105s] -- Installing: /home/songdavid/ff_ws/install/turtlebot3_cartographer/share/turtlebot3_cartographer/environment/path.sh
[1.105s] -- Installing: /home/songdavid/ff_ws/install/turtlebot3_cartographer/share/turtlebot3_cartographer/environment/path.dsv
[1.105s] -- Installing: /home/songdavid/ff_ws/install/turtlebot3_cartographer/share/turtlebot3_cartographer/local_setup.bash
[1.105s] -- Installing: /home/songdavid/ff_ws/install/turtlebot3_cartographer/share/turtlebot3_cartographer/local_setup.sh
[1.106s] -- Installing: /home/songdavid/ff_ws/install/turtlebot3_cartographer/share/turtlebot3_cartographer/local_setup.zsh
[1.106s] -- Installing: /home/songdavid/ff_ws/install/turtlebot3_cartographer/share/turtlebot3_cartographer/local_setup.dsv
[1.106s] -- Installing: /home/songdavid/ff_ws/install/turtlebot3_cartographer/share/turtlebot3_cartographer/package.dsv
[1.106s] -- Installing: /home/songdavid/ff_ws/install/turtlebot3_cartographer/share/ament_index/resource_index/packages/turtlebot3_cartographer
[1.106s] -- Installing: /home/songdavid/ff_ws/install/turtlebot3_cartographer/share/turtlebot3_cartographer/cmake/turtlebot3_cartographerConfig.cmake
[1.106s] -- Installing: /home/songdavid/ff_ws/install/turtlebot3_cartographer/share/turtlebot3_cartographer/cmake/turtlebot3_cartographerConfig-version.cmake
[1.106s] -- Installing: /home/songdavid/ff_ws/install/turtlebot3_cartographer/share/turtlebot3_cartographer/package.xml
[1.514s] Invoked command in '/home/songdavid/ff_ws/build/turtlebot3_cartographer' returned '0': CMAKE_PREFIX_PATH=${CMAKE_PREFIX_PATH}:/home/songdavid/ff_ws/install/explorer_wanderer:/home/songdavid/ff_ws/install/explorer_map_utils:/home/songdavid/ff_ws/install/explorer_bringup:/home/songdavid/ff_ws/install/autonomous_exploration:/home/songdavid/turtlebot3_ws/install/explorer_bringup:/home/songdavid/turtlebot3_ws/install/turtlebot3_teleop:/home/songdavid/turtlebot3_ws/install/turtlebot3_example:/home/songdavid/turtlebot3_ws/install/explorer_wanderer:/home/songdavid/turtlebot3_ws/install/explorer_map_utils:/home/songdavid/turtlebot3_ws/install/exploration_pkg:/opt/ros/humble /usr/bin/cmake --install /home/songdavid/ff_ws/build/turtlebot3_cartographer
