[1.938s] Invoking command in '/home/songdavid/ff_ws/src/turtlebot3/turtlebot3_teleop': PYTHONPATH=/home/songdavid/ff_ws/build/turtlebot3_teleop/prefix_override:/usr/lib/python3/dist-packages/colcon_core/task/python/colcon_distutils_commands:/home/songdavid/ff_ws/install/turtlebot3_teleop/lib/python3.10/site-packages:${PYTHONPATH} /usr/bin/python3 -W ignore:setup.py install is deprecated -W ignore:easy_install command is deprecated setup.py egg_info --egg-base ../../../build/turtlebot3_teleop build --build-base /home/songdavid/ff_ws/build/turtlebot3_teleop/build install --record /home/songdavid/ff_ws/build/turtlebot3_teleop/install.log --single-version-externally-managed install_data
[2.879s] running egg_info
[2.881s] writing ../../../build/turtlebot3_teleop/turtlebot3_teleop.egg-info/PKG-INFO
[2.895s] writing dependency_links to ../../../build/turtlebot3_teleop/turtlebot3_teleop.egg-info/dependency_links.txt
[2.896s] writing entry points to ../../../build/turtlebot3_teleop/turtlebot3_teleop.egg-info/entry_points.txt
[2.896s] writing requirements to ../../../build/turtlebot3_teleop/turtlebot3_teleop.egg-info/requires.txt
[2.897s] writing top-level names to ../../../build/turtlebot3_teleop/turtlebot3_teleop.egg-info/top_level.txt
[2.903s] reading manifest file '../../../build/turtlebot3_teleop/turtlebot3_teleop.egg-info/SOURCES.txt'
[2.907s] writing manifest file '../../../build/turtlebot3_teleop/turtlebot3_teleop.egg-info/SOURCES.txt'
[2.908s] running build
[2.909s] running build_py
[2.911s] running install
[2.912s] running install_lib
[2.917s] running install_data
[2.918s] running install_egg_info
[2.923s] removing '/home/songdavid/ff_ws/install/turtlebot3_teleop/lib/python3.10/site-packages/turtlebot3_teleop-2.2.9-py3.10.egg-info' (and everything under it)
[2.924s] Copying ../../../build/turtlebot3_teleop/turtlebot3_teleop.egg-info to /home/songdavid/ff_ws/install/turtlebot3_teleop/lib/python3.10/site-packages/turtlebot3_teleop-2.2.9-py3.10.egg-info
[2.928s] running install_scripts
[3.001s] Installing teleop_keyboard script to /home/songdavid/ff_ws/install/turtlebot3_teleop/lib/turtlebot3_teleop
[3.003s] writing list of installed files to '/home/songdavid/ff_ws/build/turtlebot3_teleop/install.log'
[3.261s] Invoked command in '/home/songdavid/ff_ws/src/turtlebot3/turtlebot3_teleop' returned '0': PYTHONPATH=/home/songdavid/ff_ws/build/turtlebot3_teleop/prefix_override:/usr/lib/python3/dist-packages/colcon_core/task/python/colcon_distutils_commands:/home/songdavid/ff_ws/install/turtlebot3_teleop/lib/python3.10/site-packages:${PYTHONPATH} /usr/bin/python3 -W ignore:setup.py install is deprecated -W ignore:easy_install command is deprecated setup.py egg_info --egg-base ../../../build/turtlebot3_teleop build --build-base /home/songdavid/ff_ws/build/turtlebot3_teleop/build install --record /home/songdavid/ff_ws/build/turtlebot3_teleop/install.log --single-version-externally-managed install_data
