[1.837s] Invoking command in '/home/songdavid/ff_ws/src/turtlebot3/turtlebot3_example': AMENT_PREFIX_PATH=/home/songdavid/ff_ws/install/turtlebot3_msgs:${AMENT_PREFIX_PATH} CMAKE_PREFIX_PATH=/home/songdavid/ff_ws/install/turtlebot3_msgs:${CMAKE_PREFIX_PATH} LD_LIBRARY_PATH=/home/songdavid/ff_ws/install/turtlebot3_msgs/lib:/home/songdavid/turtlebot3_ws/install/turtlebot3_msgs/lib:/home/songdavid/turtlebot3_ws/install/explorer_interfaces/lib:/home/songdavid/turtlebot3_ws/install/dynamixel_sdk_custom_interfaces/lib:/home/songdavid/turtlebot3_ws/install/dynamixel_sdk/lib:/usr/lib/x86_64-linux-gnu/gazebo-11/plugins:/opt/ros/humble/opt/rviz_ogre_vendor/lib:/opt/ros/humble/lib/x86_64-linux-gnu:/opt/ros/humble/lib:/usr/lib/x86_64-linux-gnu/gazebo-11/plugins PYTHONPATH=/home/songdavid/ff_ws/build/turtlebot3_example/prefix_override:/usr/lib/python3/dist-packages/colcon_core/task/python/colcon_distutils_commands:/home/songdavid/ff_ws/install/turtlebot3_example/lib/python3.10/site-packages:/home/songdavid/ff_ws/install/turtlebot3_msgs/local/lib/python3.10/dist-packages:${PYTHONPATH} /usr/bin/python3 -W ignore:setup.py install is deprecated -W ignore:easy_install command is deprecated setup.py egg_info --egg-base ../../../build/turtlebot3_example build --build-base /home/songdavid/ff_ws/build/turtlebot3_example/build install --record /home/songdavid/ff_ws/build/turtlebot3_example/install.log --single-version-externally-managed install_data
[2.176s] running egg_info
[2.177s] writing ../../../build/turtlebot3_example/turtlebot3_example.egg-info/PKG-INFO
[2.177s] writing dependency_links to ../../../build/turtlebot3_example/turtlebot3_example.egg-info/dependency_links.txt
[2.177s] writing entry points to ../../../build/turtlebot3_example/turtlebot3_example.egg-info/entry_points.txt
[2.177s] writing requirements to ../../../build/turtlebot3_example/turtlebot3_example.egg-info/requires.txt
[2.177s] writing top-level names to ../../../build/turtlebot3_example/turtlebot3_example.egg-info/top_level.txt
[2.180s] reading manifest file '../../../build/turtlebot3_example/turtlebot3_example.egg-info/SOURCES.txt'
[2.181s] writing manifest file '../../../build/turtlebot3_example/turtlebot3_example.egg-info/SOURCES.txt'
[2.181s] running build
[2.181s] running build_py
[2.182s] running install
[2.183s] running install_lib
[2.184s] running install_data
[2.184s] running install_egg_info
[2.188s] removing '/home/songdavid/ff_ws/install/turtlebot3_example/lib/python3.10/site-packages/turtlebot3_example-2.2.9-py3.10.egg-info' (and everything under it)
[2.188s] Copying ../../../build/turtlebot3_example/turtlebot3_example.egg-info to /home/songdavid/ff_ws/install/turtlebot3_example/lib/python3.10/site-packages/turtlebot3_example-2.2.9-py3.10.egg-info
[2.189s] running install_scripts
[2.214s] Installing turtlebot3_absolute_move script to /home/songdavid/ff_ws/install/turtlebot3_example/lib/turtlebot3_example
[2.215s] Installing turtlebot3_interactive_marker script to /home/songdavid/ff_ws/install/turtlebot3_example/lib/turtlebot3_example
[2.215s] Installing turtlebot3_obstacle_detection script to /home/songdavid/ff_ws/install/turtlebot3_example/lib/turtlebot3_example
[2.215s] Installing turtlebot3_patrol_client script to /home/songdavid/ff_ws/install/turtlebot3_example/lib/turtlebot3_example
[2.215s] Installing turtlebot3_patrol_server script to /home/songdavid/ff_ws/install/turtlebot3_example/lib/turtlebot3_example
[2.215s] Installing turtlebot3_relative_move script to /home/songdavid/ff_ws/install/turtlebot3_example/lib/turtlebot3_example
[2.216s] writing list of installed files to '/home/songdavid/ff_ws/build/turtlebot3_example/install.log'
[2.245s] Invoked command in '/home/songdavid/ff_ws/src/turtlebot3/turtlebot3_example' returned '0': AMENT_PREFIX_PATH=/home/songdavid/ff_ws/install/turtlebot3_msgs:${AMENT_PREFIX_PATH} CMAKE_PREFIX_PATH=/home/songdavid/ff_ws/install/turtlebot3_msgs:${CMAKE_PREFIX_PATH} LD_LIBRARY_PATH=/home/songdavid/ff_ws/install/turtlebot3_msgs/lib:/home/songdavid/turtlebot3_ws/install/turtlebot3_msgs/lib:/home/songdavid/turtlebot3_ws/install/explorer_interfaces/lib:/home/songdavid/turtlebot3_ws/install/dynamixel_sdk_custom_interfaces/lib:/home/songdavid/turtlebot3_ws/install/dynamixel_sdk/lib:/usr/lib/x86_64-linux-gnu/gazebo-11/plugins:/opt/ros/humble/opt/rviz_ogre_vendor/lib:/opt/ros/humble/lib/x86_64-linux-gnu:/opt/ros/humble/lib:/usr/lib/x86_64-linux-gnu/gazebo-11/plugins PYTHONPATH=/home/songdavid/ff_ws/build/turtlebot3_example/prefix_override:/usr/lib/python3/dist-packages/colcon_core/task/python/colcon_distutils_commands:/home/songdavid/ff_ws/install/turtlebot3_example/lib/python3.10/site-packages:/home/songdavid/ff_ws/install/turtlebot3_msgs/local/lib/python3.10/dist-packages:${PYTHONPATH} /usr/bin/python3 -W ignore:setup.py install is deprecated -W ignore:easy_install command is deprecated setup.py egg_info --egg-base ../../../build/turtlebot3_example build --build-base /home/songdavid/ff_ws/build/turtlebot3_example/build install --record /home/songdavid/ff_ws/build/turtlebot3_example/install.log --single-version-externally-managed install_data
