[1.392s] Invoking command in '/home/songdavid/ff_ws/src/turtlebot3/turtlebot3_example': AMENT_PREFIX_PATH=/home/songdavid/ff_ws/install/turtlebot3_msgs:${AMENT_PREFIX_PATH} CMAKE_PREFIX_PATH=/home/songdavid/ff_ws/install/turtlebot3_msgs:${CMAKE_PREFIX_PATH} LD_LIBRARY_PATH=/home/songdavid/ff_ws/install/turtlebot3_msgs/lib:/home/songdavid/turtlebot3_ws/install/turtlebot3_msgs/lib:/home/songdavid/turtlebot3_ws/install/explorer_interfaces/lib:/home/songdavid/turtlebot3_ws/install/dynamixel_sdk_custom_interfaces/lib:/home/songdavid/turtlebot3_ws/install/dynamixel_sdk/lib:/usr/lib/x86_64-linux-gnu/gazebo-11/plugins:/opt/ros/humble/opt/rviz_ogre_vendor/lib:/opt/ros/humble/lib/x86_64-linux-gnu:/opt/ros/humble/lib:/usr/lib/x86_64-linux-gnu/gazebo-11/plugins PYTHONPATH=/home/songdavid/ff_ws/build/turtlebot3_example/prefix_override:/usr/lib/python3/dist-packages/colcon_core/task/python/colcon_distutils_commands:/home/songdavid/ff_ws/install/turtlebot3_example/lib/python3.10/site-packages:/home/songdavid/ff_ws/install/turtlebot3_msgs/local/lib/python3.10/dist-packages:${PYTHONPATH} /usr/bin/python3 -W ignore:setup.py install is deprecated -W ignore:easy_install command is deprecated setup.py egg_info --egg-base ../../../build/turtlebot3_example build --build-base /home/songdavid/ff_ws/build/turtlebot3_example/build install --record /home/songdavid/ff_ws/build/turtlebot3_example/install.log --single-version-externally-managed install_data
[1.680s] running egg_info
[1.681s] writing ../../../build/turtlebot3_example/turtlebot3_example.egg-info/PKG-INFO
[1.681s] writing dependency_links to ../../../build/turtlebot3_example/turtlebot3_example.egg-info/dependency_links.txt
[1.682s] writing entry points to ../../../build/turtlebot3_example/turtlebot3_example.egg-info/entry_points.txt
[1.682s] writing requirements to ../../../build/turtlebot3_example/turtlebot3_example.egg-info/requires.txt
[1.682s] writing top-level names to ../../../build/turtlebot3_example/turtlebot3_example.egg-info/top_level.txt
[1.685s] reading manifest file '../../../build/turtlebot3_example/turtlebot3_example.egg-info/SOURCES.txt'
[1.686s] writing manifest file '../../../build/turtlebot3_example/turtlebot3_example.egg-info/SOURCES.txt'
[1.686s] running build
[1.686s] running build_py
[1.688s] running install
[1.688s] running install_lib
[1.690s] running install_data
[1.691s] running install_egg_info
[1.693s] removing '/home/songdavid/ff_ws/install/turtlebot3_example/lib/python3.10/site-packages/turtlebot3_example-2.2.9-py3.10.egg-info' (and everything under it)
[1.693s] Copying ../../../build/turtlebot3_example/turtlebot3_example.egg-info to /home/songdavid/ff_ws/install/turtlebot3_example/lib/python3.10/site-packages/turtlebot3_example-2.2.9-py3.10.egg-info
[1.694s] running install_scripts
[1.720s] Installing turtlebot3_absolute_move script to /home/songdavid/ff_ws/install/turtlebot3_example/lib/turtlebot3_example
[1.720s] Installing turtlebot3_interactive_marker script to /home/songdavid/ff_ws/install/turtlebot3_example/lib/turtlebot3_example
[1.721s] Installing turtlebot3_obstacle_detection script to /home/songdavid/ff_ws/install/turtlebot3_example/lib/turtlebot3_example
[1.721s] Installing turtlebot3_patrol_client script to /home/songdavid/ff_ws/install/turtlebot3_example/lib/turtlebot3_example
[1.721s] Installing turtlebot3_patrol_server script to /home/songdavid/ff_ws/install/turtlebot3_example/lib/turtlebot3_example
[1.721s] Installing turtlebot3_relative_move script to /home/songdavid/ff_ws/install/turtlebot3_example/lib/turtlebot3_example
[1.722s] writing list of installed files to '/home/songdavid/ff_ws/build/turtlebot3_example/install.log'
[1.753s] Invoked command in '/home/songdavid/ff_ws/src/turtlebot3/turtlebot3_example' returned '0': AMENT_PREFIX_PATH=/home/songdavid/ff_ws/install/turtlebot3_msgs:${AMENT_PREFIX_PATH} CMAKE_PREFIX_PATH=/home/songdavid/ff_ws/install/turtlebot3_msgs:${CMAKE_PREFIX_PATH} LD_LIBRARY_PATH=/home/songdavid/ff_ws/install/turtlebot3_msgs/lib:/home/songdavid/turtlebot3_ws/install/turtlebot3_msgs/lib:/home/songdavid/turtlebot3_ws/install/explorer_interfaces/lib:/home/songdavid/turtlebot3_ws/install/dynamixel_sdk_custom_interfaces/lib:/home/songdavid/turtlebot3_ws/install/dynamixel_sdk/lib:/usr/lib/x86_64-linux-gnu/gazebo-11/plugins:/opt/ros/humble/opt/rviz_ogre_vendor/lib:/opt/ros/humble/lib/x86_64-linux-gnu:/opt/ros/humble/lib:/usr/lib/x86_64-linux-gnu/gazebo-11/plugins PYTHONPATH=/home/songdavid/ff_ws/build/turtlebot3_example/prefix_override:/usr/lib/python3/dist-packages/colcon_core/task/python/colcon_distutils_commands:/home/songdavid/ff_ws/install/turtlebot3_example/lib/python3.10/site-packages:/home/songdavid/ff_ws/install/turtlebot3_msgs/local/lib/python3.10/dist-packages:${PYTHONPATH} /usr/bin/python3 -W ignore:setup.py install is deprecated -W ignore:easy_install command is deprecated setup.py egg_info --egg-base ../../../build/turtlebot3_example build --build-base /home/songdavid/ff_ws/build/turtlebot3_example/build install --record /home/songdavid/ff_ws/build/turtlebot3_example/install.log --single-version-externally-managed install_data
