[0.057s] Invoking command in '/home/songdavid/ff_ws/build/turtlebot3_gazebo': CMAKE_PREFIX_PATH=${CMAKE_PREFIX_PATH}:/home/songdavid/turtlebot3_ws/install/explorer_bringup:/home/songdavid/turtlebot3_ws/install/turtlebot3_teleop:/home/songdavid/turtlebot3_ws/install/turtlebot3_example:/home/songdavid/turtlebot3_ws/install/explorer_wanderer:/home/songdavid/turtlebot3_ws/install/explorer_map_utils:/home/songdavid/turtlebot3_ws/install/exploration_pkg:/opt/ros/humble /usr/bin/cmake --build /home/songdavid/ff_ws/build/turtlebot3_gazebo -- -j8 -l8
[0.817s] [ 16%] Built target turtlebot3_drive
[0.818s] [ 33%] Built target obstacle2
[0.818s] [ 50%] Built target traffic_light_plugin
[0.818s] [ 66%] Built target obstacle1
[0.819s] [ 83%] Built target obstacles
[0.819s] [100%] Built target traffic_bar_plugin
[0.849s] Invoked command in '/home/songdavid/ff_ws/build/turtlebot3_gazebo' returned '0': CMAKE_PREFIX_PATH=${CMAKE_PREFIX_PATH}:/home/songdavid/turtlebot3_ws/install/explorer_bringup:/home/songdavid/turtlebot3_ws/install/turtlebot3_teleop:/home/songdavid/turtlebot3_ws/install/turtlebot3_example:/home/songdavid/turtlebot3_ws/install/explorer_wanderer:/home/songdavid/turtlebot3_ws/install/explorer_map_utils:/home/songdavid/turtlebot3_ws/install/exploration_pkg:/opt/ros/humble /usr/bin/cmake --build /home/songdavid/ff_ws/build/turtlebot3_gazebo -- -j8 -l8
[0.854s] Invoking command in '/home/songdavid/ff_ws/build/turtlebot3_gazebo': CMAKE_PREFIX_PATH=${CMAKE_PREFIX_PATH}:/home/songdavid/turtlebot3_ws/install/explorer_bringup:/home/songdavid/turtlebot3_ws/install/turtlebot3_teleop:/home/songdavid/turtlebot3_ws/install/turtlebot3_example:/home/songdavid/turtlebot3_ws/install/explorer_wanderer:/home/songdavid/turtlebot3_ws/install/explorer_map_utils:/home/songdavid/turtlebot3_ws/install/exploration_pkg:/opt/ros/humble /usr/bin/cmake --install /home/songdavid/ff_ws/build/turtlebot3_gazebo
[0.919s] -- Install configuration: ""
[0.920s] -- Up-to-date: /home/songdavid/ff_ws/install/turtlebot3_gazebo/lib/turtlebot3_gazebo/turtlebot3_drive
[0.920s] -- Up-to-date: /home/songdavid/ff_ws/install/turtlebot3_gazebo/share/turtlebot3_gazebo//launch
[0.921s] -- Up-to-date: /home/songdavid/ff_ws/install/turtlebot3_gazebo/share/turtlebot3_gazebo//launch/turtlebot3_dqn_stage3.launch.py
[0.921s] -- Up-to-date: /home/songdavid/ff_ws/install/turtlebot3_gazebo/share/turtlebot3_gazebo//launch/spawn_turtlebot3.launch.py
[0.925s] -- Up-to-date: /home/songdavid/ff_ws/install/turtlebot3_gazebo/share/turtlebot3_gazebo//launch/multi_spawn_turtlebot3.launch.py
[0.925s] -- Up-to-date: /home/songdavid/ff_ws/install/turtlebot3_gazebo/share/turtlebot3_gazebo//launch/turtlebot3_world_world.launch.py
[0.926s] -- Up-to-date: /home/songdavid/ff_ws/install/turtlebot3_gazebo/share/turtlebot3_gazebo//launch/robot_state_publisher.launch.py
[0.926s] -- Up-to-date: /home/songdavid/ff_ws/install/turtlebot3_gazebo/share/turtlebot3_gazebo//launch/empty_world.launch.py
[0.926s] -- Up-to-date: /home/songdavid/ff_ws/install/turtlebot3_gazebo/share/turtlebot3_gazebo//launch/multi_robot.launch.py
[0.926s] -- Up-to-date: /home/songdavid/ff_ws/install/turtlebot3_gazebo/share/turtlebot3_gazebo//launch/turtlebot3_dqn_stage1.launch.py
[0.926s] -- Up-to-date: /home/songdavid/ff_ws/install/turtlebot3_gazebo/share/turtlebot3_gazebo//launch/turtlebot3_dqn_stage4.launch.py
[0.926s] -- Up-to-date: /home/songdavid/ff_ws/install/turtlebot3_gazebo/share/turtlebot3_gazebo//launch/turtlebot3_house.launch.py
[0.926s] -- Up-to-date: /home/songdavid/ff_ws/install/turtlebot3_gazebo/share/turtlebot3_gazebo//launch/turtlebot3_dqn_stage2.launch.py
[0.927s] -- Installing: /home/songdavid/ff_ws/install/turtlebot3_gazebo/share/turtlebot3_gazebo//launch/turtlebot3_world2_world.launch.py
[0.928s] -- Up-to-date: /home/songdavid/ff_ws/install/turtlebot3_gazebo/share/turtlebot3_gazebo//launch/turtlebot3_autorace_2020.launch.py
[0.928s] -- Up-to-date: /home/songdavid/ff_ws/install/turtlebot3_gazebo/share/turtlebot3_gazebo//launch/turtlebot3_world.launch.py
[0.928s] -- Up-to-date: /home/songdavid/ff_ws/install/turtlebot3_gazebo/share/turtlebot3_gazebo//models
[0.928s] -- Up-to-date: /home/songdavid/ff_ws/install/turtlebot3_gazebo/share/turtlebot3_gazebo//models/turtlebot3_common
[0.929s] -- Up-to-date: /home/songdavid/ff_ws/install/turtlebot3_gazebo/share/turtlebot3_gazebo//models/turtlebot3_common/model.config
[0.929s] -- Up-to-date: /home/songdavid/ff_ws/install/turtlebot3_gazebo/share/turtlebot3_gazebo//models/turtlebot3_common/meshes
[0.932s] -- Up-to-date: /home/songdavid/ff_ws/install/turtlebot3_gazebo/share/turtlebot3_gazebo//models/turtlebot3_common/meshes/wheels
[0.932s] -- Up-to-date: /home/songdavid/ff_ws/install/turtlebot3_gazebo/share/turtlebot3_gazebo//models/turtlebot3_common/meshes/wheels/left_tire.stl
[0.932s] -- Up-to-date: /home/songdavid/ff_ws/install/turtlebot3_gazebo/share/turtlebot3_gazebo//models/turtlebot3_common/meshes/wheels/right_tire.stl
[0.932s] -- Up-to-date: /home/songdavid/ff_ws/install/turtlebot3_gazebo/share/turtlebot3_gazebo//models/turtlebot3_common/meshes/burger_base.dae
[0.933s] -- Up-to-date: /home/songdavid/ff_ws/install/turtlebot3_gazebo/share/turtlebot3_gazebo//models/turtlebot3_common/meshes/r200.dae
[0.933s] -- Up-to-date: /home/songdavid/ff_ws/install/turtlebot3_gazebo/share/turtlebot3_gazebo//models/turtlebot3_common/meshes/tire.dae
[0.933s] -- Up-to-date: /home/songdavid/ff_ws/install/turtlebot3_gazebo/share/turtlebot3_gazebo//models/turtlebot3_common/meshes/sensors
[0.933s] -- Up-to-date: /home/songdavid/ff_ws/install/turtlebot3_gazebo/share/turtlebot3_gazebo//models/turtlebot3_common/meshes/sensors/r200.dae
[0.936s] -- Up-to-date: /home/songdavid/ff_ws/install/turtlebot3_gazebo/share/turtlebot3_gazebo//models/turtlebot3_common/meshes/sensors/lds.stl
[0.938s] -- Up-to-date: /home/songdavid/ff_ws/install/turtlebot3_gazebo/share/turtlebot3_gazebo//models/turtlebot3_common/meshes/sensors/astra.dae
[0.941s] -- Up-to-date: /home/songdavid/ff_ws/install/turtlebot3_gazebo/share/turtlebot3_gazebo//models/turtlebot3_common/meshes/sensors/astra.jpg
[0.941s] -- Up-to-date: /home/songdavid/ff_ws/install/turtlebot3_gazebo/share/turtlebot3_gazebo//models/turtlebot3_common/meshes/sensors/r200.jpg
[0.941s] -- Up-to-date: /home/songdavid/ff_ws/install/turtlebot3_gazebo/share/turtlebot3_gazebo//models/turtlebot3_common/meshes/waffle_base.dae
[0.941s] -- Up-to-date: /home/songdavid/ff_ws/install/turtlebot3_gazebo/share/turtlebot3_gazebo//models/turtlebot3_common/meshes/waffle_pi_base.dae
[0.941s] -- Up-to-date: /home/songdavid/ff_ws/install/turtlebot3_gazebo/share/turtlebot3_gazebo//models/turtlebot3_common/meshes/lds.dae
[0.942s] -- Up-to-date: /home/songdavid/ff_ws/install/turtlebot3_gazebo/share/turtlebot3_gazebo//models/turtlebot3_common/meshes/bases
[0.942s] -- Up-to-date: /home/songdavid/ff_ws/install/turtlebot3_gazebo/share/turtlebot3_gazebo//models/turtlebot3_common/meshes/bases/burger_base.stl
[0.942s] -- Up-to-date: /home/songdavid/ff_ws/install/turtlebot3_gazebo/share/turtlebot3_gazebo//models/turtlebot3_common/meshes/bases/waffle_base.stl
[0.942s] -- Up-to-date: /home/songdavid/ff_ws/install/turtlebot3_gazebo/share/turtlebot3_gazebo//models/turtlebot3_common/meshes/bases/waffle_pi_base.stl
[0.942s] -- Up-to-date: /home/songdavid/ff_ws/install/turtlebot3_gazebo/share/turtlebot3_gazebo//models/turtlebot3_waffle_pi
[0.942s] -- Up-to-date: /home/songdavid/ff_ws/install/turtlebot3_gazebo/share/turtlebot3_gazebo//models/turtlebot3_waffle_pi/model.config
[0.945s] -- Up-to-date: /home/songdavid/ff_ws/install/turtlebot3_gazebo/share/turtlebot3_gazebo//models/turtlebot3_waffle_pi/model.sdf
[0.946s] -- Up-to-date: /home/songdavid/ff_ws/install/turtlebot3_gazebo/share/turtlebot3_gazebo//models/turtlebot3_waffle_pi/model-1_4_.sdf
[0.946s] -- Up-to-date: /home/songdavid/ff_ws/install/turtlebot3_gazebo/share/turtlebot3_gazebo//models/turtlebot3_burger
[0.946s] -- Up-to-date: /home/songdavid/ff_ws/install/turtlebot3_gazebo/share/turtlebot3_gazebo//models/turtlebot3_burger/model.config
[0.946s] -- Up-to-date: /home/songdavid/ff_ws/install/turtlebot3_gazebo/share/turtlebot3_gazebo//models/turtlebot3_burger/model-1_4.sdf
[0.946s] -- Up-to-date: /home/songdavid/ff_ws/install/turtlebot3_gazebo/share/turtlebot3_gazebo//models/turtlebot3_burger/model.sdf
[0.946s] -- Up-to-date: /home/songdavid/ff_ws/install/turtlebot3_gazebo/share/turtlebot3_gazebo//models/turtlebot3_dqn_world
[0.947s] -- Up-to-date: /home/songdavid/ff_ws/install/turtlebot3_gazebo/share/turtlebot3_gazebo//models/turtlebot3_dqn_world/inner_walls
[0.948s] -- Up-to-date: /home/songdavid/ff_ws/install/turtlebot3_gazebo/share/turtlebot3_gazebo//models/turtlebot3_dqn_world/inner_walls/model.config
[0.949s] -- Up-to-date: /home/songdavid/ff_ws/install/turtlebot3_gazebo/share/turtlebot3_gazebo//models/turtlebot3_dqn_world/inner_walls/model.sdf
[0.949s] -- Up-to-date: /home/songdavid/ff_ws/install/turtlebot3_gazebo/share/turtlebot3_gazebo//models/turtlebot3_dqn_world/model.config
[0.949s] -- Up-to-date: /home/songdavid/ff_ws/install/turtlebot3_gazebo/share/turtlebot3_gazebo//models/turtlebot3_dqn_world/obstacle1
[0.949s] -- Up-to-date: /home/songdavid/ff_ws/install/turtlebot3_gazebo/share/turtlebot3_gazebo//models/turtlebot3_dqn_world/obstacle1/model.config
[0.953s] -- Up-to-date: /home/songdavid/ff_ws/install/turtlebot3_gazebo/share/turtlebot3_gazebo//models/turtlebot3_dqn_world/obstacle1/model.sdf
[0.954s] -- Up-to-date: /home/songdavid/ff_ws/install/turtlebot3_gazebo/share/turtlebot3_gazebo//models/turtlebot3_dqn_world/model.sdf
[0.954s] -- Up-to-date: /home/songdavid/ff_ws/install/turtlebot3_gazebo/share/turtlebot3_gazebo//models/turtlebot3_dqn_world/obstacle2
[0.955s] -- Up-to-date: /home/songdavid/ff_ws/install/turtlebot3_gazebo/share/turtlebot3_gazebo//models/turtlebot3_dqn_world/obstacle2/model.config
[0.955s] -- Up-to-date: /home/songdavid/ff_ws/install/turtlebot3_gazebo/share/turtlebot3_gazebo//models/turtlebot3_dqn_world/obstacle2/model.sdf
[0.955s] -- Up-to-date: /home/songdavid/ff_ws/install/turtlebot3_gazebo/share/turtlebot3_gazebo//models/turtlebot3_dqn_world/obstacles
[0.955s] -- Up-to-date: /home/songdavid/ff_ws/install/turtlebot3_gazebo/share/turtlebot3_gazebo//models/turtlebot3_dqn_world/obstacles/model.config
[0.956s] -- Up-to-date: /home/songdavid/ff_ws/install/turtlebot3_gazebo/share/turtlebot3_gazebo//models/turtlebot3_dqn_world/obstacles/model.sdf
[0.956s] -- Up-to-date: /home/songdavid/ff_ws/install/turtlebot3_gazebo/share/turtlebot3_gazebo//models/turtlebot3_dqn_world/goal_box
[0.956s] -- Up-to-date: /home/songdavid/ff_ws/install/turtlebot3_gazebo/share/turtlebot3_gazebo//models/turtlebot3_dqn_world/goal_box/model.config
[0.956s] -- Up-to-date: /home/songdavid/ff_ws/install/turtlebot3_gazebo/share/turtlebot3_gazebo//models/turtlebot3_dqn_world/goal_box/model.sdf
[0.960s] -- Up-to-date: /home/songdavid/ff_ws/install/turtlebot3_gazebo/share/turtlebot3_gazebo//models/turtlebot3_autorace_2020
[0.960s] -- Up-to-date: /home/songdavid/ff_ws/install/turtlebot3_gazebo/share/turtlebot3_gazebo//models/turtlebot3_autorace_2020/traffic_pl_left
[0.960s] -- Up-to-date: /home/songdavid/ff_ws/install/turtlebot3_gazebo/share/turtlebot3_gazebo//models/turtlebot3_autorace_2020/traffic_pl_left/model.config
[0.960s] -- Up-to-date: /home/songdavid/ff_ws/install/turtlebot3_gazebo/share/turtlebot3_gazebo//models/turtlebot3_autorace_2020/traffic_pl_left/model.sdf
[0.960s] -- Up-to-date: /home/songdavid/ff_ws/install/turtlebot3_gazebo/share/turtlebot3_gazebo//models/turtlebot3_autorace_2020/traffic_pl_left/materials
[0.961s] -- Up-to-date: /home/songdavid/ff_ws/install/turtlebot3_gazebo/share/turtlebot3_gazebo//models/turtlebot3_autorace_2020/traffic_pl_left/materials/textures
[0.961s] -- Up-to-date: /home/songdavid/ff_ws/install/turtlebot3_gazebo/share/turtlebot3_gazebo//models/turtlebot3_autorace_2020/traffic_pl_left/materials/textures/traffic_pl_left.png
[0.961s] -- Up-to-date: /home/songdavid/ff_ws/install/turtlebot3_gazebo/share/turtlebot3_gazebo//models/turtlebot3_autorace_2020/traffic_pl_left/materials/scripts
[0.961s] -- Up-to-date: /home/songdavid/ff_ws/install/turtlebot3_gazebo/share/turtlebot3_gazebo//models/turtlebot3_autorace_2020/traffic_pl_left/materials/scripts/traffic_pl_left.material
[0.961s] -- Up-to-date: /home/songdavid/ff_ws/install/turtlebot3_gazebo/share/turtlebot3_gazebo//models/turtlebot3_autorace_2020/checker
[0.961s] -- Up-to-date: /home/songdavid/ff_ws/install/turtlebot3_gazebo/share/turtlebot3_gazebo//models/turtlebot3_autorace_2020/checker/model.config
[0.961s] -- Up-to-date: /home/songdavid/ff_ws/install/turtlebot3_gazebo/share/turtlebot3_gazebo//models/turtlebot3_autorace_2020/checker/model.sdf
[0.964s] -- Up-to-date: /home/songdavid/ff_ws/install/turtlebot3_gazebo/share/turtlebot3_gazebo//models/turtlebot3_autorace_2020/checker/materials
[0.964s] -- Up-to-date: /home/songdavid/ff_ws/install/turtlebot3_gazebo/share/turtlebot3_gazebo//models/turtlebot3_autorace_2020/checker/materials/checker.png
[0.964s] -- Up-to-date: /home/songdavid/ff_ws/install/turtlebot3_gazebo/share/turtlebot3_gazebo//models/turtlebot3_autorace_2020/checker/materials/textures
[0.964s] -- Up-to-date: /home/songdavid/ff_ws/install/turtlebot3_gazebo/share/turtlebot3_gazebo//models/turtlebot3_autorace_2020/checker/materials/textures/checker.png
[0.965s] -- Up-to-date: /home/songdavid/ff_ws/install/turtlebot3_gazebo/share/turtlebot3_gazebo//models/turtlebot3_autorace_2020/checker/materials/scripts
[0.965s] -- Up-to-date: /home/songdavid/ff_ws/install/turtlebot3_gazebo/share/turtlebot3_gazebo//models/turtlebot3_autorace_2020/checker/materials/scripts/checker.material
[0.965s] -- Up-to-date: /home/songdavid/ff_ws/install/turtlebot3_gazebo/share/turtlebot3_gazebo//models/turtlebot3_autorace_2020/traffic_construction
[0.965s] -- Up-to-date: /home/songdavid/ff_ws/install/turtlebot3_gazebo/share/turtlebot3_gazebo//models/turtlebot3_autorace_2020/traffic_construction/model.config
[0.965s] -- Up-to-date: /home/songdavid/ff_ws/install/turtlebot3_gazebo/share/turtlebot3_gazebo//models/turtlebot3_autorace_2020/traffic_construction/model.sdf
[0.965s] -- Up-to-date: /home/songdavid/ff_ws/install/turtlebot3_gazebo/share/turtlebot3_gazebo//models/turtlebot3_autorace_2020/traffic_construction/materials
[0.967s] -- Up-to-date: /home/songdavid/ff_ws/install/turtlebot3_gazebo/share/turtlebot3_gazebo//models/turtlebot3_autorace_2020/traffic_construction/materials/textures
[0.969s] -- Up-to-date: /home/songdavid/ff_ws/install/turtlebot3_gazebo/share/turtlebot3_gazebo//models/turtlebot3_autorace_2020/traffic_construction/materials/textures/traffic_construction.png
[0.969s] -- Up-to-date: /home/songdavid/ff_ws/install/turtlebot3_gazebo/share/turtlebot3_gazebo//models/turtlebot3_autorace_2020/traffic_construction/materials/scripts
[0.969s] -- Up-to-date: /home/songdavid/ff_ws/install/turtlebot3_gazebo/share/turtlebot3_gazebo//models/turtlebot3_autorace_2020/traffic_construction/materials/scripts/traffic_construction.material
[0.969s] -- Up-to-date: /home/songdavid/ff_ws/install/turtlebot3_gazebo/share/turtlebot3_gazebo//models/turtlebot3_autorace_2020/traffic_intersection
[0.970s] -- Up-to-date: /home/songdavid/ff_ws/install/turtlebot3_gazebo/share/turtlebot3_gazebo//models/turtlebot3_autorace_2020/traffic_intersection/model.config
[0.970s] -- Up-to-date: /home/songdavid/ff_ws/install/turtlebot3_gazebo/share/turtlebot3_gazebo//models/turtlebot3_autorace_2020/traffic_intersection/model.sdf
[0.970s] -- Up-to-date: /home/songdavid/ff_ws/install/turtlebot3_gazebo/share/turtlebot3_gazebo//models/turtlebot3_autorace_2020/traffic_intersection/materials
[0.970s] -- Up-to-date: /home/songdavid/ff_ws/install/turtlebot3_gazebo/share/turtlebot3_gazebo//models/turtlebot3_autorace_2020/traffic_intersection/materials/textures
[0.971s] -- Up-to-date: /home/songdavid/ff_ws/install/turtlebot3_gazebo/share/turtlebot3_gazebo//models/turtlebot3_autorace_2020/traffic_intersection/materials/textures/traffic_intersection.png
[0.971s] -- Up-to-date: /home/songdavid/ff_ws/install/turtlebot3_gazebo/share/turtlebot3_gazebo//models/turtlebot3_autorace_2020/traffic_intersection/materials/scripts
[0.971s] -- Up-to-date: /home/songdavid/ff_ws/install/turtlebot3_gazebo/share/turtlebot3_gazebo//models/turtlebot3_autorace_2020/traffic_intersection/materials/scripts/traffic_intersection.material
[0.971s] -- Up-to-date: /home/songdavid/ff_ws/install/turtlebot3_gazebo/share/turtlebot3_gazebo//models/turtlebot3_autorace_2020/traffic_noentry
[0.974s] -- Up-to-date: /home/songdavid/ff_ws/install/turtlebot3_gazebo/share/turtlebot3_gazebo//models/turtlebot3_autorace_2020/traffic_noentry/model.config
[0.974s] -- Up-to-date: /home/songdavid/ff_ws/install/turtlebot3_gazebo/share/turtlebot3_gazebo//models/turtlebot3_autorace_2020/traffic_noentry/model.sdf
[0.975s] -- Up-to-date: /home/songdavid/ff_ws/install/turtlebot3_gazebo/share/turtlebot3_gazebo//models/turtlebot3_autorace_2020/traffic_noentry/materials
[0.975s] -- Up-to-date: /home/songdavid/ff_ws/install/turtlebot3_gazebo/share/turtlebot3_gazebo//models/turtlebot3_autorace_2020/traffic_noentry/materials/textures
[0.975s] -- Up-to-date: /home/songdavid/ff_ws/install/turtlebot3_gazebo/share/turtlebot3_gazebo//models/turtlebot3_autorace_2020/traffic_noentry/materials/textures/traffic_noentry.png
[0.975s] -- Up-to-date: /home/songdavid/ff_ws/install/turtlebot3_gazebo/share/turtlebot3_gazebo//models/turtlebot3_autorace_2020/traffic_noentry/materials/scripts
[0.976s] -- Up-to-date: /home/songdavid/ff_ws/install/turtlebot3_gazebo/share/turtlebot3_gazebo//models/turtlebot3_autorace_2020/traffic_noentry/materials/scripts/traffic_noentry.material
[0.976s] -- Up-to-date: /home/songdavid/ff_ws/install/turtlebot3_gazebo/share/turtlebot3_gazebo//models/turtlebot3_autorace_2020/traffic_parking
[0.977s] -- Up-to-date: /home/songdavid/ff_ws/install/turtlebot3_gazebo/share/turtlebot3_gazebo//models/turtlebot3_autorace_2020/traffic_parking/model.config
[0.977s] -- Up-to-date: /home/songdavid/ff_ws/install/turtlebot3_gazebo/share/turtlebot3_gazebo//models/turtlebot3_autorace_2020/traffic_parking/model.sdf
[0.977s] -- Up-to-date: /home/songdavid/ff_ws/install/turtlebot3_gazebo/share/turtlebot3_gazebo//models/turtlebot3_autorace_2020/traffic_parking/materials
[0.977s] -- Up-to-date: /home/songdavid/ff_ws/install/turtlebot3_gazebo/share/turtlebot3_gazebo//models/turtlebot3_autorace_2020/traffic_parking/materials/textures
[0.977s] -- Up-to-date: /home/songdavid/ff_ws/install/turtlebot3_gazebo/share/turtlebot3_gazebo//models/turtlebot3_autorace_2020/traffic_parking/materials/textures/traffic_parking.png
[0.978s] -- Up-to-date: /home/songdavid/ff_ws/install/turtlebot3_gazebo/share/turtlebot3_gazebo//models/turtlebot3_autorace_2020/traffic_parking/materials/scripts
[0.978s] -- Up-to-date: /home/songdavid/ff_ws/install/turtlebot3_gazebo/share/turtlebot3_gazebo//models/turtlebot3_autorace_2020/traffic_parking/materials/scripts/traffic_parking.material
[0.978s] -- Up-to-date: /home/songdavid/ff_ws/install/turtlebot3_gazebo/share/turtlebot3_gazebo//models/turtlebot3_autorace_2020/traffic_left
[0.978s] -- Up-to-date: /home/songdavid/ff_ws/install/turtlebot3_gazebo/share/turtlebot3_gazebo//models/turtlebot3_autorace_2020/traffic_left/model.config
[0.978s] -- Up-to-date: /home/songdavid/ff_ws/install/turtlebot3_gazebo/share/turtlebot3_gazebo//models/turtlebot3_autorace_2020/traffic_left/model.sdf
[0.978s] -- Up-to-date: /home/songdavid/ff_ws/install/turtlebot3_gazebo/share/turtlebot3_gazebo//models/turtlebot3_autorace_2020/traffic_left/materials
[0.978s] -- Up-to-date: /home/songdavid/ff_ws/install/turtlebot3_gazebo/share/turtlebot3_gazebo//models/turtlebot3_autorace_2020/traffic_left/materials/textures
[0.979s] -- Up-to-date: /home/songdavid/ff_ws/install/turtlebot3_gazebo/share/turtlebot3_gazebo//models/turtlebot3_autorace_2020/traffic_left/materials/textures/traffic_left.png
[0.979s] -- Up-to-date: /home/songdavid/ff_ws/install/turtlebot3_gazebo/share/turtlebot3_gazebo//models/turtlebot3_autorace_2020/traffic_left/materials/scripts
[0.979s] -- Up-to-date: /home/songdavid/ff_ws/install/turtlebot3_gazebo/share/turtlebot3_gazebo//models/turtlebot3_autorace_2020/traffic_left/materials/scripts/traffic_is_left.material
[0.979s] -- Up-to-date: /home/songdavid/ff_ws/install/turtlebot3_gazebo/share/turtlebot3_gazebo//models/turtlebot3_autorace_2020/traffic_tunnel
[0.979s] -- Up-to-date: /home/songdavid/ff_ws/install/turtlebot3_gazebo/share/turtlebot3_gazebo//models/turtlebot3_autorace_2020/traffic_tunnel/model.config
[0.979s] -- Up-to-date: /home/songdavid/ff_ws/install/turtlebot3_gazebo/share/turtlebot3_gazebo//models/turtlebot3_autorace_2020/traffic_tunnel/model.sdf
[0.979s] -- Up-to-date: /home/songdavid/ff_ws/install/turtlebot3_gazebo/share/turtlebot3_gazebo//models/turtlebot3_autorace_2020/traffic_tunnel/materials
[0.980s] -- Up-to-date: /home/songdavid/ff_ws/install/turtlebot3_gazebo/share/turtlebot3_gazebo//models/turtlebot3_autorace_2020/traffic_tunnel/materials/textures
[0.980s] -- Up-to-date: /home/songdavid/ff_ws/install/turtlebot3_gazebo/share/turtlebot3_gazebo//models/turtlebot3_autorace_2020/traffic_tunnel/materials/textures/tunnel.png
[0.980s] -- Up-to-date: /home/songdavid/ff_ws/install/turtlebot3_gazebo/share/turtlebot3_gazebo//models/turtlebot3_autorace_2020/traffic_tunnel/materials/scripts
[0.980s] -- Up-to-date: /home/songdavid/ff_ws/install/turtlebot3_gazebo/share/turtlebot3_gazebo//models/turtlebot3_autorace_2020/traffic_tunnel/materials/scripts/tunnel.material
[0.985s] -- Up-to-date: /home/songdavid/ff_ws/install/turtlebot3_gazebo/share/turtlebot3_gazebo//models/turtlebot3_autorace_2020/traffic_light
[0.986s] -- Up-to-date: /home/songdavid/ff_ws/install/turtlebot3_gazebo/share/turtlebot3_gazebo//models/turtlebot3_autorace_2020/traffic_light/model.config
[0.987s] -- Up-to-date: /home/songdavid/ff_ws/install/turtlebot3_gazebo/share/turtlebot3_gazebo//models/turtlebot3_autorace_2020/traffic_light/model.sdf
[0.987s] -- Up-to-date: /home/songdavid/ff_ws/install/turtlebot3_gazebo/share/turtlebot3_gazebo//models/turtlebot3_autorace_2020/traffic_light/materials
[0.987s] -- Up-to-date: /home/songdavid/ff_ws/install/turtlebot3_gazebo/share/turtlebot3_gazebo//models/turtlebot3_autorace_2020/traffic_light/materials/textures
[0.988s] -- Up-to-date: /home/songdavid/ff_ws/install/turtlebot3_gazebo/share/turtlebot3_gazebo//models/turtlebot3_autorace_2020/traffic_light/materials/textures/traffic_light_green.png
[0.989s] -- Up-to-date: /home/songdavid/ff_ws/install/turtlebot3_gazebo/share/turtlebot3_gazebo//models/turtlebot3_autorace_2020/traffic_light/materials/textures/traffic_light_yellow.png
[0.989s] -- Up-to-date: /home/songdavid/ff_ws/install/turtlebot3_gazebo/share/turtlebot3_gazebo//models/turtlebot3_autorace_2020/traffic_light/materials/textures/traffic_light.png
[0.990s] -- Up-to-date: /home/songdavid/ff_ws/install/turtlebot3_gazebo/share/turtlebot3_gazebo//models/turtlebot3_autorace_2020/traffic_light/materials/textures/traffic_light_red.png
[0.990s] -- Up-to-date: /home/songdavid/ff_ws/install/turtlebot3_gazebo/share/turtlebot3_gazebo//models/turtlebot3_autorace_2020/traffic_light/materials/scripts
[0.990s] -- Up-to-date: /home/songdavid/ff_ws/install/turtlebot3_gazebo/share/turtlebot3_gazebo//models/turtlebot3_autorace_2020/traffic_light/materials/scripts/traffic_light.material
[1.002s] -- Up-to-date: /home/songdavid/ff_ws/install/turtlebot3_gazebo/share/turtlebot3_gazebo//models/turtlebot3_autorace_2020/traffic_bar
[1.002s] -- Up-to-date: /home/songdavid/ff_ws/install/turtlebot3_gazebo/share/turtlebot3_gazebo//models/turtlebot3_autorace_2020/traffic_bar/model.config
[1.002s] -- Up-to-date: /home/songdavid/ff_ws/install/turtlebot3_gazebo/share/turtlebot3_gazebo//models/turtlebot3_autorace_2020/traffic_bar/model.sdf
[1.003s] -- Up-to-date: /home/songdavid/ff_ws/install/turtlebot3_gazebo/share/turtlebot3_gazebo//models/turtlebot3_autorace_2020/traffic_bar/materials
[1.003s] -- Up-to-date: /home/songdavid/ff_ws/install/turtlebot3_gazebo/share/turtlebot3_gazebo//models/turtlebot3_autorace_2020/traffic_bar/materials/textures
[1.003s] -- Up-to-date: /home/songdavid/ff_ws/install/turtlebot3_gazebo/share/turtlebot3_gazebo//models/turtlebot3_autorace_2020/traffic_bar/materials/textures/traffic_bar.png
[1.003s] -- Up-to-date: /home/songdavid/ff_ws/install/turtlebot3_gazebo/share/turtlebot3_gazebo//models/turtlebot3_autorace_2020/traffic_bar/materials/scripts
[1.003s] -- Up-to-date: /home/songdavid/ff_ws/install/turtlebot3_gazebo/share/turtlebot3_gazebo//models/turtlebot3_autorace_2020/traffic_bar/materials/scripts/traffic_bar.material
[1.004s] -- Up-to-date: /home/songdavid/ff_ws/install/turtlebot3_gazebo/share/turtlebot3_gazebo//models/turtlebot3_autorace_2020/course
[1.004s] -- Up-to-date: /home/songdavid/ff_ws/install/turtlebot3_gazebo/share/turtlebot3_gazebo//models/turtlebot3_autorace_2020/course/model.config
[1.004s] -- Up-to-date: /home/songdavid/ff_ws/install/turtlebot3_gazebo/share/turtlebot3_gazebo//models/turtlebot3_autorace_2020/course/model.sdf
[1.004s] -- Up-to-date: /home/songdavid/ff_ws/install/turtlebot3_gazebo/share/turtlebot3_gazebo//models/turtlebot3_autorace_2020/course/materials
[1.004s] -- Up-to-date: /home/songdavid/ff_ws/install/turtlebot3_gazebo/share/turtlebot3_gazebo//models/turtlebot3_autorace_2020/course/materials/textures
[1.005s] -- Up-to-date: /home/songdavid/ff_ws/install/turtlebot3_gazebo/share/turtlebot3_gazebo//models/turtlebot3_autorace_2020/course/materials/textures/course.png
[1.005s] -- Up-to-date: /home/songdavid/ff_ws/install/turtlebot3_gazebo/share/turtlebot3_gazebo//models/turtlebot3_autorace_2020/course/materials/scripts
[1.005s] -- Up-to-date: /home/songdavid/ff_ws/install/turtlebot3_gazebo/share/turtlebot3_gazebo//models/turtlebot3_autorace_2020/course/materials/scripts/course.material
[1.005s] -- Up-to-date: /home/songdavid/ff_ws/install/turtlebot3_gazebo/share/turtlebot3_gazebo//models/turtlebot3_autorace_2020/traffic_right
[1.005s] -- Up-to-date: /home/songdavid/ff_ws/install/turtlebot3_gazebo/share/turtlebot3_gazebo//models/turtlebot3_autorace_2020/traffic_right/model.config
[1.005s] -- Up-to-date: /home/songdavid/ff_ws/install/turtlebot3_gazebo/share/turtlebot3_gazebo//models/turtlebot3_autorace_2020/traffic_right/model.sdf
[1.005s] -- Up-to-date: /home/songdavid/ff_ws/install/turtlebot3_gazebo/share/turtlebot3_gazebo//models/turtlebot3_autorace_2020/traffic_right/materials
[1.005s] -- Up-to-date: /home/songdavid/ff_ws/install/turtlebot3_gazebo/share/turtlebot3_gazebo//models/turtlebot3_autorace_2020/traffic_right/materials/textures
[1.006s] -- Up-to-date: /home/songdavid/ff_ws/install/turtlebot3_gazebo/share/turtlebot3_gazebo//models/turtlebot3_autorace_2020/traffic_right/materials/textures/traffic_right.png
[1.006s] -- Up-to-date: /home/songdavid/ff_ws/install/turtlebot3_gazebo/share/turtlebot3_gazebo//models/turtlebot3_autorace_2020/traffic_right/materials/scripts
[1.006s] -- Up-to-date: /home/songdavid/ff_ws/install/turtlebot3_gazebo/share/turtlebot3_gazebo//models/turtlebot3_autorace_2020/traffic_right/materials/scripts/traffic_right.material
[1.006s] -- Up-to-date: /home/songdavid/ff_ws/install/turtlebot3_gazebo/share/turtlebot3_gazebo//models/turtlebot3_autorace_2020/traffic_stop
[1.006s] -- Up-to-date: /home/songdavid/ff_ws/install/turtlebot3_gazebo/share/turtlebot3_gazebo//models/turtlebot3_autorace_2020/traffic_stop/model.config
[1.006s] -- Up-to-date: /home/songdavid/ff_ws/install/turtlebot3_gazebo/share/turtlebot3_gazebo//models/turtlebot3_autorace_2020/traffic_stop/model.sdf
[1.007s] -- Up-to-date: /home/songdavid/ff_ws/install/turtlebot3_gazebo/share/turtlebot3_gazebo//models/turtlebot3_autorace_2020/traffic_stop/materials
[1.007s] -- Up-to-date: /home/songdavid/ff_ws/install/turtlebot3_gazebo/share/turtlebot3_gazebo//models/turtlebot3_autorace_2020/traffic_stop/materials/textures
[1.007s] -- Up-to-date: /home/songdavid/ff_ws/install/turtlebot3_gazebo/share/turtlebot3_gazebo//models/turtlebot3_autorace_2020/traffic_stop/materials/textures/traffic_stop.png
[1.007s] -- Up-to-date: /home/songdavid/ff_ws/install/turtlebot3_gazebo/share/turtlebot3_gazebo//models/turtlebot3_autorace_2020/traffic_stop/materials/scripts
[1.007s] -- Up-to-date: /home/songdavid/ff_ws/install/turtlebot3_gazebo/share/turtlebot3_gazebo//models/turtlebot3_autorace_2020/traffic_stop/materials/scripts/traffic_stop.material
[1.007s] -- Up-to-date: /home/songdavid/ff_ws/install/turtlebot3_gazebo/share/turtlebot3_gazebo//models/turtlebot3_waffle
[1.007s] -- Up-to-date: /home/songdavid/ff_ws/install/turtlebot3_gazebo/share/turtlebot3_gazebo//models/turtlebot3_waffle/model.config
[1.007s] -- Up-to-date: /home/songdavid/ff_ws/install/turtlebot3_gazebo/share/turtlebot3_gazebo//models/turtlebot3_waffle/model-1_4.sdf
[1.007s] -- Up-to-date: /home/songdavid/ff_ws/install/turtlebot3_gazebo/share/turtlebot3_gazebo//models/turtlebot3_waffle/model.sdf
[1.008s] -- Up-to-date: /home/songdavid/ff_ws/install/turtlebot3_gazebo/share/turtlebot3_gazebo//models/turtlebot3_burger_cam
[1.008s] -- Up-to-date: /home/songdavid/ff_ws/install/turtlebot3_gazebo/share/turtlebot3_gazebo//models/turtlebot3_burger_cam/model.config
[1.008s] -- Up-to-date: /home/songdavid/ff_ws/install/turtlebot3_gazebo/share/turtlebot3_gazebo//models/turtlebot3_burger_cam/model-1_4.sdf
[1.008s] -- Up-to-date: /home/songdavid/ff_ws/install/turtlebot3_gazebo/share/turtlebot3_gazebo//models/turtlebot3_burger_cam/model.sdf
[1.008s] -- Up-to-date: /home/songdavid/ff_ws/install/turtlebot3_gazebo/share/turtlebot3_gazebo//models/turtlebot3_world
[1.008s] -- Up-to-date: /home/songdavid/ff_ws/install/turtlebot3_gazebo/share/turtlebot3_gazebo//models/turtlebot3_world/model.config
[1.008s] -- Up-to-date: /home/songdavid/ff_ws/install/turtlebot3_gazebo/share/turtlebot3_gazebo//models/turtlebot3_world/model-1_4.sdf
[1.008s] -- Up-to-date: /home/songdavid/ff_ws/install/turtlebot3_gazebo/share/turtlebot3_gazebo//models/turtlebot3_world/model.sdf
[1.008s] -- Up-to-date: /home/songdavid/ff_ws/install/turtlebot3_gazebo/share/turtlebot3_gazebo//models/turtlebot3_world/meshes
[1.009s] -- Up-to-date: /home/songdavid/ff_ws/install/turtlebot3_gazebo/share/turtlebot3_gazebo//models/turtlebot3_world/meshes/hexagon.dae
[1.009s] -- Up-to-date: /home/songdavid/ff_ws/install/turtlebot3_gazebo/share/turtlebot3_gazebo//models/turtlebot3_world/meshes/wall.dae
[1.009s] -- Up-to-date: /home/songdavid/ff_ws/install/turtlebot3_gazebo/share/turtlebot3_gazebo//models/turtlebot3_house
[1.009s] -- Up-to-date: /home/songdavid/ff_ws/install/turtlebot3_gazebo/share/turtlebot3_gazebo//models/turtlebot3_house/model.config
[1.009s] -- Up-to-date: /home/songdavid/ff_ws/install/turtlebot3_gazebo/share/turtlebot3_gazebo//models/turtlebot3_house/model.sdf
[1.009s] -- Up-to-date: /home/songdavid/ff_ws/install/turtlebot3_gazebo/share/turtlebot3_gazebo//rviz
[1.009s] -- Up-to-date: /home/songdavid/ff_ws/install/turtlebot3_gazebo/share/turtlebot3_gazebo//rviz/tb3_gazebo.rviz
[1.009s] -- Up-to-date: /home/songdavid/ff_ws/install/turtlebot3_gazebo/share/turtlebot3_gazebo//urdf
[1.009s] -- Up-to-date: /home/songdavid/ff_ws/install/turtlebot3_gazebo/share/turtlebot3_gazebo//urdf/common_properties.urdf
[1.009s] -- Up-to-date: /home/songdavid/ff_ws/install/turtlebot3_gazebo/share/turtlebot3_gazebo//urdf/turtlebot3_burger_cam.urdf
[1.009s] -- Up-to-date: /home/songdavid/ff_ws/install/turtlebot3_gazebo/share/turtlebot3_gazebo//urdf/turtlebot3_waffle_pi.urdf
[1.009s] -- Up-to-date: /home/songdavid/ff_ws/install/turtlebot3_gazebo/share/turtlebot3_gazebo//urdf/turtlebot3_waffle.urdf
[1.009s] -- Up-to-date: /home/songdavid/ff_ws/install/turtlebot3_gazebo/share/turtlebot3_gazebo//urdf/turtlebot3_burger.urdf
[1.010s] -- Up-to-date: /home/songdavid/ff_ws/install/turtlebot3_gazebo/share/turtlebot3_gazebo//worlds
[1.010s] -- Up-to-date: /home/songdavid/ff_ws/install/turtlebot3_gazebo/share/turtlebot3_gazebo//worlds/turtlebot3_dqn_stage1.world
[1.011s] -- Up-to-date: /home/songdavid/ff_ws/install/turtlebot3_gazebo/share/turtlebot3_gazebo//worlds/turtlebot3_dqn_stage3.world
[1.015s] -- Up-to-date: /home/songdavid/ff_ws/install/turtlebot3_gazebo/share/turtlebot3_gazebo//worlds/turtlebot3_autorace_2020.world
[1.015s] -- Up-to-date: /home/songdavid/ff_ws/install/turtlebot3_gazebo/share/turtlebot3_gazebo//worlds/turtlebot3_dqn_stage4.world
[1.016s] -- Installing: /home/songdavid/ff_ws/install/turtlebot3_gazebo/share/turtlebot3_gazebo//worlds/world2.world
[1.016s] -- Up-to-date: /home/songdavid/ff_ws/install/turtlebot3_gazebo/share/turtlebot3_gazebo//worlds/empty_world.world
[1.016s] -- Up-to-date: /home/songdavid/ff_ws/install/turtlebot3_gazebo/share/turtlebot3_gazebo//worlds/turtlebot3_dqn_stage2.world
[1.018s] -- Up-to-date: /home/songdavid/ff_ws/install/turtlebot3_gazebo/share/turtlebot3_gazebo//worlds/turtlebot3_world.world
[1.018s] -- Up-to-date: /home/songdavid/ff_ws/install/turtlebot3_gazebo/share/turtlebot3_gazebo//worlds/turtlebot3_house.world
[1.018s] -- Up-to-date: /home/songdavid/ff_ws/install/turtlebot3_gazebo/share/turtlebot3_gazebo//worlds/world.world
[1.019s] -- Up-to-date: /home/songdavid/ff_ws/install/turtlebot3_gazebo/include/
[1.019s] -- Up-to-date: /home/songdavid/ff_ws/install/turtlebot3_gazebo/include//turtlebot3_gazebo
[1.020s] -- Up-to-date: /home/songdavid/ff_ws/install/turtlebot3_gazebo/include//turtlebot3_gazebo/obstacles.hpp
[1.020s] -- Up-to-date: /home/songdavid/ff_ws/install/turtlebot3_gazebo/include//turtlebot3_gazebo/traffic_light_plugin.hpp
[1.020s] -- Up-to-date: /home/songdavid/ff_ws/install/turtlebot3_gazebo/include//turtlebot3_gazebo/obstacle1.hpp
[1.020s] -- Up-to-date: /home/songdavid/ff_ws/install/turtlebot3_gazebo/include//turtlebot3_gazebo/obstacle2.hpp
[1.020s] -- Up-to-date: /home/songdavid/ff_ws/install/turtlebot3_gazebo/include//turtlebot3_gazebo/traffic_bar_plugin.hpp
[1.023s] -- Up-to-date: /home/songdavid/ff_ws/install/turtlebot3_gazebo/include//turtlebot3_gazebo/turtlebot3_drive.hpp
[1.023s] -- Up-to-date: /home/songdavid/ff_ws/install/turtlebot3_gazebo/share/ament_index/resource_index/package_run_dependencies/turtlebot3_gazebo
[1.024s] -- Up-to-date: /home/songdavid/ff_ws/install/turtlebot3_gazebo/share/ament_index/resource_index/parent_prefix_path/turtlebot3_gazebo
[1.024s] -- Up-to-date: /home/songdavid/ff_ws/install/turtlebot3_gazebo/share/turtlebot3_gazebo/environment/ament_prefix_path.sh
[1.025s] -- Up-to-date: /home/songdavid/ff_ws/install/turtlebot3_gazebo/share/turtlebot3_gazebo/environment/ament_prefix_path.dsv
[1.025s] -- Up-to-date: /home/songdavid/ff_ws/install/turtlebot3_gazebo/share/turtlebot3_gazebo/environment/path.sh
[1.025s] -- Up-to-date: /home/songdavid/ff_ws/install/turtlebot3_gazebo/share/turtlebot3_gazebo/environment/path.dsv
[1.026s] -- Up-to-date: /home/songdavid/ff_ws/install/turtlebot3_gazebo/share/turtlebot3_gazebo/local_setup.bash
[1.026s] -- Up-to-date: /home/songdavid/ff_ws/install/turtlebot3_gazebo/share/turtlebot3_gazebo/local_setup.sh
[1.026s] -- Up-to-date: /home/songdavid/ff_ws/install/turtlebot3_gazebo/share/turtlebot3_gazebo/local_setup.zsh
[1.026s] -- Up-to-date: /home/songdavid/ff_ws/install/turtlebot3_gazebo/share/turtlebot3_gazebo/local_setup.dsv
[1.027s] -- Installing: /home/songdavid/ff_ws/install/turtlebot3_gazebo/share/turtlebot3_gazebo/package.dsv
[1.027s] -- Up-to-date: /home/songdavid/ff_ws/install/turtlebot3_gazebo/share/ament_index/resource_index/packages/turtlebot3_gazebo
[1.027s] -- Up-to-date: /home/songdavid/ff_ws/install/turtlebot3_gazebo/share/turtlebot3_gazebo/cmake/ament_cmake_export_include_directories-extras.cmake
[1.027s] -- Up-to-date: /home/songdavid/ff_ws/install/turtlebot3_gazebo/share/turtlebot3_gazebo/cmake/ament_cmake_export_dependencies-extras.cmake
[1.027s] -- Up-to-date: /home/songdavid/ff_ws/install/turtlebot3_gazebo/share/turtlebot3_gazebo/cmake/turtlebot3_gazeboConfig.cmake
[1.029s] -- Up-to-date: /home/songdavid/ff_ws/install/turtlebot3_gazebo/share/turtlebot3_gazebo/cmake/turtlebot3_gazeboConfig-version.cmake
[1.030s] -- Up-to-date: /home/songdavid/ff_ws/install/turtlebot3_gazebo/share/turtlebot3_gazebo/package.xml
[1.185s] Invoked command in '/home/songdavid/ff_ws/build/turtlebot3_gazebo' returned '0': CMAKE_PREFIX_PATH=${CMAKE_PREFIX_PATH}:/home/songdavid/turtlebot3_ws/install/explorer_bringup:/home/songdavid/turtlebot3_ws/install/turtlebot3_teleop:/home/songdavid/turtlebot3_ws/install/turtlebot3_example:/home/songdavid/turtlebot3_ws/install/explorer_wanderer:/home/songdavid/turtlebot3_ws/install/explorer_map_utils:/home/songdavid/turtlebot3_ws/install/exploration_pkg:/opt/ros/humble /usr/bin/cmake --install /home/songdavid/ff_ws/build/turtlebot3_gazebo
