[0.091s] Invoking command in '/home/songdavid/ff_ws/build/turtlebot3_node': AMENT_PREFIX_PATH=/home/songdavid/ff_ws/install/turtlebot3_msgs:${AMENT_PREFIX_PATH} CMAKE_PREFIX_PATH=/home/songdavid/ff_ws/install/turtlebot3_msgs:/home/songdavid/ff_ws/install/explorer_interfaces:/home/songdavid/ff_ws/install/explorer_gazebo:/home/songdavid/ff_ws/install/explorer_cartographer:/home/songdavid/turtlebot3_ws/install/turtlebot3:/home/songdavid/turtlebot3_ws/install/turtlebot3_simulations:/home/songdavid/turtlebot3_ws/install/turtlebot3_bringup:/home/songdavid/turtlebot3_ws/install/turtlebot3_node:/home/songdavid/turtlebot3_ws/install/turtlebot3_navigation2:/home/songdavid/turtlebot3_ws/install/turtlebot3_fake_node:/home/songdavid/turtlebot3_ws/install/turtlebot3_msgs:/home/songdavid/turtlebot3_ws/install/turtlebot3_gazebo:/home/songdavid/turtlebot3_ws/install/turtlebot3_description:/home/songdavid/turtlebot3_ws/install/turtlebot3_cartographer:/home/songdavid/turtlebot3_ws/install/explorer_interfaces:/home/songdavid/turtlebot3_ws/install/explorer_gazebo:/home/songdavid/turtlebot3_ws/install/explorer_cartographer:/home/songdavid/turtlebot3_ws/install/dynamixel_sdk_examples:/home/songdavid/turtlebot3_ws/install/dynamixel_sdk_custom_interfaces:/home/songdavid/turtlebot3_ws/install/dynamixel_sdk:/home/songdavid/ff_ws/install/explorer_wanderer:/home/songdavid/ff_ws/install/explorer_map_utils:/home/songdavid/ff_ws/install/explorer_bringup:/home/songdavid/ff_ws/install/autonomous_exploration:/home/songdavid/turtlebot3_ws/install/explorer_bringup:/home/songdavid/turtlebot3_ws/install/turtlebot3_teleop:/home/songdavid/turtlebot3_ws/install/turtlebot3_example:/home/songdavid/turtlebot3_ws/install/explorer_wanderer:/home/songdavid/turtlebot3_ws/install/explorer_map_utils:/home/songdavid/turtlebot3_ws/install/exploration_pkg:/opt/ros/humble LD_LIBRARY_PATH=/home/songdavid/ff_ws/install/turtlebot3_msgs/lib:/home/songdavid/ff_ws/install/explorer_interfaces/lib:/home/songdavid/turtlebot3_ws/install/turtlebot3_msgs/lib:/home/songdavid/turtlebot3_ws/install/explorer_interfaces/lib:/home/songdavid/turtlebot3_ws/install/dynamixel_sdk_custom_interfaces/lib:/home/songdavid/turtlebot3_ws/install/dynamixel_sdk/lib:/usr/lib/x86_64-linux-gnu/gazebo-11/plugins:/opt/ros/humble/opt/rviz_ogre_vendor/lib:/opt/ros/humble/lib/x86_64-linux-gnu:/opt/ros/humble/lib:/usr/lib/x86_64-linux-gnu/gazebo-11/plugins PYTHONPATH=/home/songdavid/ff_ws/install/turtlebot3_msgs/local/lib/python3.10/dist-packages:${PYTHONPATH} /usr/bin/cmake /home/songdavid/ff_ws/src/turtlebot3/turtlebot3_node -DCMAKE_INSTALL_PREFIX=/home/songdavid/ff_ws/install/turtlebot3_node
[0.988s] -- The C compiler identification is GNU 11.4.0
[0.988s] -- The CXX compiler identification is GNU 11.4.0
[0.988s] -- Detecting C compiler ABI info
[0.989s] -- Detecting C compiler ABI info - done
[0.989s] -- Check for working C compiler: /usr/bin/cc - skipped
[0.989s] -- Detecting C compile features
[0.989s] -- Detecting C compile features - done
[0.989s] -- Detecting CXX compiler ABI info
[0.989s] -- Detecting CXX compiler ABI info - done
[0.989s] -- Check for working CXX compiler: /usr/bin/c++ - skipped
[0.989s] -- Detecting CXX compile features
[0.990s] -- Detecting CXX compile features - done
[0.990s] -- Found ament_cmake: 1.3.11 (/opt/ros/humble/share/ament_cmake/cmake)
[1.256s] -- Found Python3: /usr/bin/python3 (found version "3.10.12") found components: Interpreter 
[1.565s] -- Found dynamixel_sdk: 3.8.3 (/home/songdavid/turtlebot3_ws/install/dynamixel_sdk/share/dynamixel_sdk/cmake)
[1.577s] -- Found geometry_msgs: 4.8.0 (/opt/ros/humble/share/geometry_msgs/cmake)
[1.690s] -- Found rosidl_generator_c: 3.1.6 (/opt/ros/humble/share/rosidl_generator_c/cmake)
[1.707s] -- Found rosidl_adapter: 3.1.6 (/opt/ros/humble/share/rosidl_adapter/cmake)
[1.733s] -- Found rosidl_generator_cpp: 3.1.6 (/opt/ros/humble/share/rosidl_generator_cpp/cmake)
[1.766s] -- Using all available rosidl_typesupport_c: rosidl_typesupport_fastrtps_c;rosidl_typesupport_introspection_c
[1.807s] -- Using all available rosidl_typesupport_cpp: rosidl_typesupport_fastrtps_cpp;rosidl_typesupport_introspection_cpp
[1.912s] -- Found message_filters: 4.3.7 (/opt/ros/humble/share/message_filters/cmake)
[2.056s] -- Found rmw_implementation_cmake: 6.1.2 (/opt/ros/humble/share/rmw_implementation_cmake/cmake)
[2.064s] -- Found rmw_fastrtps_cpp: 6.2.7 (/opt/ros/humble/share/rmw_fastrtps_cpp/cmake)
[2.263s] -- Found OpenSSL: /usr/lib/x86_64-linux-gnu/libcrypto.so (found version "3.0.2")  
[2.378s] -- Found FastRTPS: /opt/ros/humble/include  
[2.539s] -- Using RMW implementation 'rmw_fastrtps_cpp' as default
[2.566s] -- Looking for pthread.h
[2.756s] -- Looking for pthread.h - found
[2.757s] -- Performing Test CMAKE_HAVE_LIBC_PTHREAD
[2.993s] -- Performing Test CMAKE_HAVE_LIBC_PTHREAD - Success
[2.994s] -- Found Threads: TRUE  
[3.111s] -- Found nav_msgs: 4.8.0 (/opt/ros/humble/share/nav_msgs/cmake)
[3.161s] -- Found sensor_msgs: 4.8.0 (/opt/ros/humble/share/sensor_msgs/cmake)
[3.209s] -- Found std_srvs: 4.8.0 (/opt/ros/humble/share/std_srvs/cmake)
[3.246s] -- Found tf2: 0.25.12 (/opt/ros/humble/share/tf2/cmake)
[3.277s] -- Found tf2_ros: 0.25.12 (/opt/ros/humble/share/tf2_ros/cmake)
[3.511s] -- Found turtlebot3_msgs: 2.4.0 (/home/songdavid/ff_ws/install/turtlebot3_msgs/share/turtlebot3_msgs/cmake)
[3.788s] -- Configuring done
[3.838s] -- Generating done
[3.860s] -- Build files have been written to: /home/songdavid/ff_ws/build/turtlebot3_node
[3.888s] Invoked command in '/home/songdavid/ff_ws/build/turtlebot3_node' returned '0': AMENT_PREFIX_PATH=/home/songdavid/ff_ws/install/turtlebot3_msgs:${AMENT_PREFIX_PATH} CMAKE_PREFIX_PATH=/home/songdavid/ff_ws/install/turtlebot3_msgs:/home/songdavid/ff_ws/install/explorer_interfaces:/home/songdavid/ff_ws/install/explorer_gazebo:/home/songdavid/ff_ws/install/explorer_cartographer:/home/songdavid/turtlebot3_ws/install/turtlebot3:/home/songdavid/turtlebot3_ws/install/turtlebot3_simulations:/home/songdavid/turtlebot3_ws/install/turtlebot3_bringup:/home/songdavid/turtlebot3_ws/install/turtlebot3_node:/home/songdavid/turtlebot3_ws/install/turtlebot3_navigation2:/home/songdavid/turtlebot3_ws/install/turtlebot3_fake_node:/home/songdavid/turtlebot3_ws/install/turtlebot3_msgs:/home/songdavid/turtlebot3_ws/install/turtlebot3_gazebo:/home/songdavid/turtlebot3_ws/install/turtlebot3_description:/home/songdavid/turtlebot3_ws/install/turtlebot3_cartographer:/home/songdavid/turtlebot3_ws/install/explorer_interfaces:/home/songdavid/turtlebot3_ws/install/explorer_gazebo:/home/songdavid/turtlebot3_ws/install/explorer_cartographer:/home/songdavid/turtlebot3_ws/install/dynamixel_sdk_examples:/home/songdavid/turtlebot3_ws/install/dynamixel_sdk_custom_interfaces:/home/songdavid/turtlebot3_ws/install/dynamixel_sdk:/home/songdavid/ff_ws/install/explorer_wanderer:/home/songdavid/ff_ws/install/explorer_map_utils:/home/songdavid/ff_ws/install/explorer_bringup:/home/songdavid/ff_ws/install/autonomous_exploration:/home/songdavid/turtlebot3_ws/install/explorer_bringup:/home/songdavid/turtlebot3_ws/install/turtlebot3_teleop:/home/songdavid/turtlebot3_ws/install/turtlebot3_example:/home/songdavid/turtlebot3_ws/install/explorer_wanderer:/home/songdavid/turtlebot3_ws/install/explorer_map_utils:/home/songdavid/turtlebot3_ws/install/exploration_pkg:/opt/ros/humble LD_LIBRARY_PATH=/home/songdavid/ff_ws/install/turtlebot3_msgs/lib:/home/songdavid/ff_ws/install/explorer_interfaces/lib:/home/songdavid/turtlebot3_ws/install/turtlebot3_msgs/lib:/home/songdavid/turtlebot3_ws/install/explorer_interfaces/lib:/home/songdavid/turtlebot3_ws/install/dynamixel_sdk_custom_interfaces/lib:/home/songdavid/turtlebot3_ws/install/dynamixel_sdk/lib:/usr/lib/x86_64-linux-gnu/gazebo-11/plugins:/opt/ros/humble/opt/rviz_ogre_vendor/lib:/opt/ros/humble/lib/x86_64-linux-gnu:/opt/ros/humble/lib:/usr/lib/x86_64-linux-gnu/gazebo-11/plugins PYTHONPATH=/home/songdavid/ff_ws/install/turtlebot3_msgs/local/lib/python3.10/dist-packages:${PYTHONPATH} /usr/bin/cmake /home/songdavid/ff_ws/src/turtlebot3/turtlebot3_node -DCMAKE_INSTALL_PREFIX=/home/songdavid/ff_ws/install/turtlebot3_node
[3.891s] Invoking command in '/home/songdavid/ff_ws/build/turtlebot3_node': AMENT_PREFIX_PATH=/home/songdavid/ff_ws/install/turtlebot3_msgs:${AMENT_PREFIX_PATH} CMAKE_PREFIX_PATH=/home/songdavid/ff_ws/install/turtlebot3_msgs:/home/songdavid/ff_ws/install/explorer_interfaces:/home/songdavid/ff_ws/install/explorer_gazebo:/home/songdavid/ff_ws/install/explorer_cartographer:/home/songdavid/turtlebot3_ws/install/turtlebot3:/home/songdavid/turtlebot3_ws/install/turtlebot3_simulations:/home/songdavid/turtlebot3_ws/install/turtlebot3_bringup:/home/songdavid/turtlebot3_ws/install/turtlebot3_node:/home/songdavid/turtlebot3_ws/install/turtlebot3_navigation2:/home/songdavid/turtlebot3_ws/install/turtlebot3_fake_node:/home/songdavid/turtlebot3_ws/install/turtlebot3_msgs:/home/songdavid/turtlebot3_ws/install/turtlebot3_gazebo:/home/songdavid/turtlebot3_ws/install/turtlebot3_description:/home/songdavid/turtlebot3_ws/install/turtlebot3_cartographer:/home/songdavid/turtlebot3_ws/install/explorer_interfaces:/home/songdavid/turtlebot3_ws/install/explorer_gazebo:/home/songdavid/turtlebot3_ws/install/explorer_cartographer:/home/songdavid/turtlebot3_ws/install/dynamixel_sdk_examples:/home/songdavid/turtlebot3_ws/install/dynamixel_sdk_custom_interfaces:/home/songdavid/turtlebot3_ws/install/dynamixel_sdk:/home/songdavid/ff_ws/install/explorer_wanderer:/home/songdavid/ff_ws/install/explorer_map_utils:/home/songdavid/ff_ws/install/explorer_bringup:/home/songdavid/ff_ws/install/autonomous_exploration:/home/songdavid/turtlebot3_ws/install/explorer_bringup:/home/songdavid/turtlebot3_ws/install/turtlebot3_teleop:/home/songdavid/turtlebot3_ws/install/turtlebot3_example:/home/songdavid/turtlebot3_ws/install/explorer_wanderer:/home/songdavid/turtlebot3_ws/install/explorer_map_utils:/home/songdavid/turtlebot3_ws/install/exploration_pkg:/opt/ros/humble LD_LIBRARY_PATH=/home/songdavid/ff_ws/install/turtlebot3_msgs/lib:/home/songdavid/ff_ws/install/explorer_interfaces/lib:/home/songdavid/turtlebot3_ws/install/turtlebot3_msgs/lib:/home/songdavid/turtlebot3_ws/install/explorer_interfaces/lib:/home/songdavid/turtlebot3_ws/install/dynamixel_sdk_custom_interfaces/lib:/home/songdavid/turtlebot3_ws/install/dynamixel_sdk/lib:/usr/lib/x86_64-linux-gnu/gazebo-11/plugins:/opt/ros/humble/opt/rviz_ogre_vendor/lib:/opt/ros/humble/lib/x86_64-linux-gnu:/opt/ros/humble/lib:/usr/lib/x86_64-linux-gnu/gazebo-11/plugins PYTHONPATH=/home/songdavid/ff_ws/install/turtlebot3_msgs/local/lib/python3.10/dist-packages:${PYTHONPATH} /usr/bin/cmake --build /home/songdavid/ff_ws/build/turtlebot3_node -- -j8 -l8
[4.016s] [  7%] [32mBuilding CXX object CMakeFiles/turtlebot3_node_lib.dir/src/devices/motor_power.cpp.o[0m
[4.033s] [ 14%] [32mBuilding CXX object CMakeFiles/turtlebot3_node_lib.dir/src/devices/sound.cpp.o[0m
[4.034s] [ 21%] [32mBuilding CXX object CMakeFiles/turtlebot3_node_lib.dir/src/devices/reset.cpp.o[0m
[4.042s] [ 28%] [32mBuilding CXX object CMakeFiles/turtlebot3_node_lib.dir/src/diff_drive_controller.cpp.o[0m
[4.042s] [ 35%] [32mBuilding CXX object CMakeFiles/turtlebot3_node_lib.dir/src/dynamixel_sdk_wrapper.cpp.o[0m
[4.045s] [ 42%] [32mBuilding CXX object CMakeFiles/turtlebot3_node_lib.dir/src/odometry.cpp.o[0m
[4.065s] [ 50%] [32mBuilding CXX object CMakeFiles/turtlebot3_node_lib.dir/src/turtlebot3.cpp.o[0m
[4.069s] [ 57%] [32mBuilding CXX object CMakeFiles/turtlebot3_node_lib.dir/src/sensors/battery_state.cpp.o[0m
[5.091s] [ 64%] [32mBuilding CXX object CMakeFiles/turtlebot3_node_lib.dir/src/sensors/imu.cpp.o[0m
[18.259s] [ 71%] [32mBuilding CXX object CMakeFiles/turtlebot3_node_lib.dir/src/sensors/joint_state.cpp.o[0m
[18.440s] [ 78%] [32mBuilding CXX object CMakeFiles/turtlebot3_node_lib.dir/src/sensors/sensor_state.cpp.o[0m
[33.183s] [ 85%] [32m[1mLinking CXX static library libturtlebot3_node_lib.a[0m
[33.827s] [ 85%] Built target turtlebot3_node_lib
[33.847s] [ 92%] [32mBuilding CXX object CMakeFiles/turtlebot3_ros.dir/src/node_main.cpp.o[0m
[37.467s] [100%] [32m[1mLinking CXX executable turtlebot3_ros[0m
[40.119s] [100%] Built target turtlebot3_ros
[40.131s] Invoked command in '/home/songdavid/ff_ws/build/turtlebot3_node' returned '0': AMENT_PREFIX_PATH=/home/songdavid/ff_ws/install/turtlebot3_msgs:${AMENT_PREFIX_PATH} CMAKE_PREFIX_PATH=/home/songdavid/ff_ws/install/turtlebot3_msgs:/home/songdavid/ff_ws/install/explorer_interfaces:/home/songdavid/ff_ws/install/explorer_gazebo:/home/songdavid/ff_ws/install/explorer_cartographer:/home/songdavid/turtlebot3_ws/install/turtlebot3:/home/songdavid/turtlebot3_ws/install/turtlebot3_simulations:/home/songdavid/turtlebot3_ws/install/turtlebot3_bringup:/home/songdavid/turtlebot3_ws/install/turtlebot3_node:/home/songdavid/turtlebot3_ws/install/turtlebot3_navigation2:/home/songdavid/turtlebot3_ws/install/turtlebot3_fake_node:/home/songdavid/turtlebot3_ws/install/turtlebot3_msgs:/home/songdavid/turtlebot3_ws/install/turtlebot3_gazebo:/home/songdavid/turtlebot3_ws/install/turtlebot3_description:/home/songdavid/turtlebot3_ws/install/turtlebot3_cartographer:/home/songdavid/turtlebot3_ws/install/explorer_interfaces:/home/songdavid/turtlebot3_ws/install/explorer_gazebo:/home/songdavid/turtlebot3_ws/install/explorer_cartographer:/home/songdavid/turtlebot3_ws/install/dynamixel_sdk_examples:/home/songdavid/turtlebot3_ws/install/dynamixel_sdk_custom_interfaces:/home/songdavid/turtlebot3_ws/install/dynamixel_sdk:/home/songdavid/ff_ws/install/explorer_wanderer:/home/songdavid/ff_ws/install/explorer_map_utils:/home/songdavid/ff_ws/install/explorer_bringup:/home/songdavid/ff_ws/install/autonomous_exploration:/home/songdavid/turtlebot3_ws/install/explorer_bringup:/home/songdavid/turtlebot3_ws/install/turtlebot3_teleop:/home/songdavid/turtlebot3_ws/install/turtlebot3_example:/home/songdavid/turtlebot3_ws/install/explorer_wanderer:/home/songdavid/turtlebot3_ws/install/explorer_map_utils:/home/songdavid/turtlebot3_ws/install/exploration_pkg:/opt/ros/humble LD_LIBRARY_PATH=/home/songdavid/ff_ws/install/turtlebot3_msgs/lib:/home/songdavid/ff_ws/install/explorer_interfaces/lib:/home/songdavid/turtlebot3_ws/install/turtlebot3_msgs/lib:/home/songdavid/turtlebot3_ws/install/explorer_interfaces/lib:/home/songdavid/turtlebot3_ws/install/dynamixel_sdk_custom_interfaces/lib:/home/songdavid/turtlebot3_ws/install/dynamixel_sdk/lib:/usr/lib/x86_64-linux-gnu/gazebo-11/plugins:/opt/ros/humble/opt/rviz_ogre_vendor/lib:/opt/ros/humble/lib/x86_64-linux-gnu:/opt/ros/humble/lib:/usr/lib/x86_64-linux-gnu/gazebo-11/plugins PYTHONPATH=/home/songdavid/ff_ws/install/turtlebot3_msgs/local/lib/python3.10/dist-packages:${PYTHONPATH} /usr/bin/cmake --build /home/songdavid/ff_ws/build/turtlebot3_node -- -j8 -l8
[40.133s] Invoking command in '/home/songdavid/ff_ws/build/turtlebot3_node': AMENT_PREFIX_PATH=/home/songdavid/ff_ws/install/turtlebot3_msgs:${AMENT_PREFIX_PATH} CMAKE_PREFIX_PATH=/home/songdavid/ff_ws/install/turtlebot3_msgs:/home/songdavid/ff_ws/install/explorer_interfaces:/home/songdavid/ff_ws/install/explorer_gazebo:/home/songdavid/ff_ws/install/explorer_cartographer:/home/songdavid/turtlebot3_ws/install/turtlebot3:/home/songdavid/turtlebot3_ws/install/turtlebot3_simulations:/home/songdavid/turtlebot3_ws/install/turtlebot3_bringup:/home/songdavid/turtlebot3_ws/install/turtlebot3_node:/home/songdavid/turtlebot3_ws/install/turtlebot3_navigation2:/home/songdavid/turtlebot3_ws/install/turtlebot3_fake_node:/home/songdavid/turtlebot3_ws/install/turtlebot3_msgs:/home/songdavid/turtlebot3_ws/install/turtlebot3_gazebo:/home/songdavid/turtlebot3_ws/install/turtlebot3_description:/home/songdavid/turtlebot3_ws/install/turtlebot3_cartographer:/home/songdavid/turtlebot3_ws/install/explorer_interfaces:/home/songdavid/turtlebot3_ws/install/explorer_gazebo:/home/songdavid/turtlebot3_ws/install/explorer_cartographer:/home/songdavid/turtlebot3_ws/install/dynamixel_sdk_examples:/home/songdavid/turtlebot3_ws/install/dynamixel_sdk_custom_interfaces:/home/songdavid/turtlebot3_ws/install/dynamixel_sdk:/home/songdavid/ff_ws/install/explorer_wanderer:/home/songdavid/ff_ws/install/explorer_map_utils:/home/songdavid/ff_ws/install/explorer_bringup:/home/songdavid/ff_ws/install/autonomous_exploration:/home/songdavid/turtlebot3_ws/install/explorer_bringup:/home/songdavid/turtlebot3_ws/install/turtlebot3_teleop:/home/songdavid/turtlebot3_ws/install/turtlebot3_example:/home/songdavid/turtlebot3_ws/install/explorer_wanderer:/home/songdavid/turtlebot3_ws/install/explorer_map_utils:/home/songdavid/turtlebot3_ws/install/exploration_pkg:/opt/ros/humble LD_LIBRARY_PATH=/home/songdavid/ff_ws/install/turtlebot3_msgs/lib:/home/songdavid/ff_ws/install/explorer_interfaces/lib:/home/songdavid/turtlebot3_ws/install/turtlebot3_msgs/lib:/home/songdavid/turtlebot3_ws/install/explorer_interfaces/lib:/home/songdavid/turtlebot3_ws/install/dynamixel_sdk_custom_interfaces/lib:/home/songdavid/turtlebot3_ws/install/dynamixel_sdk/lib:/usr/lib/x86_64-linux-gnu/gazebo-11/plugins:/opt/ros/humble/opt/rviz_ogre_vendor/lib:/opt/ros/humble/lib/x86_64-linux-gnu:/opt/ros/humble/lib:/usr/lib/x86_64-linux-gnu/gazebo-11/plugins PYTHONPATH=/home/songdavid/ff_ws/install/turtlebot3_msgs/local/lib/python3.10/dist-packages:${PYTHONPATH} /usr/bin/cmake --install /home/songdavid/ff_ws/build/turtlebot3_node
[40.140s] -- Install configuration: ""
[40.140s] -- Installing: /home/songdavid/ff_ws/install/turtlebot3_node/share/turtlebot3_node/param
[40.140s] -- Installing: /home/songdavid/ff_ws/install/turtlebot3_node/share/turtlebot3_node/param/waffle_pi.yaml
[40.140s] -- Installing: /home/songdavid/ff_ws/install/turtlebot3_node/share/turtlebot3_node/param/waffle.yaml
[40.140s] -- Installing: /home/songdavid/ff_ws/install/turtlebot3_node/share/turtlebot3_node/param/burger.yaml
[40.141s] -- Installing: /home/songdavid/ff_ws/install/turtlebot3_node/lib/turtlebot3_node/turtlebot3_ros
[40.150s] -- Set runtime path of "/home/songdavid/ff_ws/install/turtlebot3_node/lib/turtlebot3_node/turtlebot3_ros" to ""
[40.151s] -- Installing: /home/songdavid/ff_ws/install/turtlebot3_node/share/ament_index/resource_index/package_run_dependencies/turtlebot3_node
[40.151s] -- Installing: /home/songdavid/ff_ws/install/turtlebot3_node/share/ament_index/resource_index/parent_prefix_path/turtlebot3_node
[40.151s] -- Installing: /home/songdavid/ff_ws/install/turtlebot3_node/share/turtlebot3_node/environment/ament_prefix_path.sh
[40.151s] -- Installing: /home/songdavid/ff_ws/install/turtlebot3_node/share/turtlebot3_node/environment/ament_prefix_path.dsv
[40.151s] -- Installing: /home/songdavid/ff_ws/install/turtlebot3_node/share/turtlebot3_node/environment/path.sh
[40.151s] -- Installing: /home/songdavid/ff_ws/install/turtlebot3_node/share/turtlebot3_node/environment/path.dsv
[40.152s] -- Installing: /home/songdavid/ff_ws/install/turtlebot3_node/share/turtlebot3_node/local_setup.bash
[40.152s] -- Installing: /home/songdavid/ff_ws/install/turtlebot3_node/share/turtlebot3_node/local_setup.sh
[40.152s] -- Installing: /home/songdavid/ff_ws/install/turtlebot3_node/share/turtlebot3_node/local_setup.zsh
[40.152s] -- Installing: /home/songdavid/ff_ws/install/turtlebot3_node/share/turtlebot3_node/local_setup.dsv
[40.152s] -- Installing: /home/songdavid/ff_ws/install/turtlebot3_node/share/turtlebot3_node/package.dsv
[40.153s] -- Installing: /home/songdavid/ff_ws/install/turtlebot3_node/share/ament_index/resource_index/packages/turtlebot3_node
[40.153s] -- Installing: /home/songdavid/ff_ws/install/turtlebot3_node/share/turtlebot3_node/cmake/ament_cmake_export_include_directories-extras.cmake
[40.153s] -- Installing: /home/songdavid/ff_ws/install/turtlebot3_node/share/turtlebot3_node/cmake/turtlebot3_nodeConfig.cmake
[40.153s] -- Installing: /home/songdavid/ff_ws/install/turtlebot3_node/share/turtlebot3_node/cmake/turtlebot3_nodeConfig-version.cmake
[40.153s] -- Installing: /home/songdavid/ff_ws/install/turtlebot3_node/share/turtlebot3_node/package.xml
[40.156s] Invoked command in '/home/songdavid/ff_ws/build/turtlebot3_node' returned '0': AMENT_PREFIX_PATH=/home/songdavid/ff_ws/install/turtlebot3_msgs:${AMENT_PREFIX_PATH} CMAKE_PREFIX_PATH=/home/songdavid/ff_ws/install/turtlebot3_msgs:/home/songdavid/ff_ws/install/explorer_interfaces:/home/songdavid/ff_ws/install/explorer_gazebo:/home/songdavid/ff_ws/install/explorer_cartographer:/home/songdavid/turtlebot3_ws/install/turtlebot3:/home/songdavid/turtlebot3_ws/install/turtlebot3_simulations:/home/songdavid/turtlebot3_ws/install/turtlebot3_bringup:/home/songdavid/turtlebot3_ws/install/turtlebot3_node:/home/songdavid/turtlebot3_ws/install/turtlebot3_navigation2:/home/songdavid/turtlebot3_ws/install/turtlebot3_fake_node:/home/songdavid/turtlebot3_ws/install/turtlebot3_msgs:/home/songdavid/turtlebot3_ws/install/turtlebot3_gazebo:/home/songdavid/turtlebot3_ws/install/turtlebot3_description:/home/songdavid/turtlebot3_ws/install/turtlebot3_cartographer:/home/songdavid/turtlebot3_ws/install/explorer_interfaces:/home/songdavid/turtlebot3_ws/install/explorer_gazebo:/home/songdavid/turtlebot3_ws/install/explorer_cartographer:/home/songdavid/turtlebot3_ws/install/dynamixel_sdk_examples:/home/songdavid/turtlebot3_ws/install/dynamixel_sdk_custom_interfaces:/home/songdavid/turtlebot3_ws/install/dynamixel_sdk:/home/songdavid/ff_ws/install/explorer_wanderer:/home/songdavid/ff_ws/install/explorer_map_utils:/home/songdavid/ff_ws/install/explorer_bringup:/home/songdavid/ff_ws/install/autonomous_exploration:/home/songdavid/turtlebot3_ws/install/explorer_bringup:/home/songdavid/turtlebot3_ws/install/turtlebot3_teleop:/home/songdavid/turtlebot3_ws/install/turtlebot3_example:/home/songdavid/turtlebot3_ws/install/explorer_wanderer:/home/songdavid/turtlebot3_ws/install/explorer_map_utils:/home/songdavid/turtlebot3_ws/install/exploration_pkg:/opt/ros/humble LD_LIBRARY_PATH=/home/songdavid/ff_ws/install/turtlebot3_msgs/lib:/home/songdavid/ff_ws/install/explorer_interfaces/lib:/home/songdavid/turtlebot3_ws/install/turtlebot3_msgs/lib:/home/songdavid/turtlebot3_ws/install/explorer_interfaces/lib:/home/songdavid/turtlebot3_ws/install/dynamixel_sdk_custom_interfaces/lib:/home/songdavid/turtlebot3_ws/install/dynamixel_sdk/lib:/usr/lib/x86_64-linux-gnu/gazebo-11/plugins:/opt/ros/humble/opt/rviz_ogre_vendor/lib:/opt/ros/humble/lib/x86_64-linux-gnu:/opt/ros/humble/lib:/usr/lib/x86_64-linux-gnu/gazebo-11/plugins PYTHONPATH=/home/songdavid/ff_ws/install/turtlebot3_msgs/local/lib/python3.10/dist-packages:${PYTHONPATH} /usr/bin/cmake --install /home/songdavid/ff_ws/build/turtlebot3_node
